                              1 ;--------------------------------------------------------
                              2 ; File Created by SDCC : free open source ANSI-C Compiler
                              3 ; Version 3.6.8 #9946 (Linux)
                              4 ;--------------------------------------------------------
                              5 	.module assets
                              6 	.optsdcc -mz80
                              7 	
                              8 ;--------------------------------------------------------
                              9 ; Public variables in this module
                             10 ;--------------------------------------------------------
                             11 	.globl _assets_sp_1
                             12 	.globl _assets_sp_0
                             13 ;--------------------------------------------------------
                             14 ; special function registers
                             15 ;--------------------------------------------------------
                             16 ;--------------------------------------------------------
                             17 ; ram data
                             18 ;--------------------------------------------------------
                             19 	.area _DATA
                             20 ;--------------------------------------------------------
                             21 ; ram data
                             22 ;--------------------------------------------------------
                             23 	.area _INITIALIZED
                             24 ;--------------------------------------------------------
                             25 ; absolute external ram data
                             26 ;--------------------------------------------------------
                             27 	.area _DABS (ABS)
                             28 ;--------------------------------------------------------
                             29 ; global & static initialisations
                             30 ;--------------------------------------------------------
                             31 	.area _HOME
                             32 	.area _GSINIT
                             33 	.area _GSFINAL
                             34 	.area _GSINIT
                             35 ;--------------------------------------------------------
                             36 ; Home
                             37 ;--------------------------------------------------------
                             38 	.area _HOME
                             39 	.area _HOME
                             40 ;--------------------------------------------------------
                             41 ; code
                             42 ;--------------------------------------------------------
                             43 	.area _CODE
                             44 	.area _CODE
   0000                      45 _assets_sp_0:
   0000 00                   46 	.db #0x00	; 0
   0001 00                   47 	.db #0x00	; 0
   0002 00                   48 	.db #0x00	; 0
   0003 00                   49 	.db #0x00	; 0
   0004 00                   50 	.db #0x00	; 0
   0005 80                   51 	.db #0x80	; 128
   0006 40                   52 	.db #0x40	; 64
   0007 00                   53 	.db #0x00	; 0
   0008 40                   54 	.db #0x40	; 64
   0009 00                   55 	.db #0x00	; 0
   000A 00                   56 	.db #0x00	; 0
   000B 80                   57 	.db #0x80	; 128
   000C 40                   58 	.db #0x40	; 64
   000D 41                   59 	.db #0x41	; 65	'A'
   000E 82                   60 	.db #0x82	; 130
   000F 80                   61 	.db #0x80	; 128
   0010 40                   62 	.db #0x40	; 64
   0011 41                   63 	.db #0x41	; 65	'A'
   0012 82                   64 	.db #0x82	; 130
   0013 80                   65 	.db #0x80	; 128
   0014 40                   66 	.db #0x40	; 64
   0015 00                   67 	.db #0x00	; 0
   0016 00                   68 	.db #0x00	; 0
   0017 80                   69 	.db #0x80	; 128
   0018 00                   70 	.db #0x00	; 0
   0019 80                   71 	.db #0x80	; 128
   001A 40                   72 	.db #0x40	; 64
   001B 00                   73 	.db #0x00	; 0
   001C 00                   74 	.db #0x00	; 0
   001D 00                   75 	.db #0x00	; 0
   001E 00                   76 	.db #0x00	; 0
   001F 00                   77 	.db #0x00	; 0
   0020                      78 _assets_sp_1:
   0020 00                   79 	.db #0x00	; 0
   0021 00                   80 	.db #0x00	; 0
   0022 00                   81 	.db #0x00	; 0
   0023 00                   82 	.db #0x00	; 0
   0024 00                   83 	.db #0x00	; 0
   0025 00                   84 	.db #0x00	; 0
   0026 00                   85 	.db #0x00	; 0
   0027 00                   86 	.db #0x00	; 0
   0028 00                   87 	.db #0x00	; 0
   0029 40                   88 	.db #0x40	; 64
   002A 80                   89 	.db #0x80	; 128
   002B 00                   90 	.db #0x00	; 0
   002C 00                   91 	.db #0x00	; 0
   002D 81                   92 	.db #0x81	; 129
   002E 42                   93 	.db #0x42	; 66	'B'
   002F 00                   94 	.db #0x00	; 0
   0030 00                   95 	.db #0x00	; 0
   0031 81                   96 	.db #0x81	; 129
   0032 42                   97 	.db #0x42	; 66	'B'
   0033 00                   98 	.db #0x00	; 0
   0034 00                   99 	.db #0x00	; 0
   0035 40                  100 	.db #0x40	; 64
   0036 80                  101 	.db #0x80	; 128
   0037 00                  102 	.db #0x00	; 0
   0038 00                  103 	.db #0x00	; 0
   0039 00                  104 	.db #0x00	; 0
   003A 00                  105 	.db #0x00	; 0
   003B 00                  106 	.db #0x00	; 0
   003C 00                  107 	.db #0x00	; 0
   003D 00                  108 	.db #0x00	; 0
   003E 00                  109 	.db #0x00	; 0
   003F 00                  110 	.db #0x00	; 0
                            111 	.area _INITIALIZER
                            112 	.area _CABS (ABS)
