                              1 ;--------------------------------------------------------
                              2 ; File Created by SDCC : free open source ANSI-C Compiler
                              3 ; Version 3.6.8 #9946 (Linux)
                              4 ;--------------------------------------------------------
                              5 	.module camarote
                              6 	.optsdcc -mz80
                              7 	
                              8 ;--------------------------------------------------------
                              9 ; Public variables in this module
                             10 ;--------------------------------------------------------
                             11 	.globl _camarote_sp
                             12 ;--------------------------------------------------------
                             13 ; special function registers
                             14 ;--------------------------------------------------------
                             15 ;--------------------------------------------------------
                             16 ; ram data
                             17 ;--------------------------------------------------------
                             18 	.area _DATA
                             19 ;--------------------------------------------------------
                             20 ; ram data
                             21 ;--------------------------------------------------------
                             22 	.area _INITIALIZED
                             23 ;--------------------------------------------------------
                             24 ; absolute external ram data
                             25 ;--------------------------------------------------------
                             26 	.area _DABS (ABS)
                             27 ;--------------------------------------------------------
                             28 ; global & static initialisations
                             29 ;--------------------------------------------------------
                             30 	.area _HOME
                             31 	.area _GSINIT
                             32 	.area _GSFINAL
                             33 	.area _GSINIT
                             34 ;--------------------------------------------------------
                             35 ; Home
                             36 ;--------------------------------------------------------
                             37 	.area _HOME
                             38 	.area _HOME
                             39 ;--------------------------------------------------------
                             40 ; code
                             41 ;--------------------------------------------------------
                             42 	.area _CODE
                             43 	.area _CODE
   0000                      44 _camarote_sp:
   0000 FC                   45 	.db #0xfc	; 252
   0001 FC                   46 	.db #0xfc	; 252
   0002 FC                   47 	.db #0xfc	; 252
   0003 FC                   48 	.db #0xfc	; 252
   0004 FC                   49 	.db #0xfc	; 252
   0005 FC                   50 	.db #0xfc	; 252
   0006 FC                   51 	.db #0xfc	; 252
   0007 FC                   52 	.db #0xfc	; 252
   0008 FC                   53 	.db #0xfc	; 252
   0009 FC                   54 	.db #0xfc	; 252
   000A FC                   55 	.db #0xfc	; 252
   000B FC                   56 	.db #0xfc	; 252
   000C FC                   57 	.db #0xfc	; 252
   000D FC                   58 	.db #0xfc	; 252
   000E FC                   59 	.db #0xfc	; 252
   000F FC                   60 	.db #0xfc	; 252
   0010 FC                   61 	.db #0xfc	; 252
   0011 FC                   62 	.db #0xfc	; 252
   0012 FC                   63 	.db #0xfc	; 252
   0013 FC                   64 	.db #0xfc	; 252
   0014 C0                   65 	.db #0xc0	; 192
   0015 C0                   66 	.db #0xc0	; 192
   0016 C0                   67 	.db #0xc0	; 192
   0017 C0                   68 	.db #0xc0	; 192
   0018 C0                   69 	.db #0xc0	; 192
   0019 C0                   70 	.db #0xc0	; 192
   001A C0                   71 	.db #0xc0	; 192
   001B C0                   72 	.db #0xc0	; 192
   001C C0                   73 	.db #0xc0	; 192
   001D C0                   74 	.db #0xc0	; 192
   001E C0                   75 	.db #0xc0	; 192
   001F C0                   76 	.db #0xc0	; 192
   0020 C0                   77 	.db #0xc0	; 192
   0021 C0                   78 	.db #0xc0	; 192
   0022 C0                   79 	.db #0xc0	; 192
   0023 C0                   80 	.db #0xc0	; 192
   0024 C0                   81 	.db #0xc0	; 192
   0025 C0                   82 	.db #0xc0	; 192
   0026 C0                   83 	.db #0xc0	; 192
   0027 C0                   84 	.db #0xc0	; 192
   0028 00                   85 	.db #0x00	; 0
   0029 00                   86 	.db #0x00	; 0
   002A 00                   87 	.db #0x00	; 0
   002B 00                   88 	.db #0x00	; 0
   002C 00                   89 	.db #0x00	; 0
   002D 00                   90 	.db #0x00	; 0
   002E 00                   91 	.db #0x00	; 0
   002F 00                   92 	.db #0x00	; 0
   0030 00                   93 	.db #0x00	; 0
   0031 00                   94 	.db #0x00	; 0
   0032 00                   95 	.db #0x00	; 0
   0033 00                   96 	.db #0x00	; 0
   0034 00                   97 	.db #0x00	; 0
   0035 00                   98 	.db #0x00	; 0
   0036 00                   99 	.db #0x00	; 0
   0037 00                  100 	.db #0x00	; 0
   0038 00                  101 	.db #0x00	; 0
   0039 00                  102 	.db #0x00	; 0
   003A 00                  103 	.db #0x00	; 0
   003B 00                  104 	.db #0x00	; 0
   003C 50                  105 	.db #0x50	; 80	'P'
   003D 50                  106 	.db #0x50	; 80	'P'
   003E 50                  107 	.db #0x50	; 80	'P'
   003F 50                  108 	.db #0x50	; 80	'P'
   0040 50                  109 	.db #0x50	; 80	'P'
   0041 F0                  110 	.db #0xf0	; 240
   0042 F0                  111 	.db #0xf0	; 240
   0043 F0                  112 	.db #0xf0	; 240
   0044 F0                  113 	.db #0xf0	; 240
   0045 F0                  114 	.db #0xf0	; 240
   0046 F0                  115 	.db #0xf0	; 240
   0047 F0                  116 	.db #0xf0	; 240
   0048 F0                  117 	.db #0xf0	; 240
   0049 E1                  118 	.db #0xe1	; 225
   004A F0                  119 	.db #0xf0	; 240
   004B E1                  120 	.db #0xe1	; 225
   004C D2                  121 	.db #0xd2	; 210
   004D E1                  122 	.db #0xe1	; 225
   004E E1                  123 	.db #0xe1	; 225
   004F E1                  124 	.db #0xe1	; 225
   0050 00                  125 	.db #0x00	; 0
   0051 A0                  126 	.db #0xa0	; 160
   0052 D2                  127 	.db #0xd2	; 210
   0053 C3                  128 	.db #0xc3	; 195
   0054 C3                  129 	.db #0xc3	; 195
   0055 C3                  130 	.db #0xc3	; 195
   0056 C3                  131 	.db #0xc3	; 195
   0057 C3                  132 	.db #0xc3	; 195
   0058 C3                  133 	.db #0xc3	; 195
   0059 C3                  134 	.db #0xc3	; 195
   005A C3                  135 	.db #0xc3	; 195
   005B C3                  136 	.db #0xc3	; 195
   005C C3                  137 	.db #0xc3	; 195
   005D C3                  138 	.db #0xc3	; 195
   005E C3                  139 	.db #0xc3	; 195
   005F C3                  140 	.db #0xc3	; 195
   0060 C3                  141 	.db #0xc3	; 195
   0061 C3                  142 	.db #0xc3	; 195
   0062 C3                  143 	.db #0xc3	; 195
   0063 C3                  144 	.db #0xc3	; 195
   0064 50                  145 	.db #0x50	; 80	'P'
   0065 41                  146 	.db #0x41	; 65	'A'
   0066 E1                  147 	.db #0xe1	; 225
   0067 C3                  148 	.db #0xc3	; 195
   0068 C3                  149 	.db #0xc3	; 195
   0069 C3                  150 	.db #0xc3	; 195
   006A C3                  151 	.db #0xc3	; 195
   006B C3                  152 	.db #0xc3	; 195
   006C C3                  153 	.db #0xc3	; 195
   006D C3                  154 	.db #0xc3	; 195
   006E C3                  155 	.db #0xc3	; 195
   006F C3                  156 	.db #0xc3	; 195
   0070 C3                  157 	.db #0xc3	; 195
   0071 C3                  158 	.db #0xc3	; 195
   0072 C3                  159 	.db #0xc3	; 195
   0073 C3                  160 	.db #0xc3	; 195
   0074 C3                  161 	.db #0xc3	; 195
   0075 C3                  162 	.db #0xc3	; 195
   0076 C3                  163 	.db #0xc3	; 195
   0077 C3                  164 	.db #0xc3	; 195
   0078 00                  165 	.db #0x00	; 0
   0079 A0                  166 	.db #0xa0	; 160
   007A D2                  167 	.db #0xd2	; 210
   007B C3                  168 	.db #0xc3	; 195
   007C C3                  169 	.db #0xc3	; 195
   007D C3                  170 	.db #0xc3	; 195
   007E C3                  171 	.db #0xc3	; 195
   007F C3                  172 	.db #0xc3	; 195
   0080 C3                  173 	.db #0xc3	; 195
   0081 C3                  174 	.db #0xc3	; 195
   0082 C3                  175 	.db #0xc3	; 195
   0083 C3                  176 	.db #0xc3	; 195
   0084 C3                  177 	.db #0xc3	; 195
   0085 C3                  178 	.db #0xc3	; 195
   0086 C3                  179 	.db #0xc3	; 195
   0087 C3                  180 	.db #0xc3	; 195
   0088 C3                  181 	.db #0xc3	; 195
   0089 C3                  182 	.db #0xc3	; 195
   008A C3                  183 	.db #0xc3	; 195
   008B C3                  184 	.db #0xc3	; 195
   008C 50                  185 	.db #0x50	; 80	'P'
   008D 41                  186 	.db #0x41	; 65	'A'
   008E E1                  187 	.db #0xe1	; 225
   008F C3                  188 	.db #0xc3	; 195
   0090 C3                  189 	.db #0xc3	; 195
   0091 C3                  190 	.db #0xc3	; 195
   0092 C3                  191 	.db #0xc3	; 195
   0093 C3                  192 	.db #0xc3	; 195
   0094 C3                  193 	.db #0xc3	; 195
   0095 C3                  194 	.db #0xc3	; 195
   0096 C3                  195 	.db #0xc3	; 195
   0097 C3                  196 	.db #0xc3	; 195
   0098 C3                  197 	.db #0xc3	; 195
   0099 C3                  198 	.db #0xc3	; 195
   009A C3                  199 	.db #0xc3	; 195
   009B C3                  200 	.db #0xc3	; 195
   009C C3                  201 	.db #0xc3	; 195
   009D D2                  202 	.db #0xd2	; 210
   009E C0                  203 	.db #0xc0	; 192
   009F C0                  204 	.db #0xc0	; 192
   00A0 00                  205 	.db #0x00	; 0
   00A1 A0                  206 	.db #0xa0	; 160
   00A2 D2                  207 	.db #0xd2	; 210
   00A3 C3                  208 	.db #0xc3	; 195
   00A4 C3                  209 	.db #0xc3	; 195
   00A5 C3                  210 	.db #0xc3	; 195
   00A6 C3                  211 	.db #0xc3	; 195
   00A7 C3                  212 	.db #0xc3	; 195
   00A8 C3                  213 	.db #0xc3	; 195
   00A9 C3                  214 	.db #0xc3	; 195
   00AA C3                  215 	.db #0xc3	; 195
   00AB C3                  216 	.db #0xc3	; 195
   00AC C3                  217 	.db #0xc3	; 195
   00AD C3                  218 	.db #0xc3	; 195
   00AE C3                  219 	.db #0xc3	; 195
   00AF C3                  220 	.db #0xc3	; 195
   00B0 C3                  221 	.db #0xc3	; 195
   00B1 E0                  222 	.db #0xe0	; 224
   00B2 C0                  223 	.db #0xc0	; 192
   00B3 C0                  224 	.db #0xc0	; 192
   00B4 50                  225 	.db #0x50	; 80	'P'
   00B5 41                  226 	.db #0x41	; 65	'A'
   00B6 E1                  227 	.db #0xe1	; 225
   00B7 C3                  228 	.db #0xc3	; 195
   00B8 C3                  229 	.db #0xc3	; 195
   00B9 C3                  230 	.db #0xc3	; 195
   00BA C3                  231 	.db #0xc3	; 195
   00BB C3                  232 	.db #0xc3	; 195
   00BC C3                  233 	.db #0xc3	; 195
   00BD C3                  234 	.db #0xc3	; 195
   00BE C3                  235 	.db #0xc3	; 195
   00BF C3                  236 	.db #0xc3	; 195
   00C0 C3                  237 	.db #0xc3	; 195
   00C1 C3                  238 	.db #0xc3	; 195
   00C2 C3                  239 	.db #0xc3	; 195
   00C3 C3                  240 	.db #0xc3	; 195
   00C4 A0                  241 	.db #0xa0	; 160
   00C5 C0                  242 	.db #0xc0	; 192
   00C6 80                  243 	.db #0x80	; 128
   00C7 40                  244 	.db #0x40	; 64
   00C8 00                  245 	.db #0x00	; 0
   00C9 A0                  246 	.db #0xa0	; 160
   00CA D2                  247 	.db #0xd2	; 210
   00CB C3                  248 	.db #0xc3	; 195
   00CC C3                  249 	.db #0xc3	; 195
   00CD C3                  250 	.db #0xc3	; 195
   00CE C3                  251 	.db #0xc3	; 195
   00CF C3                  252 	.db #0xc3	; 195
   00D0 C3                  253 	.db #0xc3	; 195
   00D1 C3                  254 	.db #0xc3	; 195
   00D2 C3                  255 	.db #0xc3	; 195
   00D3 C3                  256 	.db #0xc3	; 195
   00D4 C3                  257 	.db #0xc3	; 195
   00D5 C3                  258 	.db #0xc3	; 195
   00D6 C3                  259 	.db #0xc3	; 195
   00D7 D2                  260 	.db #0xd2	; 210
   00D8 50                  261 	.db #0x50	; 80	'P'
   00D9 C0                  262 	.db #0xc0	; 192
   00DA 40                  263 	.db #0x40	; 64
   00DB D0                  264 	.db #0xd0	; 208
   00DC 50                  265 	.db #0x50	; 80	'P'
   00DD 41                  266 	.db #0x41	; 65	'A'
   00DE E1                  267 	.db #0xe1	; 225
   00DF C3                  268 	.db #0xc3	; 195
   00E0 C3                  269 	.db #0xc3	; 195
   00E1 C3                  270 	.db #0xc3	; 195
   00E2 C3                  271 	.db #0xc3	; 195
   00E3 C3                  272 	.db #0xc3	; 195
   00E4 C3                  273 	.db #0xc3	; 195
   00E5 C3                  274 	.db #0xc3	; 195
   00E6 C3                  275 	.db #0xc3	; 195
   00E7 C3                  276 	.db #0xc3	; 195
   00E8 C3                  277 	.db #0xc3	; 195
   00E9 C3                  278 	.db #0xc3	; 195
   00EA C3                  279 	.db #0xc3	; 195
   00EB C3                  280 	.db #0xc3	; 195
   00EC A0                  281 	.db #0xa0	; 160
   00ED C0                  282 	.db #0xc0	; 192
   00EE 80                  283 	.db #0x80	; 128
   00EF 00                  284 	.db #0x00	; 0
   00F0 00                  285 	.db #0x00	; 0
   00F1 A0                  286 	.db #0xa0	; 160
   00F2 D2                  287 	.db #0xd2	; 210
   00F3 C3                  288 	.db #0xc3	; 195
   00F4 C3                  289 	.db #0xc3	; 195
   00F5 C3                  290 	.db #0xc3	; 195
   00F6 C3                  291 	.db #0xc3	; 195
   00F7 C3                  292 	.db #0xc3	; 195
   00F8 C3                  293 	.db #0xc3	; 195
   00F9 C3                  294 	.db #0xc3	; 195
   00FA C3                  295 	.db #0xc3	; 195
   00FB C3                  296 	.db #0xc3	; 195
   00FC C3                  297 	.db #0xc3	; 195
   00FD C3                  298 	.db #0xc3	; 195
   00FE C3                  299 	.db #0xc3	; 195
   00FF D2                  300 	.db #0xd2	; 210
   0100 50                  301 	.db #0x50	; 80	'P'
   0101 C0                  302 	.db #0xc0	; 192
   0102 40                  303 	.db #0x40	; 64
   0103 50                  304 	.db #0x50	; 80	'P'
   0104 50                  305 	.db #0x50	; 80	'P'
   0105 41                  306 	.db #0x41	; 65	'A'
   0106 E1                  307 	.db #0xe1	; 225
   0107 C3                  308 	.db #0xc3	; 195
   0108 C3                  309 	.db #0xc3	; 195
   0109 C3                  310 	.db #0xc3	; 195
   010A C3                  311 	.db #0xc3	; 195
   010B C3                  312 	.db #0xc3	; 195
   010C C3                  313 	.db #0xc3	; 195
   010D C3                  314 	.db #0xc3	; 195
   010E C3                  315 	.db #0xc3	; 195
   010F C3                  316 	.db #0xc3	; 195
   0110 C3                  317 	.db #0xc3	; 195
   0111 C3                  318 	.db #0xc3	; 195
   0112 C3                  319 	.db #0xc3	; 195
   0113 C3                  320 	.db #0xc3	; 195
   0114 A0                  321 	.db #0xa0	; 160
   0115 C0                  322 	.db #0xc0	; 192
   0116 80                  323 	.db #0x80	; 128
   0117 A0                  324 	.db #0xa0	; 160
   0118 00                  325 	.db #0x00	; 0
   0119 A0                  326 	.db #0xa0	; 160
   011A D2                  327 	.db #0xd2	; 210
   011B C3                  328 	.db #0xc3	; 195
   011C C3                  329 	.db #0xc3	; 195
   011D C3                  330 	.db #0xc3	; 195
   011E C3                  331 	.db #0xc3	; 195
   011F C3                  332 	.db #0xc3	; 195
   0120 C3                  333 	.db #0xc3	; 195
   0121 C3                  334 	.db #0xc3	; 195
   0122 C3                  335 	.db #0xc3	; 195
   0123 C3                  336 	.db #0xc3	; 195
   0124 C3                  337 	.db #0xc3	; 195
   0125 C3                  338 	.db #0xc3	; 195
   0126 C3                  339 	.db #0xc3	; 195
   0127 D2                  340 	.db #0xd2	; 210
   0128 50                  341 	.db #0x50	; 80	'P'
   0129 C0                  342 	.db #0xc0	; 192
   012A 00                  343 	.db #0x00	; 0
   012B 00                  344 	.db #0x00	; 0
   012C 50                  345 	.db #0x50	; 80	'P'
   012D 41                  346 	.db #0x41	; 65	'A'
   012E E1                  347 	.db #0xe1	; 225
   012F C3                  348 	.db #0xc3	; 195
   0130 C3                  349 	.db #0xc3	; 195
   0131 C3                  350 	.db #0xc3	; 195
   0132 C3                  351 	.db #0xc3	; 195
   0133 C3                  352 	.db #0xc3	; 195
   0134 C3                  353 	.db #0xc3	; 195
   0135 C3                  354 	.db #0xc3	; 195
   0136 C3                  355 	.db #0xc3	; 195
   0137 C3                  356 	.db #0xc3	; 195
   0138 C3                  357 	.db #0xc3	; 195
   0139 C3                  358 	.db #0xc3	; 195
   013A C3                  359 	.db #0xc3	; 195
   013B C3                  360 	.db #0xc3	; 195
   013C A0                  361 	.db #0xa0	; 160
   013D C0                  362 	.db #0xc0	; 192
   013E 00                  363 	.db #0x00	; 0
   013F 40                  364 	.db #0x40	; 64
   0140 00                  365 	.db #0x00	; 0
   0141 A0                  366 	.db #0xa0	; 160
   0142 D2                  367 	.db #0xd2	; 210
   0143 C3                  368 	.db #0xc3	; 195
   0144 C3                  369 	.db #0xc3	; 195
   0145 C3                  370 	.db #0xc3	; 195
   0146 C3                  371 	.db #0xc3	; 195
   0147 C3                  372 	.db #0xc3	; 195
   0148 C3                  373 	.db #0xc3	; 195
   0149 C3                  374 	.db #0xc3	; 195
   014A C3                  375 	.db #0xc3	; 195
   014B C3                  376 	.db #0xc3	; 195
   014C C3                  377 	.db #0xc3	; 195
   014D C3                  378 	.db #0xc3	; 195
   014E C3                  379 	.db #0xc3	; 195
   014F D2                  380 	.db #0xd2	; 210
   0150 50                  381 	.db #0x50	; 80	'P'
   0151 C0                  382 	.db #0xc0	; 192
   0152 40                  383 	.db #0x40	; 64
   0153 00                  384 	.db #0x00	; 0
   0154 50                  385 	.db #0x50	; 80	'P'
   0155 41                  386 	.db #0x41	; 65	'A'
   0156 E1                  387 	.db #0xe1	; 225
   0157 C3                  388 	.db #0xc3	; 195
   0158 C3                  389 	.db #0xc3	; 195
   0159 C3                  390 	.db #0xc3	; 195
   015A C3                  391 	.db #0xc3	; 195
   015B C3                  392 	.db #0xc3	; 195
   015C C3                  393 	.db #0xc3	; 195
   015D C3                  394 	.db #0xc3	; 195
   015E C3                  395 	.db #0xc3	; 195
   015F C3                  396 	.db #0xc3	; 195
   0160 C3                  397 	.db #0xc3	; 195
   0161 C3                  398 	.db #0xc3	; 195
   0162 C3                  399 	.db #0xc3	; 195
   0163 C3                  400 	.db #0xc3	; 195
   0164 A0                  401 	.db #0xa0	; 160
   0165 C0                  402 	.db #0xc0	; 192
   0166 80                  403 	.db #0x80	; 128
   0167 00                  404 	.db #0x00	; 0
   0168 00                  405 	.db #0x00	; 0
   0169 A0                  406 	.db #0xa0	; 160
   016A D2                  407 	.db #0xd2	; 210
   016B C3                  408 	.db #0xc3	; 195
   016C C3                  409 	.db #0xc3	; 195
   016D C3                  410 	.db #0xc3	; 195
   016E C3                  411 	.db #0xc3	; 195
   016F C3                  412 	.db #0xc3	; 195
   0170 C3                  413 	.db #0xc3	; 195
   0171 C3                  414 	.db #0xc3	; 195
   0172 C3                  415 	.db #0xc3	; 195
   0173 C3                  416 	.db #0xc3	; 195
   0174 C3                  417 	.db #0xc3	; 195
   0175 C3                  418 	.db #0xc3	; 195
   0176 C3                  419 	.db #0xc3	; 195
   0177 D2                  420 	.db #0xd2	; 210
   0178 50                  421 	.db #0x50	; 80	'P'
   0179 C0                  422 	.db #0xc0	; 192
   017A 00                  423 	.db #0x00	; 0
   017B 80                  424 	.db #0x80	; 128
   017C 50                  425 	.db #0x50	; 80	'P'
   017D 41                  426 	.db #0x41	; 65	'A'
   017E E1                  427 	.db #0xe1	; 225
   017F C3                  428 	.db #0xc3	; 195
   0180 C3                  429 	.db #0xc3	; 195
   0181 C3                  430 	.db #0xc3	; 195
   0182 C3                  431 	.db #0xc3	; 195
   0183 C3                  432 	.db #0xc3	; 195
   0184 C3                  433 	.db #0xc3	; 195
   0185 C3                  434 	.db #0xc3	; 195
   0186 C3                  435 	.db #0xc3	; 195
   0187 C3                  436 	.db #0xc3	; 195
   0188 C3                  437 	.db #0xc3	; 195
   0189 C3                  438 	.db #0xc3	; 195
   018A C3                  439 	.db #0xc3	; 195
   018B C3                  440 	.db #0xc3	; 195
   018C A0                  441 	.db #0xa0	; 160
   018D C0                  442 	.db #0xc0	; 192
   018E 00                  443 	.db #0x00	; 0
   018F 40                  444 	.db #0x40	; 64
   0190 00                  445 	.db #0x00	; 0
   0191 A0                  446 	.db #0xa0	; 160
   0192 D2                  447 	.db #0xd2	; 210
   0193 C3                  448 	.db #0xc3	; 195
   0194 C3                  449 	.db #0xc3	; 195
   0195 C3                  450 	.db #0xc3	; 195
   0196 C3                  451 	.db #0xc3	; 195
   0197 C3                  452 	.db #0xc3	; 195
   0198 C3                  453 	.db #0xc3	; 195
   0199 C3                  454 	.db #0xc3	; 195
   019A C3                  455 	.db #0xc3	; 195
   019B C3                  456 	.db #0xc3	; 195
   019C C3                  457 	.db #0xc3	; 195
   019D C3                  458 	.db #0xc3	; 195
   019E C3                  459 	.db #0xc3	; 195
   019F D2                  460 	.db #0xd2	; 210
   01A0 50                  461 	.db #0x50	; 80	'P'
   01A1 C0                  462 	.db #0xc0	; 192
   01A2 C0                  463 	.db #0xc0	; 192
   01A3 00                  464 	.db #0x00	; 0
   01A4 50                  465 	.db #0x50	; 80	'P'
   01A5 41                  466 	.db #0x41	; 65	'A'
   01A6 E1                  467 	.db #0xe1	; 225
   01A7 C3                  468 	.db #0xc3	; 195
   01A8 C3                  469 	.db #0xc3	; 195
   01A9 C3                  470 	.db #0xc3	; 195
   01AA C3                  471 	.db #0xc3	; 195
   01AB C3                  472 	.db #0xc3	; 195
   01AC C3                  473 	.db #0xc3	; 195
   01AD C3                  474 	.db #0xc3	; 195
   01AE C3                  475 	.db #0xc3	; 195
   01AF C3                  476 	.db #0xc3	; 195
   01B0 C3                  477 	.db #0xc3	; 195
   01B1 C3                  478 	.db #0xc3	; 195
   01B2 C3                  479 	.db #0xc3	; 195
   01B3 C3                  480 	.db #0xc3	; 195
   01B4 A0                  481 	.db #0xa0	; 160
   01B5 C0                  482 	.db #0xc0	; 192
   01B6 00                  483 	.db #0x00	; 0
   01B7 80                  484 	.db #0x80	; 128
   01B8 00                  485 	.db #0x00	; 0
   01B9 A0                  486 	.db #0xa0	; 160
   01BA D2                  487 	.db #0xd2	; 210
   01BB C3                  488 	.db #0xc3	; 195
   01BC C3                  489 	.db #0xc3	; 195
   01BD C3                  490 	.db #0xc3	; 195
   01BE C3                  491 	.db #0xc3	; 195
   01BF C3                  492 	.db #0xc3	; 195
   01C0 C3                  493 	.db #0xc3	; 195
   01C1 C3                  494 	.db #0xc3	; 195
   01C2 C3                  495 	.db #0xc3	; 195
   01C3 C3                  496 	.db #0xc3	; 195
   01C4 C3                  497 	.db #0xc3	; 195
   01C5 C3                  498 	.db #0xc3	; 195
   01C6 C3                  499 	.db #0xc3	; 195
   01C7 D2                  500 	.db #0xd2	; 210
   01C8 50                  501 	.db #0x50	; 80	'P'
   01C9 C0                  502 	.db #0xc0	; 192
   01CA 00                  503 	.db #0x00	; 0
   01CB 50                  504 	.db #0x50	; 80	'P'
   01CC 50                  505 	.db #0x50	; 80	'P'
   01CD 41                  506 	.db #0x41	; 65	'A'
   01CE E1                  507 	.db #0xe1	; 225
   01CF C3                  508 	.db #0xc3	; 195
   01D0 C3                  509 	.db #0xc3	; 195
   01D1 C3                  510 	.db #0xc3	; 195
   01D2 C3                  511 	.db #0xc3	; 195
   01D3 C3                  512 	.db #0xc3	; 195
   01D4 C3                  513 	.db #0xc3	; 195
   01D5 C3                  514 	.db #0xc3	; 195
   01D6 C3                  515 	.db #0xc3	; 195
   01D7 C3                  516 	.db #0xc3	; 195
   01D8 C3                  517 	.db #0xc3	; 195
   01D9 C3                  518 	.db #0xc3	; 195
   01DA C3                  519 	.db #0xc3	; 195
   01DB C3                  520 	.db #0xc3	; 195
   01DC A0                  521 	.db #0xa0	; 160
   01DD C0                  522 	.db #0xc0	; 192
   01DE 00                  523 	.db #0x00	; 0
   01DF 00                  524 	.db #0x00	; 0
   01E0 00                  525 	.db #0x00	; 0
   01E1 A0                  526 	.db #0xa0	; 160
   01E2 D2                  527 	.db #0xd2	; 210
   01E3 C3                  528 	.db #0xc3	; 195
   01E4 C3                  529 	.db #0xc3	; 195
   01E5 C3                  530 	.db #0xc3	; 195
   01E6 C3                  531 	.db #0xc3	; 195
   01E7 C3                  532 	.db #0xc3	; 195
   01E8 C3                  533 	.db #0xc3	; 195
   01E9 C3                  534 	.db #0xc3	; 195
   01EA C3                  535 	.db #0xc3	; 195
   01EB C3                  536 	.db #0xc3	; 195
   01EC C3                  537 	.db #0xc3	; 195
   01ED C3                  538 	.db #0xc3	; 195
   01EE C3                  539 	.db #0xc3	; 195
   01EF D2                  540 	.db #0xd2	; 210
   01F0 50                  541 	.db #0x50	; 80	'P'
   01F1 C0                  542 	.db #0xc0	; 192
   01F2 80                  543 	.db #0x80	; 128
   01F3 50                  544 	.db #0x50	; 80	'P'
   01F4 50                  545 	.db #0x50	; 80	'P'
   01F5 41                  546 	.db #0x41	; 65	'A'
   01F6 E1                  547 	.db #0xe1	; 225
   01F7 C3                  548 	.db #0xc3	; 195
   01F8 C3                  549 	.db #0xc3	; 195
   01F9 C3                  550 	.db #0xc3	; 195
   01FA C3                  551 	.db #0xc3	; 195
   01FB C3                  552 	.db #0xc3	; 195
   01FC C3                  553 	.db #0xc3	; 195
   01FD C3                  554 	.db #0xc3	; 195
   01FE C3                  555 	.db #0xc3	; 195
   01FF C3                  556 	.db #0xc3	; 195
   0200 C3                  557 	.db #0xc3	; 195
   0201 C3                  558 	.db #0xc3	; 195
   0202 C3                  559 	.db #0xc3	; 195
   0203 C3                  560 	.db #0xc3	; 195
   0204 A0                  561 	.db #0xa0	; 160
   0205 C0                  562 	.db #0xc0	; 192
   0206 C0                  563 	.db #0xc0	; 192
   0207 00                  564 	.db #0x00	; 0
                            565 	.area _INITIALIZER
                            566 	.area _CABS (ABS)
