                              1 ;--------------------------------------------------------
                              2 ; File Created by SDCC : free open source ANSI-C Compiler
                              3 ; Version 3.6.8 #9946 (Linux)
                              4 ;--------------------------------------------------------
                              5 	.module enemy2
                              6 	.optsdcc -mz80
                              7 	
                              8 ;--------------------------------------------------------
                              9 ; Public variables in this module
                             10 ;--------------------------------------------------------
                             11 	.globl _enemy2_sp_2
                             12 	.globl _enemy2_sp_1
                             13 	.globl _enemy2_sp_0
                             14 ;--------------------------------------------------------
                             15 ; special function registers
                             16 ;--------------------------------------------------------
                             17 ;--------------------------------------------------------
                             18 ; ram data
                             19 ;--------------------------------------------------------
                             20 	.area _DATA
                             21 ;--------------------------------------------------------
                             22 ; ram data
                             23 ;--------------------------------------------------------
                             24 	.area _INITIALIZED
                             25 ;--------------------------------------------------------
                             26 ; absolute external ram data
                             27 ;--------------------------------------------------------
                             28 	.area _DABS (ABS)
                             29 ;--------------------------------------------------------
                             30 ; global & static initialisations
                             31 ;--------------------------------------------------------
                             32 	.area _HOME
                             33 	.area _GSINIT
                             34 	.area _GSFINAL
                             35 	.area _GSINIT
                             36 ;--------------------------------------------------------
                             37 ; Home
                             38 ;--------------------------------------------------------
                             39 	.area _HOME
                             40 	.area _HOME
                             41 ;--------------------------------------------------------
                             42 ; code
                             43 ;--------------------------------------------------------
                             44 	.area _CODE
                             45 	.area _CODE
   0000                      46 _enemy2_sp_0:
   0000 C3                   47 	.db #0xc3	; 195
   0001 00                   48 	.db #0x00	; 0
   0002 00                   49 	.db #0x00	; 0
   0003 A0                   50 	.db #0xa0	; 160
   0004 F0                   51 	.db #0xf0	; 240
   0005 C3                   52 	.db #0xc3	; 195
   0006 C3                   53 	.db #0xc3	; 195
   0007 00                   54 	.db #0x00	; 0
   0008 50                   55 	.db #0x50	; 80	'P'
   0009 50                   56 	.db #0x50	; 80	'P'
   000A 50                   57 	.db #0x50	; 80	'P'
   000B C3                   58 	.db #0xc3	; 195
   000C 00                   59 	.db #0x00	; 0
   000D C0                   60 	.db #0xc0	; 192
   000E C0                   61 	.db #0xc0	; 192
   000F C0                   62 	.db #0xc0	; 192
   0010 C0                   63 	.db #0xc0	; 192
   0011 F0                   64 	.db #0xf0	; 240
   0012 00                   65 	.db #0x00	; 0
   0013 C0                   66 	.db #0xc0	; 192
   0014 C0                   67 	.db #0xc0	; 192
   0015 C0                   68 	.db #0xc0	; 192
   0016 C0                   69 	.db #0xc0	; 192
   0017 50                   70 	.db #0x50	; 80	'P'
   0018 00                   71 	.db #0x00	; 0
   0019 C0                   72 	.db #0xc0	; 192
   001A C0                   73 	.db #0xc0	; 192
   001B C0                   74 	.db #0xc0	; 192
   001C C0                   75 	.db #0xc0	; 192
   001D 50                   76 	.db #0x50	; 80	'P'
   001E 00                   77 	.db #0x00	; 0
   001F C0                   78 	.db #0xc0	; 192
   0020 C0                   79 	.db #0xc0	; 192
   0021 C0                   80 	.db #0xc0	; 192
   0022 81                   81 	.db #0x81	; 129
   0023 A0                   82 	.db #0xa0	; 160
   0024 00                   83 	.db #0x00	; 0
   0025 C0                   84 	.db #0xc0	; 192
   0026 C0                   85 	.db #0xc0	; 192
   0027 C0                   86 	.db #0xc0	; 192
   0028 42                   87 	.db #0x42	; 66	'B'
   0029 50                   88 	.db #0x50	; 80	'P'
   002A 00                   89 	.db #0x00	; 0
   002B C0                   90 	.db #0xc0	; 192
   002C C0                   91 	.db #0xc0	; 192
   002D 81                   92 	.db #0x81	; 129
   002E 81                   93 	.db #0x81	; 129
   002F A0                   94 	.db #0xa0	; 160
   0030 00                   95 	.db #0x00	; 0
   0031 C0                   96 	.db #0xc0	; 192
   0032 C0                   97 	.db #0xc0	; 192
   0033 42                   98 	.db #0x42	; 66	'B'
   0034 42                   99 	.db #0x42	; 66	'B'
   0035 50                  100 	.db #0x50	; 80	'P'
   0036 00                  101 	.db #0x00	; 0
   0037 C0                  102 	.db #0xc0	; 192
   0038 81                  103 	.db #0x81	; 129
   0039 81                  104 	.db #0x81	; 129
   003A 81                  105 	.db #0x81	; 129
   003B A0                  106 	.db #0xa0	; 160
   003C C3                  107 	.db #0xc3	; 195
   003D 00                  108 	.db #0x00	; 0
   003E 00                  109 	.db #0x00	; 0
   003F A0                  110 	.db #0xa0	; 160
   0040 F0                  111 	.db #0xf0	; 240
   0041 C3                  112 	.db #0xc3	; 195
   0042 C3                  113 	.db #0xc3	; 195
   0043 00                  114 	.db #0x00	; 0
   0044 50                  115 	.db #0x50	; 80	'P'
   0045 50                  116 	.db #0x50	; 80	'P'
   0046 50                  117 	.db #0x50	; 80	'P'
   0047 C3                  118 	.db #0xc3	; 195
   0048                     119 _enemy2_sp_1:
   0048 C3                  120 	.db #0xc3	; 195
   0049 00                  121 	.db #0x00	; 0
   004A 00                  122 	.db #0x00	; 0
   004B A0                  123 	.db #0xa0	; 160
   004C F0                  124 	.db #0xf0	; 240
   004D C3                  125 	.db #0xc3	; 195
   004E C3                  126 	.db #0xc3	; 195
   004F 00                  127 	.db #0x00	; 0
   0050 50                  128 	.db #0x50	; 80	'P'
   0051 50                  129 	.db #0x50	; 80	'P'
   0052 50                  130 	.db #0x50	; 80	'P'
   0053 C3                  131 	.db #0xc3	; 195
   0054 00                  132 	.db #0x00	; 0
   0055 C0                  133 	.db #0xc0	; 192
   0056 C0                  134 	.db #0xc0	; 192
   0057 C0                  135 	.db #0xc0	; 192
   0058 C0                  136 	.db #0xc0	; 192
   0059 F0                  137 	.db #0xf0	; 240
   005A 00                  138 	.db #0x00	; 0
   005B C0                  139 	.db #0xc0	; 192
   005C C0                  140 	.db #0xc0	; 192
   005D C0                  141 	.db #0xc0	; 192
   005E C0                  142 	.db #0xc0	; 192
   005F 50                  143 	.db #0x50	; 80	'P'
   0060 00                  144 	.db #0x00	; 0
   0061 C0                  145 	.db #0xc0	; 192
   0062 C0                  146 	.db #0xc0	; 192
   0063 C0                  147 	.db #0xc0	; 192
   0064 C0                  148 	.db #0xc0	; 192
   0065 50                  149 	.db #0x50	; 80	'P'
   0066 00                  150 	.db #0x00	; 0
   0067 C0                  151 	.db #0xc0	; 192
   0068 C0                  152 	.db #0xc0	; 192
   0069 EA                  153 	.db #0xea	; 234
   006A AB                  154 	.db #0xab	; 171
   006B A0                  155 	.db #0xa0	; 160
   006C 00                  156 	.db #0x00	; 0
   006D C0                  157 	.db #0xc0	; 192
   006E C0                  158 	.db #0xc0	; 192
   006F D5                  159 	.db #0xd5	; 213
   0070 57                  160 	.db #0x57	; 87	'W'
   0071 50                  161 	.db #0x50	; 80	'P'
   0072 00                  162 	.db #0x00	; 0
   0073 C0                  163 	.db #0xc0	; 192
   0074 C0                  164 	.db #0xc0	; 192
   0075 D1                  165 	.db #0xd1	; 209
   0076 AB                  166 	.db #0xab	; 171
   0077 A0                  167 	.db #0xa0	; 160
   0078 00                  168 	.db #0x00	; 0
   0079 C0                  169 	.db #0xc0	; 192
   007A C0                  170 	.db #0xc0	; 192
   007B 17                  171 	.db #0x17	; 23
   007C F7                  172 	.db #0xf7	; 247
   007D 50                  173 	.db #0x50	; 80	'P'
   007E 00                  174 	.db #0x00	; 0
   007F C0                  175 	.db #0xc0	; 192
   0080 81                  176 	.db #0x81	; 129
   0081 C0                  177 	.db #0xc0	; 192
   0082 7D                  178 	.db #0x7d	; 125
   0083 A0                  179 	.db #0xa0	; 160
   0084 C3                  180 	.db #0xc3	; 195
   0085 00                  181 	.db #0x00	; 0
   0086 00                  182 	.db #0x00	; 0
   0087 A0                  183 	.db #0xa0	; 160
   0088 F0                  184 	.db #0xf0	; 240
   0089 C3                  185 	.db #0xc3	; 195
   008A C3                  186 	.db #0xc3	; 195
   008B 00                  187 	.db #0x00	; 0
   008C 50                  188 	.db #0x50	; 80	'P'
   008D 50                  189 	.db #0x50	; 80	'P'
   008E 50                  190 	.db #0x50	; 80	'P'
   008F C3                  191 	.db #0xc3	; 195
   0090                     192 _enemy2_sp_2:
   0090 C3                  193 	.db #0xc3	; 195
   0091 00                  194 	.db #0x00	; 0
   0092 00                  195 	.db #0x00	; 0
   0093 A0                  196 	.db #0xa0	; 160
   0094 F0                  197 	.db #0xf0	; 240
   0095 C3                  198 	.db #0xc3	; 195
   0096 C3                  199 	.db #0xc3	; 195
   0097 00                  200 	.db #0x00	; 0
   0098 50                  201 	.db #0x50	; 80	'P'
   0099 50                  202 	.db #0x50	; 80	'P'
   009A 50                  203 	.db #0x50	; 80	'P'
   009B C3                  204 	.db #0xc3	; 195
   009C 00                  205 	.db #0x00	; 0
   009D C0                  206 	.db #0xc0	; 192
   009E FF                  207 	.db #0xff	; 255
   009F FF                  208 	.db #0xff	; 255
   00A0 C0                  209 	.db #0xc0	; 192
   00A1 F0                  210 	.db #0xf0	; 240
   00A2 00                  211 	.db #0x00	; 0
   00A3 C0                  212 	.db #0xc0	; 192
   00A4 C0                  213 	.db #0xc0	; 192
   00A5 03                  214 	.db #0x03	; 3
   00A6 C0                  215 	.db #0xc0	; 192
   00A7 50                  216 	.db #0x50	; 80	'P'
   00A8 00                  217 	.db #0x00	; 0
   00A9 D5                  218 	.db #0xd5	; 213
   00AA FF                  219 	.db #0xff	; 255
   00AB FF                  220 	.db #0xff	; 255
   00AC EA                  221 	.db #0xea	; 234
   00AD 50                  222 	.db #0x50	; 80	'P'
   00AE 00                  223 	.db #0x00	; 0
   00AF C0                  224 	.db #0xc0	; 192
   00B0 51                  225 	.db #0x51	; 81	'Q'
   00B1 A2                  226 	.db #0xa2	; 162
   00B2 81                  227 	.db #0x81	; 129
   00B3 A0                  228 	.db #0xa0	; 160
   00B4 00                  229 	.db #0x00	; 0
   00B5 C0                  230 	.db #0xc0	; 192
   00B6 3F                  231 	.db #0x3f	; 63
   00B7 3F                  232 	.db #0x3f	; 63
   00B8 42                  233 	.db #0x42	; 66	'B'
   00B9 50                  234 	.db #0x50	; 80	'P'
   00BA 00                  235 	.db #0x00	; 0
   00BB 81                  236 	.db #0x81	; 129
   00BC 9C                  237 	.db #0x9c	; 156
   00BD C0                  238 	.db #0xc0	; 192
   00BE EA                  239 	.db #0xea	; 234
   00BF A0                  240 	.db #0xa0	; 160
   00C0 00                  241 	.db #0x00	; 0
   00C1 03                  242 	.db #0x03	; 3
   00C2 68                  243 	.db #0x68	; 104	'h'
   00C3 03                  244 	.db #0x03	; 3
   00C4 D5                  245 	.db #0xd5	; 213
   00C5 50                  246 	.db #0x50	; 80	'P'
   00C6 00                  247 	.db #0x00	; 0
   00C7 57                  248 	.db #0x57	; 87	'W'
   00C8 6A                  249 	.db #0x6a	; 106	'j'
   00C9 C0                  250 	.db #0xc0	; 192
   00CA D5                  251 	.db #0xd5	; 213
   00CB A0                  252 	.db #0xa0	; 160
   00CC C3                  253 	.db #0xc3	; 195
   00CD 00                  254 	.db #0x00	; 0
   00CE 00                  255 	.db #0x00	; 0
   00CF A0                  256 	.db #0xa0	; 160
   00D0 F0                  257 	.db #0xf0	; 240
   00D1 C3                  258 	.db #0xc3	; 195
   00D2 C3                  259 	.db #0xc3	; 195
   00D3 00                  260 	.db #0x00	; 0
   00D4 50                  261 	.db #0x50	; 80	'P'
   00D5 50                  262 	.db #0x50	; 80	'P'
   00D6 50                  263 	.db #0x50	; 80	'P'
   00D7 C3                  264 	.db #0xc3	; 195
                            265 	.area _INITIALIZER
                            266 	.area _CABS (ABS)
