                              1 ;--------------------------------------------------------
                              2 ; File Created by SDCC : free open source ANSI-C Compiler
                              3 ; Version 3.6.8 #9946 (Linux)
                              4 ;--------------------------------------------------------
                              5 	.module Enemy
                              6 	.optsdcc -mz80
                              7 	
                              8 ;--------------------------------------------------------
                              9 ; Public variables in this module
                             10 ;--------------------------------------------------------
                             11 	.globl _enemy_sc_sp
                             12 ;--------------------------------------------------------
                             13 ; special function registers
                             14 ;--------------------------------------------------------
                             15 ;--------------------------------------------------------
                             16 ; ram data
                             17 ;--------------------------------------------------------
                             18 	.area _DATA
                             19 ;--------------------------------------------------------
                             20 ; ram data
                             21 ;--------------------------------------------------------
                             22 	.area _INITIALIZED
                             23 ;--------------------------------------------------------
                             24 ; absolute external ram data
                             25 ;--------------------------------------------------------
                             26 	.area _DABS (ABS)
                             27 ;--------------------------------------------------------
                             28 ; global & static initialisations
                             29 ;--------------------------------------------------------
                             30 	.area _HOME
                             31 	.area _GSINIT
                             32 	.area _GSFINAL
                             33 	.area _GSINIT
                             34 ;--------------------------------------------------------
                             35 ; Home
                             36 ;--------------------------------------------------------
                             37 	.area _HOME
                             38 	.area _HOME
                             39 ;--------------------------------------------------------
                             40 ; code
                             41 ;--------------------------------------------------------
                             42 	.area _CODE
                             43 	.area _CODE
   0000                      44 _enemy_sc_sp:
   0000 B5                   45 	.db #0xb5	; 181
   0001 3F                   46 	.db #0x3f	; 63
   0002 3F                   47 	.db #0x3f	; 63
   0003 3F                   48 	.db #0x3f	; 63
   0004 2A                   49 	.db #0x2a	; 42
   0005 00                   50 	.db #0x00	; 0
   0006 00                   51 	.db #0x00	; 0
   0007 15                   52 	.db #0x15	; 21
   0008 3F                   53 	.db #0x3f	; 63
   0009 3F                   54 	.db #0x3f	; 63
   000A 3F                   55 	.db #0x3f	; 63
   000B 2A                   56 	.db #0x2a	; 42
   000C F0                   57 	.db #0xf0	; 240
   000D 3F                   58 	.db #0x3f	; 63
   000E 2A                   59 	.db #0x2a	; 42
   000F 50                   60 	.db #0x50	; 80	'P'
   0010 F0                   61 	.db #0xf0	; 240
   0011 F0                   62 	.db #0xf0	; 240
   0012 A0                   63 	.db #0xa0	; 160
   0013 15                   64 	.db #0x15	; 21
   0014 3F                   65 	.db #0x3f	; 63
   0015 3F                   66 	.db #0x3f	; 63
   0016 2A                   67 	.db #0x2a	; 42
   0017 50                   68 	.db #0x50	; 80	'P'
   0018 3F                   69 	.db #0x3f	; 63
   0019 50                   70 	.db #0x50	; 80	'P'
   001A F0                   71 	.db #0xf0	; 240
   001B F0                   72 	.db #0xf0	; 240
   001C F0                   73 	.db #0xf0	; 240
   001D F0                   74 	.db #0xf0	; 240
   001E A0                   75 	.db #0xa0	; 160
   001F 3F                   76 	.db #0x3f	; 63
   0020 3F                   77 	.db #0x3f	; 63
   0021 3F                   78 	.db #0x3f	; 63
   0022 2A                   79 	.db #0x2a	; 42
   0023 00                   80 	.db #0x00	; 0
   0024 F0                   81 	.db #0xf0	; 240
   0025 F0                   82 	.db #0xf0	; 240
   0026 FF                   83 	.db #0xff	; 255
   0027 FF                   84 	.db #0xff	; 255
   0028 F0                   85 	.db #0xf0	; 240
   0029 F0                   86 	.db #0xf0	; 240
   002A 00                   87 	.db #0x00	; 0
   002B 3F                   88 	.db #0x3f	; 63
   002C F0                   89 	.db #0xf0	; 240
   002D 00                   90 	.db #0x00	; 0
   002E F0                   91 	.db #0xf0	; 240
   002F F0                   92 	.db #0xf0	; 240
   0030 F0                   93 	.db #0xf0	; 240
   0031 FF                   94 	.db #0xff	; 255
   0032 FF                   95 	.db #0xff	; 255
   0033 F0                   96 	.db #0xf0	; 240
   0034 F0                   97 	.db #0xf0	; 240
   0035 F0                   98 	.db #0xf0	; 240
   0036 15                   99 	.db #0x15	; 21
   0037 00                  100 	.db #0x00	; 0
   0038 2A                  101 	.db #0x2a	; 42
   0039 F0                  102 	.db #0xf0	; 240
   003A F0                  103 	.db #0xf0	; 240
   003B F0                  104 	.db #0xf0	; 240
   003C FF                  105 	.db #0xff	; 255
   003D FF                  106 	.db #0xff	; 255
   003E F0                  107 	.db #0xf0	; 240
   003F F0                  108 	.db #0xf0	; 240
   0040 F0                  109 	.db #0xf0	; 240
   0041 15                  110 	.db #0x15	; 21
   0042 15                  111 	.db #0x15	; 21
   0043 2A                  112 	.db #0x2a	; 42
   0044 F0                  113 	.db #0xf0	; 240
   0045 F0                  114 	.db #0xf0	; 240
   0046 F5                  115 	.db #0xf5	; 245
   0047 F5                  116 	.db #0xf5	; 245
   0048 FA                  117 	.db #0xfa	; 250
   0049 FA                  118 	.db #0xfa	; 250
   004A F0                  119 	.db #0xf0	; 240
   004B F0                  120 	.db #0xf0	; 240
   004C 15                  121 	.db #0x15	; 21
   004D 3F                  122 	.db #0x3f	; 63
   004E 2A                  123 	.db #0x2a	; 42
   004F F0                  124 	.db #0xf0	; 240
   0050 F0                  125 	.db #0xf0	; 240
   0051 F0                  126 	.db #0xf0	; 240
   0052 FA                  127 	.db #0xfa	; 250
   0053 F5                  128 	.db #0xf5	; 245
   0054 F0                  129 	.db #0xf0	; 240
   0055 F0                  130 	.db #0xf0	; 240
   0056 F0                  131 	.db #0xf0	; 240
   0057 15                  132 	.db #0x15	; 21
   0058 3F                  133 	.db #0x3f	; 63
   0059 2A                  134 	.db #0x2a	; 42
   005A F0                  135 	.db #0xf0	; 240
   005B F0                  136 	.db #0xf0	; 240
   005C F5                  137 	.db #0xf5	; 245
   005D F0                  138 	.db #0xf0	; 240
   005E F0                  139 	.db #0xf0	; 240
   005F FA                  140 	.db #0xfa	; 250
   0060 F0                  141 	.db #0xf0	; 240
   0061 F0                  142 	.db #0xf0	; 240
   0062 15                  143 	.db #0x15	; 21
   0063 3F                  144 	.db #0x3f	; 63
   0064 2A                  145 	.db #0x2a	; 42
   0065 F0                  146 	.db #0xf0	; 240
   0066 F0                  147 	.db #0xf0	; 240
   0067 F0                  148 	.db #0xf0	; 240
   0068 F0                  149 	.db #0xf0	; 240
   0069 F0                  150 	.db #0xf0	; 240
   006A F0                  151 	.db #0xf0	; 240
   006B F0                  152 	.db #0xf0	; 240
   006C F0                  153 	.db #0xf0	; 240
   006D 15                  154 	.db #0x15	; 21
   006E 3F                  155 	.db #0x3f	; 63
   006F 2A                  156 	.db #0x2a	; 42
   0070 00                  157 	.db #0x00	; 0
   0071 00                  158 	.db #0x00	; 0
   0072 00                  159 	.db #0x00	; 0
   0073 00                  160 	.db #0x00	; 0
   0074 00                  161 	.db #0x00	; 0
   0075 00                  162 	.db #0x00	; 0
   0076 00                  163 	.db #0x00	; 0
   0077 00                  164 	.db #0x00	; 0
   0078 15                  165 	.db #0x15	; 21
   0079 3F                  166 	.db #0x3f	; 63
   007A 6A                  167 	.db #0x6a	; 106	'j'
   007B 03                  168 	.db #0x03	; 3
   007C 03                  169 	.db #0x03	; 3
   007D 03                  170 	.db #0x03	; 3
   007E 03                  171 	.db #0x03	; 3
   007F 03                  172 	.db #0x03	; 3
   0080 03                  173 	.db #0x03	; 3
   0081 03                  174 	.db #0x03	; 3
   0082 03                  175 	.db #0x03	; 3
   0083 95                  176 	.db #0x95	; 149
   0084 3F                  177 	.db #0x3f	; 63
   0085 6A                  178 	.db #0x6a	; 106	'j'
   0086 57                  179 	.db #0x57	; 87	'W'
   0087 EA                  180 	.db #0xea	; 234
   0088 D5                  181 	.db #0xd5	; 213
   0089 FF                  182 	.db #0xff	; 255
   008A FF                  183 	.db #0xff	; 255
   008B EA                  184 	.db #0xea	; 234
   008C D5                  185 	.db #0xd5	; 213
   008D AB                  186 	.db #0xab	; 171
   008E 95                  187 	.db #0x95	; 149
   008F 3F                  188 	.db #0x3f	; 63
   0090 6A                  189 	.db #0x6a	; 106	'j'
   0091 FF                  190 	.db #0xff	; 255
   0092 EA                  191 	.db #0xea	; 234
   0093 C0                  192 	.db #0xc0	; 192
   0094 FF                  193 	.db #0xff	; 255
   0095 FF                  194 	.db #0xff	; 255
   0096 C0                  195 	.db #0xc0	; 192
   0097 D5                  196 	.db #0xd5	; 213
   0098 FF                  197 	.db #0xff	; 255
   0099 95                  198 	.db #0x95	; 149
   009A 3F                  199 	.db #0x3f	; 63
   009B 6A                  200 	.db #0x6a	; 106	'j'
   009C FF                  201 	.db #0xff	; 255
   009D FF                  202 	.db #0xff	; 255
   009E C0                  203 	.db #0xc0	; 192
   009F FF                  204 	.db #0xff	; 255
   00A0 FF                  205 	.db #0xff	; 255
   00A1 C0                  206 	.db #0xc0	; 192
   00A2 FF                  207 	.db #0xff	; 255
   00A3 FF                  208 	.db #0xff	; 255
   00A4 95                  209 	.db #0x95	; 149
   00A5 3F                  210 	.db #0x3f	; 63
   00A6 3F                  211 	.db #0x3f	; 63
   00A7 C0                  212 	.db #0xc0	; 192
   00A8 FF                  213 	.db #0xff	; 255
   00A9 FF                  214 	.db #0xff	; 255
   00AA EA                  215 	.db #0xea	; 234
   00AB D5                  216 	.db #0xd5	; 213
   00AC FF                  217 	.db #0xff	; 255
   00AD FF                  218 	.db #0xff	; 255
   00AE C0                  219 	.db #0xc0	; 192
   00AF 3F                  220 	.db #0x3f	; 63
   00B0 3F                  221 	.db #0x3f	; 63
   00B1 3F                  222 	.db #0x3f	; 63
   00B2 3F                  223 	.db #0x3f	; 63
   00B3 D5                  224 	.db #0xd5	; 213
   00B4 FF                  225 	.db #0xff	; 255
   00B5 FF                  226 	.db #0xff	; 255
   00B6 FF                  227 	.db #0xff	; 255
   00B7 FF                  228 	.db #0xff	; 255
   00B8 EA                  229 	.db #0xea	; 234
   00B9 3F                  230 	.db #0x3f	; 63
   00BA 3F                  231 	.db #0x3f	; 63
   00BB 3F                  232 	.db #0x3f	; 63
   00BC 3F                  233 	.db #0x3f	; 63
   00BD 3F                  234 	.db #0x3f	; 63
   00BE 81                  235 	.db #0x81	; 129
   00BF FF                  236 	.db #0xff	; 255
   00C0 FF                  237 	.db #0xff	; 255
   00C1 FF                  238 	.db #0xff	; 255
   00C2 FF                  239 	.db #0xff	; 255
   00C3 42                  240 	.db #0x42	; 66	'B'
   00C4 3F                  241 	.db #0x3f	; 63
   00C5 3F                  242 	.db #0x3f	; 63
   00C6 3F                  243 	.db #0x3f	; 63
   00C7 3F                  244 	.db #0x3f	; 63
   00C8 3F                  245 	.db #0x3f	; 63
   00C9 6A                  246 	.db #0x6a	; 106	'j'
   00CA FF                  247 	.db #0xff	; 255
   00CB D5                  248 	.db #0xd5	; 213
   00CC EA                  249 	.db #0xea	; 234
   00CD FF                  250 	.db #0xff	; 255
   00CE 95                  251 	.db #0x95	; 149
   00CF 3F                  252 	.db #0x3f	; 63
   00D0 3F                  253 	.db #0x3f	; 63
   00D1 3F                  254 	.db #0x3f	; 63
   00D2 3F                  255 	.db #0x3f	; 63
   00D3 3F                  256 	.db #0x3f	; 63
   00D4 6A                  257 	.db #0x6a	; 106	'j'
   00D5 57                  258 	.db #0x57	; 87	'W'
   00D6 D5                  259 	.db #0xd5	; 213
   00D7 EA                  260 	.db #0xea	; 234
   00D8 AB                  261 	.db #0xab	; 171
   00D9 95                  262 	.db #0x95	; 149
   00DA 3F                  263 	.db #0x3f	; 63
   00DB 3F                  264 	.db #0x3f	; 63
   00DC 3F                  265 	.db #0x3f	; 63
   00DD 3F                  266 	.db #0x3f	; 63
   00DE 3F                  267 	.db #0x3f	; 63
   00DF 6A                  268 	.db #0x6a	; 106	'j'
   00E0 57                  269 	.db #0x57	; 87	'W'
   00E1 D5                  270 	.db #0xd5	; 213
   00E2 EA                  271 	.db #0xea	; 234
   00E3 AB                  272 	.db #0xab	; 171
   00E4 95                  273 	.db #0x95	; 149
   00E5 3F                  274 	.db #0x3f	; 63
   00E6 3F                  275 	.db #0x3f	; 63
   00E7 3F                  276 	.db #0x3f	; 63
   00E8 3F                  277 	.db #0x3f	; 63
   00E9 3F                  278 	.db #0x3f	; 63
   00EA 3F                  279 	.db #0x3f	; 63
   00EB C0                  280 	.db #0xc0	; 192
   00EC C0                  281 	.db #0xc0	; 192
   00ED C0                  282 	.db #0xc0	; 192
   00EE C0                  283 	.db #0xc0	; 192
   00EF 3F                  284 	.db #0x3f	; 63
   00F0 3F                  285 	.db #0x3f	; 63
   00F1 3F                  286 	.db #0x3f	; 63
                            287 	.area _INITIALIZER
                            288 	.area _CABS (ABS)
