                              1 ;--------------------------------------------------------
                              2 ; File Created by SDCC : free open source ANSI-C Compiler
                              3 ; Version 3.6.8 #9946 (Linux)
                              4 ;--------------------------------------------------------
                              5 	.module gameover_text
                              6 	.optsdcc -mz80
                              7 	
                              8 ;--------------------------------------------------------
                              9 ; Public variables in this module
                             10 ;--------------------------------------------------------
                             11 	.globl _gameover_text_sp_1
                             12 	.globl _gameover_text_sp_0
                             13 ;--------------------------------------------------------
                             14 ; special function registers
                             15 ;--------------------------------------------------------
                             16 ;--------------------------------------------------------
                             17 ; ram data
                             18 ;--------------------------------------------------------
                             19 	.area _DATA
                             20 ;--------------------------------------------------------
                             21 ; ram data
                             22 ;--------------------------------------------------------
                             23 	.area _INITIALIZED
                             24 ;--------------------------------------------------------
                             25 ; absolute external ram data
                             26 ;--------------------------------------------------------
                             27 	.area _DABS (ABS)
                             28 ;--------------------------------------------------------
                             29 ; global & static initialisations
                             30 ;--------------------------------------------------------
                             31 	.area _HOME
                             32 	.area _GSINIT
                             33 	.area _GSFINAL
                             34 	.area _GSINIT
                             35 ;--------------------------------------------------------
                             36 ; Home
                             37 ;--------------------------------------------------------
                             38 	.area _HOME
                             39 	.area _HOME
                             40 ;--------------------------------------------------------
                             41 ; code
                             42 ;--------------------------------------------------------
                             43 	.area _CODE
                             44 	.area _CODE
   0000                      45 _gameover_text_sp_0:
   0000 C0                   46 	.db #0xc0	; 192
   0001 C0                   47 	.db #0xc0	; 192
   0002 C0                   48 	.db #0xc0	; 192
   0003 C0                   49 	.db #0xc0	; 192
   0004 C0                   50 	.db #0xc0	; 192
   0005 C0                   51 	.db #0xc0	; 192
   0006 C0                   52 	.db #0xc0	; 192
   0007 C0                   53 	.db #0xc0	; 192
   0008 C0                   54 	.db #0xc0	; 192
   0009 FF                   55 	.db #0xff	; 255
   000A FF                   56 	.db #0xff	; 255
   000B FF                   57 	.db #0xff	; 255
   000C EA                   58 	.db #0xea	; 234
   000D C0                   59 	.db #0xc0	; 192
   000E C0                   60 	.db #0xc0	; 192
   000F FF                   61 	.db #0xff	; 255
   0010 FF                   62 	.db #0xff	; 255
   0011 FF                   63 	.db #0xff	; 255
   0012 FF                   64 	.db #0xff	; 255
   0013 FF                   65 	.db #0xff	; 255
   0014 FF                   66 	.db #0xff	; 255
   0015 C0                   67 	.db #0xc0	; 192
   0016 C0                   68 	.db #0xc0	; 192
   0017 FF                   69 	.db #0xff	; 255
   0018 FF                   70 	.db #0xff	; 255
   0019 FF                   71 	.db #0xff	; 255
   001A FF                   72 	.db #0xff	; 255
   001B FF                   73 	.db #0xff	; 255
   001C FF                   74 	.db #0xff	; 255
   001D C0                   75 	.db #0xc0	; 192
   001E C0                   76 	.db #0xc0	; 192
   001F D5                   77 	.db #0xd5	; 213
   0020 FF                   78 	.db #0xff	; 255
   0021 C0                   79 	.db #0xc0	; 192
   0022 C0                   80 	.db #0xc0	; 192
   0023 C0                   81 	.db #0xc0	; 192
   0024 C0                   82 	.db #0xc0	; 192
   0025 C0                   83 	.db #0xc0	; 192
   0026 C0                   84 	.db #0xc0	; 192
   0027 C0                   85 	.db #0xc0	; 192
   0028 C0                   86 	.db #0xc0	; 192
   0029 C0                   87 	.db #0xc0	; 192
   002A C0                   88 	.db #0xc0	; 192
   002B C0                   89 	.db #0xc0	; 192
   002C C0                   90 	.db #0xc0	; 192
   002D C0                   91 	.db #0xc0	; 192
   002E C0                   92 	.db #0xc0	; 192
   002F C0                   93 	.db #0xc0	; 192
   0030 D5                   94 	.db #0xd5	; 213
   0031 FF                   95 	.db #0xff	; 255
   0032 FF                   96 	.db #0xff	; 255
   0033 FF                   97 	.db #0xff	; 255
   0034 FF                   98 	.db #0xff	; 255
   0035 C0                   99 	.db #0xc0	; 192
   0036 C0                  100 	.db #0xc0	; 192
   0037 FF                  101 	.db #0xff	; 255
   0038 FF                  102 	.db #0xff	; 255
   0039 C0                  103 	.db #0xc0	; 192
   003A C0                  104 	.db #0xc0	; 192
   003B 57                  105 	.db #0x57	; 87	'W'
   003C FF                  106 	.db #0xff	; 255
   003D EA                  107 	.db #0xea	; 234
   003E C0                  108 	.db #0xc0	; 192
   003F FF                  109 	.db #0xff	; 255
   0040 FF                  110 	.db #0xff	; 255
   0041 C0                  111 	.db #0xc0	; 192
   0042 C0                  112 	.db #0xc0	; 192
   0043 57                  113 	.db #0x57	; 87	'W'
   0044 FF                  114 	.db #0xff	; 255
   0045 EA                  115 	.db #0xea	; 234
   0046 C0                  116 	.db #0xc0	; 192
   0047 D5                  117 	.db #0xd5	; 213
   0048 FF                  118 	.db #0xff	; 255
   0049 C0                  119 	.db #0xc0	; 192
   004A C0                  120 	.db #0xc0	; 192
   004B C0                  121 	.db #0xc0	; 192
   004C C0                  122 	.db #0xc0	; 192
   004D C0                  123 	.db #0xc0	; 192
   004E C0                  124 	.db #0xc0	; 192
   004F C0                  125 	.db #0xc0	; 192
   0050 C0                  126 	.db #0xc0	; 192
   0051 C0                  127 	.db #0xc0	; 192
   0052 C0                  128 	.db #0xc0	; 192
   0053 C0                  129 	.db #0xc0	; 192
   0054 C0                  130 	.db #0xc0	; 192
   0055 C0                  131 	.db #0xc0	; 192
   0056 C0                  132 	.db #0xc0	; 192
   0057 C0                  133 	.db #0xc0	; 192
   0058 FF                  134 	.db #0xff	; 255
   0059 EA                  135 	.db #0xea	; 234
   005A C0                  136 	.db #0xc0	; 192
   005B C0                  137 	.db #0xc0	; 192
   005C FF                  138 	.db #0xff	; 255
   005D EA                  139 	.db #0xea	; 234
   005E C0                  140 	.db #0xc0	; 192
   005F FF                  141 	.db #0xff	; 255
   0060 FF                  142 	.db #0xff	; 255
   0061 C0                  143 	.db #0xc0	; 192
   0062 C0                  144 	.db #0xc0	; 192
   0063 C0                  145 	.db #0xc0	; 192
   0064 FF                  146 	.db #0xff	; 255
   0065 EA                  147 	.db #0xea	; 234
   0066 C0                  148 	.db #0xc0	; 192
   0067 FF                  149 	.db #0xff	; 255
   0068 FF                  150 	.db #0xff	; 255
   0069 C0                  151 	.db #0xc0	; 192
   006A C0                  152 	.db #0xc0	; 192
   006B C0                  153 	.db #0xc0	; 192
   006C FF                  154 	.db #0xff	; 255
   006D EA                  155 	.db #0xea	; 234
   006E C0                  156 	.db #0xc0	; 192
   006F D5                  157 	.db #0xd5	; 213
   0070 FF                  158 	.db #0xff	; 255
   0071 C0                  159 	.db #0xc0	; 192
   0072 C0                  160 	.db #0xc0	; 192
   0073 C0                  161 	.db #0xc0	; 192
   0074 C0                  162 	.db #0xc0	; 192
   0075 C0                  163 	.db #0xc0	; 192
   0076 C0                  164 	.db #0xc0	; 192
   0077 C0                  165 	.db #0xc0	; 192
   0078 C0                  166 	.db #0xc0	; 192
   0079 C0                  167 	.db #0xc0	; 192
   007A C0                  168 	.db #0xc0	; 192
   007B C0                  169 	.db #0xc0	; 192
   007C C0                  170 	.db #0xc0	; 192
   007D C0                  171 	.db #0xc0	; 192
   007E C0                  172 	.db #0xc0	; 192
   007F C0                  173 	.db #0xc0	; 192
   0080 FF                  174 	.db #0xff	; 255
   0081 C0                  175 	.db #0xc0	; 192
   0082 C0                  176 	.db #0xc0	; 192
   0083 C0                  177 	.db #0xc0	; 192
   0084 D5                  178 	.db #0xd5	; 213
   0085 EA                  179 	.db #0xea	; 234
   0086 C0                  180 	.db #0xc0	; 192
   0087 FF                  181 	.db #0xff	; 255
   0088 FF                  182 	.db #0xff	; 255
   0089 C0                  183 	.db #0xc0	; 192
   008A C0                  184 	.db #0xc0	; 192
   008B C0                  185 	.db #0xc0	; 192
   008C FF                  186 	.db #0xff	; 255
   008D EA                  187 	.db #0xea	; 234
   008E C0                  188 	.db #0xc0	; 192
   008F FF                  189 	.db #0xff	; 255
   0090 FF                  190 	.db #0xff	; 255
   0091 C0                  191 	.db #0xc0	; 192
   0092 C0                  192 	.db #0xc0	; 192
   0093 C0                  193 	.db #0xc0	; 192
   0094 FF                  194 	.db #0xff	; 255
   0095 EA                  195 	.db #0xea	; 234
   0096 C0                  196 	.db #0xc0	; 192
   0097 D5                  197 	.db #0xd5	; 213
   0098 FF                  198 	.db #0xff	; 255
   0099 C0                  199 	.db #0xc0	; 192
   009A C0                  200 	.db #0xc0	; 192
   009B C0                  201 	.db #0xc0	; 192
   009C C0                  202 	.db #0xc0	; 192
   009D C0                  203 	.db #0xc0	; 192
   009E C0                  204 	.db #0xc0	; 192
   009F C0                  205 	.db #0xc0	; 192
   00A0 C0                  206 	.db #0xc0	; 192
   00A1 C0                  207 	.db #0xc0	; 192
   00A2 C0                  208 	.db #0xc0	; 192
   00A3 C0                  209 	.db #0xc0	; 192
   00A4 C0                  210 	.db #0xc0	; 192
   00A5 C0                  211 	.db #0xc0	; 192
   00A6 C0                  212 	.db #0xc0	; 192
   00A7 C0                  213 	.db #0xc0	; 192
   00A8 FF                  214 	.db #0xff	; 255
   00A9 C0                  215 	.db #0xc0	; 192
   00AA C0                  216 	.db #0xc0	; 192
   00AB C0                  217 	.db #0xc0	; 192
   00AC D5                  218 	.db #0xd5	; 213
   00AD EA                  219 	.db #0xea	; 234
   00AE C0                  220 	.db #0xc0	; 192
   00AF FF                  221 	.db #0xff	; 255
   00B0 FF                  222 	.db #0xff	; 255
   00B1 C0                  223 	.db #0xc0	; 192
   00B2 C0                  224 	.db #0xc0	; 192
   00B3 D5                  225 	.db #0xd5	; 213
   00B4 FF                  226 	.db #0xff	; 255
   00B5 EA                  227 	.db #0xea	; 234
   00B6 C0                  228 	.db #0xc0	; 192
   00B7 FF                  229 	.db #0xff	; 255
   00B8 FF                  230 	.db #0xff	; 255
   00B9 C0                  231 	.db #0xc0	; 192
   00BA C0                  232 	.db #0xc0	; 192
   00BB D5                  233 	.db #0xd5	; 213
   00BC FF                  234 	.db #0xff	; 255
   00BD EA                  235 	.db #0xea	; 234
   00BE C0                  236 	.db #0xc0	; 192
   00BF D5                  237 	.db #0xd5	; 213
   00C0 0F                  238 	.db #0x0f	; 15
   00C1 C0                  239 	.db #0xc0	; 192
   00C2 C0                  240 	.db #0xc0	; 192
   00C3 C0                  241 	.db #0xc0	; 192
   00C4 C0                  242 	.db #0xc0	; 192
   00C5 C0                  243 	.db #0xc0	; 192
   00C6 C0                  244 	.db #0xc0	; 192
   00C7 C0                  245 	.db #0xc0	; 192
   00C8 C0                  246 	.db #0xc0	; 192
   00C9 C0                  247 	.db #0xc0	; 192
   00CA C0                  248 	.db #0xc0	; 192
   00CB C0                  249 	.db #0xc0	; 192
   00CC C0                  250 	.db #0xc0	; 192
   00CD C0                  251 	.db #0xc0	; 192
   00CE C0                  252 	.db #0xc0	; 192
   00CF C0                  253 	.db #0xc0	; 192
   00D0 FF                  254 	.db #0xff	; 255
   00D1 03                  255 	.db #0x03	; 3
   00D2 03                  256 	.db #0x03	; 3
   00D3 03                  257 	.db #0x03	; 3
   00D4 57                  258 	.db #0x57	; 87	'W'
   00D5 EA                  259 	.db #0xea	; 234
   00D6 C0                  260 	.db #0xc0	; 192
   00D7 FF                  261 	.db #0xff	; 255
   00D8 FF                  262 	.db #0xff	; 255
   00D9 FF                  263 	.db #0xff	; 255
   00DA FF                  264 	.db #0xff	; 255
   00DB FF                  265 	.db #0xff	; 255
   00DC AB                  266 	.db #0xab	; 171
   00DD C0                  267 	.db #0xc0	; 192
   00DE C0                  268 	.db #0xc0	; 192
   00DF FF                  269 	.db #0xff	; 255
   00E0 FF                  270 	.db #0xff	; 255
   00E1 FF                  271 	.db #0xff	; 255
   00E2 FF                  272 	.db #0xff	; 255
   00E3 FF                  273 	.db #0xff	; 255
   00E4 AB                  274 	.db #0xab	; 171
   00E5 C0                  275 	.db #0xc0	; 192
   00E6 C0                  276 	.db #0xc0	; 192
   00E7 85                  277 	.db #0x85	; 133
   00E8 00                  278 	.db #0x00	; 0
   00E9 C0                  279 	.db #0xc0	; 192
   00EA C0                  280 	.db #0xc0	; 192
   00EB C0                  281 	.db #0xc0	; 192
   00EC C0                  282 	.db #0xc0	; 192
   00ED C0                  283 	.db #0xc0	; 192
   00EE C0                  284 	.db #0xc0	; 192
   00EF C0                  285 	.db #0xc0	; 192
   00F0 C0                  286 	.db #0xc0	; 192
   00F1 C0                  287 	.db #0xc0	; 192
   00F2 C0                  288 	.db #0xc0	; 192
   00F3 C0                  289 	.db #0xc0	; 192
   00F4 C0                  290 	.db #0xc0	; 192
   00F5 C0                  291 	.db #0xc0	; 192
   00F6 C0                  292 	.db #0xc0	; 192
   00F7 C0                  293 	.db #0xc0	; 192
   00F8 5F                  294 	.db #0x5f	; 95
   00F9 0A                  295 	.db #0x0a	; 10
   00FA 00                  296 	.db #0x00	; 0
   00FB FF                  297 	.db #0xff	; 255
   00FC 00                  298 	.db #0x00	; 0
   00FD EA                  299 	.db #0xea	; 234
   00FE C0                  300 	.db #0xc0	; 192
   00FF AF                  301 	.db #0xaf	; 175
   0100 55                  302 	.db #0x55	; 85	'U'
   0101 C0                  303 	.db #0xc0	; 192
   0102 FF                  304 	.db #0xff	; 255
   0103 AA                  305 	.db #0xaa	; 170
   0104 C0                  306 	.db #0xc0	; 192
   0105 C0                  307 	.db #0xc0	; 192
   0106 C0                  308 	.db #0xc0	; 192
   0107 AF                  309 	.db #0xaf	; 175
   0108 55                  310 	.db #0x55	; 85	'U'
   0109 C0                  311 	.db #0xc0	; 192
   010A FF                  312 	.db #0xff	; 255
   010B AA                  313 	.db #0xaa	; 170
   010C C0                  314 	.db #0xc0	; 192
   010D C0                  315 	.db #0xc0	; 192
   010E C0                  316 	.db #0xc0	; 192
   010F 80                  317 	.db #0x80	; 128
   0110 00                  318 	.db #0x00	; 0
   0111 C0                  319 	.db #0xc0	; 192
   0112 C0                  320 	.db #0xc0	; 192
   0113 C0                  321 	.db #0xc0	; 192
   0114 C0                  322 	.db #0xc0	; 192
   0115 C0                  323 	.db #0xc0	; 192
   0116 C0                  324 	.db #0xc0	; 192
   0117 C0                  325 	.db #0xc0	; 192
   0118 C0                  326 	.db #0xc0	; 192
   0119 C0                  327 	.db #0xc0	; 192
   011A C0                  328 	.db #0xc0	; 192
   011B C0                  329 	.db #0xc0	; 192
   011C C0                  330 	.db #0xc0	; 192
   011D C0                  331 	.db #0xc0	; 192
   011E C0                  332 	.db #0xc0	; 192
   011F C0                  333 	.db #0xc0	; 192
   0120 00                  334 	.db #0x00	; 0
   0121 00                  335 	.db #0x00	; 0
   0122 00                  336 	.db #0x00	; 0
   0123 00                  337 	.db #0x00	; 0
   0124 00                  338 	.db #0x00	; 0
   0125 40                  339 	.db #0x40	; 64
   0126 C0                  340 	.db #0xc0	; 192
   0127 0A                  341 	.db #0x0a	; 10
   0128 00                  342 	.db #0x00	; 0
   0129 C0                  343 	.db #0xc0	; 192
   012A 85                  344 	.db #0x85	; 133
   012B 0A                  345 	.db #0x0a	; 10
   012C 40                  346 	.db #0x40	; 64
   012D C0                  347 	.db #0xc0	; 192
   012E C0                  348 	.db #0xc0	; 192
   012F 0A                  349 	.db #0x0a	; 10
   0130 00                  350 	.db #0x00	; 0
   0131 C0                  351 	.db #0xc0	; 192
   0132 85                  352 	.db #0x85	; 133
   0133 0A                  353 	.db #0x0a	; 10
   0134 40                  354 	.db #0x40	; 64
   0135 C0                  355 	.db #0xc0	; 192
   0136 C0                  356 	.db #0xc0	; 192
   0137 80                  357 	.db #0x80	; 128
   0138 00                  358 	.db #0x00	; 0
   0139 C0                  359 	.db #0xc0	; 192
   013A C0                  360 	.db #0xc0	; 192
   013B C0                  361 	.db #0xc0	; 192
   013C C0                  362 	.db #0xc0	; 192
   013D C0                  363 	.db #0xc0	; 192
   013E C0                  364 	.db #0xc0	; 192
   013F C0                  365 	.db #0xc0	; 192
   0140 C0                  366 	.db #0xc0	; 192
   0141 C0                  367 	.db #0xc0	; 192
   0142 C0                  368 	.db #0xc0	; 192
   0143 C0                  369 	.db #0xc0	; 192
   0144 C0                  370 	.db #0xc0	; 192
   0145 C0                  371 	.db #0xc0	; 192
   0146 C0                  372 	.db #0xc0	; 192
   0147 C0                  373 	.db #0xc0	; 192
   0148 00                  374 	.db #0x00	; 0
   0149 40                  375 	.db #0x40	; 64
   014A C0                  376 	.db #0xc0	; 192
   014B C0                  377 	.db #0xc0	; 192
   014C 00                  378 	.db #0x00	; 0
   014D 40                  379 	.db #0x40	; 64
   014E C0                  380 	.db #0xc0	; 192
   014F 00                  381 	.db #0x00	; 0
   0150 00                  382 	.db #0x00	; 0
   0151 C0                  383 	.db #0xc0	; 192
   0152 C0                  384 	.db #0xc0	; 192
   0153 00                  385 	.db #0x00	; 0
   0154 00                  386 	.db #0x00	; 0
   0155 C0                  387 	.db #0xc0	; 192
   0156 C0                  388 	.db #0xc0	; 192
   0157 00                  389 	.db #0x00	; 0
   0158 00                  390 	.db #0x00	; 0
   0159 C0                  391 	.db #0xc0	; 192
   015A C0                  392 	.db #0xc0	; 192
   015B 00                  393 	.db #0x00	; 0
   015C 00                  394 	.db #0x00	; 0
   015D C0                  395 	.db #0xc0	; 192
   015E C0                  396 	.db #0xc0	; 192
   015F C0                  397 	.db #0xc0	; 192
   0160 40                  398 	.db #0x40	; 64
   0161 C0                  399 	.db #0xc0	; 192
   0162 C0                  400 	.db #0xc0	; 192
   0163 C0                  401 	.db #0xc0	; 192
   0164 C0                  402 	.db #0xc0	; 192
   0165 C0                  403 	.db #0xc0	; 192
   0166 C0                  404 	.db #0xc0	; 192
   0167 C0                  405 	.db #0xc0	; 192
   0168 C0                  406 	.db #0xc0	; 192
   0169 C0                  407 	.db #0xc0	; 192
   016A C0                  408 	.db #0xc0	; 192
   016B C0                  409 	.db #0xc0	; 192
   016C C0                  410 	.db #0xc0	; 192
   016D C0                  411 	.db #0xc0	; 192
   016E C0                  412 	.db #0xc0	; 192
   016F 81                  413 	.db #0x81	; 129
   0170 00                  414 	.db #0x00	; 0
   0171 42                  415 	.db #0x42	; 66	'B'
   0172 C0                  416 	.db #0xc0	; 192
   0173 C0                  417 	.db #0xc0	; 192
   0174 02                  418 	.db #0x02	; 2
   0175 01                  419 	.db #0x01	; 1
   0176 C0                  420 	.db #0xc0	; 192
   0177 00                  421 	.db #0x00	; 0
   0178 00                  422 	.db #0x00	; 0
   0179 C0                  423 	.db #0xc0	; 192
   017A C0                  424 	.db #0xc0	; 192
   017B 80                  425 	.db #0x80	; 128
   017C 00                  426 	.db #0x00	; 0
   017D 40                  427 	.db #0x40	; 64
   017E C0                  428 	.db #0xc0	; 192
   017F 00                  429 	.db #0x00	; 0
   0180 00                  430 	.db #0x00	; 0
   0181 C0                  431 	.db #0xc0	; 192
   0182 C0                  432 	.db #0xc0	; 192
   0183 80                  433 	.db #0x80	; 128
   0184 00                  434 	.db #0x00	; 0
   0185 40                  435 	.db #0x40	; 64
   0186 C0                  436 	.db #0xc0	; 192
   0187 C0                  437 	.db #0xc0	; 192
   0188 40                  438 	.db #0x40	; 64
   0189 C0                  439 	.db #0xc0	; 192
   018A C0                  440 	.db #0xc0	; 192
   018B C0                  441 	.db #0xc0	; 192
   018C C0                  442 	.db #0xc0	; 192
   018D C0                  443 	.db #0xc0	; 192
   018E C0                  444 	.db #0xc0	; 192
   018F C0                  445 	.db #0xc0	; 192
   0190 C0                  446 	.db #0xc0	; 192
   0191 C0                  447 	.db #0xc0	; 192
   0192 C0                  448 	.db #0xc0	; 192
   0193 C0                  449 	.db #0xc0	; 192
   0194 C0                  450 	.db #0xc0	; 192
   0195 C0                  451 	.db #0xc0	; 192
   0196 C0                  452 	.db #0xc0	; 192
   0197 80                  453 	.db #0x80	; 128
   0198 00                  454 	.db #0x00	; 0
   0199 42                  455 	.db #0x42	; 66	'B'
   019A C0                  456 	.db #0xc0	; 192
   019B C0                  457 	.db #0xc0	; 192
   019C 02                  458 	.db #0x02	; 2
   019D 00                  459 	.db #0x00	; 0
   019E C0                  460 	.db #0xc0	; 192
   019F 00                  461 	.db #0x00	; 0
   01A0 00                  462 	.db #0x00	; 0
   01A1 C0                  463 	.db #0xc0	; 192
   01A2 C0                  464 	.db #0xc0	; 192
   01A3 C0                  465 	.db #0xc0	; 192
   01A4 00                  466 	.db #0x00	; 0
   01A5 00                  467 	.db #0x00	; 0
   01A6 C0                  468 	.db #0xc0	; 192
   01A7 00                  469 	.db #0x00	; 0
   01A8 00                  470 	.db #0x00	; 0
   01A9 C0                  471 	.db #0xc0	; 192
   01AA C0                  472 	.db #0xc0	; 192
   01AB C0                  473 	.db #0xc0	; 192
   01AC 00                  474 	.db #0x00	; 0
   01AD 00                  475 	.db #0x00	; 0
   01AE C0                  476 	.db #0xc0	; 192
   01AF C0                  477 	.db #0xc0	; 192
   01B0 C0                  478 	.db #0xc0	; 192
   01B1 C0                  479 	.db #0xc0	; 192
   01B2 C0                  480 	.db #0xc0	; 192
   01B3 C0                  481 	.db #0xc0	; 192
   01B4 C0                  482 	.db #0xc0	; 192
   01B5 C0                  483 	.db #0xc0	; 192
   01B6 C0                  484 	.db #0xc0	; 192
   01B7 C0                  485 	.db #0xc0	; 192
   01B8 C0                  486 	.db #0xc0	; 192
   01B9 C0                  487 	.db #0xc0	; 192
   01BA C0                  488 	.db #0xc0	; 192
   01BB C0                  489 	.db #0xc0	; 192
   01BC C0                  490 	.db #0xc0	; 192
   01BD C0                  491 	.db #0xc0	; 192
   01BE C0                  492 	.db #0xc0	; 192
   01BF C0                  493 	.db #0xc0	; 192
   01C0 C0                  494 	.db #0xc0	; 192
   01C1 C0                  495 	.db #0xc0	; 192
   01C2 C0                  496 	.db #0xc0	; 192
   01C3 C0                  497 	.db #0xc0	; 192
   01C4 C0                  498 	.db #0xc0	; 192
   01C5 C0                  499 	.db #0xc0	; 192
   01C6 C0                  500 	.db #0xc0	; 192
   01C7 C0                  501 	.db #0xc0	; 192
   01C8 C0                  502 	.db #0xc0	; 192
   01C9 C0                  503 	.db #0xc0	; 192
   01CA C0                  504 	.db #0xc0	; 192
   01CB C0                  505 	.db #0xc0	; 192
   01CC C0                  506 	.db #0xc0	; 192
   01CD C0                  507 	.db #0xc0	; 192
   01CE C0                  508 	.db #0xc0	; 192
   01CF C0                  509 	.db #0xc0	; 192
   01D0 C0                  510 	.db #0xc0	; 192
   01D1 C0                  511 	.db #0xc0	; 192
   01D2 C0                  512 	.db #0xc0	; 192
   01D3 C0                  513 	.db #0xc0	; 192
   01D4 C0                  514 	.db #0xc0	; 192
   01D5 C0                  515 	.db #0xc0	; 192
   01D6 C0                  516 	.db #0xc0	; 192
   01D7 C0                  517 	.db #0xc0	; 192
   01D8 C0                  518 	.db #0xc0	; 192
   01D9 C0                  519 	.db #0xc0	; 192
   01DA C0                  520 	.db #0xc0	; 192
   01DB C0                  521 	.db #0xc0	; 192
   01DC C0                  522 	.db #0xc0	; 192
   01DD C0                  523 	.db #0xc0	; 192
   01DE C0                  524 	.db #0xc0	; 192
   01DF C0                  525 	.db #0xc0	; 192
   01E0 C0                  526 	.db #0xc0	; 192
   01E1 C0                  527 	.db #0xc0	; 192
   01E2 C0                  528 	.db #0xc0	; 192
   01E3 C0                  529 	.db #0xc0	; 192
   01E4 C0                  530 	.db #0xc0	; 192
   01E5 C0                  531 	.db #0xc0	; 192
   01E6 C0                  532 	.db #0xc0	; 192
   01E7 C0                  533 	.db #0xc0	; 192
   01E8 C0                  534 	.db #0xc0	; 192
   01E9 C0                  535 	.db #0xc0	; 192
   01EA C0                  536 	.db #0xc0	; 192
   01EB C0                  537 	.db #0xc0	; 192
   01EC C0                  538 	.db #0xc0	; 192
   01ED C0                  539 	.db #0xc0	; 192
   01EE C0                  540 	.db #0xc0	; 192
   01EF C0                  541 	.db #0xc0	; 192
   01F0 C0                  542 	.db #0xc0	; 192
   01F1 C0                  543 	.db #0xc0	; 192
   01F2 C0                  544 	.db #0xc0	; 192
   01F3 C0                  545 	.db #0xc0	; 192
   01F4 C0                  546 	.db #0xc0	; 192
   01F5 C0                  547 	.db #0xc0	; 192
   01F6 C0                  548 	.db #0xc0	; 192
   01F7 C0                  549 	.db #0xc0	; 192
   01F8 C0                  550 	.db #0xc0	; 192
   01F9 C0                  551 	.db #0xc0	; 192
   01FA C0                  552 	.db #0xc0	; 192
   01FB C0                  553 	.db #0xc0	; 192
   01FC C0                  554 	.db #0xc0	; 192
   01FD C0                  555 	.db #0xc0	; 192
   01FE C0                  556 	.db #0xc0	; 192
   01FF C0                  557 	.db #0xc0	; 192
   0200 40                  558 	.db #0x40	; 64
   0201 C0                  559 	.db #0xc0	; 192
   0202 C0                  560 	.db #0xc0	; 192
   0203 C0                  561 	.db #0xc0	; 192
   0204 C0                  562 	.db #0xc0	; 192
   0205 C0                  563 	.db #0xc0	; 192
   0206 C0                  564 	.db #0xc0	; 192
   0207 C0                  565 	.db #0xc0	; 192
   0208 C0                  566 	.db #0xc0	; 192
   0209 C0                  567 	.db #0xc0	; 192
   020A C0                  568 	.db #0xc0	; 192
   020B C0                  569 	.db #0xc0	; 192
   020C C0                  570 	.db #0xc0	; 192
   020D C0                  571 	.db #0xc0	; 192
   020E C0                  572 	.db #0xc0	; 192
   020F C0                  573 	.db #0xc0	; 192
   0210 C0                  574 	.db #0xc0	; 192
   0211 C0                  575 	.db #0xc0	; 192
   0212 C0                  576 	.db #0xc0	; 192
   0213 C0                  577 	.db #0xc0	; 192
   0214 C0                  578 	.db #0xc0	; 192
   0215 C0                  579 	.db #0xc0	; 192
   0216 C0                  580 	.db #0xc0	; 192
   0217 C0                  581 	.db #0xc0	; 192
   0218 C0                  582 	.db #0xc0	; 192
   0219 C0                  583 	.db #0xc0	; 192
   021A C0                  584 	.db #0xc0	; 192
   021B C0                  585 	.db #0xc0	; 192
   021C C0                  586 	.db #0xc0	; 192
   021D C0                  587 	.db #0xc0	; 192
   021E C0                  588 	.db #0xc0	; 192
   021F C0                  589 	.db #0xc0	; 192
   0220 C0                  590 	.db #0xc0	; 192
   0221 C0                  591 	.db #0xc0	; 192
   0222 C0                  592 	.db #0xc0	; 192
   0223 C0                  593 	.db #0xc0	; 192
   0224 C0                  594 	.db #0xc0	; 192
   0225 C0                  595 	.db #0xc0	; 192
   0226 C0                  596 	.db #0xc0	; 192
   0227 C0                  597 	.db #0xc0	; 192
   0228 40                  598 	.db #0x40	; 64
   0229 C0                  599 	.db #0xc0	; 192
   022A C0                  600 	.db #0xc0	; 192
   022B C0                  601 	.db #0xc0	; 192
   022C C0                  602 	.db #0xc0	; 192
   022D C0                  603 	.db #0xc0	; 192
   022E C0                  604 	.db #0xc0	; 192
   022F C0                  605 	.db #0xc0	; 192
   0230 C0                  606 	.db #0xc0	; 192
   0231 C0                  607 	.db #0xc0	; 192
   0232 C0                  608 	.db #0xc0	; 192
   0233 C0                  609 	.db #0xc0	; 192
   0234 C0                  610 	.db #0xc0	; 192
   0235 C0                  611 	.db #0xc0	; 192
   0236 C0                  612 	.db #0xc0	; 192
   0237 C0                  613 	.db #0xc0	; 192
   0238 C0                  614 	.db #0xc0	; 192
   0239 C0                  615 	.db #0xc0	; 192
   023A C0                  616 	.db #0xc0	; 192
   023B C0                  617 	.db #0xc0	; 192
   023C C0                  618 	.db #0xc0	; 192
   023D C0                  619 	.db #0xc0	; 192
   023E C0                  620 	.db #0xc0	; 192
   023F C0                  621 	.db #0xc0	; 192
   0240 C0                  622 	.db #0xc0	; 192
   0241 C0                  623 	.db #0xc0	; 192
   0242 C0                  624 	.db #0xc0	; 192
   0243 C0                  625 	.db #0xc0	; 192
   0244 C0                  626 	.db #0xc0	; 192
   0245 C0                  627 	.db #0xc0	; 192
   0246 C0                  628 	.db #0xc0	; 192
   0247 C0                  629 	.db #0xc0	; 192
   0248 C0                  630 	.db #0xc0	; 192
   0249 C0                  631 	.db #0xc0	; 192
   024A C0                  632 	.db #0xc0	; 192
   024B C0                  633 	.db #0xc0	; 192
   024C C0                  634 	.db #0xc0	; 192
   024D C0                  635 	.db #0xc0	; 192
   024E C0                  636 	.db #0xc0	; 192
   024F C0                  637 	.db #0xc0	; 192
   0250 C0                  638 	.db #0xc0	; 192
   0251 C0                  639 	.db #0xc0	; 192
   0252 C0                  640 	.db #0xc0	; 192
   0253 C0                  641 	.db #0xc0	; 192
   0254 C0                  642 	.db #0xc0	; 192
   0255 C0                  643 	.db #0xc0	; 192
   0256 C0                  644 	.db #0xc0	; 192
   0257 C0                  645 	.db #0xc0	; 192
   0258 C0                  646 	.db #0xc0	; 192
   0259 C0                  647 	.db #0xc0	; 192
   025A C0                  648 	.db #0xc0	; 192
   025B C0                  649 	.db #0xc0	; 192
   025C C0                  650 	.db #0xc0	; 192
   025D C0                  651 	.db #0xc0	; 192
   025E C0                  652 	.db #0xc0	; 192
   025F C0                  653 	.db #0xc0	; 192
   0260 C0                  654 	.db #0xc0	; 192
   0261 C0                  655 	.db #0xc0	; 192
   0262 C0                  656 	.db #0xc0	; 192
   0263 C0                  657 	.db #0xc0	; 192
   0264 C0                  658 	.db #0xc0	; 192
   0265 C0                  659 	.db #0xc0	; 192
   0266 C0                  660 	.db #0xc0	; 192
   0267 C0                  661 	.db #0xc0	; 192
   0268 C0                  662 	.db #0xc0	; 192
   0269 C0                  663 	.db #0xc0	; 192
   026A C0                  664 	.db #0xc0	; 192
   026B C0                  665 	.db #0xc0	; 192
   026C C0                  666 	.db #0xc0	; 192
   026D C0                  667 	.db #0xc0	; 192
   026E C0                  668 	.db #0xc0	; 192
   026F C0                  669 	.db #0xc0	; 192
   0270 C0                  670 	.db #0xc0	; 192
   0271 C0                  671 	.db #0xc0	; 192
   0272 C0                  672 	.db #0xc0	; 192
   0273 C0                  673 	.db #0xc0	; 192
   0274 C0                  674 	.db #0xc0	; 192
   0275 C0                  675 	.db #0xc0	; 192
   0276 C0                  676 	.db #0xc0	; 192
   0277 C0                  677 	.db #0xc0	; 192
   0278 C0                  678 	.db #0xc0	; 192
   0279 C0                  679 	.db #0xc0	; 192
   027A C0                  680 	.db #0xc0	; 192
   027B C0                  681 	.db #0xc0	; 192
   027C C0                  682 	.db #0xc0	; 192
   027D C0                  683 	.db #0xc0	; 192
   027E C0                  684 	.db #0xc0	; 192
   027F C0                  685 	.db #0xc0	; 192
   0280 C0                  686 	.db #0xc0	; 192
   0281 C0                  687 	.db #0xc0	; 192
   0282 C0                  688 	.db #0xc0	; 192
   0283 C0                  689 	.db #0xc0	; 192
   0284 C0                  690 	.db #0xc0	; 192
   0285 C0                  691 	.db #0xc0	; 192
   0286 C0                  692 	.db #0xc0	; 192
   0287 C0                  693 	.db #0xc0	; 192
   0288 C0                  694 	.db #0xc0	; 192
   0289 C0                  695 	.db #0xc0	; 192
   028A C0                  696 	.db #0xc0	; 192
   028B C0                  697 	.db #0xc0	; 192
   028C C0                  698 	.db #0xc0	; 192
   028D C0                  699 	.db #0xc0	; 192
   028E C0                  700 	.db #0xc0	; 192
   028F C0                  701 	.db #0xc0	; 192
   0290 C0                  702 	.db #0xc0	; 192
   0291 C0                  703 	.db #0xc0	; 192
   0292 C0                  704 	.db #0xc0	; 192
   0293 C0                  705 	.db #0xc0	; 192
   0294 C0                  706 	.db #0xc0	; 192
   0295 C0                  707 	.db #0xc0	; 192
   0296 C0                  708 	.db #0xc0	; 192
   0297 C0                  709 	.db #0xc0	; 192
   0298 C0                  710 	.db #0xc0	; 192
   0299 C0                  711 	.db #0xc0	; 192
   029A C0                  712 	.db #0xc0	; 192
   029B C0                  713 	.db #0xc0	; 192
   029C C0                  714 	.db #0xc0	; 192
   029D C0                  715 	.db #0xc0	; 192
   029E C0                  716 	.db #0xc0	; 192
   029F C0                  717 	.db #0xc0	; 192
   02A0 C0                  718 	.db #0xc0	; 192
   02A1 C0                  719 	.db #0xc0	; 192
   02A2 C0                  720 	.db #0xc0	; 192
   02A3 C0                  721 	.db #0xc0	; 192
   02A4 C0                  722 	.db #0xc0	; 192
   02A5 C0                  723 	.db #0xc0	; 192
   02A6 C0                  724 	.db #0xc0	; 192
   02A7 C0                  725 	.db #0xc0	; 192
   02A8 C0                  726 	.db #0xc0	; 192
   02A9 C0                  727 	.db #0xc0	; 192
   02AA C0                  728 	.db #0xc0	; 192
   02AB C0                  729 	.db #0xc0	; 192
   02AC C0                  730 	.db #0xc0	; 192
   02AD 00                  731 	.db #0x00	; 0
   02AE C0                  732 	.db #0xc0	; 192
   02AF C0                  733 	.db #0xc0	; 192
   02B0 80                  734 	.db #0x80	; 128
   02B1 40                  735 	.db #0x40	; 64
   02B2 80                  736 	.db #0x80	; 128
   02B3 00                  737 	.db #0x00	; 0
   02B4 00                  738 	.db #0x00	; 0
   02B5 C0                  739 	.db #0xc0	; 192
   02B6 00                  740 	.db #0x00	; 0
   02B7 C0                  741 	.db #0xc0	; 192
   02B8 00                  742 	.db #0x00	; 0
   02B9 C0                  743 	.db #0xc0	; 192
   02BA C0                  744 	.db #0xc0	; 192
   02BB C0                  745 	.db #0xc0	; 192
   02BC C0                  746 	.db #0xc0	; 192
   02BD 80                  747 	.db #0x80	; 128
   02BE 00                  748 	.db #0x00	; 0
   02BF 40                  749 	.db #0x40	; 64
   02C0 C0                  750 	.db #0xc0	; 192
   02C1 80                  751 	.db #0x80	; 128
   02C2 00                  752 	.db #0x00	; 0
   02C3 40                  753 	.db #0x40	; 64
   02C4 00                  754 	.db #0x00	; 0
   02C5 00                  755 	.db #0x00	; 0
   02C6 00                  756 	.db #0x00	; 0
   02C7 40                  757 	.db #0x40	; 64
   02C8 00                  758 	.db #0x00	; 0
   02C9 00                  759 	.db #0x00	; 0
   02CA C0                  760 	.db #0xc0	; 192
   02CB C0                  761 	.db #0xc0	; 192
   02CC C0                  762 	.db #0xc0	; 192
   02CD C0                  763 	.db #0xc0	; 192
   02CE C0                  764 	.db #0xc0	; 192
   02CF C0                  765 	.db #0xc0	; 192
   02D0 C0                  766 	.db #0xc0	; 192
   02D1 C0                  767 	.db #0xc0	; 192
   02D2 C0                  768 	.db #0xc0	; 192
   02D3 C0                  769 	.db #0xc0	; 192
   02D4 C0                  770 	.db #0xc0	; 192
   02D5 00                  771 	.db #0x00	; 0
   02D6 40                  772 	.db #0x40	; 64
   02D7 C0                  773 	.db #0xc0	; 192
   02D8 00                  774 	.db #0x00	; 0
   02D9 40                  775 	.db #0x40	; 64
   02DA 00                  776 	.db #0x00	; 0
   02DB 00                  777 	.db #0x00	; 0
   02DC 00                  778 	.db #0x00	; 0
   02DD 40                  779 	.db #0x40	; 64
   02DE 00                  780 	.db #0x00	; 0
   02DF C0                  781 	.db #0xc0	; 192
   02E0 00                  782 	.db #0x00	; 0
   02E1 C0                  783 	.db #0xc0	; 192
   02E2 C0                  784 	.db #0xc0	; 192
   02E3 C0                  785 	.db #0xc0	; 192
   02E4 C0                  786 	.db #0xc0	; 192
   02E5 80                  787 	.db #0x80	; 128
   02E6 00                  788 	.db #0x00	; 0
   02E7 00                  789 	.db #0x00	; 0
   02E8 C0                  790 	.db #0xc0	; 192
   02E9 C0                  791 	.db #0xc0	; 192
   02EA 00                  792 	.db #0x00	; 0
   02EB C0                  793 	.db #0xc0	; 192
   02EC 00                  794 	.db #0x00	; 0
   02ED 00                  795 	.db #0x00	; 0
   02EE 00                  796 	.db #0x00	; 0
   02EF 40                  797 	.db #0x40	; 64
   02F0 00                  798 	.db #0x00	; 0
   02F1 00                  799 	.db #0x00	; 0
   02F2 40                  800 	.db #0x40	; 64
   02F3 C0                  801 	.db #0xc0	; 192
   02F4 C0                  802 	.db #0xc0	; 192
   02F5 C0                  803 	.db #0xc0	; 192
   02F6 C0                  804 	.db #0xc0	; 192
   02F7 C0                  805 	.db #0xc0	; 192
   02F8 C0                  806 	.db #0xc0	; 192
   02F9 C0                  807 	.db #0xc0	; 192
   02FA C0                  808 	.db #0xc0	; 192
   02FB C0                  809 	.db #0xc0	; 192
   02FC C0                  810 	.db #0xc0	; 192
   02FD 00                  811 	.db #0x00	; 0
   02FE 00                  812 	.db #0x00	; 0
   02FF 80                  813 	.db #0x80	; 128
   0300 00                  814 	.db #0x00	; 0
   0301 40                  815 	.db #0x40	; 64
   0302 00                  816 	.db #0x00	; 0
   0303 C0                  817 	.db #0xc0	; 192
   0304 80                  818 	.db #0x80	; 128
   0305 40                  819 	.db #0x40	; 64
   0306 00                  820 	.db #0x00	; 0
   0307 C0                  821 	.db #0xc0	; 192
   0308 00                  822 	.db #0x00	; 0
   0309 C0                  823 	.db #0xc0	; 192
   030A C0                  824 	.db #0xc0	; 192
   030B C0                  825 	.db #0xc0	; 192
   030C C0                  826 	.db #0xc0	; 192
   030D 80                  827 	.db #0x80	; 128
   030E 40                  828 	.db #0x40	; 64
   030F 80                  829 	.db #0x80	; 128
   0310 40                  830 	.db #0x40	; 64
   0311 C0                  831 	.db #0xc0	; 192
   0312 00                  832 	.db #0x00	; 0
   0313 C0                  833 	.db #0xc0	; 192
   0314 00                  834 	.db #0x00	; 0
   0315 C0                  835 	.db #0xc0	; 192
   0316 C0                  836 	.db #0xc0	; 192
   0317 40                  837 	.db #0x40	; 64
   0318 00                  838 	.db #0x00	; 0
   0319 C0                  839 	.db #0xc0	; 192
   031A 00                  840 	.db #0x00	; 0
   031B C0                  841 	.db #0xc0	; 192
   031C C0                  842 	.db #0xc0	; 192
   031D C0                  843 	.db #0xc0	; 192
   031E C0                  844 	.db #0xc0	; 192
   031F C0                  845 	.db #0xc0	; 192
   0320 C0                  846 	.db #0xc0	; 192
   0321 C0                  847 	.db #0xc0	; 192
   0322 C0                  848 	.db #0xc0	; 192
   0323 C0                  849 	.db #0xc0	; 192
   0324 C0                  850 	.db #0xc0	; 192
   0325 80                  851 	.db #0x80	; 128
   0326 00                  852 	.db #0x00	; 0
   0327 80                  853 	.db #0x80	; 128
   0328 00                  854 	.db #0x00	; 0
   0329 C0                  855 	.db #0xc0	; 192
   032A 00                  856 	.db #0x00	; 0
   032B C0                  857 	.db #0xc0	; 192
   032C 80                  858 	.db #0x80	; 128
   032D 40                  859 	.db #0x40	; 64
   032E 00                  860 	.db #0x00	; 0
   032F C0                  861 	.db #0xc0	; 192
   0330 00                  862 	.db #0x00	; 0
   0331 C0                  863 	.db #0xc0	; 192
   0332 C0                  864 	.db #0xc0	; 192
   0333 C0                  865 	.db #0xc0	; 192
   0334 C0                  866 	.db #0xc0	; 192
   0335 80                  867 	.db #0x80	; 128
   0336 40                  868 	.db #0x40	; 64
   0337 C0                  869 	.db #0xc0	; 192
   0338 00                  870 	.db #0x00	; 0
   0339 C0                  871 	.db #0xc0	; 192
   033A 00                  872 	.db #0x00	; 0
   033B C0                  873 	.db #0xc0	; 192
   033C 00                  874 	.db #0x00	; 0
   033D C0                  875 	.db #0xc0	; 192
   033E C0                  876 	.db #0xc0	; 192
   033F C0                  877 	.db #0xc0	; 192
   0340 00                  878 	.db #0x00	; 0
   0341 C0                  879 	.db #0xc0	; 192
   0342 80                  880 	.db #0x80	; 128
   0343 40                  881 	.db #0x40	; 64
   0344 C0                  882 	.db #0xc0	; 192
   0345 C0                  883 	.db #0xc0	; 192
   0346 C0                  884 	.db #0xc0	; 192
   0347 C0                  885 	.db #0xc0	; 192
   0348 C0                  886 	.db #0xc0	; 192
   0349 C0                  887 	.db #0xc0	; 192
   034A C0                  888 	.db #0xc0	; 192
   034B C0                  889 	.db #0xc0	; 192
   034C C0                  890 	.db #0xc0	; 192
   034D C0                  891 	.db #0xc0	; 192
   034E 00                  892 	.db #0x00	; 0
   034F 00                  893 	.db #0x00	; 0
   0350 40                  894 	.db #0x40	; 64
   0351 C0                  895 	.db #0xc0	; 192
   0352 00                  896 	.db #0x00	; 0
   0353 C0                  897 	.db #0xc0	; 192
   0354 80                  898 	.db #0x80	; 128
   0355 40                  899 	.db #0x40	; 64
   0356 00                  900 	.db #0x00	; 0
   0357 C0                  901 	.db #0xc0	; 192
   0358 00                  902 	.db #0x00	; 0
   0359 C0                  903 	.db #0xc0	; 192
   035A C0                  904 	.db #0xc0	; 192
   035B C0                  905 	.db #0xc0	; 192
   035C C0                  906 	.db #0xc0	; 192
   035D 80                  907 	.db #0x80	; 128
   035E 40                  908 	.db #0x40	; 64
   035F C0                  909 	.db #0xc0	; 192
   0360 00                  910 	.db #0x00	; 0
   0361 C0                  911 	.db #0xc0	; 192
   0362 00                  912 	.db #0x00	; 0
   0363 C0                  913 	.db #0xc0	; 192
   0364 00                  914 	.db #0x00	; 0
   0365 00                  915 	.db #0x00	; 0
   0366 40                  916 	.db #0x40	; 64
   0367 C0                  917 	.db #0xc0	; 192
   0368 00                  918 	.db #0x00	; 0
   0369 C0                  919 	.db #0xc0	; 192
   036A 80                  920 	.db #0x80	; 128
   036B 40                  921 	.db #0x40	; 64
   036C C0                  922 	.db #0xc0	; 192
   036D C0                  923 	.db #0xc0	; 192
   036E C0                  924 	.db #0xc0	; 192
   036F C0                  925 	.db #0xc0	; 192
   0370 C0                  926 	.db #0xc0	; 192
   0371 C0                  927 	.db #0xc0	; 192
   0372 C0                  928 	.db #0xc0	; 192
   0373 C0                  929 	.db #0xc0	; 192
   0374 C0                  930 	.db #0xc0	; 192
   0375 C0                  931 	.db #0xc0	; 192
   0376 00                  932 	.db #0x00	; 0
   0377 00                  933 	.db #0x00	; 0
   0378 40                  934 	.db #0x40	; 64
   0379 C0                  935 	.db #0xc0	; 192
   037A 00                  936 	.db #0x00	; 0
   037B C0                  937 	.db #0xc0	; 192
   037C 80                  938 	.db #0x80	; 128
   037D 40                  939 	.db #0x40	; 64
   037E 00                  940 	.db #0x00	; 0
   037F C0                  941 	.db #0xc0	; 192
   0380 00                  942 	.db #0x00	; 0
   0381 C0                  943 	.db #0xc0	; 192
   0382 C0                  944 	.db #0xc0	; 192
   0383 C0                  945 	.db #0xc0	; 192
   0384 C0                  946 	.db #0xc0	; 192
   0385 80                  947 	.db #0x80	; 128
   0386 40                  948 	.db #0x40	; 64
   0387 C0                  949 	.db #0xc0	; 192
   0388 00                  950 	.db #0x00	; 0
   0389 C0                  951 	.db #0xc0	; 192
   038A 00                  952 	.db #0x00	; 0
   038B C0                  953 	.db #0xc0	; 192
   038C 00                  954 	.db #0x00	; 0
   038D C0                  955 	.db #0xc0	; 192
   038E C0                  956 	.db #0xc0	; 192
   038F C0                  957 	.db #0xc0	; 192
   0390 00                  958 	.db #0x00	; 0
   0391 C0                  959 	.db #0xc0	; 192
   0392 80                  960 	.db #0x80	; 128
   0393 40                  961 	.db #0x40	; 64
   0394 C0                  962 	.db #0xc0	; 192
   0395 C0                  963 	.db #0xc0	; 192
   0396 C0                  964 	.db #0xc0	; 192
   0397 C0                  965 	.db #0xc0	; 192
   0398 C0                  966 	.db #0xc0	; 192
   0399 C0                  967 	.db #0xc0	; 192
   039A C0                  968 	.db #0xc0	; 192
   039B C0                  969 	.db #0xc0	; 192
   039C C0                  970 	.db #0xc0	; 192
   039D C0                  971 	.db #0xc0	; 192
   039E 80                  972 	.db #0x80	; 128
   039F 00                  973 	.db #0x00	; 0
   03A0 C0                  974 	.db #0xc0	; 192
   03A1 C0                  975 	.db #0xc0	; 192
   03A2 00                  976 	.db #0x00	; 0
   03A3 C0                  977 	.db #0xc0	; 192
   03A4 80                  978 	.db #0x80	; 128
   03A5 40                  979 	.db #0x40	; 64
   03A6 00                  980 	.db #0x00	; 0
   03A7 C0                  981 	.db #0xc0	; 192
   03A8 00                  982 	.db #0x00	; 0
   03A9 C0                  983 	.db #0xc0	; 192
   03AA C0                  984 	.db #0xc0	; 192
   03AB C0                  985 	.db #0xc0	; 192
   03AC C0                  986 	.db #0xc0	; 192
   03AD 80                  987 	.db #0x80	; 128
   03AE 40                  988 	.db #0x40	; 64
   03AF 80                  989 	.db #0x80	; 128
   03B0 40                  990 	.db #0x40	; 64
   03B1 C0                  991 	.db #0xc0	; 192
   03B2 00                  992 	.db #0x00	; 0
   03B3 C0                  993 	.db #0xc0	; 192
   03B4 00                  994 	.db #0x00	; 0
   03B5 C0                  995 	.db #0xc0	; 192
   03B6 C0                  996 	.db #0xc0	; 192
   03B7 40                  997 	.db #0x40	; 64
   03B8 00                  998 	.db #0x00	; 0
   03B9 C0                  999 	.db #0xc0	; 192
   03BA 00                 1000 	.db #0x00	; 0
   03BB C0                 1001 	.db #0xc0	; 192
   03BC C0                 1002 	.db #0xc0	; 192
   03BD C0                 1003 	.db #0xc0	; 192
   03BE C0                 1004 	.db #0xc0	; 192
   03BF C0                 1005 	.db #0xc0	; 192
   03C0 C0                 1006 	.db #0xc0	; 192
   03C1 C0                 1007 	.db #0xc0	; 192
   03C2 C0                 1008 	.db #0xc0	; 192
   03C3 C0                 1009 	.db #0xc0	; 192
   03C4 C0                 1010 	.db #0xc0	; 192
   03C5 C0                 1011 	.db #0xc0	; 192
   03C6 80                 1012 	.db #0x80	; 128
   03C7 00                 1013 	.db #0x00	; 0
   03C8 C0                 1014 	.db #0xc0	; 192
   03C9 C0                 1015 	.db #0xc0	; 192
   03CA 00                 1016 	.db #0x00	; 0
   03CB 00                 1017 	.db #0x00	; 0
   03CC 00                 1018 	.db #0x00	; 0
   03CD 40                 1019 	.db #0x40	; 64
   03CE 00                 1020 	.db #0x00	; 0
   03CF 00                 1021 	.db #0x00	; 0
   03D0 00                 1022 	.db #0x00	; 0
   03D1 C0                 1023 	.db #0xc0	; 192
   03D2 C0                 1024 	.db #0xc0	; 192
   03D3 C0                 1025 	.db #0xc0	; 192
   03D4 C0                 1026 	.db #0xc0	; 192
   03D5 80                 1027 	.db #0x80	; 128
   03D6 00                 1028 	.db #0x00	; 0
   03D7 00                 1029 	.db #0x00	; 0
   03D8 C0                 1030 	.db #0xc0	; 192
   03D9 C0                 1031 	.db #0xc0	; 192
   03DA 00                 1032 	.db #0x00	; 0
   03DB C0                 1033 	.db #0xc0	; 192
   03DC 00                 1034 	.db #0x00	; 0
   03DD 00                 1035 	.db #0x00	; 0
   03DE 00                 1036 	.db #0x00	; 0
   03DF 40                 1037 	.db #0x40	; 64
   03E0 00                 1038 	.db #0x00	; 0
   03E1 00                 1039 	.db #0x00	; 0
   03E2 40                 1040 	.db #0x40	; 64
   03E3 C0                 1041 	.db #0xc0	; 192
   03E4 C0                 1042 	.db #0xc0	; 192
   03E5 C0                 1043 	.db #0xc0	; 192
   03E6 C0                 1044 	.db #0xc0	; 192
   03E7 C0                 1045 	.db #0xc0	; 192
   03E8 C0                 1046 	.db #0xc0	; 192
   03E9 C0                 1047 	.db #0xc0	; 192
   03EA C0                 1048 	.db #0xc0	; 192
   03EB C0                 1049 	.db #0xc0	; 192
   03EC C0                 1050 	.db #0xc0	; 192
   03ED C0                 1051 	.db #0xc0	; 192
   03EE 80                 1052 	.db #0x80	; 128
   03EF 00                 1053 	.db #0x00	; 0
   03F0 C0                 1054 	.db #0xc0	; 192
   03F1 C0                 1055 	.db #0xc0	; 192
   03F2 80                 1056 	.db #0x80	; 128
   03F3 00                 1057 	.db #0x00	; 0
   03F4 00                 1058 	.db #0x00	; 0
   03F5 C0                 1059 	.db #0xc0	; 192
   03F6 80                 1060 	.db #0x80	; 128
   03F7 00                 1061 	.db #0x00	; 0
   03F8 40                 1062 	.db #0x40	; 64
   03F9 C0                 1063 	.db #0xc0	; 192
   03FA C0                 1064 	.db #0xc0	; 192
   03FB C0                 1065 	.db #0xc0	; 192
   03FC C0                 1066 	.db #0xc0	; 192
   03FD 80                 1067 	.db #0x80	; 128
   03FE 00                 1068 	.db #0x00	; 0
   03FF 40                 1069 	.db #0x40	; 64
   0400 C0                 1070 	.db #0xc0	; 192
   0401 80                 1071 	.db #0x80	; 128
   0402 00                 1072 	.db #0x00	; 0
   0403 40                 1073 	.db #0x40	; 64
   0404 00                 1074 	.db #0x00	; 0
   0405 00                 1075 	.db #0x00	; 0
   0406 00                 1076 	.db #0x00	; 0
   0407 40                 1077 	.db #0x40	; 64
   0408 00                 1078 	.db #0x00	; 0
   0409 00                 1079 	.db #0x00	; 0
   040A C0                 1080 	.db #0xc0	; 192
   040B C0                 1081 	.db #0xc0	; 192
   040C C0                 1082 	.db #0xc0	; 192
   040D C0                 1083 	.db #0xc0	; 192
   040E C0                 1084 	.db #0xc0	; 192
   040F C0                 1085 	.db #0xc0	; 192
   0410                    1086 _gameover_text_sp_1:
   0410 FF                 1087 	.db #0xff	; 255
   0411 FF                 1088 	.db #0xff	; 255
   0412 D5                 1089 	.db #0xd5	; 213
   0413 FF                 1090 	.db #0xff	; 255
   0414 EA                 1091 	.db #0xea	; 234
   0415 FF                 1092 	.db #0xff	; 255
   0416 FF                 1093 	.db #0xff	; 255
   0417 D5                 1094 	.db #0xd5	; 213
   0418 FF                 1095 	.db #0xff	; 255
   0419 EA                 1096 	.db #0xea	; 234
   041A FF                 1097 	.db #0xff	; 255
   041B FF                 1098 	.db #0xff	; 255
   041C C0                 1099 	.db #0xc0	; 192
   041D C0                 1100 	.db #0xc0	; 192
   041E FF                 1101 	.db #0xff	; 255
   041F FF                 1102 	.db #0xff	; 255
   0420 D5                 1103 	.db #0xd5	; 213
   0421 FF                 1104 	.db #0xff	; 255
   0422 EA                 1105 	.db #0xea	; 234
   0423 D5                 1106 	.db #0xd5	; 213
   0424 EA                 1107 	.db #0xea	; 234
   0425 D5                 1108 	.db #0xd5	; 213
   0426 FF                 1109 	.db #0xff	; 255
   0427 EA                 1110 	.db #0xea	; 234
   0428 FF                 1111 	.db #0xff	; 255
   0429 FF                 1112 	.db #0xff	; 255
   042A C0                 1113 	.db #0xc0	; 192
   042B C0                 1114 	.db #0xc0	; 192
   042C FF                 1115 	.db #0xff	; 255
   042D FF                 1116 	.db #0xff	; 255
   042E EA                 1117 	.db #0xea	; 234
   042F FF                 1118 	.db #0xff	; 255
   0430 FF                 1119 	.db #0xff	; 255
   0431 C0                 1120 	.db #0xc0	; 192
   0432 C0                 1121 	.db #0xc0	; 192
   0433 FF                 1122 	.db #0xff	; 255
   0434 FF                 1123 	.db #0xff	; 255
   0435 D5                 1124 	.db #0xd5	; 213
   0436 FF                 1125 	.db #0xff	; 255
   0437 EA                 1126 	.db #0xea	; 234
   0438 EA                 1127 	.db #0xea	; 234
   0439 D5                 1128 	.db #0xd5	; 213
   043A D5                 1129 	.db #0xd5	; 213
   043B C0                 1130 	.db #0xc0	; 192
   043C EA                 1131 	.db #0xea	; 234
   043D EA                 1132 	.db #0xea	; 234
   043E C0                 1133 	.db #0xc0	; 192
   043F D5                 1134 	.db #0xd5	; 213
   0440 EA                 1135 	.db #0xea	; 234
   0441 C0                 1136 	.db #0xc0	; 192
   0442 FF                 1137 	.db #0xff	; 255
   0443 C0                 1138 	.db #0xc0	; 192
   0444 C0                 1139 	.db #0xc0	; 192
   0445 C0                 1140 	.db #0xc0	; 192
   0446 FF                 1141 	.db #0xff	; 255
   0447 C0                 1142 	.db #0xc0	; 192
   0448 D5                 1143 	.db #0xd5	; 213
   0449 C0                 1144 	.db #0xc0	; 192
   044A EA                 1145 	.db #0xea	; 234
   044B EA                 1146 	.db #0xea	; 234
   044C D5                 1147 	.db #0xd5	; 213
   044D D5                 1148 	.db #0xd5	; 213
   044E C0                 1149 	.db #0xc0	; 192
   044F C0                 1150 	.db #0xc0	; 192
   0450 EA                 1151 	.db #0xea	; 234
   0451 C0                 1152 	.db #0xc0	; 192
   0452 C0                 1153 	.db #0xc0	; 192
   0453 C0                 1154 	.db #0xc0	; 192
   0454 C0                 1155 	.db #0xc0	; 192
   0455 EA                 1156 	.db #0xea	; 234
   0456 C0                 1157 	.db #0xc0	; 192
   0457 EA                 1158 	.db #0xea	; 234
   0458 D5                 1159 	.db #0xd5	; 213
   0459 C0                 1160 	.db #0xc0	; 192
   045A C0                 1161 	.db #0xc0	; 192
   045B EA                 1162 	.db #0xea	; 234
   045C C0                 1163 	.db #0xc0	; 192
   045D D5                 1164 	.db #0xd5	; 213
   045E C0                 1165 	.db #0xc0	; 192
   045F EA                 1166 	.db #0xea	; 234
   0460 FF                 1167 	.db #0xff	; 255
   0461 FF                 1168 	.db #0xff	; 255
   0462 D5                 1169 	.db #0xd5	; 213
   0463 FF                 1170 	.db #0xff	; 255
   0464 EA                 1171 	.db #0xea	; 234
   0465 FF                 1172 	.db #0xff	; 255
   0466 EA                 1173 	.db #0xea	; 234
   0467 D5                 1174 	.db #0xd5	; 213
   0468 FF                 1175 	.db #0xff	; 255
   0469 EA                 1176 	.db #0xea	; 234
   046A FF                 1177 	.db #0xff	; 255
   046B FF                 1178 	.db #0xff	; 255
   046C C0                 1179 	.db #0xc0	; 192
   046D C0                 1180 	.db #0xc0	; 192
   046E FF                 1181 	.db #0xff	; 255
   046F FF                 1182 	.db #0xff	; 255
   0470 D5                 1183 	.db #0xd5	; 213
   0471 FF                 1184 	.db #0xff	; 255
   0472 EA                 1185 	.db #0xea	; 234
   0473 EA                 1186 	.db #0xea	; 234
   0474 D5                 1187 	.db #0xd5	; 213
   0475 D5                 1188 	.db #0xd5	; 213
   0476 C0                 1189 	.db #0xc0	; 192
   0477 C0                 1190 	.db #0xc0	; 192
   0478 FF                 1191 	.db #0xff	; 255
   0479 EA                 1192 	.db #0xea	; 234
   047A C0                 1193 	.db #0xc0	; 192
   047B C0                 1194 	.db #0xc0	; 192
   047C C0                 1195 	.db #0xc0	; 192
   047D EA                 1196 	.db #0xea	; 234
   047E C0                 1197 	.db #0xc0	; 192
   047F EA                 1198 	.db #0xea	; 234
   0480 D5                 1199 	.db #0xd5	; 213
   0481 C0                 1200 	.db #0xc0	; 192
   0482 C0                 1201 	.db #0xc0	; 192
   0483 EA                 1202 	.db #0xea	; 234
   0484 FF                 1203 	.db #0xff	; 255
   0485 D5                 1204 	.db #0xd5	; 213
   0486 C0                 1205 	.db #0xc0	; 192
   0487 EA                 1206 	.db #0xea	; 234
   0488 EA                 1207 	.db #0xea	; 234
   0489 C0                 1208 	.db #0xc0	; 192
   048A D5                 1209 	.db #0xd5	; 213
   048B FF                 1210 	.db #0xff	; 255
   048C C0                 1211 	.db #0xc0	; 192
   048D EA                 1212 	.db #0xea	; 234
   048E C0                 1213 	.db #0xc0	; 192
   048F C0                 1214 	.db #0xc0	; 192
   0490 C0                 1215 	.db #0xc0	; 192
   0491 EA                 1216 	.db #0xea	; 234
   0492 C0                 1217 	.db #0xc0	; 192
   0493 D5                 1218 	.db #0xd5	; 213
   0494 C0                 1219 	.db #0xc0	; 192
   0495 C0                 1220 	.db #0xc0	; 192
   0496 C0                 1221 	.db #0xc0	; 192
   0497 D5                 1222 	.db #0xd5	; 213
   0498 D5                 1223 	.db #0xd5	; 213
   0499 C0                 1224 	.db #0xc0	; 192
   049A C0                 1225 	.db #0xc0	; 192
   049B FF                 1226 	.db #0xff	; 255
   049C FF                 1227 	.db #0xff	; 255
   049D D5                 1228 	.db #0xd5	; 213
   049E C0                 1229 	.db #0xc0	; 192
   049F C0                 1230 	.db #0xc0	; 192
   04A0 EA                 1231 	.db #0xea	; 234
   04A1 C0                 1232 	.db #0xc0	; 192
   04A2 C0                 1233 	.db #0xc0	; 192
   04A3 C0                 1234 	.db #0xc0	; 192
   04A4 C0                 1235 	.db #0xc0	; 192
   04A5 EA                 1236 	.db #0xea	; 234
   04A6 C0                 1237 	.db #0xc0	; 192
   04A7 EA                 1238 	.db #0xea	; 234
   04A8 D5                 1239 	.db #0xd5	; 213
   04A9 C0                 1240 	.db #0xc0	; 192
   04AA C0                 1241 	.db #0xc0	; 192
   04AB EA                 1242 	.db #0xea	; 234
   04AC D5                 1243 	.db #0xd5	; 213
   04AD D5                 1244 	.db #0xd5	; 213
   04AE C0                 1245 	.db #0xc0	; 192
   04AF EA                 1246 	.db #0xea	; 234
   04B0 EA                 1247 	.db #0xea	; 234
   04B1 C0                 1248 	.db #0xc0	; 192
   04B2 D5                 1249 	.db #0xd5	; 213
   04B3 C0                 1250 	.db #0xc0	; 192
   04B4 EA                 1251 	.db #0xea	; 234
   04B5 FF                 1252 	.db #0xff	; 255
   04B6 FF                 1253 	.db #0xff	; 255
   04B7 D5                 1254 	.db #0xd5	; 213
   04B8 FF                 1255 	.db #0xff	; 255
   04B9 EA                 1256 	.db #0xea	; 234
   04BA FF                 1257 	.db #0xff	; 255
   04BB FF                 1258 	.db #0xff	; 255
   04BC C0                 1259 	.db #0xc0	; 192
   04BD C0                 1260 	.db #0xc0	; 192
   04BE FF                 1261 	.db #0xff	; 255
   04BF FF                 1262 	.db #0xff	; 255
   04C0 D5                 1263 	.db #0xd5	; 213
   04C1 C0                 1264 	.db #0xc0	; 192
   04C2 C0                 1265 	.db #0xc0	; 192
   04C3 EA                 1266 	.db #0xea	; 234
   04C4 D5                 1267 	.db #0xd5	; 213
   04C5 D5                 1268 	.db #0xd5	; 213
   04C6 FF                 1269 	.db #0xff	; 255
   04C7 EA                 1270 	.db #0xea	; 234
   04C8 FF                 1271 	.db #0xff	; 255
   04C9 FF                 1272 	.db #0xff	; 255
   04CA C0                 1273 	.db #0xc0	; 192
   04CB C0                 1274 	.db #0xc0	; 192
   04CC C0                 1275 	.db #0xc0	; 192
   04CD EA                 1276 	.db #0xea	; 234
   04CE C0                 1277 	.db #0xc0	; 192
   04CF FF                 1278 	.db #0xff	; 255
   04D0 FF                 1279 	.db #0xff	; 255
   04D1 C0                 1280 	.db #0xc0	; 192
   04D2 C0                 1281 	.db #0xc0	; 192
   04D3 FF                 1282 	.db #0xff	; 255
   04D4 FF                 1283 	.db #0xff	; 255
   04D5 D5                 1284 	.db #0xd5	; 213
   04D6 FF                 1285 	.db #0xff	; 255
   04D7 EA                 1286 	.db #0xea	; 234
   04D8 C0                 1287 	.db #0xc0	; 192
   04D9 C0                 1288 	.db #0xc0	; 192
   04DA C0                 1289 	.db #0xc0	; 192
   04DB C0                 1290 	.db #0xc0	; 192
   04DC C0                 1291 	.db #0xc0	; 192
   04DD C0                 1292 	.db #0xc0	; 192
   04DE C0                 1293 	.db #0xc0	; 192
   04DF C0                 1294 	.db #0xc0	; 192
   04E0 C0                 1295 	.db #0xc0	; 192
   04E1 C0                 1296 	.db #0xc0	; 192
   04E2 C0                 1297 	.db #0xc0	; 192
   04E3 C0                 1298 	.db #0xc0	; 192
   04E4 C0                 1299 	.db #0xc0	; 192
   04E5 C0                 1300 	.db #0xc0	; 192
   04E6 C0                 1301 	.db #0xc0	; 192
   04E7 C0                 1302 	.db #0xc0	; 192
   04E8 C0                 1303 	.db #0xc0	; 192
   04E9 C0                 1304 	.db #0xc0	; 192
   04EA C0                 1305 	.db #0xc0	; 192
   04EB C0                 1306 	.db #0xc0	; 192
   04EC C0                 1307 	.db #0xc0	; 192
   04ED C0                 1308 	.db #0xc0	; 192
   04EE C0                 1309 	.db #0xc0	; 192
   04EF C0                 1310 	.db #0xc0	; 192
   04F0 C0                 1311 	.db #0xc0	; 192
   04F1 C0                 1312 	.db #0xc0	; 192
   04F2 C0                 1313 	.db #0xc0	; 192
   04F3 C0                 1314 	.db #0xc0	; 192
   04F4 C0                 1315 	.db #0xc0	; 192
   04F5 C0                 1316 	.db #0xc0	; 192
   04F6 C0                 1317 	.db #0xc0	; 192
   04F7 C0                 1318 	.db #0xc0	; 192
   04F8 C0                 1319 	.db #0xc0	; 192
   04F9 C0                 1320 	.db #0xc0	; 192
   04FA C0                 1321 	.db #0xc0	; 192
   04FB C0                 1322 	.db #0xc0	; 192
   04FC C0                 1323 	.db #0xc0	; 192
   04FD C0                 1324 	.db #0xc0	; 192
   04FE C0                 1325 	.db #0xc0	; 192
   04FF C0                 1326 	.db #0xc0	; 192
   0500 C0                 1327 	.db #0xc0	; 192
   0501 C0                 1328 	.db #0xc0	; 192
   0502 C0                 1329 	.db #0xc0	; 192
   0503 C0                 1330 	.db #0xc0	; 192
   0504 C0                 1331 	.db #0xc0	; 192
   0505 C0                 1332 	.db #0xc0	; 192
   0506 C0                 1333 	.db #0xc0	; 192
   0507 C0                 1334 	.db #0xc0	; 192
   0508 C0                 1335 	.db #0xc0	; 192
   0509 C0                 1336 	.db #0xc0	; 192
   050A C0                 1337 	.db #0xc0	; 192
   050B C0                 1338 	.db #0xc0	; 192
   050C C0                 1339 	.db #0xc0	; 192
   050D C0                 1340 	.db #0xc0	; 192
   050E C0                 1341 	.db #0xc0	; 192
   050F C0                 1342 	.db #0xc0	; 192
   0510 C0                 1343 	.db #0xc0	; 192
   0511 C0                 1344 	.db #0xc0	; 192
   0512 C0                 1345 	.db #0xc0	; 192
   0513 C0                 1346 	.db #0xc0	; 192
   0514 C0                 1347 	.db #0xc0	; 192
   0515 C0                 1348 	.db #0xc0	; 192
   0516 C0                 1349 	.db #0xc0	; 192
   0517 C0                 1350 	.db #0xc0	; 192
   0518 C0                 1351 	.db #0xc0	; 192
   0519 C0                 1352 	.db #0xc0	; 192
   051A C0                 1353 	.db #0xc0	; 192
   051B C0                 1354 	.db #0xc0	; 192
   051C C0                 1355 	.db #0xc0	; 192
   051D C0                 1356 	.db #0xc0	; 192
   051E C0                 1357 	.db #0xc0	; 192
   051F C0                 1358 	.db #0xc0	; 192
   0520 C0                 1359 	.db #0xc0	; 192
   0521 C0                 1360 	.db #0xc0	; 192
   0522 C0                 1361 	.db #0xc0	; 192
   0523 C0                 1362 	.db #0xc0	; 192
   0524 C0                 1363 	.db #0xc0	; 192
   0525 C0                 1364 	.db #0xc0	; 192
   0526 C0                 1365 	.db #0xc0	; 192
   0527 C0                 1366 	.db #0xc0	; 192
   0528 C0                 1367 	.db #0xc0	; 192
   0529 C0                 1368 	.db #0xc0	; 192
   052A C0                 1369 	.db #0xc0	; 192
   052B C0                 1370 	.db #0xc0	; 192
   052C C0                 1371 	.db #0xc0	; 192
   052D C0                 1372 	.db #0xc0	; 192
   052E C0                 1373 	.db #0xc0	; 192
   052F C0                 1374 	.db #0xc0	; 192
   0530 C0                 1375 	.db #0xc0	; 192
   0531 C0                 1376 	.db #0xc0	; 192
   0532 C0                 1377 	.db #0xc0	; 192
   0533 C0                 1378 	.db #0xc0	; 192
   0534 C0                 1379 	.db #0xc0	; 192
   0535 C0                 1380 	.db #0xc0	; 192
   0536 C0                 1381 	.db #0xc0	; 192
   0537 C0                 1382 	.db #0xc0	; 192
   0538 C0                 1383 	.db #0xc0	; 192
   0539 C0                 1384 	.db #0xc0	; 192
   053A C0                 1385 	.db #0xc0	; 192
   053B C0                 1386 	.db #0xc0	; 192
   053C C0                 1387 	.db #0xc0	; 192
   053D C0                 1388 	.db #0xc0	; 192
   053E C0                 1389 	.db #0xc0	; 192
   053F C0                 1390 	.db #0xc0	; 192
   0540 C0                 1391 	.db #0xc0	; 192
   0541 C0                 1392 	.db #0xc0	; 192
   0542 C0                 1393 	.db #0xc0	; 192
   0543 C0                 1394 	.db #0xc0	; 192
   0544 C0                 1395 	.db #0xc0	; 192
   0545 C0                 1396 	.db #0xc0	; 192
   0546 C0                 1397 	.db #0xc0	; 192
   0547 C0                 1398 	.db #0xc0	; 192
   0548 C0                 1399 	.db #0xc0	; 192
   0549 C0                 1400 	.db #0xc0	; 192
   054A C0                 1401 	.db #0xc0	; 192
   054B C0                 1402 	.db #0xc0	; 192
   054C C0                 1403 	.db #0xc0	; 192
   054D C0                 1404 	.db #0xc0	; 192
   054E C0                 1405 	.db #0xc0	; 192
   054F C0                 1406 	.db #0xc0	; 192
   0550 C0                 1407 	.db #0xc0	; 192
   0551 C0                 1408 	.db #0xc0	; 192
   0552 C0                 1409 	.db #0xc0	; 192
   0553 C0                 1410 	.db #0xc0	; 192
   0554 C0                 1411 	.db #0xc0	; 192
   0555 FF                 1412 	.db #0xff	; 255
   0556 FF                 1413 	.db #0xff	; 255
   0557 C0                 1414 	.db #0xc0	; 192
   0558 FF                 1415 	.db #0xff	; 255
   0559 C0                 1416 	.db #0xc0	; 192
   055A FF                 1417 	.db #0xff	; 255
   055B FF                 1418 	.db #0xff	; 255
   055C D5                 1419 	.db #0xd5	; 213
   055D C0                 1420 	.db #0xc0	; 192
   055E EA                 1421 	.db #0xea	; 234
   055F C0                 1422 	.db #0xc0	; 192
   0560 D5                 1423 	.db #0xd5	; 213
   0561 FF                 1424 	.db #0xff	; 255
   0562 FF                 1425 	.db #0xff	; 255
   0563 D5                 1426 	.db #0xd5	; 213
   0564 FF                 1427 	.db #0xff	; 255
   0565 EA                 1428 	.db #0xea	; 234
   0566 C0                 1429 	.db #0xc0	; 192
   0567 D5                 1430 	.db #0xd5	; 213
   0568 C0                 1431 	.db #0xc0	; 192
   0569 D5                 1432 	.db #0xd5	; 213
   056A D5                 1433 	.db #0xd5	; 213
   056B FF                 1434 	.db #0xff	; 255
   056C EA                 1435 	.db #0xea	; 234
   056D EA                 1436 	.db #0xea	; 234
   056E D5                 1437 	.db #0xd5	; 213
   056F D5                 1438 	.db #0xd5	; 213
   0570 C0                 1439 	.db #0xc0	; 192
   0571 EA                 1440 	.db #0xea	; 234
   0572 C0                 1441 	.db #0xc0	; 192
   0573 C0                 1442 	.db #0xc0	; 192
   0574 C0                 1443 	.db #0xc0	; 192
   0575 C0                 1444 	.db #0xc0	; 192
   0576 C0                 1445 	.db #0xc0	; 192
   0577 C0                 1446 	.db #0xc0	; 192
   0578 C0                 1447 	.db #0xc0	; 192
   0579 C0                 1448 	.db #0xc0	; 192
   057A C0                 1449 	.db #0xc0	; 192
   057B C0                 1450 	.db #0xc0	; 192
   057C C0                 1451 	.db #0xc0	; 192
   057D EA                 1452 	.db #0xea	; 234
   057E D5                 1453 	.db #0xd5	; 213
   057F D5                 1454 	.db #0xd5	; 213
   0580 C0                 1455 	.db #0xc0	; 192
   0581 EA                 1456 	.db #0xea	; 234
   0582 EA                 1457 	.db #0xea	; 234
   0583 C0                 1458 	.db #0xc0	; 192
   0584 D5                 1459 	.db #0xd5	; 213
   0585 D5                 1460 	.db #0xd5	; 213
   0586 C0                 1461 	.db #0xc0	; 192
   0587 C0                 1462 	.db #0xc0	; 192
   0588 C0                 1463 	.db #0xc0	; 192
   0589 D5                 1464 	.db #0xd5	; 213
   058A C0                 1465 	.db #0xc0	; 192
   058B D5                 1466 	.db #0xd5	; 213
   058C C0                 1467 	.db #0xc0	; 192
   058D EA                 1468 	.db #0xea	; 234
   058E C0                 1469 	.db #0xc0	; 192
   058F D5                 1470 	.db #0xd5	; 213
   0590 EA                 1471 	.db #0xea	; 234
   0591 FF                 1472 	.db #0xff	; 255
   0592 D5                 1473 	.db #0xd5	; 213
   0593 C0                 1474 	.db #0xc0	; 192
   0594 C0                 1475 	.db #0xc0	; 192
   0595 FF                 1476 	.db #0xff	; 255
   0596 D5                 1477 	.db #0xd5	; 213
   0597 D5                 1478 	.db #0xd5	; 213
   0598 C0                 1479 	.db #0xc0	; 192
   0599 EA                 1480 	.db #0xea	; 234
   059A C0                 1481 	.db #0xc0	; 192
   059B C0                 1482 	.db #0xc0	; 192
   059C C0                 1483 	.db #0xc0	; 192
   059D C0                 1484 	.db #0xc0	; 192
   059E C0                 1485 	.db #0xc0	; 192
   059F C0                 1486 	.db #0xc0	; 192
   05A0 C0                 1487 	.db #0xc0	; 192
   05A1 C0                 1488 	.db #0xc0	; 192
   05A2 C0                 1489 	.db #0xc0	; 192
   05A3 C0                 1490 	.db #0xc0	; 192
   05A4 C0                 1491 	.db #0xc0	; 192
   05A5 FF                 1492 	.db #0xff	; 255
   05A6 EA                 1493 	.db #0xea	; 234
   05A7 D5                 1494 	.db #0xd5	; 213
   05A8 C0                 1495 	.db #0xc0	; 192
   05A9 EA                 1496 	.db #0xea	; 234
   05AA EA                 1497 	.db #0xea	; 234
   05AB C0                 1498 	.db #0xc0	; 192
   05AC D5                 1499 	.db #0xd5	; 213
   05AD EA                 1500 	.db #0xea	; 234
   05AE C0                 1501 	.db #0xc0	; 192
   05AF C0                 1502 	.db #0xc0	; 192
   05B0 C0                 1503 	.db #0xc0	; 192
   05B1 D5                 1504 	.db #0xd5	; 213
   05B2 C0                 1505 	.db #0xc0	; 192
   05B3 D5                 1506 	.db #0xd5	; 213
   05B4 C0                 1507 	.db #0xc0	; 192
   05B5 EA                 1508 	.db #0xea	; 234
   05B6 C0                 1509 	.db #0xc0	; 192
   05B7 D5                 1510 	.db #0xd5	; 213
   05B8 D5                 1511 	.db #0xd5	; 213
   05B9 D5                 1512 	.db #0xd5	; 213
   05BA D5                 1513 	.db #0xd5	; 213
   05BB FF                 1514 	.db #0xff	; 255
   05BC C0                 1515 	.db #0xc0	; 192
   05BD EA                 1516 	.db #0xea	; 234
   05BE FF                 1517 	.db #0xff	; 255
   05BF D5                 1518 	.db #0xd5	; 213
   05C0 C0                 1519 	.db #0xc0	; 192
   05C1 EA                 1520 	.db #0xea	; 234
   05C2 C0                 1521 	.db #0xc0	; 192
   05C3 C0                 1522 	.db #0xc0	; 192
   05C4 C0                 1523 	.db #0xc0	; 192
   05C5 C0                 1524 	.db #0xc0	; 192
   05C6 C0                 1525 	.db #0xc0	; 192
   05C7 C0                 1526 	.db #0xc0	; 192
   05C8 C0                 1527 	.db #0xc0	; 192
   05C9 C0                 1528 	.db #0xc0	; 192
   05CA C0                 1529 	.db #0xc0	; 192
   05CB C0                 1530 	.db #0xc0	; 192
   05CC C0                 1531 	.db #0xc0	; 192
   05CD EA                 1532 	.db #0xea	; 234
   05CE D5                 1533 	.db #0xd5	; 213
   05CF D5                 1534 	.db #0xd5	; 213
   05D0 FF                 1535 	.db #0xff	; 255
   05D1 EA                 1536 	.db #0xea	; 234
   05D2 EA                 1537 	.db #0xea	; 234
   05D3 C0                 1538 	.db #0xc0	; 192
   05D4 D5                 1539 	.db #0xd5	; 213
   05D5 D5                 1540 	.db #0xd5	; 213
   05D6 C0                 1541 	.db #0xc0	; 192
   05D7 C0                 1542 	.db #0xc0	; 192
   05D8 C0                 1543 	.db #0xc0	; 192
   05D9 D5                 1544 	.db #0xd5	; 213
   05DA C0                 1545 	.db #0xc0	; 192
   05DB D5                 1546 	.db #0xd5	; 213
   05DC C0                 1547 	.db #0xc0	; 192
   05DD EA                 1548 	.db #0xea	; 234
   05DE C0                 1549 	.db #0xc0	; 192
   05DF D5                 1550 	.db #0xd5	; 213
   05E0 C0                 1551 	.db #0xc0	; 192
   05E1 D5                 1552 	.db #0xd5	; 213
   05E2 D5                 1553 	.db #0xd5	; 213
   05E3 C0                 1554 	.db #0xc0	; 192
   05E4 C0                 1555 	.db #0xc0	; 192
   05E5 EA                 1556 	.db #0xea	; 234
   05E6 D5                 1557 	.db #0xd5	; 213
   05E7 D5                 1558 	.db #0xd5	; 213
   05E8 C0                 1559 	.db #0xc0	; 192
   05E9 EA                 1560 	.db #0xea	; 234
   05EA C0                 1561 	.db #0xc0	; 192
   05EB C0                 1562 	.db #0xc0	; 192
   05EC C0                 1563 	.db #0xc0	; 192
   05ED C0                 1564 	.db #0xc0	; 192
   05EE C0                 1565 	.db #0xc0	; 192
   05EF C0                 1566 	.db #0xc0	; 192
   05F0 C0                 1567 	.db #0xc0	; 192
   05F1 C0                 1568 	.db #0xc0	; 192
   05F2 C0                 1569 	.db #0xc0	; 192
   05F3 C0                 1570 	.db #0xc0	; 192
   05F4 C0                 1571 	.db #0xc0	; 192
   05F5 FF                 1572 	.db #0xff	; 255
   05F6 FF                 1573 	.db #0xff	; 255
   05F7 D5                 1574 	.db #0xd5	; 213
   05F8 C0                 1575 	.db #0xc0	; 192
   05F9 EA                 1576 	.db #0xea	; 234
   05FA FF                 1577 	.db #0xff	; 255
   05FB FF                 1578 	.db #0xff	; 255
   05FC D5                 1579 	.db #0xd5	; 213
   05FD C0                 1580 	.db #0xc0	; 192
   05FE EA                 1581 	.db #0xea	; 234
   05FF C0                 1582 	.db #0xc0	; 192
   0600 C0                 1583 	.db #0xc0	; 192
   0601 D5                 1584 	.db #0xd5	; 213
   0602 C0                 1585 	.db #0xc0	; 192
   0603 D5                 1586 	.db #0xd5	; 213
   0604 FF                 1587 	.db #0xff	; 255
   0605 EA                 1588 	.db #0xea	; 234
   0606 C0                 1589 	.db #0xc0	; 192
   0607 D5                 1590 	.db #0xd5	; 213
   0608 C0                 1591 	.db #0xc0	; 192
   0609 D5                 1592 	.db #0xd5	; 213
   060A D5                 1593 	.db #0xd5	; 213
   060B FF                 1594 	.db #0xff	; 255
   060C EA                 1595 	.db #0xea	; 234
   060D EA                 1596 	.db #0xea	; 234
   060E D5                 1597 	.db #0xd5	; 213
   060F D5                 1598 	.db #0xd5	; 213
   0610 FF                 1599 	.db #0xff	; 255
   0611 EA                 1600 	.db #0xea	; 234
   0612 C0                 1601 	.db #0xc0	; 192
   0613 C0                 1602 	.db #0xc0	; 192
   0614 C0                 1603 	.db #0xc0	; 192
   0615 C0                 1604 	.db #0xc0	; 192
   0616 C0                 1605 	.db #0xc0	; 192
   0617 C0                 1606 	.db #0xc0	; 192
                           1607 	.area _INITIALIZER
                           1608 	.area _CABS (ABS)
