                              1 ;--------------------------------------------------------
                              2 ; File Created by SDCC : free open source ANSI-C Compiler
                              3 ; Version 3.6.8 #9946 (Linux)
                              4 ;--------------------------------------------------------
                              5 	.module mastil
                              6 	.optsdcc -mz80
                              7 	
                              8 ;--------------------------------------------------------
                              9 ; Public variables in this module
                             10 ;--------------------------------------------------------
                             11 	.globl _mastil_sp
                             12 ;--------------------------------------------------------
                             13 ; special function registers
                             14 ;--------------------------------------------------------
                             15 ;--------------------------------------------------------
                             16 ; ram data
                             17 ;--------------------------------------------------------
                             18 	.area _DATA
                             19 ;--------------------------------------------------------
                             20 ; ram data
                             21 ;--------------------------------------------------------
                             22 	.area _INITIALIZED
                             23 ;--------------------------------------------------------
                             24 ; absolute external ram data
                             25 ;--------------------------------------------------------
                             26 	.area _DABS (ABS)
                             27 ;--------------------------------------------------------
                             28 ; global & static initialisations
                             29 ;--------------------------------------------------------
                             30 	.area _HOME
                             31 	.area _GSINIT
                             32 	.area _GSFINAL
                             33 	.area _GSINIT
                             34 ;--------------------------------------------------------
                             35 ; Home
                             36 ;--------------------------------------------------------
                             37 	.area _HOME
                             38 	.area _HOME
                             39 ;--------------------------------------------------------
                             40 ; code
                             41 ;--------------------------------------------------------
                             42 	.area _CODE
                             43 	.area _CODE
   0000                      44 _mastil_sp:
   0000 50                   45 	.db #0x50	; 80	'P'
   0001 41                   46 	.db #0x41	; 65	'A'
   0002 E1                   47 	.db #0xe1	; 225
   0003 D3                   48 	.db #0xd3	; 211
   0004 00                   49 	.db #0x00	; 0
   0005 D2                   50 	.db #0xd2	; 210
   0006 C3                   51 	.db #0xc3	; 195
   0007 D3                   52 	.db #0xd3	; 211
   0008 50                   53 	.db #0x50	; 80	'P'
   0009 41                   54 	.db #0x41	; 65	'A'
   000A E1                   55 	.db #0xe1	; 225
   000B D3                   56 	.db #0xd3	; 211
   000C 00                   57 	.db #0x00	; 0
   000D D2                   58 	.db #0xd2	; 210
   000E C3                   59 	.db #0xc3	; 195
   000F D3                   60 	.db #0xd3	; 211
   0010 50                   61 	.db #0x50	; 80	'P'
   0011 41                   62 	.db #0x41	; 65	'A'
   0012 E1                   63 	.db #0xe1	; 225
   0013 D3                   64 	.db #0xd3	; 211
   0014 00                   65 	.db #0x00	; 0
   0015 D2                   66 	.db #0xd2	; 210
   0016 C3                   67 	.db #0xc3	; 195
   0017 D3                   68 	.db #0xd3	; 211
   0018 50                   69 	.db #0x50	; 80	'P'
   0019 41                   70 	.db #0x41	; 65	'A'
   001A E1                   71 	.db #0xe1	; 225
   001B D3                   72 	.db #0xd3	; 211
   001C 80                   73 	.db #0x80	; 128
   001D D2                   74 	.db #0xd2	; 210
   001E C3                   75 	.db #0xc3	; 195
   001F C2                   76 	.db #0xc2	; 194
   0020 C0                   77 	.db #0xc0	; 192
   0021 C0                   78 	.db #0xc0	; 192
   0022 C0                   79 	.db #0xc0	; 192
   0023 81                   80 	.db #0x81	; 129
   0024 C0                   81 	.db #0xc0	; 192
   0025 81                   82 	.db #0x81	; 129
   0026 81                   83 	.db #0x81	; 129
   0027 42                   84 	.db #0x42	; 66	'B'
   0028 40                   85 	.db #0x40	; 64
   0029 C0                   86 	.db #0xc0	; 192
   002A C0                   87 	.db #0xc0	; 192
   002B D1                   88 	.db #0xd1	; 209
   002C 00                   89 	.db #0x00	; 0
   002D D2                   90 	.db #0xd2	; 210
   002E C3                   91 	.db #0xc3	; 195
   002F D3                   92 	.db #0xd3	; 211
   0030 50                   93 	.db #0x50	; 80	'P'
   0031 41                   94 	.db #0x41	; 65	'A'
   0032 E1                   95 	.db #0xe1	; 225
   0033 D3                   96 	.db #0xd3	; 211
   0034 00                   97 	.db #0x00	; 0
   0035 D2                   98 	.db #0xd2	; 210
   0036 C3                   99 	.db #0xc3	; 195
   0037 D3                  100 	.db #0xd3	; 211
   0038 50                  101 	.db #0x50	; 80	'P'
   0039 41                  102 	.db #0x41	; 65	'A'
   003A E1                  103 	.db #0xe1	; 225
   003B D3                  104 	.db #0xd3	; 211
   003C 00                  105 	.db #0x00	; 0
   003D D2                  106 	.db #0xd2	; 210
   003E C3                  107 	.db #0xc3	; 195
   003F D3                  108 	.db #0xd3	; 211
   0040 50                  109 	.db #0x50	; 80	'P'
   0041 41                  110 	.db #0x41	; 65	'A'
   0042 E1                  111 	.db #0xe1	; 225
   0043 D3                  112 	.db #0xd3	; 211
   0044 00                  113 	.db #0x00	; 0
   0045 D2                  114 	.db #0xd2	; 210
   0046 C3                  115 	.db #0xc3	; 195
   0047 D3                  116 	.db #0xd3	; 211
   0048 50                  117 	.db #0x50	; 80	'P'
   0049 41                  118 	.db #0x41	; 65	'A'
   004A E1                  119 	.db #0xe1	; 225
   004B D3                  120 	.db #0xd3	; 211
   004C 00                  121 	.db #0x00	; 0
   004D D2                  122 	.db #0xd2	; 210
   004E C3                  123 	.db #0xc3	; 195
   004F D3                  124 	.db #0xd3	; 211
   0050 50                  125 	.db #0x50	; 80	'P'
   0051 41                  126 	.db #0x41	; 65	'A'
   0052 E1                  127 	.db #0xe1	; 225
   0053 D3                  128 	.db #0xd3	; 211
   0054 00                  129 	.db #0x00	; 0
   0055 D2                  130 	.db #0xd2	; 210
   0056 C3                  131 	.db #0xc3	; 195
   0057 D3                  132 	.db #0xd3	; 211
   0058 D0                  133 	.db #0xd0	; 208
   0059 41                  134 	.db #0x41	; 65	'A'
   005A E1                  135 	.db #0xe1	; 225
   005B C2                  136 	.db #0xc2	; 194
   005C C0                  137 	.db #0xc0	; 192
   005D C0                  138 	.db #0xc0	; 192
   005E C0                  139 	.db #0xc0	; 192
   005F 81                  140 	.db #0x81	; 129
   0060 C0                  141 	.db #0xc0	; 192
   0061 81                  142 	.db #0x81	; 129
   0062 81                  143 	.db #0x81	; 129
   0063 42                  144 	.db #0x42	; 66	'B'
   0064 40                  145 	.db #0x40	; 64
   0065 C0                  146 	.db #0xc0	; 192
   0066 C0                  147 	.db #0xc0	; 192
   0067 D1                  148 	.db #0xd1	; 209
   0068 50                  149 	.db #0x50	; 80	'P'
   0069 41                  150 	.db #0x41	; 65	'A'
   006A E1                  151 	.db #0xe1	; 225
   006B D3                  152 	.db #0xd3	; 211
   006C 00                  153 	.db #0x00	; 0
   006D D2                  154 	.db #0xd2	; 210
   006E C3                  155 	.db #0xc3	; 195
   006F D3                  156 	.db #0xd3	; 211
   0070 50                  157 	.db #0x50	; 80	'P'
   0071 41                  158 	.db #0x41	; 65	'A'
   0072 E1                  159 	.db #0xe1	; 225
   0073 D3                  160 	.db #0xd3	; 211
   0074 00                  161 	.db #0x00	; 0
   0075 D2                  162 	.db #0xd2	; 210
   0076 C3                  163 	.db #0xc3	; 195
   0077 D3                  164 	.db #0xd3	; 211
   0078 50                  165 	.db #0x50	; 80	'P'
   0079 41                  166 	.db #0x41	; 65	'A'
   007A E1                  167 	.db #0xe1	; 225
   007B D3                  168 	.db #0xd3	; 211
   007C 00                  169 	.db #0x00	; 0
   007D D2                  170 	.db #0xd2	; 210
   007E C3                  171 	.db #0xc3	; 195
   007F D3                  172 	.db #0xd3	; 211
   0080 50                  173 	.db #0x50	; 80	'P'
   0081 41                  174 	.db #0x41	; 65	'A'
   0082 E1                  175 	.db #0xe1	; 225
   0083 D3                  176 	.db #0xd3	; 211
   0084 00                  177 	.db #0x00	; 0
   0085 D2                  178 	.db #0xd2	; 210
   0086 C3                  179 	.db #0xc3	; 195
   0087 D3                  180 	.db #0xd3	; 211
   0088 50                  181 	.db #0x50	; 80	'P'
   0089 41                  182 	.db #0x41	; 65	'A'
   008A E1                  183 	.db #0xe1	; 225
   008B D3                  184 	.db #0xd3	; 211
   008C 80                  185 	.db #0x80	; 128
   008D D2                  186 	.db #0xd2	; 210
   008E C3                  187 	.db #0xc3	; 195
   008F C2                  188 	.db #0xc2	; 194
   0090 C0                  189 	.db #0xc0	; 192
   0091 C0                  190 	.db #0xc0	; 192
   0092 C0                  191 	.db #0xc0	; 192
   0093 81                  192 	.db #0x81	; 129
   0094 C0                  193 	.db #0xc0	; 192
   0095 81                  194 	.db #0x81	; 129
   0096 81                  195 	.db #0x81	; 129
   0097 42                  196 	.db #0x42	; 66	'B'
   0098 40                  197 	.db #0x40	; 64
   0099 C0                  198 	.db #0xc0	; 192
   009A C0                  199 	.db #0xc0	; 192
   009B D1                  200 	.db #0xd1	; 209
   009C 00                  201 	.db #0x00	; 0
   009D D2                  202 	.db #0xd2	; 210
   009E C3                  203 	.db #0xc3	; 195
   009F D3                  204 	.db #0xd3	; 211
   00A0 50                  205 	.db #0x50	; 80	'P'
   00A1 41                  206 	.db #0x41	; 65	'A'
   00A2 E1                  207 	.db #0xe1	; 225
   00A3 D3                  208 	.db #0xd3	; 211
   00A4 00                  209 	.db #0x00	; 0
   00A5 D2                  210 	.db #0xd2	; 210
   00A6 C3                  211 	.db #0xc3	; 195
   00A7 D3                  212 	.db #0xd3	; 211
   00A8 50                  213 	.db #0x50	; 80	'P'
   00A9 41                  214 	.db #0x41	; 65	'A'
   00AA E1                  215 	.db #0xe1	; 225
   00AB D3                  216 	.db #0xd3	; 211
   00AC 00                  217 	.db #0x00	; 0
   00AD D2                  218 	.db #0xd2	; 210
   00AE C3                  219 	.db #0xc3	; 195
   00AF D3                  220 	.db #0xd3	; 211
   00B0 50                  221 	.db #0x50	; 80	'P'
   00B1 41                  222 	.db #0x41	; 65	'A'
   00B2 E1                  223 	.db #0xe1	; 225
   00B3 D3                  224 	.db #0xd3	; 211
   00B4 00                  225 	.db #0x00	; 0
   00B5 D2                  226 	.db #0xd2	; 210
   00B6 C3                  227 	.db #0xc3	; 195
   00B7 D3                  228 	.db #0xd3	; 211
   00B8 50                  229 	.db #0x50	; 80	'P'
   00B9 41                  230 	.db #0x41	; 65	'A'
   00BA E1                  231 	.db #0xe1	; 225
   00BB D3                  232 	.db #0xd3	; 211
   00BC 00                  233 	.db #0x00	; 0
   00BD D2                  234 	.db #0xd2	; 210
   00BE C3                  235 	.db #0xc3	; 195
   00BF 82                  236 	.db #0x82	; 130
   00C0 00                  237 	.db #0x00	; 0
   00C1 41                  238 	.db #0x41	; 65	'A'
   00C2 E1                  239 	.db #0xe1	; 225
   00C3 00                  240 	.db #0x00	; 0
   00C4 00                  241 	.db #0x00	; 0
   00C5 00                  242 	.db #0x00	; 0
   00C6 00                  243 	.db #0x00	; 0
   00C7 00                  244 	.db #0x00	; 0
                            245 	.area _INITIALIZER
                            246 	.area _CABS (ABS)
