                              1 ;--------------------------------------------------------
                              2 ; File Created by SDCC : free open source ANSI-C Compiler
                              3 ; Version 3.6.8 #9946 (Linux)
                              4 ;--------------------------------------------------------
                              5 	.module nextlevel_text
                              6 	.optsdcc -mz80
                              7 	
                              8 ;--------------------------------------------------------
                              9 ; Public variables in this module
                             10 ;--------------------------------------------------------
                             11 	.globl _nextlevel_text_sp_1
                             12 	.globl _nextlevel_text_sp_0
                             13 ;--------------------------------------------------------
                             14 ; special function registers
                             15 ;--------------------------------------------------------
                             16 ;--------------------------------------------------------
                             17 ; ram data
                             18 ;--------------------------------------------------------
                             19 	.area _DATA
                             20 ;--------------------------------------------------------
                             21 ; ram data
                             22 ;--------------------------------------------------------
                             23 	.area _INITIALIZED
                             24 ;--------------------------------------------------------
                             25 ; absolute external ram data
                             26 ;--------------------------------------------------------
                             27 	.area _DABS (ABS)
                             28 ;--------------------------------------------------------
                             29 ; global & static initialisations
                             30 ;--------------------------------------------------------
                             31 	.area _HOME
                             32 	.area _GSINIT
                             33 	.area _GSFINAL
                             34 	.area _GSINIT
                             35 ;--------------------------------------------------------
                             36 ; Home
                             37 ;--------------------------------------------------------
                             38 	.area _HOME
                             39 	.area _HOME
                             40 ;--------------------------------------------------------
                             41 ; code
                             42 ;--------------------------------------------------------
                             43 	.area _CODE
                             44 	.area _CODE
   0000                      45 _nextlevel_text_sp_0:
   0000 C0                   46 	.db #0xc0	; 192
   0001 C0                   47 	.db #0xc0	; 192
   0002 C0                   48 	.db #0xc0	; 192
   0003 C0                   49 	.db #0xc0	; 192
   0004 C0                   50 	.db #0xc0	; 192
   0005 C0                   51 	.db #0xc0	; 192
   0006 C0                   52 	.db #0xc0	; 192
   0007 C0                   53 	.db #0xc0	; 192
   0008 C0                   54 	.db #0xc0	; 192
   0009 C0                   55 	.db #0xc0	; 192
   000A C0                   56 	.db #0xc0	; 192
   000B C0                   57 	.db #0xc0	; 192
   000C C0                   58 	.db #0xc0	; 192
   000D C0                   59 	.db #0xc0	; 192
   000E C0                   60 	.db #0xc0	; 192
   000F C0                   61 	.db #0xc0	; 192
   0010 C0                   62 	.db #0xc0	; 192
   0011 C0                   63 	.db #0xc0	; 192
   0012 C0                   64 	.db #0xc0	; 192
   0013 C0                   65 	.db #0xc0	; 192
   0014 C0                   66 	.db #0xc0	; 192
   0015 C0                   67 	.db #0xc0	; 192
   0016 C0                   68 	.db #0xc0	; 192
   0017 C0                   69 	.db #0xc0	; 192
   0018 C0                   70 	.db #0xc0	; 192
   0019 C0                   71 	.db #0xc0	; 192
   001A C0                   72 	.db #0xc0	; 192
   001B C0                   73 	.db #0xc0	; 192
   001C C0                   74 	.db #0xc0	; 192
   001D C0                   75 	.db #0xc0	; 192
   001E C0                   76 	.db #0xc0	; 192
   001F C0                   77 	.db #0xc0	; 192
   0020 C4                   78 	.db #0xc4	; 196
   0021 CC                   79 	.db #0xcc	; 204
   0022 3C                   80 	.db #0x3c	; 60
   0023 C0                   81 	.db #0xc0	; 192
   0024 C0                   82 	.db #0xc0	; 192
   0025 3C                   83 	.db #0x3c	; 60
   0026 C0                   84 	.db #0xc0	; 192
   0027 3C                   85 	.db #0x3c	; 60
   0028 3C                   86 	.db #0x3c	; 60
   0029 68                   87 	.db #0x68	; 104	'h'
   002A C0                   88 	.db #0xc0	; 192
   002B 94                   89 	.db #0x94	; 148
   002C 3C                   90 	.db #0x3c	; 60
   002D 3C                   91 	.db #0x3c	; 60
   002E C0                   92 	.db #0xc0	; 192
   002F 3C                   93 	.db #0x3c	; 60
   0030 3C                   94 	.db #0x3c	; 60
   0031 68                   95 	.db #0x68	; 104	'h'
   0032 94                   96 	.db #0x94	; 148
   0033 3C                   97 	.db #0x3c	; 60
   0034 3C                   98 	.db #0x3c	; 60
   0035 C0                   99 	.db #0xc0	; 192
   0036 C0                  100 	.db #0xc0	; 192
   0037 3C                  101 	.db #0x3c	; 60
   0038 3C                  102 	.db #0x3c	; 60
   0039 68                  103 	.db #0x68	; 104	'h'
   003A 94                  104 	.db #0x94	; 148
   003B 3C                  105 	.db #0x3c	; 60
   003C 3C                  106 	.db #0x3c	; 60
   003D C0                  107 	.db #0xc0	; 192
   003E 3C                  108 	.db #0x3c	; 60
   003F 3C                  109 	.db #0x3c	; 60
   0040 68                  110 	.db #0x68	; 104	'h'
   0041 C0                  111 	.db #0xc0	; 192
   0042 94                  112 	.db #0x94	; 148
   0043 3C                  113 	.db #0x3c	; 60
   0044 3C                  114 	.db #0x3c	; 60
   0045 C0                  115 	.db #0xc0	; 192
   0046 C0                  116 	.db #0xc0	; 192
   0047 3C                  117 	.db #0x3c	; 60
   0048 94                  118 	.db #0x94	; 148
   0049 3C                  119 	.db #0x3c	; 60
   004A 3C                  120 	.db #0x3c	; 60
   004B 3C                  121 	.db #0x3c	; 60
   004C C0                  122 	.db #0xc0	; 192
   004D C0                  123 	.db #0xc0	; 192
   004E 3C                  124 	.db #0x3c	; 60
   004F 68                  125 	.db #0x68	; 104	'h'
   0050 C0                  126 	.db #0xc0	; 192
   0051 94                  127 	.db #0x94	; 148
   0052 3C                  128 	.db #0x3c	; 60
   0053 C0                  129 	.db #0xc0	; 192
   0054 3C                  130 	.db #0x3c	; 60
   0055 3C                  131 	.db #0x3c	; 60
   0056 3C                  132 	.db #0x3c	; 60
   0057 68                  133 	.db #0x68	; 104	'h'
   0058 C0                  134 	.db #0xc0	; 192
   0059 94                  135 	.db #0x94	; 148
   005A 3C                  136 	.db #0x3c	; 60
   005B C0                  137 	.db #0xc0	; 192
   005C C0                  138 	.db #0xc0	; 192
   005D 3C                  139 	.db #0x3c	; 60
   005E 68                  140 	.db #0x68	; 104	'h'
   005F 94                  141 	.db #0x94	; 148
   0060 3C                  142 	.db #0x3c	; 60
   0061 3C                  143 	.db #0x3c	; 60
   0062 3C                  144 	.db #0x3c	; 60
   0063 C0                  145 	.db #0xc0	; 192
   0064 94                  146 	.db #0x94	; 148
   0065 3C                  147 	.db #0x3c	; 60
   0066 3C                  148 	.db #0x3c	; 60
   0067 C8                  149 	.db #0xc8	; 200
   0068 C4                  150 	.db #0xc4	; 196
   0069 3C                  151 	.db #0x3c	; 60
   006A 3C                  152 	.db #0x3c	; 60
   006B 68                  153 	.db #0x68	; 104	'h'
   006C C0                  154 	.db #0xc0	; 192
   006D 3C                  155 	.db #0x3c	; 60
   006E 68                  156 	.db #0x68	; 104	'h'
   006F C0                  157 	.db #0xc0	; 192
   0070 3C                  158 	.db #0x3c	; 60
   0071 68                  159 	.db #0x68	; 104	'h'
   0072 C0                  160 	.db #0xc0	; 192
   0073 94                  161 	.db #0x94	; 148
   0074 3C                  162 	.db #0x3c	; 60
   0075 94                  163 	.db #0x94	; 148
   0076 3C                  164 	.db #0x3c	; 60
   0077 C0                  165 	.db #0xc0	; 192
   0078 94                  166 	.db #0x94	; 148
   0079 3C                  167 	.db #0x3c	; 60
   007A C0                  168 	.db #0xc0	; 192
   007B 94                  169 	.db #0x94	; 148
   007C 3C                  170 	.db #0x3c	; 60
   007D C0                  171 	.db #0xc0	; 192
   007E C0                  172 	.db #0xc0	; 192
   007F 3C                  173 	.db #0x3c	; 60
   0080 68                  174 	.db #0x68	; 104	'h'
   0081 3C                  175 	.db #0x3c	; 60
   0082 68                  176 	.db #0x68	; 104	'h'
   0083 C0                  177 	.db #0xc0	; 192
   0084 3C                  178 	.db #0x3c	; 60
   0085 68                  179 	.db #0x68	; 104	'h'
   0086 94                  180 	.db #0x94	; 148
   0087 3C                  181 	.db #0x3c	; 60
   0088 94                  182 	.db #0x94	; 148
   0089 6C                  183 	.db #0x6c	; 108	'l'
   008A 9C                  184 	.db #0x9c	; 156
   008B 68                  185 	.db #0x68	; 104	'h'
   008C 3C                  186 	.db #0x3c	; 60
   008D C0                  187 	.db #0xc0	; 192
   008E C0                  188 	.db #0xc0	; 192
   008F 94                  189 	.db #0x94	; 148
   0090 68                  190 	.db #0x68	; 104	'h'
   0091 C0                  191 	.db #0xc0	; 192
   0092 3C                  192 	.db #0x3c	; 60
   0093 68                  193 	.db #0x68	; 104	'h'
   0094 C0                  194 	.db #0xc0	; 192
   0095 94                  195 	.db #0x94	; 148
   0096 3C                  196 	.db #0x3c	; 60
   0097 94                  197 	.db #0x94	; 148
   0098 68                  198 	.db #0x68	; 104	'h'
   0099 C0                  199 	.db #0xc0	; 192
   009A C0                  200 	.db #0xc0	; 192
   009B 3C                  201 	.db #0x3c	; 60
   009C C0                  202 	.db #0xc0	; 192
   009D 94                  203 	.db #0x94	; 148
   009E 3C                  204 	.db #0x3c	; 60
   009F C0                  205 	.db #0xc0	; 192
   00A0 C0                  206 	.db #0xc0	; 192
   00A1 3C                  207 	.db #0x3c	; 60
   00A2 68                  208 	.db #0x68	; 104	'h'
   00A3 3C                  209 	.db #0x3c	; 60
   00A4 C0                  210 	.db #0xc0	; 192
   00A5 C0                  211 	.db #0xc0	; 192
   00A6 94                  212 	.db #0x94	; 148
   00A7 68                  213 	.db #0x68	; 104	'h'
   00A8 94                  214 	.db #0x94	; 148
   00A9 3C                  215 	.db #0x3c	; 60
   00AA C0                  216 	.db #0xc0	; 192
   00AB 3C                  217 	.db #0x3c	; 60
   00AC 3C                  218 	.db #0x3c	; 60
   00AD C0                  219 	.db #0xc0	; 192
   00AE 3C                  220 	.db #0x3c	; 60
   00AF C0                  221 	.db #0xc0	; 192
   00B0 C0                  222 	.db #0xc0	; 192
   00B1 94                  223 	.db #0x94	; 148
   00B2 68                  224 	.db #0x68	; 104	'h'
   00B3 C0                  225 	.db #0xc0	; 192
   00B4 3C                  226 	.db #0x3c	; 60
   00B5 6C                  227 	.db #0x6c	; 108	'l'
   00B6 C0                  228 	.db #0xc0	; 192
   00B7 9C                  229 	.db #0x9c	; 156
   00B8 3C                  230 	.db #0x3c	; 60
   00B9 94                  231 	.db #0x94	; 148
   00BA 68                  232 	.db #0x68	; 104	'h'
   00BB C0                  233 	.db #0xc0	; 192
   00BC C0                  234 	.db #0xc0	; 192
   00BD 3C                  235 	.db #0x3c	; 60
   00BE C0                  236 	.db #0xc0	; 192
   00BF 94                  237 	.db #0x94	; 148
   00C0 3C                  238 	.db #0x3c	; 60
   00C1 C8                  239 	.db #0xc8	; 200
   00C2 C4                  240 	.db #0xc4	; 196
   00C3 3C                  241 	.db #0x3c	; 60
   00C4 68                  242 	.db #0x68	; 104	'h'
   00C5 3C                  243 	.db #0x3c	; 60
   00C6 C0                  244 	.db #0xc0	; 192
   00C7 C0                  245 	.db #0xc0	; 192
   00C8 94                  246 	.db #0x94	; 148
   00C9 68                  247 	.db #0x68	; 104	'h'
   00CA 94                  248 	.db #0x94	; 148
   00CB 3C                  249 	.db #0x3c	; 60
   00CC C0                  250 	.db #0xc0	; 192
   00CD 94                  251 	.db #0x94	; 148
   00CE 68                  252 	.db #0x68	; 104	'h'
   00CF C0                  253 	.db #0xc0	; 192
   00D0 3C                  254 	.db #0x3c	; 60
   00D1 C0                  255 	.db #0xc0	; 192
   00D2 C0                  256 	.db #0xc0	; 192
   00D3 94                  257 	.db #0x94	; 148
   00D4 68                  258 	.db #0x68	; 104	'h'
   00D5 C0                  259 	.db #0xc0	; 192
   00D6 3C                  260 	.db #0x3c	; 60
   00D7 3C                  261 	.db #0x3c	; 60
   00D8 CC                  262 	.db #0xcc	; 204
   00D9 3C                  263 	.db #0x3c	; 60
   00DA 3C                  264 	.db #0x3c	; 60
   00DB 94                  265 	.db #0x94	; 148
   00DC 68                  266 	.db #0x68	; 104	'h'
   00DD C0                  267 	.db #0xc0	; 192
   00DE C0                  268 	.db #0xc0	; 192
   00DF 3C                  269 	.db #0x3c	; 60
   00E0 C0                  270 	.db #0xc0	; 192
   00E1 94                  271 	.db #0x94	; 148
   00E2 3C                  272 	.db #0x3c	; 60
   00E3 6C                  273 	.db #0x6c	; 108	'l'
   00E4 9C                  274 	.db #0x9c	; 156
   00E5 3C                  275 	.db #0x3c	; 60
   00E6 68                  276 	.db #0x68	; 104	'h'
   00E7 3C                  277 	.db #0x3c	; 60
   00E8 C0                  278 	.db #0xc0	; 192
   00E9 C0                  279 	.db #0xc0	; 192
   00EA 94                  280 	.db #0x94	; 148
   00EB 68                  281 	.db #0x68	; 104	'h'
   00EC 94                  282 	.db #0x94	; 148
   00ED 3C                  283 	.db #0x3c	; 60
   00EE C0                  284 	.db #0xc0	; 192
   00EF 94                  285 	.db #0x94	; 148
   00F0 68                  286 	.db #0x68	; 104	'h'
   00F1 C0                  287 	.db #0xc0	; 192
   00F2 3C                  288 	.db #0x3c	; 60
   00F3 C0                  289 	.db #0xc0	; 192
   00F4 C0                  290 	.db #0xc0	; 192
   00F5 94                  291 	.db #0x94	; 148
   00F6 68                  292 	.db #0x68	; 104	'h'
   00F7 C0                  293 	.db #0xc0	; 192
   00F8 3C                  294 	.db #0x3c	; 60
   00F9 3C                  295 	.db #0x3c	; 60
   00FA 3C                  296 	.db #0x3c	; 60
   00FB 3C                  297 	.db #0x3c	; 60
   00FC 3C                  298 	.db #0x3c	; 60
   00FD 94                  299 	.db #0x94	; 148
   00FE 68                  300 	.db #0x68	; 104	'h'
   00FF C0                  301 	.db #0xc0	; 192
   0100 C0                  302 	.db #0xc0	; 192
   0101 3C                  303 	.db #0x3c	; 60
   0102 C0                  304 	.db #0xc0	; 192
   0103 94                  305 	.db #0x94	; 148
   0104 3C                  306 	.db #0x3c	; 60
   0105 3C                  307 	.db #0x3c	; 60
   0106 3C                  308 	.db #0x3c	; 60
   0107 3C                  309 	.db #0x3c	; 60
   0108 68                  310 	.db #0x68	; 104	'h'
   0109 3C                  311 	.db #0x3c	; 60
   010A C0                  312 	.db #0xc0	; 192
   010B C0                  313 	.db #0xc0	; 192
   010C 94                  314 	.db #0x94	; 148
   010D 68                  315 	.db #0x68	; 104	'h'
   010E C0                  316 	.db #0xc0	; 192
   010F 68                  317 	.db #0x68	; 104	'h'
   0110 C0                  318 	.db #0xc0	; 192
   0111 94                  319 	.db #0x94	; 148
   0112 68                  320 	.db #0x68	; 104	'h'
   0113 C0                  321 	.db #0xc0	; 192
   0114 3C                  322 	.db #0x3c	; 60
   0115 C8                  323 	.db #0xc8	; 200
   0116 C0                  324 	.db #0xc0	; 192
   0117 9C                  325 	.db #0x9c	; 156
   0118 68                  326 	.db #0x68	; 104	'h'
   0119 C0                  327 	.db #0xc0	; 192
   011A 3C                  328 	.db #0x3c	; 60
   011B 3C                  329 	.db #0x3c	; 60
   011C C0                  330 	.db #0xc0	; 192
   011D 3C                  331 	.db #0x3c	; 60
   011E 3C                  332 	.db #0x3c	; 60
   011F 94                  333 	.db #0x94	; 148
   0120 6C                  334 	.db #0x6c	; 108	'l'
   0121 C0                  335 	.db #0xc0	; 192
   0122 C4                  336 	.db #0xc4	; 196
   0123 3C                  337 	.db #0x3c	; 60
   0124 C0                  338 	.db #0xc0	; 192
   0125 94                  339 	.db #0x94	; 148
   0126 3C                  340 	.db #0x3c	; 60
   0127 68                  341 	.db #0x68	; 104	'h'
   0128 94                  342 	.db #0x94	; 148
   0129 3C                  343 	.db #0x3c	; 60
   012A 68                  344 	.db #0x68	; 104	'h'
   012B 3C                  345 	.db #0x3c	; 60
   012C C8                  346 	.db #0xc8	; 200
   012D C0                  347 	.db #0xc0	; 192
   012E 9C                  348 	.db #0x9c	; 156
   012F 68                  349 	.db #0x68	; 104	'h'
   0130 C0                  350 	.db #0xc0	; 192
   0131 68                  351 	.db #0x68	; 104	'h'
   0132 C0                  352 	.db #0xc0	; 192
   0133 94                  353 	.db #0x94	; 148
   0134 68                  354 	.db #0x68	; 104	'h'
   0135 C0                  355 	.db #0xc0	; 192
   0136 3C                  356 	.db #0x3c	; 60
   0137 6C                  357 	.db #0x6c	; 108	'l'
   0138 CC                  358 	.db #0xcc	; 204
   0139 3C                  359 	.db #0x3c	; 60
   013A 68                  360 	.db #0x68	; 104	'h'
   013B C0                  361 	.db #0xc0	; 192
   013C 3C                  362 	.db #0x3c	; 60
   013D 68                  363 	.db #0x68	; 104	'h'
   013E C0                  364 	.db #0xc0	; 192
   013F 94                  365 	.db #0x94	; 148
   0140 3C                  366 	.db #0x3c	; 60
   0141 94                  367 	.db #0x94	; 148
   0142 3C                  368 	.db #0x3c	; 60
   0143 CC                  369 	.db #0xcc	; 204
   0144 9C                  370 	.db #0x9c	; 156
   0145 3C                  371 	.db #0x3c	; 60
   0146 C0                  372 	.db #0xc0	; 192
   0147 94                  373 	.db #0x94	; 148
   0148 3C                  374 	.db #0x3c	; 60
   0149 C0                  375 	.db #0xc0	; 192
   014A C0                  376 	.db #0xc0	; 192
   014B 3C                  377 	.db #0x3c	; 60
   014C 68                  378 	.db #0x68	; 104	'h'
   014D 3C                  379 	.db #0x3c	; 60
   014E 6C                  380 	.db #0x6c	; 108	'l'
   014F CC                  381 	.db #0xcc	; 204
   0150 3C                  382 	.db #0x3c	; 60
   0151 68                  383 	.db #0x68	; 104	'h'
   0152 C0                  384 	.db #0xc0	; 192
   0153 C0                  385 	.db #0xc0	; 192
   0154 C0                  386 	.db #0xc0	; 192
   0155 9C                  387 	.db #0x9c	; 156
   0156 6C                  388 	.db #0x6c	; 108	'l'
   0157 C0                  389 	.db #0xc0	; 192
   0158 94                  390 	.db #0x94	; 148
   0159 3C                  391 	.db #0x3c	; 60
   015A 3C                  392 	.db #0x3c	; 60
   015B 3C                  393 	.db #0x3c	; 60
   015C C0                  394 	.db #0xc0	; 192
   015D C0                  395 	.db #0xc0	; 192
   015E 3C                  396 	.db #0x3c	; 60
   015F 6C                  397 	.db #0x6c	; 108	'l'
   0160 C0                  398 	.db #0xc0	; 192
   0161 9C                  399 	.db #0x9c	; 156
   0162 3C                  400 	.db #0x3c	; 60
   0163 C0                  401 	.db #0xc0	; 192
   0164 3C                  402 	.db #0x3c	; 60
   0165 3C                  403 	.db #0x3c	; 60
   0166 3C                  404 	.db #0x3c	; 60
   0167 68                  405 	.db #0x68	; 104	'h'
   0168 C0                  406 	.db #0xc0	; 192
   0169 94                  407 	.db #0x94	; 148
   016A 3C                  408 	.db #0x3c	; 60
   016B C8                  409 	.db #0xc8	; 200
   016C C4                  410 	.db #0xc4	; 196
   016D 3C                  411 	.db #0x3c	; 60
   016E 68                  412 	.db #0x68	; 104	'h'
   016F 94                  413 	.db #0x94	; 148
   0170 3C                  414 	.db #0x3c	; 60
   0171 3C                  415 	.db #0x3c	; 60
   0172 3C                  416 	.db #0x3c	; 60
   0173 C0                  417 	.db #0xc0	; 192
   0174 C0                  418 	.db #0xc0	; 192
   0175 C8                  419 	.db #0xc8	; 200
   0176 C0                  420 	.db #0xc0	; 192
   0177 3C                  421 	.db #0x3c	; 60
   0178 3C                  422 	.db #0x3c	; 60
   0179 C0                  423 	.db #0xc0	; 192
   017A C0                  424 	.db #0xc0	; 192
   017B 3C                  425 	.db #0x3c	; 60
   017C 3C                  426 	.db #0x3c	; 60
   017D 68                  427 	.db #0x68	; 104	'h'
   017E C0                  428 	.db #0xc0	; 192
   017F 94                  429 	.db #0x94	; 148
   0180 3C                  430 	.db #0x3c	; 60
   0181 3C                  431 	.db #0x3c	; 60
   0182 C0                  432 	.db #0xc0	; 192
   0183 3C                  433 	.db #0x3c	; 60
   0184 3C                  434 	.db #0x3c	; 60
   0185 68                  435 	.db #0x68	; 104	'h'
   0186 94                  436 	.db #0x94	; 148
   0187 3C                  437 	.db #0x3c	; 60
   0188 3C                  438 	.db #0x3c	; 60
   0189 C0                  439 	.db #0xc0	; 192
   018A C0                  440 	.db #0xc0	; 192
   018B 3C                  441 	.db #0x3c	; 60
   018C 3C                  442 	.db #0x3c	; 60
   018D 68                  443 	.db #0x68	; 104	'h'
   018E 94                  444 	.db #0x94	; 148
   018F 3C                  445 	.db #0x3c	; 60
   0190 3C                  446 	.db #0x3c	; 60
   0191 C0                  447 	.db #0xc0	; 192
   0192 3C                  448 	.db #0x3c	; 60
   0193 3C                  449 	.db #0x3c	; 60
   0194 68                  450 	.db #0x68	; 104	'h'
   0195 C0                  451 	.db #0xc0	; 192
   0196 C0                  452 	.db #0xc0	; 192
   0197 68                  453 	.db #0x68	; 104	'h'
   0198                     454 _nextlevel_text_sp_1:
   0198 D5                  455 	.db #0xd5	; 213
   0199 FF                  456 	.db #0xff	; 255
   019A EA                  457 	.db #0xea	; 234
   019B FF                  458 	.db #0xff	; 255
   019C FF                  459 	.db #0xff	; 255
   019D D5                  460 	.db #0xd5	; 213
   019E FF                  461 	.db #0xff	; 255
   019F EA                  462 	.db #0xea	; 234
   01A0 FF                  463 	.db #0xff	; 255
   01A1 EA                  464 	.db #0xea	; 234
   01A2 EA                  465 	.db #0xea	; 234
   01A3 D5                  466 	.db #0xd5	; 213
   01A4 D5                  467 	.db #0xd5	; 213
   01A5 C0                  468 	.db #0xc0	; 192
   01A6 EA                  469 	.db #0xea	; 234
   01A7 FF                  470 	.db #0xff	; 255
   01A8 EA                  471 	.db #0xea	; 234
   01A9 EA                  472 	.db #0xea	; 234
   01AA D5                  473 	.db #0xd5	; 213
   01AB D5                  474 	.db #0xd5	; 213
   01AC FF                  475 	.db #0xff	; 255
   01AD EA                  476 	.db #0xea	; 234
   01AE C0                  477 	.db #0xc0	; 192
   01AF D5                  478 	.db #0xd5	; 213
   01B0 C0                  479 	.db #0xc0	; 192
   01B1 EA                  480 	.db #0xea	; 234
   01B2 FF                  481 	.db #0xff	; 255
   01B3 FF                  482 	.db #0xff	; 255
   01B4 D5                  483 	.db #0xd5	; 213
   01B5 C0                  484 	.db #0xc0	; 192
   01B6 EA                  485 	.db #0xea	; 234
   01B7 FF                  486 	.db #0xff	; 255
   01B8 FF                  487 	.db #0xff	; 255
   01B9 EA                  488 	.db #0xea	; 234
   01BA D5                  489 	.db #0xd5	; 213
   01BB C0                  490 	.db #0xc0	; 192
   01BC EA                  491 	.db #0xea	; 234
   01BD EA                  492 	.db #0xea	; 234
   01BE C0                  493 	.db #0xc0	; 192
   01BF D5                  494 	.db #0xd5	; 213
   01C0 C0                  495 	.db #0xc0	; 192
   01C1 C0                  496 	.db #0xc0	; 192
   01C2 D5                  497 	.db #0xd5	; 213
   01C3 C0                  498 	.db #0xc0	; 192
   01C4 FF                  499 	.db #0xff	; 255
   01C5 D5                  500 	.db #0xd5	; 213
   01C6 D5                  501 	.db #0xd5	; 213
   01C7 EA                  502 	.db #0xea	; 234
   01C8 EA                  503 	.db #0xea	; 234
   01C9 D5                  504 	.db #0xd5	; 213
   01CA C0                  505 	.db #0xc0	; 192
   01CB FF                  506 	.db #0xff	; 255
   01CC D5                  507 	.db #0xd5	; 213
   01CD D5                  508 	.db #0xd5	; 213
   01CE C0                  509 	.db #0xc0	; 192
   01CF C0                  510 	.db #0xc0	; 192
   01D0 C0                  511 	.db #0xc0	; 192
   01D1 D5                  512 	.db #0xd5	; 213
   01D2 EA                  513 	.db #0xea	; 234
   01D3 EA                  514 	.db #0xea	; 234
   01D4 EA                  515 	.db #0xea	; 234
   01D5 C0                  516 	.db #0xc0	; 192
   01D6 C0                  517 	.db #0xc0	; 192
   01D7 FF                  518 	.db #0xff	; 255
   01D8 C0                  519 	.db #0xc0	; 192
   01D9 C0                  520 	.db #0xc0	; 192
   01DA EA                  521 	.db #0xea	; 234
   01DB C0                  522 	.db #0xc0	; 192
   01DC D5                  523 	.db #0xd5	; 213
   01DD FF                  524 	.db #0xff	; 255
   01DE C0                  525 	.db #0xc0	; 192
   01DF FF                  526 	.db #0xff	; 255
   01E0 EA                  527 	.db #0xea	; 234
   01E1 D5                  528 	.db #0xd5	; 213
   01E2 D5                  529 	.db #0xd5	; 213
   01E3 EA                  530 	.db #0xea	; 234
   01E4 D5                  531 	.db #0xd5	; 213
   01E5 C0                  532 	.db #0xc0	; 192
   01E6 EA                  533 	.db #0xea	; 234
   01E7 FF                  534 	.db #0xff	; 255
   01E8 D5                  535 	.db #0xd5	; 213
   01E9 D5                  536 	.db #0xd5	; 213
   01EA EA                  537 	.db #0xea	; 234
   01EB D5                  538 	.db #0xd5	; 213
   01EC C0                  539 	.db #0xc0	; 192
   01ED EA                  540 	.db #0xea	; 234
   01EE FF                  541 	.db #0xff	; 255
   01EF D5                  542 	.db #0xd5	; 213
   01F0 D5                  543 	.db #0xd5	; 213
   01F1 EA                  544 	.db #0xea	; 234
   01F2 C0                  545 	.db #0xc0	; 192
   01F3 D5                  546 	.db #0xd5	; 213
   01F4 D5                  547 	.db #0xd5	; 213
   01F5 EA                  548 	.db #0xea	; 234
   01F6 FF                  549 	.db #0xff	; 255
   01F7 EA                  550 	.db #0xea	; 234
   01F8 C0                  551 	.db #0xc0	; 192
   01F9 FF                  552 	.db #0xff	; 255
   01FA C0                  553 	.db #0xc0	; 192
   01FB C0                  554 	.db #0xc0	; 192
   01FC EA                  555 	.db #0xea	; 234
   01FD C0                  556 	.db #0xc0	; 192
   01FE D5                  557 	.db #0xd5	; 213
   01FF C0                  558 	.db #0xc0	; 192
   0200 EA                  559 	.db #0xea	; 234
   0201 EA                  560 	.db #0xea	; 234
   0202 C0                  561 	.db #0xc0	; 192
   0203 D5                  562 	.db #0xd5	; 213
   0204 C0                  563 	.db #0xc0	; 192
   0205 EA                  564 	.db #0xea	; 234
   0206 D5                  565 	.db #0xd5	; 213
   0207 C0                  566 	.db #0xc0	; 192
   0208 EA                  567 	.db #0xea	; 234
   0209 D5                  568 	.db #0xd5	; 213
   020A D5                  569 	.db #0xd5	; 213
   020B C0                  570 	.db #0xc0	; 192
   020C EA                  571 	.db #0xea	; 234
   020D D5                  572 	.db #0xd5	; 213
   020E C0                  573 	.db #0xc0	; 192
   020F EA                  574 	.db #0xea	; 234
   0210 D5                  575 	.db #0xd5	; 213
   0211 D5                  576 	.db #0xd5	; 213
   0212 C0                  577 	.db #0xc0	; 192
   0213 EA                  578 	.db #0xea	; 234
   0214 C0                  579 	.db #0xc0	; 192
   0215 D5                  580 	.db #0xd5	; 213
   0216 C0                  581 	.db #0xc0	; 192
   0217 EA                  582 	.db #0xea	; 234
   0218 EA                  583 	.db #0xea	; 234
   0219 C0                  584 	.db #0xc0	; 192
   021A D5                  585 	.db #0xd5	; 213
   021B C0                  586 	.db #0xc0	; 192
   021C EA                  587 	.db #0xea	; 234
   021D C0                  588 	.db #0xc0	; 192
   021E EA                  589 	.db #0xea	; 234
   021F C0                  590 	.db #0xc0	; 192
   0220 D5                  591 	.db #0xd5	; 213
   0221 FF                  592 	.db #0xff	; 255
   0222 EA                  593 	.db #0xea	; 234
   0223 FF                  594 	.db #0xff	; 255
   0224 FF                  595 	.db #0xff	; 255
   0225 D5                  596 	.db #0xd5	; 213
   0226 FF                  597 	.db #0xff	; 255
   0227 EA                  598 	.db #0xea	; 234
   0228 FF                  599 	.db #0xff	; 255
   0229 EA                  600 	.db #0xea	; 234
   022A EA                  601 	.db #0xea	; 234
   022B D5                  602 	.db #0xd5	; 213
   022C D5                  603 	.db #0xd5	; 213
   022D C0                  604 	.db #0xc0	; 192
   022E EA                  605 	.db #0xea	; 234
   022F FF                  606 	.db #0xff	; 255
   0230 EA                  607 	.db #0xea	; 234
   0231 EA                  608 	.db #0xea	; 234
   0232 D5                  609 	.db #0xd5	; 213
   0233 D5                  610 	.db #0xd5	; 213
   0234 FF                  611 	.db #0xff	; 255
   0235 EA                  612 	.db #0xea	; 234
   0236 C0                  613 	.db #0xc0	; 192
   0237 D5                  614 	.db #0xd5	; 213
   0238 C0                  615 	.db #0xc0	; 192
   0239 EA                  616 	.db #0xea	; 234
   023A FF                  617 	.db #0xff	; 255
   023B FF                  618 	.db #0xff	; 255
   023C D5                  619 	.db #0xd5	; 213
   023D C0                  620 	.db #0xc0	; 192
   023E EA                  621 	.db #0xea	; 234
   023F C0                  622 	.db #0xc0	; 192
   0240 EA                  623 	.db #0xea	; 234
   0241 C0                  624 	.db #0xc0	; 192
   0242 C0                  625 	.db #0xc0	; 192
   0243 C0                  626 	.db #0xc0	; 192
   0244 C0                  627 	.db #0xc0	; 192
   0245 C0                  628 	.db #0xc0	; 192
   0246 C0                  629 	.db #0xc0	; 192
   0247 C0                  630 	.db #0xc0	; 192
   0248 C0                  631 	.db #0xc0	; 192
   0249 C0                  632 	.db #0xc0	; 192
   024A C0                  633 	.db #0xc0	; 192
   024B C0                  634 	.db #0xc0	; 192
   024C C0                  635 	.db #0xc0	; 192
   024D C0                  636 	.db #0xc0	; 192
   024E C0                  637 	.db #0xc0	; 192
   024F C0                  638 	.db #0xc0	; 192
   0250 C0                  639 	.db #0xc0	; 192
   0251 C0                  640 	.db #0xc0	; 192
   0252 C0                  641 	.db #0xc0	; 192
   0253 C0                  642 	.db #0xc0	; 192
   0254 C0                  643 	.db #0xc0	; 192
   0255 C0                  644 	.db #0xc0	; 192
   0256 C0                  645 	.db #0xc0	; 192
   0257 C0                  646 	.db #0xc0	; 192
   0258 C0                  647 	.db #0xc0	; 192
   0259 C0                  648 	.db #0xc0	; 192
   025A C0                  649 	.db #0xc0	; 192
   025B C0                  650 	.db #0xc0	; 192
   025C C0                  651 	.db #0xc0	; 192
   025D C0                  652 	.db #0xc0	; 192
   025E C0                  653 	.db #0xc0	; 192
   025F C0                  654 	.db #0xc0	; 192
   0260 C0                  655 	.db #0xc0	; 192
   0261 C0                  656 	.db #0xc0	; 192
   0262 C0                  657 	.db #0xc0	; 192
   0263 C0                  658 	.db #0xc0	; 192
   0264 C0                  659 	.db #0xc0	; 192
   0265 C0                  660 	.db #0xc0	; 192
   0266 C0                  661 	.db #0xc0	; 192
   0267 C0                  662 	.db #0xc0	; 192
   0268 C0                  663 	.db #0xc0	; 192
   0269 C0                  664 	.db #0xc0	; 192
   026A C0                  665 	.db #0xc0	; 192
   026B C0                  666 	.db #0xc0	; 192
   026C C0                  667 	.db #0xc0	; 192
   026D C0                  668 	.db #0xc0	; 192
   026E C0                  669 	.db #0xc0	; 192
   026F C0                  670 	.db #0xc0	; 192
   0270 C0                  671 	.db #0xc0	; 192
   0271 C0                  672 	.db #0xc0	; 192
   0272 C0                  673 	.db #0xc0	; 192
   0273 C0                  674 	.db #0xc0	; 192
   0274 C0                  675 	.db #0xc0	; 192
   0275 C0                  676 	.db #0xc0	; 192
   0276 C0                  677 	.db #0xc0	; 192
   0277 C0                  678 	.db #0xc0	; 192
   0278 C0                  679 	.db #0xc0	; 192
   0279 C0                  680 	.db #0xc0	; 192
   027A C0                  681 	.db #0xc0	; 192
   027B C0                  682 	.db #0xc0	; 192
   027C C0                  683 	.db #0xc0	; 192
   027D C0                  684 	.db #0xc0	; 192
   027E C0                  685 	.db #0xc0	; 192
   027F C0                  686 	.db #0xc0	; 192
   0280 C0                  687 	.db #0xc0	; 192
   0281 C0                  688 	.db #0xc0	; 192
   0282 C0                  689 	.db #0xc0	; 192
   0283 C0                  690 	.db #0xc0	; 192
   0284 C0                  691 	.db #0xc0	; 192
   0285 C0                  692 	.db #0xc0	; 192
   0286 C0                  693 	.db #0xc0	; 192
   0287 C0                  694 	.db #0xc0	; 192
   0288 C0                  695 	.db #0xc0	; 192
   0289 C0                  696 	.db #0xc0	; 192
   028A C0                  697 	.db #0xc0	; 192
   028B C0                  698 	.db #0xc0	; 192
   028C C0                  699 	.db #0xc0	; 192
   028D C0                  700 	.db #0xc0	; 192
   028E C0                  701 	.db #0xc0	; 192
   028F EA                  702 	.db #0xea	; 234
   0290 C0                  703 	.db #0xc0	; 192
   0291 D5                  704 	.db #0xd5	; 213
   0292 FF                  705 	.db #0xff	; 255
   0293 EA                  706 	.db #0xea	; 234
   0294 EA                  707 	.db #0xea	; 234
   0295 C0                  708 	.db #0xc0	; 192
   0296 EA                  709 	.db #0xea	; 234
   0297 FF                  710 	.db #0xff	; 255
   0298 FF                  711 	.db #0xff	; 255
   0299 D5                  712 	.db #0xd5	; 213
   029A C0                  713 	.db #0xc0	; 192
   029B C0                  714 	.db #0xc0	; 192
   029C C0                  715 	.db #0xc0	; 192
   029D C0                  716 	.db #0xc0	; 192
   029E C0                  717 	.db #0xc0	; 192
   029F C0                  718 	.db #0xc0	; 192
   02A0 C0                  719 	.db #0xc0	; 192
   02A1 C0                  720 	.db #0xc0	; 192
   02A2 C0                  721 	.db #0xc0	; 192
   02A3 C0                  722 	.db #0xc0	; 192
   02A4 C0                  723 	.db #0xc0	; 192
   02A5 C0                  724 	.db #0xc0	; 192
   02A6 C0                  725 	.db #0xc0	; 192
   02A7 C0                  726 	.db #0xc0	; 192
   02A8 C0                  727 	.db #0xc0	; 192
   02A9 C0                  728 	.db #0xc0	; 192
   02AA C0                  729 	.db #0xc0	; 192
   02AB C0                  730 	.db #0xc0	; 192
   02AC C0                  731 	.db #0xc0	; 192
   02AD C0                  732 	.db #0xc0	; 192
   02AE C0                  733 	.db #0xc0	; 192
   02AF C0                  734 	.db #0xc0	; 192
   02B0 C0                  735 	.db #0xc0	; 192
   02B1 EA                  736 	.db #0xea	; 234
   02B2 C0                  737 	.db #0xc0	; 192
   02B3 D5                  738 	.db #0xd5	; 213
   02B4 C0                  739 	.db #0xc0	; 192
   02B5 C0                  740 	.db #0xc0	; 192
   02B6 EA                  741 	.db #0xea	; 234
   02B7 C0                  742 	.db #0xc0	; 192
   02B8 EA                  743 	.db #0xea	; 234
   02B9 EA                  744 	.db #0xea	; 234
   02BA C0                  745 	.db #0xc0	; 192
   02BB D5                  746 	.db #0xd5	; 213
   02BC C0                  747 	.db #0xc0	; 192
   02BD C0                  748 	.db #0xc0	; 192
   02BE C0                  749 	.db #0xc0	; 192
   02BF C0                  750 	.db #0xc0	; 192
   02C0 C0                  751 	.db #0xc0	; 192
   02C1 C0                  752 	.db #0xc0	; 192
   02C2 C0                  753 	.db #0xc0	; 192
   02C3 C0                  754 	.db #0xc0	; 192
   02C4 C0                  755 	.db #0xc0	; 192
   02C5 C0                  756 	.db #0xc0	; 192
   02C6 C0                  757 	.db #0xc0	; 192
   02C7 C0                  758 	.db #0xc0	; 192
   02C8 C0                  759 	.db #0xc0	; 192
   02C9 C0                  760 	.db #0xc0	; 192
   02CA C0                  761 	.db #0xc0	; 192
   02CB C0                  762 	.db #0xc0	; 192
   02CC C0                  763 	.db #0xc0	; 192
   02CD C0                  764 	.db #0xc0	; 192
   02CE C0                  765 	.db #0xc0	; 192
   02CF C0                  766 	.db #0xc0	; 192
   02D0 C0                  767 	.db #0xc0	; 192
   02D1 C0                  768 	.db #0xc0	; 192
   02D2 C0                  769 	.db #0xc0	; 192
   02D3 EA                  770 	.db #0xea	; 234
   02D4 C0                  771 	.db #0xc0	; 192
   02D5 D5                  772 	.db #0xd5	; 213
   02D6 FF                  773 	.db #0xff	; 255
   02D7 C0                  774 	.db #0xc0	; 192
   02D8 D5                  775 	.db #0xd5	; 213
   02D9 D5                  776 	.db #0xd5	; 213
   02DA C0                  777 	.db #0xc0	; 192
   02DB FF                  778 	.db #0xff	; 255
   02DC EA                  779 	.db #0xea	; 234
   02DD D5                  780 	.db #0xd5	; 213
   02DE C0                  781 	.db #0xc0	; 192
   02DF C0                  782 	.db #0xc0	; 192
   02E0 C0                  783 	.db #0xc0	; 192
   02E1 C0                  784 	.db #0xc0	; 192
   02E2 C0                  785 	.db #0xc0	; 192
   02E3 C0                  786 	.db #0xc0	; 192
   02E4 C0                  787 	.db #0xc0	; 192
   02E5 C0                  788 	.db #0xc0	; 192
   02E6 C0                  789 	.db #0xc0	; 192
   02E7 C0                  790 	.db #0xc0	; 192
   02E8 C0                  791 	.db #0xc0	; 192
   02E9 C0                  792 	.db #0xc0	; 192
   02EA C0                  793 	.db #0xc0	; 192
   02EB C0                  794 	.db #0xc0	; 192
   02EC C0                  795 	.db #0xc0	; 192
   02ED C0                  796 	.db #0xc0	; 192
   02EE C0                  797 	.db #0xc0	; 192
   02EF C0                  798 	.db #0xc0	; 192
   02F0 C0                  799 	.db #0xc0	; 192
   02F1 C0                  800 	.db #0xc0	; 192
   02F2 C0                  801 	.db #0xc0	; 192
   02F3 C0                  802 	.db #0xc0	; 192
   02F4 C0                  803 	.db #0xc0	; 192
   02F5 EA                  804 	.db #0xea	; 234
   02F6 C0                  805 	.db #0xc0	; 192
   02F7 D5                  806 	.db #0xd5	; 213
   02F8 C0                  807 	.db #0xc0	; 192
   02F9 C0                  808 	.db #0xc0	; 192
   02FA D5                  809 	.db #0xd5	; 213
   02FB FF                  810 	.db #0xff	; 255
   02FC C0                  811 	.db #0xc0	; 192
   02FD EA                  812 	.db #0xea	; 234
   02FE C0                  813 	.db #0xc0	; 192
   02FF D5                  814 	.db #0xd5	; 213
   0300 C0                  815 	.db #0xc0	; 192
   0301 C0                  816 	.db #0xc0	; 192
   0302 C0                  817 	.db #0xc0	; 192
   0303 C0                  818 	.db #0xc0	; 192
   0304 C0                  819 	.db #0xc0	; 192
   0305 C0                  820 	.db #0xc0	; 192
   0306 C0                  821 	.db #0xc0	; 192
   0307 C0                  822 	.db #0xc0	; 192
   0308 C0                  823 	.db #0xc0	; 192
   0309 C0                  824 	.db #0xc0	; 192
   030A C0                  825 	.db #0xc0	; 192
   030B C0                  826 	.db #0xc0	; 192
   030C C0                  827 	.db #0xc0	; 192
   030D C0                  828 	.db #0xc0	; 192
   030E C0                  829 	.db #0xc0	; 192
   030F C0                  830 	.db #0xc0	; 192
   0310 C0                  831 	.db #0xc0	; 192
   0311 C0                  832 	.db #0xc0	; 192
   0312 C0                  833 	.db #0xc0	; 192
   0313 C0                  834 	.db #0xc0	; 192
   0314 C0                  835 	.db #0xc0	; 192
   0315 C0                  836 	.db #0xc0	; 192
   0316 C0                  837 	.db #0xc0	; 192
   0317 FF                  838 	.db #0xff	; 255
   0318 FF                  839 	.db #0xff	; 255
   0319 D5                  840 	.db #0xd5	; 213
   031A FF                  841 	.db #0xff	; 255
   031B EA                  842 	.db #0xea	; 234
   031C C0                  843 	.db #0xc0	; 192
   031D EA                  844 	.db #0xea	; 234
   031E C0                  845 	.db #0xc0	; 192
   031F FF                  846 	.db #0xff	; 255
   0320 FF                  847 	.db #0xff	; 255
   0321 D5                  848 	.db #0xd5	; 213
   0322 FF                  849 	.db #0xff	; 255
   0323 EA                  850 	.db #0xea	; 234
   0324 EA                  851 	.db #0xea	; 234
   0325 EA                  852 	.db #0xea	; 234
   0326 EA                  853 	.db #0xea	; 234
   0327 C0                  854 	.db #0xc0	; 192
   0328 C0                  855 	.db #0xc0	; 192
   0329 C0                  856 	.db #0xc0	; 192
   032A C0                  857 	.db #0xc0	; 192
   032B C0                  858 	.db #0xc0	; 192
   032C C0                  859 	.db #0xc0	; 192
   032D C0                  860 	.db #0xc0	; 192
   032E C0                  861 	.db #0xc0	; 192
   032F C0                  862 	.db #0xc0	; 192
                            863 	.area _INITIALIZER
                            864 	.area _CABS (ABS)
