                              1 ;--------------------------------------------------------
                              2 ; File Created by SDCC : free open source ANSI-C Compiler
                              3 ; Version 3.6.8 #9946 (Linux)
                              4 ;--------------------------------------------------------
                              5 	.module numbers
                              6 	.optsdcc -mz80
                              7 	
                              8 ;--------------------------------------------------------
                              9 ; Public variables in this module
                             10 ;--------------------------------------------------------
                             11 	.globl _numbers_09
                             12 	.globl _numbers_08
                             13 	.globl _numbers_07
                             14 	.globl _numbers_06
                             15 	.globl _numbers_05
                             16 	.globl _numbers_04
                             17 	.globl _numbers_03
                             18 	.globl _numbers_02
                             19 	.globl _numbers_01
                             20 	.globl _numbers_00
                             21 ;--------------------------------------------------------
                             22 ; special function registers
                             23 ;--------------------------------------------------------
                             24 ;--------------------------------------------------------
                             25 ; ram data
                             26 ;--------------------------------------------------------
                             27 	.area _DATA
                             28 ;--------------------------------------------------------
                             29 ; ram data
                             30 ;--------------------------------------------------------
                             31 	.area _INITIALIZED
                             32 ;--------------------------------------------------------
                             33 ; absolute external ram data
                             34 ;--------------------------------------------------------
                             35 	.area _DABS (ABS)
                             36 ;--------------------------------------------------------
                             37 ; global & static initialisations
                             38 ;--------------------------------------------------------
                             39 	.area _HOME
                             40 	.area _GSINIT
                             41 	.area _GSFINAL
                             42 	.area _GSINIT
                             43 ;--------------------------------------------------------
                             44 ; Home
                             45 ;--------------------------------------------------------
                             46 	.area _HOME
                             47 	.area _HOME
                             48 ;--------------------------------------------------------
                             49 ; code
                             50 ;--------------------------------------------------------
                             51 	.area _CODE
                             52 	.area _CODE
   0000                      53 _numbers_00:
   0000 3F                   54 	.db #0x3f	; 63
   0001 3F                   55 	.db #0x3f	; 63
   0002 3F                   56 	.db #0x3f	; 63
   0003 6A                   57 	.db #0x6a	; 106	'j'
   0004 C0                   58 	.db #0xc0	; 192
   0005 95                   59 	.db #0x95	; 149
   0006 6A                   60 	.db #0x6a	; 106	'j'
   0007 6A                   61 	.db #0x6a	; 106	'j'
   0008 95                   62 	.db #0x95	; 149
   0009 6A                   63 	.db #0x6a	; 106	'j'
   000A 6A                   64 	.db #0x6a	; 106	'j'
   000B 95                   65 	.db #0x95	; 149
   000C 6A                   66 	.db #0x6a	; 106	'j'
   000D 6A                   67 	.db #0x6a	; 106	'j'
   000E 95                   68 	.db #0x95	; 149
   000F 6A                   69 	.db #0x6a	; 106	'j'
   0010 C0                   70 	.db #0xc0	; 192
   0011 95                   71 	.db #0x95	; 149
   0012 3F                   72 	.db #0x3f	; 63
   0013 3F                   73 	.db #0x3f	; 63
   0014 3F                   74 	.db #0x3f	; 63
   0015                      75 _numbers_01:
   0015 3F                   76 	.db #0x3f	; 63
   0016 3F                   77 	.db #0x3f	; 63
   0017 3F                   78 	.db #0x3f	; 63
   0018 3F                   79 	.db #0x3f	; 63
   0019 C0                   80 	.db #0xc0	; 192
   001A 3F                   81 	.db #0x3f	; 63
   001B 6A                   82 	.db #0x6a	; 106	'j'
   001C C0                   83 	.db #0xc0	; 192
   001D 3F                   84 	.db #0x3f	; 63
   001E 3F                   85 	.db #0x3f	; 63
   001F C0                   86 	.db #0xc0	; 192
   0020 3F                   87 	.db #0x3f	; 63
   0021 3F                   88 	.db #0x3f	; 63
   0022 C0                   89 	.db #0xc0	; 192
   0023 3F                   90 	.db #0x3f	; 63
   0024 6A                   91 	.db #0x6a	; 106	'j'
   0025 C0                   92 	.db #0xc0	; 192
   0026 95                   93 	.db #0x95	; 149
   0027 3F                   94 	.db #0x3f	; 63
   0028 3F                   95 	.db #0x3f	; 63
   0029 3F                   96 	.db #0x3f	; 63
   002A                      97 _numbers_02:
   002A 3F                   98 	.db #0x3f	; 63
   002B 3F                   99 	.db #0x3f	; 63
   002C 3F                  100 	.db #0x3f	; 63
   002D 6A                  101 	.db #0x6a	; 106	'j'
   002E C0                  102 	.db #0xc0	; 192
   002F 95                  103 	.db #0x95	; 149
   0030 3F                  104 	.db #0x3f	; 63
   0031 6A                  105 	.db #0x6a	; 106	'j'
   0032 95                  106 	.db #0x95	; 149
   0033 6A                  107 	.db #0x6a	; 106	'j'
   0034 C0                  108 	.db #0xc0	; 192
   0035 95                  109 	.db #0x95	; 149
   0036 6A                  110 	.db #0x6a	; 106	'j'
   0037 3F                  111 	.db #0x3f	; 63
   0038 3F                  112 	.db #0x3f	; 63
   0039 6A                  113 	.db #0x6a	; 106	'j'
   003A C0                  114 	.db #0xc0	; 192
   003B 95                  115 	.db #0x95	; 149
   003C 3F                  116 	.db #0x3f	; 63
   003D 3F                  117 	.db #0x3f	; 63
   003E 3F                  118 	.db #0x3f	; 63
   003F                     119 _numbers_03:
   003F 3F                  120 	.db #0x3f	; 63
   0040 3F                  121 	.db #0x3f	; 63
   0041 3F                  122 	.db #0x3f	; 63
   0042 6A                  123 	.db #0x6a	; 106	'j'
   0043 C0                  124 	.db #0xc0	; 192
   0044 95                  125 	.db #0x95	; 149
   0045 3F                  126 	.db #0x3f	; 63
   0046 6A                  127 	.db #0x6a	; 106	'j'
   0047 95                  128 	.db #0x95	; 149
   0048 3F                  129 	.db #0x3f	; 63
   0049 C0                  130 	.db #0xc0	; 192
   004A 95                  131 	.db #0x95	; 149
   004B 3F                  132 	.db #0x3f	; 63
   004C 6A                  133 	.db #0x6a	; 106	'j'
   004D 95                  134 	.db #0x95	; 149
   004E 6A                  135 	.db #0x6a	; 106	'j'
   004F C0                  136 	.db #0xc0	; 192
   0050 95                  137 	.db #0x95	; 149
   0051 3F                  138 	.db #0x3f	; 63
   0052 3F                  139 	.db #0x3f	; 63
   0053 3F                  140 	.db #0x3f	; 63
   0054                     141 _numbers_04:
   0054 3F                  142 	.db #0x3f	; 63
   0055 3F                  143 	.db #0x3f	; 63
   0056 3F                  144 	.db #0x3f	; 63
   0057 6A                  145 	.db #0x6a	; 106	'j'
   0058 6A                  146 	.db #0x6a	; 106	'j'
   0059 95                  147 	.db #0x95	; 149
   005A 6A                  148 	.db #0x6a	; 106	'j'
   005B 6A                  149 	.db #0x6a	; 106	'j'
   005C 95                  150 	.db #0x95	; 149
   005D 6A                  151 	.db #0x6a	; 106	'j'
   005E C0                  152 	.db #0xc0	; 192
   005F 95                  153 	.db #0x95	; 149
   0060 3F                  154 	.db #0x3f	; 63
   0061 6A                  155 	.db #0x6a	; 106	'j'
   0062 95                  156 	.db #0x95	; 149
   0063 3F                  157 	.db #0x3f	; 63
   0064 6A                  158 	.db #0x6a	; 106	'j'
   0065 95                  159 	.db #0x95	; 149
   0066 3F                  160 	.db #0x3f	; 63
   0067 3F                  161 	.db #0x3f	; 63
   0068 3F                  162 	.db #0x3f	; 63
   0069                     163 _numbers_05:
   0069 3F                  164 	.db #0x3f	; 63
   006A 3F                  165 	.db #0x3f	; 63
   006B 3F                  166 	.db #0x3f	; 63
   006C 6A                  167 	.db #0x6a	; 106	'j'
   006D C0                  168 	.db #0xc0	; 192
   006E 95                  169 	.db #0x95	; 149
   006F 6A                  170 	.db #0x6a	; 106	'j'
   0070 95                  171 	.db #0x95	; 149
   0071 3F                  172 	.db #0x3f	; 63
   0072 6A                  173 	.db #0x6a	; 106	'j'
   0073 C0                  174 	.db #0xc0	; 192
   0074 95                  175 	.db #0x95	; 149
   0075 3F                  176 	.db #0x3f	; 63
   0076 6A                  177 	.db #0x6a	; 106	'j'
   0077 95                  178 	.db #0x95	; 149
   0078 6A                  179 	.db #0x6a	; 106	'j'
   0079 C0                  180 	.db #0xc0	; 192
   007A 95                  181 	.db #0x95	; 149
   007B 3F                  182 	.db #0x3f	; 63
   007C 3F                  183 	.db #0x3f	; 63
   007D 3F                  184 	.db #0x3f	; 63
   007E                     185 _numbers_06:
   007E 3F                  186 	.db #0x3f	; 63
   007F 3F                  187 	.db #0x3f	; 63
   0080 3F                  188 	.db #0x3f	; 63
   0081 6A                  189 	.db #0x6a	; 106	'j'
   0082 C0                  190 	.db #0xc0	; 192
   0083 95                  191 	.db #0x95	; 149
   0084 6A                  192 	.db #0x6a	; 106	'j'
   0085 95                  193 	.db #0x95	; 149
   0086 3F                  194 	.db #0x3f	; 63
   0087 6A                  195 	.db #0x6a	; 106	'j'
   0088 C0                  196 	.db #0xc0	; 192
   0089 95                  197 	.db #0x95	; 149
   008A 6A                  198 	.db #0x6a	; 106	'j'
   008B 95                  199 	.db #0x95	; 149
   008C 95                  200 	.db #0x95	; 149
   008D 6A                  201 	.db #0x6a	; 106	'j'
   008E C0                  202 	.db #0xc0	; 192
   008F 95                  203 	.db #0x95	; 149
   0090 3F                  204 	.db #0x3f	; 63
   0091 3F                  205 	.db #0x3f	; 63
   0092 3F                  206 	.db #0x3f	; 63
   0093                     207 _numbers_07:
   0093 3F                  208 	.db #0x3f	; 63
   0094 3F                  209 	.db #0x3f	; 63
   0095 3F                  210 	.db #0x3f	; 63
   0096 6A                  211 	.db #0x6a	; 106	'j'
   0097 C0                  212 	.db #0xc0	; 192
   0098 95                  213 	.db #0x95	; 149
   0099 3F                  214 	.db #0x3f	; 63
   009A 6A                  215 	.db #0x6a	; 106	'j'
   009B 95                  216 	.db #0x95	; 149
   009C 3F                  217 	.db #0x3f	; 63
   009D C0                  218 	.db #0xc0	; 192
   009E 95                  219 	.db #0x95	; 149
   009F 3F                  220 	.db #0x3f	; 63
   00A0 6A                  221 	.db #0x6a	; 106	'j'
   00A1 95                  222 	.db #0x95	; 149
   00A2 3F                  223 	.db #0x3f	; 63
   00A3 6A                  224 	.db #0x6a	; 106	'j'
   00A4 95                  225 	.db #0x95	; 149
   00A5 3F                  226 	.db #0x3f	; 63
   00A6 3F                  227 	.db #0x3f	; 63
   00A7 3F                  228 	.db #0x3f	; 63
   00A8                     229 _numbers_08:
   00A8 3F                  230 	.db #0x3f	; 63
   00A9 3F                  231 	.db #0x3f	; 63
   00AA 3F                  232 	.db #0x3f	; 63
   00AB 6A                  233 	.db #0x6a	; 106	'j'
   00AC C0                  234 	.db #0xc0	; 192
   00AD 95                  235 	.db #0x95	; 149
   00AE 6A                  236 	.db #0x6a	; 106	'j'
   00AF 95                  237 	.db #0x95	; 149
   00B0 95                  238 	.db #0x95	; 149
   00B1 6A                  239 	.db #0x6a	; 106	'j'
   00B2 C0                  240 	.db #0xc0	; 192
   00B3 95                  241 	.db #0x95	; 149
   00B4 6A                  242 	.db #0x6a	; 106	'j'
   00B5 95                  243 	.db #0x95	; 149
   00B6 95                  244 	.db #0x95	; 149
   00B7 6A                  245 	.db #0x6a	; 106	'j'
   00B8 C0                  246 	.db #0xc0	; 192
   00B9 95                  247 	.db #0x95	; 149
   00BA 3F                  248 	.db #0x3f	; 63
   00BB 3F                  249 	.db #0x3f	; 63
   00BC 3F                  250 	.db #0x3f	; 63
   00BD                     251 _numbers_09:
   00BD 3F                  252 	.db #0x3f	; 63
   00BE 3F                  253 	.db #0x3f	; 63
   00BF 3F                  254 	.db #0x3f	; 63
   00C0 6A                  255 	.db #0x6a	; 106	'j'
   00C1 C0                  256 	.db #0xc0	; 192
   00C2 95                  257 	.db #0x95	; 149
   00C3 6A                  258 	.db #0x6a	; 106	'j'
   00C4 6A                  259 	.db #0x6a	; 106	'j'
   00C5 95                  260 	.db #0x95	; 149
   00C6 6A                  261 	.db #0x6a	; 106	'j'
   00C7 C0                  262 	.db #0xc0	; 192
   00C8 95                  263 	.db #0x95	; 149
   00C9 3F                  264 	.db #0x3f	; 63
   00CA 6A                  265 	.db #0x6a	; 106	'j'
   00CB 95                  266 	.db #0x95	; 149
   00CC 6A                  267 	.db #0x6a	; 106	'j'
   00CD C0                  268 	.db #0xc0	; 192
   00CE 95                  269 	.db #0x95	; 149
   00CF 3F                  270 	.db #0x3f	; 63
   00D0 3F                  271 	.db #0x3f	; 63
   00D1 3F                  272 	.db #0x3f	; 63
                            273 	.area _INITIALIZER
                            274 	.area _CABS (ABS)
