                              1 ;--------------------------------------------------------
                              2 ; File Created by SDCC : free open source ANSI-C Compiler
                              3 ; Version 3.6.8 #9946 (Linux)
                              4 ;--------------------------------------------------------
                              5 	.module obstacle
                              6 	.optsdcc -mz80
                              7 	
                              8 ;--------------------------------------------------------
                              9 ; Public variables in this module
                             10 ;--------------------------------------------------------
                             11 	.globl _obstacle_sp_1
                             12 	.globl _obstacle_sp_0
                             13 ;--------------------------------------------------------
                             14 ; special function registers
                             15 ;--------------------------------------------------------
                             16 ;--------------------------------------------------------
                             17 ; ram data
                             18 ;--------------------------------------------------------
                             19 	.area _DATA
                             20 ;--------------------------------------------------------
                             21 ; ram data
                             22 ;--------------------------------------------------------
                             23 	.area _INITIALIZED
                             24 ;--------------------------------------------------------
                             25 ; absolute external ram data
                             26 ;--------------------------------------------------------
                             27 	.area _DABS (ABS)
                             28 ;--------------------------------------------------------
                             29 ; global & static initialisations
                             30 ;--------------------------------------------------------
                             31 	.area _HOME
                             32 	.area _GSINIT
                             33 	.area _GSFINAL
                             34 	.area _GSINIT
                             35 ;--------------------------------------------------------
                             36 ; Home
                             37 ;--------------------------------------------------------
                             38 	.area _HOME
                             39 	.area _HOME
                             40 ;--------------------------------------------------------
                             41 ; code
                             42 ;--------------------------------------------------------
                             43 	.area _CODE
                             44 	.area _CODE
   0000                      45 _obstacle_sp_0:
   0000 00                   46 	.db #0x00	; 0
   0001 40                   47 	.db #0x40	; 64
   0002 C0                   48 	.db #0xc0	; 192
   0003 C0                   49 	.db #0xc0	; 192
   0004 80                   50 	.db #0x80	; 128
   0005 00                   51 	.db #0x00	; 0
   0006 00                   52 	.db #0x00	; 0
   0007 80                   53 	.db #0x80	; 128
   0008 C3                   54 	.db #0xc3	; 195
   0009 C3                   55 	.db #0xc3	; 195
   000A E2                   56 	.db #0xe2	; 226
   000B 00                   57 	.db #0x00	; 0
   000C 00                   58 	.db #0x00	; 0
   000D 80                   59 	.db #0x80	; 128
   000E C3                   60 	.db #0xc3	; 195
   000F C3                   61 	.db #0xc3	; 195
   0010 C2                   62 	.db #0xc2	; 194
   0011 00                   63 	.db #0x00	; 0
   0012 40                   64 	.db #0x40	; 64
   0013 81                   65 	.db #0x81	; 129
   0014 FB                   66 	.db #0xfb	; 251
   0015 F7                   67 	.db #0xf7	; 247
   0016 E2                   68 	.db #0xe2	; 226
   0017 80                   69 	.db #0x80	; 128
   0018 C0                   70 	.db #0xc0	; 192
   0019 40                   71 	.db #0x40	; 64
   001A C0                   72 	.db #0xc0	; 192
   001B C0                   73 	.db #0xc0	; 192
   001C D1                   74 	.db #0xd1	; 209
   001D C0                   75 	.db #0xc0	; 192
   001E C0                   76 	.db #0xc0	; 192
   001F 40                   77 	.db #0x40	; 64
   0020 C0                   78 	.db #0xc0	; 192
   0021 C0                   79 	.db #0xc0	; 192
   0022 C1                   80 	.db #0xc1	; 193
   0023 E2                   81 	.db #0xe2	; 226
   0024 80                   82 	.db #0x80	; 128
   0025 C0                   83 	.db #0xc0	; 192
   0026 C2                   84 	.db #0xc2	; 194
   0027 C1                   85 	.db #0xc1	; 193
   0028 C0                   86 	.db #0xc0	; 192
   0029 E2                   87 	.db #0xe2	; 226
   002A 80                   88 	.db #0x80	; 128
   002B 80                   89 	.db #0x80	; 128
   002C C2                   90 	.db #0xc2	; 194
   002D C0                   91 	.db #0xc0	; 192
   002E C2                   92 	.db #0xc2	; 194
   002F C2                   93 	.db #0xc2	; 194
   0030 80                   94 	.db #0x80	; 128
   0031 80                   95 	.db #0x80	; 128
   0032 C2                   96 	.db #0xc2	; 194
   0033 C1                   97 	.db #0xc1	; 193
   0034 C2                   98 	.db #0xc2	; 194
   0035 C2                   99 	.db #0xc2	; 194
   0036 80                  100 	.db #0x80	; 128
   0037 80                  101 	.db #0x80	; 128
   0038 C0                  102 	.db #0xc0	; 192
   0039 C1                  103 	.db #0xc1	; 193
   003A C2                  104 	.db #0xc2	; 194
   003B C0                  105 	.db #0xc0	; 192
   003C C0                  106 	.db #0xc0	; 192
   003D C1                  107 	.db #0xc1	; 193
   003E C2                  108 	.db #0xc2	; 194
   003F C1                  109 	.db #0xc1	; 193
   0040 C2                  110 	.db #0xc2	; 194
   0041 C2                  111 	.db #0xc2	; 194
   0042 40                  112 	.db #0x40	; 64
   0043 C0                  113 	.db #0xc0	; 192
   0044 C2                  114 	.db #0xc2	; 194
   0045 C1                  115 	.db #0xc1	; 193
   0046 C0                  116 	.db #0xc0	; 192
   0047 80                  117 	.db #0x80	; 128
   0048 01                  118 	.db #0x01	; 1
   0049 C0                  119 	.db #0xc0	; 192
   004A C0                  120 	.db #0xc0	; 192
   004B C0                  121 	.db #0xc0	; 192
   004C C0                  122 	.db #0xc0	; 192
   004D 02                  123 	.db #0x02	; 2
   004E 03                  124 	.db #0x03	; 3
   004F 81                  125 	.db #0x81	; 129
   0050 FB                  126 	.db #0xfb	; 251
   0051 F7                  127 	.db #0xf7	; 247
   0052 E2                  128 	.db #0xe2	; 226
   0053 03                  129 	.db #0x03	; 3
   0054 01                  130 	.db #0x01	; 1
   0055 42                  131 	.db #0x42	; 66	'B'
   0056 C0                  132 	.db #0xc0	; 192
   0057 C0                  133 	.db #0xc0	; 192
   0058 81                  134 	.db #0x81	; 129
   0059 02                  135 	.db #0x02	; 2
   005A                     136 _obstacle_sp_1:
   005A 00                  137 	.db #0x00	; 0
   005B 00                  138 	.db #0x00	; 0
   005C 00                  139 	.db #0x00	; 0
   005D 00                  140 	.db #0x00	; 0
   005E 00                  141 	.db #0x00	; 0
   005F 00                  142 	.db #0x00	; 0
   0060 00                  143 	.db #0x00	; 0
   0061 00                  144 	.db #0x00	; 0
   0062 00                  145 	.db #0x00	; 0
   0063 00                  146 	.db #0x00	; 0
   0064 00                  147 	.db #0x00	; 0
   0065 00                  148 	.db #0x00	; 0
   0066 00                  149 	.db #0x00	; 0
   0067 00                  150 	.db #0x00	; 0
   0068 00                  151 	.db #0x00	; 0
   0069 00                  152 	.db #0x00	; 0
   006A 00                  153 	.db #0x00	; 0
   006B 00                  154 	.db #0x00	; 0
   006C 00                  155 	.db #0x00	; 0
   006D 00                  156 	.db #0x00	; 0
   006E 00                  157 	.db #0x00	; 0
   006F 00                  158 	.db #0x00	; 0
   0070 00                  159 	.db #0x00	; 0
   0071 00                  160 	.db #0x00	; 0
   0072 00                  161 	.db #0x00	; 0
   0073 00                  162 	.db #0x00	; 0
   0074 00                  163 	.db #0x00	; 0
   0075 00                  164 	.db #0x00	; 0
   0076 00                  165 	.db #0x00	; 0
   0077 40                  166 	.db #0x40	; 64
   0078 00                  167 	.db #0x00	; 0
   0079 00                  168 	.db #0x00	; 0
   007A 00                  169 	.db #0x00	; 0
   007B 00                  170 	.db #0x00	; 0
   007C 40                  171 	.db #0x40	; 64
   007D C0                  172 	.db #0xc0	; 192
   007E 40                  173 	.db #0x40	; 64
   007F 00                  174 	.db #0x00	; 0
   0080 C0                  175 	.db #0xc0	; 192
   0081 00                  176 	.db #0x00	; 0
   0082 C0                  177 	.db #0xc0	; 192
   0083 C0                  178 	.db #0xc0	; 192
   0084 C0                  179 	.db #0xc0	; 192
   0085 C0                  180 	.db #0xc0	; 192
   0086 C0                  181 	.db #0xc0	; 192
   0087 C0                  182 	.db #0xc0	; 192
   0088 C1                  183 	.db #0xc1	; 193
   0089 C0                  184 	.db #0xc0	; 192
   008A 80                  185 	.db #0x80	; 128
   008B C0                  186 	.db #0xc0	; 192
   008C 40                  187 	.db #0x40	; 64
   008D C0                  188 	.db #0xc0	; 192
   008E C1                  189 	.db #0xc1	; 193
   008F C2                  190 	.db #0xc2	; 194
   0090 C0                  191 	.db #0xc0	; 192
   0091 80                  192 	.db #0x80	; 128
   0092 C0                  193 	.db #0xc0	; 192
   0093 C0                  194 	.db #0xc0	; 192
   0094 C0                  195 	.db #0xc0	; 192
   0095 C2                  196 	.db #0xc2	; 194
   0096 80                  197 	.db #0x80	; 128
   0097 80                  198 	.db #0x80	; 128
   0098 C2                  199 	.db #0xc2	; 194
   0099 C1                  200 	.db #0xc1	; 193
   009A C1                  201 	.db #0xc1	; 193
   009B C2                  202 	.db #0xc2	; 194
   009C 40                  203 	.db #0x40	; 64
   009D 80                  204 	.db #0x80	; 128
   009E C2                  205 	.db #0xc2	; 194
   009F C1                  206 	.db #0xc1	; 193
   00A0 C2                  207 	.db #0xc2	; 194
   00A1 80                  208 	.db #0x80	; 128
   00A2 01                  209 	.db #0x01	; 1
   00A3 C0                  210 	.db #0xc0	; 192
   00A4 C0                  211 	.db #0xc0	; 192
   00A5 C0                  212 	.db #0xc0	; 192
   00A6 C0                  213 	.db #0xc0	; 192
   00A7 02                  214 	.db #0x02	; 2
   00A8 03                  215 	.db #0x03	; 3
   00A9 81                  216 	.db #0x81	; 129
   00AA 57                  217 	.db #0x57	; 87	'W'
   00AB FF                  218 	.db #0xff	; 255
   00AC EA                  219 	.db #0xea	; 234
   00AD 03                  220 	.db #0x03	; 3
   00AE 01                  221 	.db #0x01	; 1
   00AF 42                  222 	.db #0x42	; 66	'B'
   00B0 C0                  223 	.db #0xc0	; 192
   00B1 C0                  224 	.db #0xc0	; 192
   00B2 81                  225 	.db #0x81	; 129
   00B3 02                  226 	.db #0x02	; 2
                            227 	.area _INITIALIZER
                            228 	.area _CABS (ABS)
