                              1 ;--------------------------------------------------------
                              2 ; File Created by SDCC : free open source ANSI-C Compiler
                              3 ; Version 3.6.8 #9946 (Linux)
                              4 ;--------------------------------------------------------
                              5 	.module pirate_hero
                              6 	.optsdcc -mz80
                              7 	
                              8 ;--------------------------------------------------------
                              9 ; Public variables in this module
                             10 ;--------------------------------------------------------
                             11 	.globl _hero_sp_8
                             12 	.globl _hero_sp_7
                             13 	.globl _hero_sp_6
                             14 	.globl _hero_sp_5
                             15 	.globl _hero_sp_4
                             16 	.globl _hero_sp_3
                             17 	.globl _hero_sp_2
                             18 	.globl _hero_sp_1
                             19 	.globl _hero_sp_0
                             20 	.globl _hero_pal
                             21 ;--------------------------------------------------------
                             22 ; special function registers
                             23 ;--------------------------------------------------------
                             24 ;--------------------------------------------------------
                             25 ; ram data
                             26 ;--------------------------------------------------------
                             27 	.area _DATA
                             28 ;--------------------------------------------------------
                             29 ; ram data
                             30 ;--------------------------------------------------------
                             31 	.area _INITIALIZED
                             32 ;--------------------------------------------------------
                             33 ; absolute external ram data
                             34 ;--------------------------------------------------------
                             35 	.area _DABS (ABS)
                             36 ;--------------------------------------------------------
                             37 ; global & static initialisations
                             38 ;--------------------------------------------------------
                             39 	.area _HOME
                             40 	.area _GSINIT
                             41 	.area _GSFINAL
                             42 	.area _GSINIT
                             43 ;--------------------------------------------------------
                             44 ; Home
                             45 ;--------------------------------------------------------
                             46 	.area _HOME
                             47 	.area _HOME
                             48 ;--------------------------------------------------------
                             49 ; code
                             50 ;--------------------------------------------------------
                             51 	.area _CODE
                             52 	.area _CODE
   0000                      53 _hero_pal:
   0000 5C                   54 	.db #0x5c	; 92
   0001 54                   55 	.db #0x54	; 84	'T'
   0002 44                   56 	.db #0x44	; 68	'D'
   0003 55                   57 	.db #0x55	; 85	'U'
   0004 5D                   58 	.db #0x5d	; 93
   0005 4C                   59 	.db #0x4c	; 76	'L'
   0006 57                   60 	.db #0x57	; 87	'W'
   0007 5E                   61 	.db #0x5e	; 94
   0008 40                   62 	.db #0x40	; 64
   0009 4E                   63 	.db #0x4e	; 78	'N'
   000A 47                   64 	.db #0x47	; 71	'G'
   000B 52                   65 	.db #0x52	; 82	'R'
   000C 53                   66 	.db #0x53	; 83	'S'
   000D 4A                   67 	.db #0x4a	; 74	'J'
   000E 43                   68 	.db #0x43	; 67	'C'
   000F 4B                   69 	.db #0x4b	; 75	'K'
   0010                      70 _hero_sp_0:
   0010 00                   71 	.db #0x00	; 0
   0011 00                   72 	.db #0x00	; 0
   0012 C0                   73 	.db #0xc0	; 192
   0013 80                   74 	.db #0x80	; 128
   0014 00                   75 	.db #0x00	; 0
   0015 00                   76 	.db #0x00	; 0
   0016 00                   77 	.db #0x00	; 0
   0017 00                   78 	.db #0x00	; 0
   0018 00                   79 	.db #0x00	; 0
   0019 40                   80 	.db #0x40	; 64
   001A C0                   81 	.db #0xc0	; 192
   001B C0                   82 	.db #0xc0	; 192
   001C 40                   83 	.db #0x40	; 64
   001D 00                   84 	.db #0x00	; 0
   001E 00                   85 	.db #0x00	; 0
   001F 00                   86 	.db #0x00	; 0
   0020 00                   87 	.db #0x00	; 0
   0021 C0                   88 	.db #0xc0	; 192
   0022 C0                   89 	.db #0xc0	; 192
   0023 C0                   90 	.db #0xc0	; 192
   0024 C0                   91 	.db #0xc0	; 192
   0025 80                   92 	.db #0x80	; 128
   0026 00                   93 	.db #0x00	; 0
   0027 00                   94 	.db #0x00	; 0
   0028 00                   95 	.db #0x00	; 0
   0029 C0                   96 	.db #0xc0	; 192
   002A C0                   97 	.db #0xc0	; 192
   002B C0                   98 	.db #0xc0	; 192
   002C C0                   99 	.db #0xc0	; 192
   002D 80                  100 	.db #0x80	; 128
   002E 00                  101 	.db #0x00	; 0
   002F 00                  102 	.db #0x00	; 0
   0030 00                  103 	.db #0x00	; 0
   0031 40                  104 	.db #0x40	; 64
   0032 C0                  105 	.db #0xc0	; 192
   0033 C0                  106 	.db #0xc0	; 192
   0034 6A                  107 	.db #0x6a	; 106	'j'
   0035 00                  108 	.db #0x00	; 0
   0036 00                  109 	.db #0x00	; 0
   0037 00                  110 	.db #0x00	; 0
   0038 00                  111 	.db #0x00	; 0
   0039 00                  112 	.db #0x00	; 0
   003A D0                  113 	.db #0xd0	; 208
   003B F0                  114 	.db #0xf0	; 240
   003C E8                  115 	.db #0xe8	; 232
   003D 00                  116 	.db #0x00	; 0
   003E 00                  117 	.db #0x00	; 0
   003F 00                  118 	.db #0x00	; 0
   0040 00                  119 	.db #0x00	; 0
   0041 C0                  120 	.db #0xc0	; 192
   0042 F0                  121 	.db #0xf0	; 240
   0043 F0                  122 	.db #0xf0	; 240
   0044 E0                  123 	.db #0xe0	; 224
   0045 00                  124 	.db #0x00	; 0
   0046 00                  125 	.db #0x00	; 0
   0047 00                  126 	.db #0x00	; 0
   0048 00                  127 	.db #0x00	; 0
   0049 D0                  128 	.db #0xd0	; 208
   004A 50                  129 	.db #0x50	; 80	'P'
   004B F0                  130 	.db #0xf0	; 240
   004C 40                  131 	.db #0x40	; 64
   004D 00                  132 	.db #0x00	; 0
   004E 00                  133 	.db #0x00	; 0
   004F 00                  134 	.db #0x00	; 0
   0050 40                  135 	.db #0x40	; 64
   0051 80                  136 	.db #0x80	; 128
   0052 50                  137 	.db #0x50	; 80	'P'
   0053 F0                  138 	.db #0xf0	; 240
   0054 80                  139 	.db #0x80	; 128
   0055 00                  140 	.db #0x00	; 0
   0056 00                  141 	.db #0x00	; 0
   0057 00                  142 	.db #0x00	; 0
   0058 40                  143 	.db #0x40	; 64
   0059 40                  144 	.db #0x40	; 64
   005A 50                  145 	.db #0x50	; 80	'P'
   005B F0                  146 	.db #0xf0	; 240
   005C 80                  147 	.db #0x80	; 128
   005D 00                  148 	.db #0x00	; 0
   005E 00                  149 	.db #0x00	; 0
   005F 00                  150 	.db #0x00	; 0
   0060 D4                  151 	.db #0xd4	; 212
   0061 40                  152 	.db #0x40	; 64
   0062 C0                  153 	.db #0xc0	; 192
   0063 C0                  154 	.db #0xc0	; 192
   0064 80                  155 	.db #0x80	; 128
   0065 00                  156 	.db #0x00	; 0
   0066 00                  157 	.db #0x00	; 0
   0067 00                  158 	.db #0x00	; 0
   0068 C0                  159 	.db #0xc0	; 192
   0069 E8                  160 	.db #0xe8	; 232
   006A 00                  161 	.db #0x00	; 0
   006B F0                  162 	.db #0xf0	; 240
   006C C0                  163 	.db #0xc0	; 192
   006D 00                  164 	.db #0x00	; 0
   006E 00                  165 	.db #0x00	; 0
   006F 00                  166 	.db #0x00	; 0
   0070 95                  167 	.db #0x95	; 149
   0071 C0                  168 	.db #0xc0	; 192
   0072 A0                  169 	.db #0xa0	; 160
   0073 50                  170 	.db #0x50	; 80	'P'
   0074 E0                  171 	.db #0xe0	; 224
   0075 80                  172 	.db #0x80	; 128
   0076 00                  173 	.db #0x00	; 0
   0077 00                  174 	.db #0x00	; 0
   0078 40                  175 	.db #0x40	; 64
   0079 D0                  176 	.db #0xd0	; 208
   007A 00                  177 	.db #0x00	; 0
   007B 00                  178 	.db #0x00	; 0
   007C 50                  179 	.db #0x50	; 80	'P'
   007D C0                  180 	.db #0xc0	; 192
   007E 00                  181 	.db #0x00	; 0
   007F 00                  182 	.db #0x00	; 0
   0080 40                  183 	.db #0x40	; 64
   0081 80                  184 	.db #0x80	; 128
   0082 00                  185 	.db #0x00	; 0
   0083 C0                  186 	.db #0xc0	; 192
   0084 C0                  187 	.db #0xc0	; 192
   0085 80                  188 	.db #0x80	; 128
   0086 00                  189 	.db #0x00	; 0
   0087 00                  190 	.db #0x00	; 0
   0088 00                  191 	.db #0x00	; 0
   0089 C0                  192 	.db #0xc0	; 192
   008A C0                  193 	.db #0xc0	; 192
   008B 00                  194 	.db #0x00	; 0
   008C 03                  195 	.db #0x03	; 3
   008D 00                  196 	.db #0x00	; 0
   008E 00                  197 	.db #0x00	; 0
   008F 00                  198 	.db #0x00	; 0
   0090 00                  199 	.db #0x00	; 0
   0091 01                  200 	.db #0x01	; 1
   0092 02                  201 	.db #0x02	; 2
   0093 00                  202 	.db #0x00	; 0
   0094 57                  203 	.db #0x57	; 87	'W'
   0095 00                  204 	.db #0x00	; 0
   0096 00                  205 	.db #0x00	; 0
   0097 00                  206 	.db #0x00	; 0
   0098 00                  207 	.db #0x00	; 0
   0099 55                  208 	.db #0x55	; 85	'U'
   009A 02                  209 	.db #0x02	; 2
   009B 00                  210 	.db #0x00	; 0
   009C EA                  211 	.db #0xea	; 234
   009D 80                  212 	.db #0x80	; 128
   009E 00                  213 	.db #0x00	; 0
   009F 00                  214 	.db #0x00	; 0
   00A0 01                  215 	.db #0x01	; 1
   00A1 C0                  216 	.db #0xc0	; 192
   00A2 AB                  217 	.db #0xab	; 171
   00A3 03                  218 	.db #0x03	; 3
   00A4 C0                  219 	.db #0xc0	; 192
   00A5 81                  220 	.db #0x81	; 129
   00A6 02                  221 	.db #0x02	; 2
   00A7 00                  222 	.db #0x00	; 0
   00A8 03                  223 	.db #0x03	; 3
   00A9 C0                  224 	.db #0xc0	; 192
   00AA 81                  225 	.db #0x81	; 129
   00AB 03                  226 	.db #0x03	; 3
   00AC 03                  227 	.db #0x03	; 3
   00AD 03                  228 	.db #0x03	; 3
   00AE 03                  229 	.db #0x03	; 3
   00AF 00                  230 	.db #0x00	; 0
   00B0                     231 _hero_sp_1:
   00B0 00                  232 	.db #0x00	; 0
   00B1 00                  233 	.db #0x00	; 0
   00B2 00                  234 	.db #0x00	; 0
   00B3 C0                  235 	.db #0xc0	; 192
   00B4 EA                  236 	.db #0xea	; 234
   00B5 00                  237 	.db #0x00	; 0
   00B6 00                  238 	.db #0x00	; 0
   00B7 00                  239 	.db #0x00	; 0
   00B8 00                  240 	.db #0x00	; 0
   00B9 00                  241 	.db #0x00	; 0
   00BA 40                  242 	.db #0x40	; 64
   00BB C0                  243 	.db #0xc0	; 192
   00BC D5                  244 	.db #0xd5	; 213
   00BD 00                  245 	.db #0x00	; 0
   00BE 00                  246 	.db #0x00	; 0
   00BF 00                  247 	.db #0x00	; 0
   00C0 00                  248 	.db #0x00	; 0
   00C1 00                  249 	.db #0x00	; 0
   00C2 C0                  250 	.db #0xc0	; 192
   00C3 C0                  251 	.db #0xc0	; 192
   00C4 EA                  252 	.db #0xea	; 234
   00C5 00                  253 	.db #0x00	; 0
   00C6 00                  254 	.db #0x00	; 0
   00C7 00                  255 	.db #0x00	; 0
   00C8 00                  256 	.db #0x00	; 0
   00C9 00                  257 	.db #0x00	; 0
   00CA 00                  258 	.db #0x00	; 0
   00CB C0                  259 	.db #0xc0	; 192
   00CC 3F                  260 	.db #0x3f	; 63
   00CD 00                  261 	.db #0x00	; 0
   00CE 00                  262 	.db #0x00	; 0
   00CF 00                  263 	.db #0x00	; 0
   00D0 00                  264 	.db #0x00	; 0
   00D1 00                  265 	.db #0x00	; 0
   00D2 40                  266 	.db #0x40	; 64
   00D3 40                  267 	.db #0x40	; 64
   00D4 80                  268 	.db #0x80	; 128
   00D5 00                  269 	.db #0x00	; 0
   00D6 00                  270 	.db #0x00	; 0
   00D7 00                  271 	.db #0x00	; 0
   00D8 00                  272 	.db #0x00	; 0
   00D9 00                  273 	.db #0x00	; 0
   00DA D0                  274 	.db #0xd0	; 208
   00DB 40                  275 	.db #0x40	; 64
   00DC 42                  276 	.db #0x42	; 66	'B'
   00DD 00                  277 	.db #0x00	; 0
   00DE 00                  278 	.db #0x00	; 0
   00DF 00                  279 	.db #0x00	; 0
   00E0 00                  280 	.db #0x00	; 0
   00E1 40                  281 	.db #0x40	; 64
   00E2 F0                  282 	.db #0xf0	; 240
   00E3 50                  283 	.db #0x50	; 80	'P'
   00E4 80                  284 	.db #0x80	; 128
   00E5 80                  285 	.db #0x80	; 128
   00E6 C0                  286 	.db #0xc0	; 192
   00E7 80                  287 	.db #0x80	; 128
   00E8 00                  288 	.db #0x00	; 0
   00E9 80                  289 	.db #0x80	; 128
   00EA 00                  290 	.db #0x00	; 0
   00EB 50                  291 	.db #0x50	; 80	'P'
   00EC A0                  292 	.db #0xa0	; 160
   00ED C0                  293 	.db #0xc0	; 192
   00EE 80                  294 	.db #0x80	; 128
   00EF 00                  295 	.db #0x00	; 0
   00F0 00                  296 	.db #0x00	; 0
   00F1 D4                  297 	.db #0xd4	; 212
   00F2 C0                  298 	.db #0xc0	; 192
   00F3 00                  299 	.db #0x00	; 0
   00F4 F0                  300 	.db #0xf0	; 240
   00F5 F4                  301 	.db #0xf4	; 244
   00F6 6A                  302 	.db #0x6a	; 106	'j'
   00F7 00                  303 	.db #0x00	; 0
   00F8 00                  304 	.db #0x00	; 0
   00F9 95                  305 	.db #0x95	; 149
   00FA C0                  306 	.db #0xc0	; 192
   00FB 00                  307 	.db #0x00	; 0
   00FC E0                  308 	.db #0xe0	; 224
   00FD C0                  309 	.db #0xc0	; 192
   00FE 80                  310 	.db #0x80	; 128
   00FF 00                  311 	.db #0x00	; 0
   0100 00                  312 	.db #0x00	; 0
   0101 40                  313 	.db #0x40	; 64
   0102 40                  314 	.db #0x40	; 64
   0103 C0                  315 	.db #0xc0	; 192
   0104 E2                  316 	.db #0xe2	; 226
   0105 00                  317 	.db #0x00	; 0
   0106 00                  318 	.db #0x00	; 0
   0107 00                  319 	.db #0x00	; 0
   0108 00                  320 	.db #0x00	; 0
   0109 00                  321 	.db #0x00	; 0
   010A C0                  322 	.db #0xc0	; 192
   010B 50                  323 	.db #0x50	; 80	'P'
   010C E0                  324 	.db #0xe0	; 224
   010D 00                  325 	.db #0x00	; 0
   010E 00                  326 	.db #0x00	; 0
   010F 00                  327 	.db #0x00	; 0
   0110 00                  328 	.db #0x00	; 0
   0111 40                  329 	.db #0x40	; 64
   0112 50                  330 	.db #0x50	; 80	'P'
   0113 E0                  331 	.db #0xe0	; 224
   0114 C0                  332 	.db #0xc0	; 192
   0115 00                  333 	.db #0x00	; 0
   0116 00                  334 	.db #0x00	; 0
   0117 00                  335 	.db #0x00	; 0
   0118 00                  336 	.db #0x00	; 0
   0119 80                  337 	.db #0x80	; 128
   011A F0                  338 	.db #0xf0	; 240
   011B E0                  339 	.db #0xe0	; 224
   011C C0                  340 	.db #0xc0	; 192
   011D 80                  341 	.db #0x80	; 128
   011E 00                  342 	.db #0x00	; 0
   011F 00                  343 	.db #0x00	; 0
   0120 40                  344 	.db #0x40	; 64
   0121 80                  345 	.db #0x80	; 128
   0122 50                  346 	.db #0x50	; 80	'P'
   0123 40                  347 	.db #0x40	; 64
   0124 C0                  348 	.db #0xc0	; 192
   0125 C0                  349 	.db #0xc0	; 192
   0126 00                  350 	.db #0x00	; 0
   0127 00                  351 	.db #0x00	; 0
   0128 00                  352 	.db #0x00	; 0
   0129 40                  353 	.db #0x40	; 64
   012A 00                  354 	.db #0x00	; 0
   012B C0                  355 	.db #0xc0	; 192
   012C 40                  356 	.db #0x40	; 64
   012D 57                  357 	.db #0x57	; 87	'W'
   012E 00                  358 	.db #0x00	; 0
   012F 00                  359 	.db #0x00	; 0
   0130 00                  360 	.db #0x00	; 0
   0131 00                  361 	.db #0x00	; 0
   0132 C0                  362 	.db #0xc0	; 192
   0133 00                  363 	.db #0x00	; 0
   0134 00                  364 	.db #0x00	; 0
   0135 55                  365 	.db #0x55	; 85	'U'
   0136 00                  366 	.db #0x00	; 0
   0137 00                  367 	.db #0x00	; 0
   0138 00                  368 	.db #0x00	; 0
   0139 40                  369 	.db #0x40	; 64
   013A 80                  370 	.db #0x80	; 128
   013B 00                  371 	.db #0x00	; 0
   013C 00                  372 	.db #0x00	; 0
   013D 40                  373 	.db #0x40	; 64
   013E A2                  374 	.db #0xa2	; 162
   013F 00                  375 	.db #0x00	; 0
   0140 00                  376 	.db #0x00	; 0
   0141 40                  377 	.db #0x40	; 64
   0142 A3                  378 	.db #0xa3	; 163
   0143 03                  379 	.db #0x03	; 3
   0144 03                  380 	.db #0x03	; 3
   0145 42                  381 	.db #0x42	; 66	'B'
   0146 C0                  382 	.db #0xc0	; 192
   0147 00                  383 	.db #0x00	; 0
   0148 00                  384 	.db #0x00	; 0
   0149 03                  385 	.db #0x03	; 3
   014A C0                  386 	.db #0xc0	; 192
   014B 03                  387 	.db #0x03	; 3
   014C 03                  388 	.db #0x03	; 3
   014D 03                  389 	.db #0x03	; 3
   014E 03                  390 	.db #0x03	; 3
   014F 02                  391 	.db #0x02	; 2
   0150                     392 _hero_sp_2:
   0150 00                  393 	.db #0x00	; 0
   0151 00                  394 	.db #0x00	; 0
   0152 00                  395 	.db #0x00	; 0
   0153 C0                  396 	.db #0xc0	; 192
   0154 EA                  397 	.db #0xea	; 234
   0155 00                  398 	.db #0x00	; 0
   0156 00                  399 	.db #0x00	; 0
   0157 00                  400 	.db #0x00	; 0
   0158 00                  401 	.db #0x00	; 0
   0159 00                  402 	.db #0x00	; 0
   015A 40                  403 	.db #0x40	; 64
   015B C0                  404 	.db #0xc0	; 192
   015C D5                  405 	.db #0xd5	; 213
   015D 00                  406 	.db #0x00	; 0
   015E 00                  407 	.db #0x00	; 0
   015F 00                  408 	.db #0x00	; 0
   0160 00                  409 	.db #0x00	; 0
   0161 00                  410 	.db #0x00	; 0
   0162 C0                  411 	.db #0xc0	; 192
   0163 C0                  412 	.db #0xc0	; 192
   0164 EA                  413 	.db #0xea	; 234
   0165 00                  414 	.db #0x00	; 0
   0166 00                  415 	.db #0x00	; 0
   0167 00                  416 	.db #0x00	; 0
   0168 00                  417 	.db #0x00	; 0
   0169 00                  418 	.db #0x00	; 0
   016A 00                  419 	.db #0x00	; 0
   016B C0                  420 	.db #0xc0	; 192
   016C 3F                  421 	.db #0x3f	; 63
   016D 00                  422 	.db #0x00	; 0
   016E 00                  423 	.db #0x00	; 0
   016F 00                  424 	.db #0x00	; 0
   0170 00                  425 	.db #0x00	; 0
   0171 00                  426 	.db #0x00	; 0
   0172 40                  427 	.db #0x40	; 64
   0173 D5                  428 	.db #0xd5	; 213
   0174 80                  429 	.db #0x80	; 128
   0175 00                  430 	.db #0x00	; 0
   0176 00                  431 	.db #0x00	; 0
   0177 00                  432 	.db #0x00	; 0
   0178 00                  433 	.db #0x00	; 0
   0179 00                  434 	.db #0x00	; 0
   017A 80                  435 	.db #0x80	; 128
   017B 81                  436 	.db #0x81	; 129
   017C C0                  437 	.db #0xc0	; 192
   017D 00                  438 	.db #0x00	; 0
   017E 00                  439 	.db #0x00	; 0
   017F 00                  440 	.db #0x00	; 0
   0180 00                  441 	.db #0x00	; 0
   0181 00                  442 	.db #0x00	; 0
   0182 80                  443 	.db #0x80	; 128
   0183 40                  444 	.db #0x40	; 64
   0184 E0                  445 	.db #0xe0	; 224
   0185 00                  446 	.db #0x00	; 0
   0186 00                  447 	.db #0x00	; 0
   0187 00                  448 	.db #0x00	; 0
   0188 00                  449 	.db #0x00	; 0
   0189 00                  450 	.db #0x00	; 0
   018A 80                  451 	.db #0x80	; 128
   018B 50                  452 	.db #0x50	; 80	'P'
   018C A0                  453 	.db #0xa0	; 160
   018D 80                  454 	.db #0x80	; 128
   018E 00                  455 	.db #0x00	; 0
   018F 00                  456 	.db #0x00	; 0
   0190 00                  457 	.db #0x00	; 0
   0191 00                  458 	.db #0x00	; 0
   0192 80                  459 	.db #0x80	; 128
   0193 00                  460 	.db #0x00	; 0
   0194 A0                  461 	.db #0xa0	; 160
   0195 40                  462 	.db #0x40	; 64
   0196 C0                  463 	.db #0xc0	; 192
   0197 00                  464 	.db #0x00	; 0
   0198 00                  465 	.db #0x00	; 0
   0199 00                  466 	.db #0x00	; 0
   019A 80                  467 	.db #0x80	; 128
   019B 00                  468 	.db #0x00	; 0
   019C 40                  469 	.db #0x40	; 64
   019D BD                  470 	.db #0xbd	; 189
   019E 80                  471 	.db #0x80	; 128
   019F 00                  472 	.db #0x00	; 0
   01A0 00                  473 	.db #0x00	; 0
   01A1 00                  474 	.db #0x00	; 0
   01A2 D4                  475 	.db #0xd4	; 212
   01A3 D1                  476 	.db #0xd1	; 209
   01A4 C0                  477 	.db #0xc0	; 192
   01A5 C0                  478 	.db #0xc0	; 192
   01A6 00                  479 	.db #0x00	; 0
   01A7 00                  480 	.db #0x00	; 0
   01A8 00                  481 	.db #0x00	; 0
   01A9 00                  482 	.db #0x00	; 0
   01AA 95                  483 	.db #0x95	; 149
   01AB F0                  484 	.db #0xf0	; 240
   01AC E0                  485 	.db #0xe0	; 224
   01AD 00                  486 	.db #0x00	; 0
   01AE 00                  487 	.db #0x00	; 0
   01AF 00                  488 	.db #0x00	; 0
   01B0 00                  489 	.db #0x00	; 0
   01B1 00                  490 	.db #0x00	; 0
   01B2 C0                  491 	.db #0xc0	; 192
   01B3 E0                  492 	.db #0xe0	; 224
   01B4 E0                  493 	.db #0xe0	; 224
   01B5 00                  494 	.db #0x00	; 0
   01B6 00                  495 	.db #0x00	; 0
   01B7 00                  496 	.db #0x00	; 0
   01B8 00                  497 	.db #0x00	; 0
   01B9 00                  498 	.db #0x00	; 0
   01BA D0                  499 	.db #0xd0	; 208
   01BB E0                  500 	.db #0xe0	; 224
   01BC E0                  501 	.db #0xe0	; 224
   01BD 80                  502 	.db #0x80	; 128
   01BE 00                  503 	.db #0x00	; 0
   01BF 00                  504 	.db #0x00	; 0
   01C0 00                  505 	.db #0x00	; 0
   01C1 40                  506 	.db #0x40	; 64
   01C2 50                  507 	.db #0x50	; 80	'P'
   01C3 E0                  508 	.db #0xe0	; 224
   01C4 F0                  509 	.db #0xf0	; 240
   01C5 80                  510 	.db #0x80	; 128
   01C6 00                  511 	.db #0x00	; 0
   01C7 00                  512 	.db #0x00	; 0
   01C8 00                  513 	.db #0x00	; 0
   01C9 40                  514 	.db #0x40	; 64
   01CA 00                  515 	.db #0x00	; 0
   01CB C0                  516 	.db #0xc0	; 192
   01CC 80                  517 	.db #0x80	; 128
   01CD 40                  518 	.db #0x40	; 64
   01CE 00                  519 	.db #0x00	; 0
   01CF 00                  520 	.db #0x00	; 0
   01D0 00                  521 	.db #0x00	; 0
   01D1 00                  522 	.db #0x00	; 0
   01D2 C0                  523 	.db #0xc0	; 192
   01D3 C0                  524 	.db #0xc0	; 192
   01D4 C0                  525 	.db #0xc0	; 192
   01D5 80                  526 	.db #0x80	; 128
   01D6 00                  527 	.db #0x00	; 0
   01D7 00                  528 	.db #0x00	; 0
   01D8 00                  529 	.db #0x00	; 0
   01D9 00                  530 	.db #0x00	; 0
   01DA 01                  531 	.db #0x01	; 1
   01DB 02                  532 	.db #0x02	; 2
   01DC 03                  533 	.db #0x03	; 3
   01DD 00                  534 	.db #0x00	; 0
   01DE 00                  535 	.db #0x00	; 0
   01DF 00                  536 	.db #0x00	; 0
   01E0 00                  537 	.db #0x00	; 0
   01E1 01                  538 	.db #0x01	; 1
   01E2 42                  539 	.db #0x42	; 66	'B'
   01E3 A3                  540 	.db #0xa3	; 163
   01E4 D1                  541 	.db #0xd1	; 209
   01E5 03                  542 	.db #0x03	; 3
   01E6 02                  543 	.db #0x02	; 2
   01E7 00                  544 	.db #0x00	; 0
   01E8 00                  545 	.db #0x00	; 0
   01E9 03                  546 	.db #0x03	; 3
   01EA 42                  547 	.db #0x42	; 66	'B'
   01EB C0                  548 	.db #0xc0	; 192
   01EC C0                  549 	.db #0xc0	; 192
   01ED 81                  550 	.db #0x81	; 129
   01EE 03                  551 	.db #0x03	; 3
   01EF 00                  552 	.db #0x00	; 0
   01F0                     553 _hero_sp_3:
   01F0 00                  554 	.db #0x00	; 0
   01F1 00                  555 	.db #0x00	; 0
   01F2 40                  556 	.db #0x40	; 64
   01F3 EA                  557 	.db #0xea	; 234
   01F4 80                  558 	.db #0x80	; 128
   01F5 00                  559 	.db #0x00	; 0
   01F6 00                  560 	.db #0x00	; 0
   01F7 00                  561 	.db #0x00	; 0
   01F8 00                  562 	.db #0x00	; 0
   01F9 00                  563 	.db #0x00	; 0
   01FA 55                  564 	.db #0x55	; 85	'U'
   01FB C0                  565 	.db #0xc0	; 192
   01FC C0                  566 	.db #0xc0	; 192
   01FD 00                  567 	.db #0x00	; 0
   01FE 00                  568 	.db #0x00	; 0
   01FF 00                  569 	.db #0x00	; 0
   0200 00                  570 	.db #0x00	; 0
   0201 00                  571 	.db #0x00	; 0
   0202 40                  572 	.db #0x40	; 64
   0203 EA                  573 	.db #0xea	; 234
   0204 C0                  574 	.db #0xc0	; 192
   0205 80                  575 	.db #0x80	; 128
   0206 00                  576 	.db #0x00	; 0
   0207 00                  577 	.db #0x00	; 0
   0208 00                  578 	.db #0x00	; 0
   0209 00                  579 	.db #0x00	; 0
   020A 15                  580 	.db #0x15	; 21
   020B 6A                  581 	.db #0x6a	; 106	'j'
   020C 80                  582 	.db #0x80	; 128
   020D 00                  583 	.db #0x00	; 0
   020E 00                  584 	.db #0x00	; 0
   020F 00                  585 	.db #0x00	; 0
   0210 00                  586 	.db #0x00	; 0
   0211 00                  587 	.db #0x00	; 0
   0212 00                  588 	.db #0x00	; 0
   0213 D5                  589 	.db #0xd5	; 213
   0214 C0                  590 	.db #0xc0	; 192
   0215 00                  591 	.db #0x00	; 0
   0216 00                  592 	.db #0x00	; 0
   0217 00                  593 	.db #0x00	; 0
   0218 00                  594 	.db #0x00	; 0
   0219 00                  595 	.db #0x00	; 0
   021A 40                  596 	.db #0x40	; 64
   021B 81                  597 	.db #0x81	; 129
   021C 80                  598 	.db #0x80	; 128
   021D 80                  599 	.db #0x80	; 128
   021E 00                  600 	.db #0x00	; 0
   021F 00                  601 	.db #0x00	; 0
   0220 00                  602 	.db #0x00	; 0
   0221 00                  603 	.db #0x00	; 0
   0222 40                  604 	.db #0x40	; 64
   0223 E0                  605 	.db #0xe0	; 224
   0224 00                  606 	.db #0x00	; 0
   0225 80                  607 	.db #0x80	; 128
   0226 00                  608 	.db #0x00	; 0
   0227 00                  609 	.db #0x00	; 0
   0228 00                  610 	.db #0x00	; 0
   0229 00                  611 	.db #0x00	; 0
   022A 80                  612 	.db #0x80	; 128
   022B F0                  613 	.db #0xf0	; 240
   022C 00                  614 	.db #0x00	; 0
   022D 80                  615 	.db #0x80	; 128
   022E 00                  616 	.db #0x00	; 0
   022F 00                  617 	.db #0x00	; 0
   0230 40                  618 	.db #0x40	; 64
   0231 C0                  619 	.db #0xc0	; 192
   0232 00                  620 	.db #0x00	; 0
   0233 A0                  621 	.db #0xa0	; 160
   0234 00                  622 	.db #0x00	; 0
   0235 80                  623 	.db #0x80	; 128
   0236 00                  624 	.db #0x00	; 0
   0237 00                  625 	.db #0x00	; 0
   0238 00                  626 	.db #0x00	; 0
   0239 95                  627 	.db #0x95	; 149
   023A E8                  628 	.db #0xe8	; 232
   023B 00                  629 	.db #0x00	; 0
   023C 00                  630 	.db #0x00	; 0
   023D 80                  631 	.db #0x80	; 128
   023E 00                  632 	.db #0x00	; 0
   023F 00                  633 	.db #0x00	; 0
   0240 00                  634 	.db #0x00	; 0
   0241 40                  635 	.db #0x40	; 64
   0242 C0                  636 	.db #0xc0	; 192
   0243 D1                  637 	.db #0xd1	; 209
   0244 D4                  638 	.db #0xd4	; 212
   0245 80                  639 	.db #0x80	; 128
   0246 00                  640 	.db #0x00	; 0
   0247 00                  641 	.db #0x00	; 0
   0248 00                  642 	.db #0x00	; 0
   0249 00                  643 	.db #0x00	; 0
   024A 40                  644 	.db #0x40	; 64
   024B F0                  645 	.db #0xf0	; 240
   024C B5                  646 	.db #0xb5	; 181
   024D 80                  647 	.db #0x80	; 128
   024E 00                  648 	.db #0x00	; 0
   024F 00                  649 	.db #0x00	; 0
   0250 00                  650 	.db #0x00	; 0
   0251 00                  651 	.db #0x00	; 0
   0252 40                  652 	.db #0x40	; 64
   0253 E0                  653 	.db #0xe0	; 224
   0254 E0                  654 	.db #0xe0	; 224
   0255 80                  655 	.db #0x80	; 128
   0256 00                  656 	.db #0x00	; 0
   0257 00                  657 	.db #0x00	; 0
   0258 00                  658 	.db #0x00	; 0
   0259 00                  659 	.db #0x00	; 0
   025A C0                  660 	.db #0xc0	; 192
   025B E0                  661 	.db #0xe0	; 224
   025C F0                  662 	.db #0xf0	; 240
   025D 80                  663 	.db #0x80	; 128
   025E 00                  664 	.db #0x00	; 0
   025F 00                  665 	.db #0x00	; 0
   0260 00                  666 	.db #0x00	; 0
   0261 00                  667 	.db #0x00	; 0
   0262 D0                  668 	.db #0xd0	; 208
   0263 E0                  669 	.db #0xe0	; 224
   0264 F0                  670 	.db #0xf0	; 240
   0265 40                  671 	.db #0x40	; 64
   0266 00                  672 	.db #0x00	; 0
   0267 00                  673 	.db #0x00	; 0
   0268 00                  674 	.db #0x00	; 0
   0269 40                  675 	.db #0x40	; 64
   026A 00                  676 	.db #0x00	; 0
   026B C0                  677 	.db #0xc0	; 192
   026C 80                  678 	.db #0x80	; 128
   026D 40                  679 	.db #0x40	; 64
   026E 00                  680 	.db #0x00	; 0
   026F 00                  681 	.db #0x00	; 0
   0270 00                  682 	.db #0x00	; 0
   0271 00                  683 	.db #0x00	; 0
   0272 C0                  684 	.db #0xc0	; 192
   0273 C0                  685 	.db #0xc0	; 192
   0274 C0                  686 	.db #0xc0	; 192
   0275 80                  687 	.db #0x80	; 128
   0276 00                  688 	.db #0x00	; 0
   0277 00                  689 	.db #0x00	; 0
   0278 00                  690 	.db #0x00	; 0
   0279 00                  691 	.db #0x00	; 0
   027A 01                  692 	.db #0x01	; 1
   027B 02                  693 	.db #0x02	; 2
   027C 03                  694 	.db #0x03	; 3
   027D 00                  695 	.db #0x00	; 0
   027E 00                  696 	.db #0x00	; 0
   027F 00                  697 	.db #0x00	; 0
   0280 00                  698 	.db #0x00	; 0
   0281 03                  699 	.db #0x03	; 3
   0282 53                  700 	.db #0x53	; 83	'S'
   0283 81                  701 	.db #0x81	; 129
   0284 E2                  702 	.db #0xe2	; 226
   0285 03                  703 	.db #0x03	; 3
   0286 00                  704 	.db #0x00	; 0
   0287 00                  705 	.db #0x00	; 0
   0288 01                  706 	.db #0x01	; 1
   0289 03                  707 	.db #0x03	; 3
   028A C0                  708 	.db #0xc0	; 192
   028B C0                  709 	.db #0xc0	; 192
   028C C0                  710 	.db #0xc0	; 192
   028D 03                  711 	.db #0x03	; 3
   028E 02                  712 	.db #0x02	; 2
   028F 00                  713 	.db #0x00	; 0
   0290                     714 _hero_sp_4:
   0290 00                  715 	.db #0x00	; 0
   0291 00                  716 	.db #0x00	; 0
   0292 40                  717 	.db #0x40	; 64
   0293 EA                  718 	.db #0xea	; 234
   0294 80                  719 	.db #0x80	; 128
   0295 00                  720 	.db #0x00	; 0
   0296 00                  721 	.db #0x00	; 0
   0297 00                  722 	.db #0x00	; 0
   0298 00                  723 	.db #0x00	; 0
   0299 00                  724 	.db #0x00	; 0
   029A 55                  725 	.db #0x55	; 85	'U'
   029B C0                  726 	.db #0xc0	; 192
   029C C0                  727 	.db #0xc0	; 192
   029D 00                  728 	.db #0x00	; 0
   029E 00                  729 	.db #0x00	; 0
   029F 00                  730 	.db #0x00	; 0
   02A0 00                  731 	.db #0x00	; 0
   02A1 00                  732 	.db #0x00	; 0
   02A2 40                  733 	.db #0x40	; 64
   02A3 EA                  734 	.db #0xea	; 234
   02A4 C0                  735 	.db #0xc0	; 192
   02A5 80                  736 	.db #0x80	; 128
   02A6 00                  737 	.db #0x00	; 0
   02A7 00                  738 	.db #0x00	; 0
   02A8 00                  739 	.db #0x00	; 0
   02A9 00                  740 	.db #0x00	; 0
   02AA 15                  741 	.db #0x15	; 21
   02AB 6A                  742 	.db #0x6a	; 106	'j'
   02AC 80                  743 	.db #0x80	; 128
   02AD 00                  744 	.db #0x00	; 0
   02AE 00                  745 	.db #0x00	; 0
   02AF 00                  746 	.db #0x00	; 0
   02B0 00                  747 	.db #0x00	; 0
   02B1 00                  748 	.db #0x00	; 0
   02B2 00                  749 	.db #0x00	; 0
   02B3 C0                  750 	.db #0xc0	; 192
   02B4 40                  751 	.db #0x40	; 64
   02B5 00                  752 	.db #0x00	; 0
   02B6 00                  753 	.db #0x00	; 0
   02B7 00                  754 	.db #0x00	; 0
   02B8 00                  755 	.db #0x00	; 0
   02B9 00                  756 	.db #0x00	; 0
   02BA 40                  757 	.db #0x40	; 64
   02BB 42                  758 	.db #0x42	; 66	'B'
   02BC 50                  759 	.db #0x50	; 80	'P'
   02BD 80                  760 	.db #0x80	; 128
   02BE 00                  761 	.db #0x00	; 0
   02BF 00                  762 	.db #0x00	; 0
   02C0 C0                  763 	.db #0xc0	; 192
   02C1 80                  764 	.db #0x80	; 128
   02C2 80                  765 	.db #0x80	; 128
   02C3 D0                  766 	.db #0xd0	; 208
   02C4 50                  767 	.db #0x50	; 80	'P'
   02C5 E0                  768 	.db #0xe0	; 224
   02C6 00                  769 	.db #0x00	; 0
   02C7 00                  770 	.db #0x00	; 0
   02C8 00                  771 	.db #0x00	; 0
   02C9 C0                  772 	.db #0xc0	; 192
   02CA 80                  773 	.db #0x80	; 128
   02CB F0                  774 	.db #0xf0	; 240
   02CC 00                  775 	.db #0x00	; 0
   02CD 00                  776 	.db #0x00	; 0
   02CE 80                  777 	.db #0x80	; 128
   02CF 00                  778 	.db #0x00	; 0
   02D0 40                  779 	.db #0x40	; 64
   02D1 7E                  780 	.db #0x7e	; 126
   02D2 F0                  781 	.db #0xf0	; 240
   02D3 A0                  782 	.db #0xa0	; 160
   02D4 40                  783 	.db #0x40	; 64
   02D5 D4                  784 	.db #0xd4	; 212
   02D6 80                  785 	.db #0x80	; 128
   02D7 00                  786 	.db #0x00	; 0
   02D8 00                  787 	.db #0x00	; 0
   02D9 C0                  788 	.db #0xc0	; 192
   02DA C0                  789 	.db #0xc0	; 192
   02DB A0                  790 	.db #0xa0	; 160
   02DC 40                  791 	.db #0x40	; 64
   02DD 95                  792 	.db #0x95	; 149
   02DE 80                  793 	.db #0x80	; 128
   02DF 00                  794 	.db #0x00	; 0
   02E0 00                  795 	.db #0x00	; 0
   02E1 00                  796 	.db #0x00	; 0
   02E2 40                  797 	.db #0x40	; 64
   02E3 E2                  798 	.db #0xe2	; 226
   02E4 C0                  799 	.db #0xc0	; 192
   02E5 40                  800 	.db #0x40	; 64
   02E6 00                  801 	.db #0x00	; 0
   02E7 00                  802 	.db #0x00	; 0
   02E8 00                  803 	.db #0x00	; 0
   02E9 00                  804 	.db #0x00	; 0
   02EA 40                  805 	.db #0x40	; 64
   02EB F0                  806 	.db #0xf0	; 240
   02EC 40                  807 	.db #0x40	; 64
   02ED 80                  808 	.db #0x80	; 128
   02EE 00                  809 	.db #0x00	; 0
   02EF 00                  810 	.db #0x00	; 0
   02F0 00                  811 	.db #0x00	; 0
   02F1 00                  812 	.db #0x00	; 0
   02F2 40                  813 	.db #0x40	; 64
   02F3 C0                  814 	.db #0xc0	; 192
   02F4 F0                  815 	.db #0xf0	; 240
   02F5 40                  816 	.db #0x40	; 64
   02F6 00                  817 	.db #0x00	; 0
   02F7 00                  818 	.db #0x00	; 0
   02F8 00                  819 	.db #0x00	; 0
   02F9 00                  820 	.db #0x00	; 0
   02FA C0                  821 	.db #0xc0	; 192
   02FB C0                  822 	.db #0xc0	; 192
   02FC F0                  823 	.db #0xf0	; 240
   02FD A0                  824 	.db #0xa0	; 160
   02FE 80                  825 	.db #0x80	; 128
   02FF 00                  826 	.db #0x00	; 0
   0300 00                  827 	.db #0x00	; 0
   0301 40                  828 	.db #0x40	; 64
   0302 C0                  829 	.db #0xc0	; 192
   0303 C0                  830 	.db #0xc0	; 192
   0304 50                  831 	.db #0x50	; 80	'P'
   0305 00                  832 	.db #0x00	; 0
   0306 C0                  833 	.db #0xc0	; 192
   0307 00                  834 	.db #0x00	; 0
   0308 00                  835 	.db #0x00	; 0
   0309 55                  836 	.db #0x55	; 85	'U'
   030A 42                  837 	.db #0x42	; 66	'B'
   030B 40                  838 	.db #0x40	; 64
   030C 80                  839 	.db #0x80	; 128
   030D 40                  840 	.db #0x40	; 64
   030E 00                  841 	.db #0x00	; 0
   030F 00                  842 	.db #0x00	; 0
   0310 00                  843 	.db #0x00	; 0
   0311 55                  844 	.db #0x55	; 85	'U'
   0312 00                  845 	.db #0x00	; 0
   0313 00                  846 	.db #0x00	; 0
   0314 40                  847 	.db #0x40	; 64
   0315 80                  848 	.db #0x80	; 128
   0316 00                  849 	.db #0x00	; 0
   0317 00                  850 	.db #0x00	; 0
   0318 00                  851 	.db #0x00	; 0
   0319 E2                  852 	.db #0xe2	; 226
   031A 00                  853 	.db #0x00	; 0
   031B 00                  854 	.db #0x00	; 0
   031C 00                  855 	.db #0x00	; 0
   031D C0                  856 	.db #0xc0	; 192
   031E 00                  857 	.db #0x00	; 0
   031F 00                  858 	.db #0x00	; 0
   0320 40                  859 	.db #0x40	; 64
   0321 C0                  860 	.db #0xc0	; 192
   0322 03                  861 	.db #0x03	; 3
   0323 03                  862 	.db #0x03	; 3
   0324 03                  863 	.db #0x03	; 3
   0325 E2                  864 	.db #0xe2	; 226
   0326 00                  865 	.db #0x00	; 0
   0327 00                  866 	.db #0x00	; 0
   0328 03                  867 	.db #0x03	; 3
   0329 03                  868 	.db #0x03	; 3
   032A 03                  869 	.db #0x03	; 3
   032B 03                  870 	.db #0x03	; 3
   032C 42                  871 	.db #0x42	; 66	'B'
   032D 81                  872 	.db #0x81	; 129
   032E 02                  873 	.db #0x02	; 2
   032F 00                  874 	.db #0x00	; 0
   0330                     875 _hero_sp_5:
   0330 00                  876 	.db #0x00	; 0
   0331 00                  877 	.db #0x00	; 0
   0332 00                  878 	.db #0x00	; 0
   0333 D5                  879 	.db #0xd5	; 213
   0334 C0                  880 	.db #0xc0	; 192
   0335 00                  881 	.db #0x00	; 0
   0336 00                  882 	.db #0x00	; 0
   0337 00                  883 	.db #0x00	; 0
   0338 00                  884 	.db #0x00	; 0
   0339 00                  885 	.db #0x00	; 0
   033A 00                  886 	.db #0x00	; 0
   033B EA                  887 	.db #0xea	; 234
   033C C0                  888 	.db #0xc0	; 192
   033D 80                  889 	.db #0x80	; 128
   033E 00                  890 	.db #0x00	; 0
   033F 00                  891 	.db #0x00	; 0
   0340 00                  892 	.db #0x00	; 0
   0341 00                  893 	.db #0x00	; 0
   0342 00                  894 	.db #0x00	; 0
   0343 D5                  895 	.db #0xd5	; 213
   0344 C0                  896 	.db #0xc0	; 192
   0345 C0                  897 	.db #0xc0	; 192
   0346 00                  898 	.db #0x00	; 0
   0347 00                  899 	.db #0x00	; 0
   0348 00                  900 	.db #0x00	; 0
   0349 00                  901 	.db #0x00	; 0
   034A 00                  902 	.db #0x00	; 0
   034B 3F                  903 	.db #0x3f	; 63
   034C C0                  904 	.db #0xc0	; 192
   034D 80                  905 	.db #0x80	; 128
   034E 00                  906 	.db #0x00	; 0
   034F 00                  907 	.db #0x00	; 0
   0350 00                  908 	.db #0x00	; 0
   0351 00                  909 	.db #0x00	; 0
   0352 00                  910 	.db #0x00	; 0
   0353 40                  911 	.db #0x40	; 64
   0354 80                  912 	.db #0x80	; 128
   0355 C0                  913 	.db #0xc0	; 192
   0356 00                  914 	.db #0x00	; 0
   0357 00                  915 	.db #0x00	; 0
   0358 40                  916 	.db #0x40	; 64
   0359 C0                  917 	.db #0xc0	; 192
   035A 00                  918 	.db #0x00	; 0
   035B 81                  919 	.db #0x81	; 129
   035C 80                  920 	.db #0x80	; 128
   035D F0                  921 	.db #0xf0	; 240
   035E 80                  922 	.db #0x80	; 128
   035F 00                  923 	.db #0x00	; 0
   0360 00                  924 	.db #0x00	; 0
   0361 40                  925 	.db #0x40	; 64
   0362 C0                  926 	.db #0xc0	; 192
   0363 C0                  927 	.db #0xc0	; 192
   0364 A0                  928 	.db #0xa0	; 160
   0365 E0                  929 	.db #0xe0	; 224
   0366 E0                  930 	.db #0xe0	; 224
   0367 00                  931 	.db #0x00	; 0
   0368 00                  932 	.db #0x00	; 0
   0369 95                  933 	.db #0x95	; 149
   036A F8                  934 	.db #0xf8	; 248
   036B 50                  935 	.db #0x50	; 80	'P'
   036C A0                  936 	.db #0xa0	; 160
   036D 80                  937 	.db #0x80	; 128
   036E D4                  938 	.db #0xd4	; 212
   036F 80                  939 	.db #0x80	; 128
   0370 00                  940 	.db #0x00	; 0
   0371 40                  941 	.db #0x40	; 64
   0372 C0                  942 	.db #0xc0	; 192
   0373 50                  943 	.db #0x50	; 80	'P'
   0374 00                  944 	.db #0x00	; 0
   0375 80                  945 	.db #0x80	; 128
   0376 95                  946 	.db #0x95	; 149
   0377 80                  947 	.db #0x80	; 128
   0378 00                  948 	.db #0x00	; 0
   0379 00                  949 	.db #0x00	; 0
   037A 00                  950 	.db #0x00	; 0
   037B D0                  951 	.db #0xd0	; 208
   037C 00                  952 	.db #0x00	; 0
   037D 80                  953 	.db #0x80	; 128
   037E 40                  954 	.db #0x40	; 64
   037F 00                  955 	.db #0x00	; 0
   0380 00                  956 	.db #0x00	; 0
   0381 00                  957 	.db #0x00	; 0
   0382 00                  958 	.db #0x00	; 0
   0383 D1                  959 	.db #0xd1	; 209
   0384 C0                  960 	.db #0xc0	; 192
   0385 80                  961 	.db #0x80	; 128
   0386 00                  962 	.db #0x00	; 0
   0387 00                  963 	.db #0x00	; 0
   0388 00                  964 	.db #0x00	; 0
   0389 00                  965 	.db #0x00	; 0
   038A 00                  966 	.db #0x00	; 0
   038B D0                  967 	.db #0xd0	; 208
   038C 00                  968 	.db #0x00	; 0
   038D 80                  969 	.db #0x80	; 128
   038E 00                  970 	.db #0x00	; 0
   038F 00                  971 	.db #0x00	; 0
   0390 00                  972 	.db #0x00	; 0
   0391 00                  973 	.db #0x00	; 0
   0392 40                  974 	.db #0x40	; 64
   0393 C0                  975 	.db #0xc0	; 192
   0394 F0                  976 	.db #0xf0	; 240
   0395 40                  977 	.db #0x40	; 64
   0396 00                  978 	.db #0x00	; 0
   0397 00                  979 	.db #0x00	; 0
   0398 00                  980 	.db #0x00	; 0
   0399 00                  981 	.db #0x00	; 0
   039A C0                  982 	.db #0xc0	; 192
   039B C0                  983 	.db #0xc0	; 192
   039C F0                  984 	.db #0xf0	; 240
   039D 00                  985 	.db #0x00	; 0
   039E 80                  986 	.db #0x80	; 128
   039F 00                  987 	.db #0x00	; 0
   03A0 00                  988 	.db #0x00	; 0
   03A1 40                  989 	.db #0x40	; 64
   03A2 C0                  990 	.db #0xc0	; 192
   03A3 C0                  991 	.db #0xc0	; 192
   03A4 A0                  992 	.db #0xa0	; 160
   03A5 40                  993 	.db #0x40	; 64
   03A6 00                  994 	.db #0x00	; 0
   03A7 00                  995 	.db #0x00	; 0
   03A8 00                  996 	.db #0x00	; 0
   03A9 40                  997 	.db #0x40	; 64
   03AA C0                  998 	.db #0xc0	; 192
   03AB C0                  999 	.db #0xc0	; 192
   03AC 00                 1000 	.db #0x00	; 0
   03AD C0                 1001 	.db #0xc0	; 192
   03AE EA                 1002 	.db #0xea	; 234
   03AF 00                 1003 	.db #0x00	; 0
   03B0 00                 1004 	.db #0x00	; 0
   03B1 40                 1005 	.db #0x40	; 64
   03B2 C0                 1006 	.db #0xc0	; 192
   03B3 40                 1007 	.db #0x40	; 64
   03B4 C0                 1008 	.db #0xc0	; 192
   03B5 81                 1009 	.db #0x81	; 129
   03B6 42                 1010 	.db #0x42	; 66	'B'
   03B7 80                 1011 	.db #0x80	; 128
   03B8 40                 1012 	.db #0x40	; 64
   03B9 00                 1013 	.db #0x00	; 0
   03BA AB                 1014 	.db #0xab	; 171
   03BB 00                 1015 	.db #0x00	; 0
   03BC 00                 1016 	.db #0x00	; 0
   03BD 00                 1017 	.db #0x00	; 0
   03BE 51                 1018 	.db #0x51	; 81	'Q'
   03BF 80                 1019 	.db #0x80	; 128
   03C0 40                 1020 	.db #0x40	; 64
   03C1 E2                 1021 	.db #0xe2	; 226
   03C2 AB                 1022 	.db #0xab	; 171
   03C3 03                 1023 	.db #0x03	; 3
   03C4 03                 1024 	.db #0x03	; 3
   03C5 03                 1025 	.db #0x03	; 3
   03C6 03                 1026 	.db #0x03	; 3
   03C7 80                 1027 	.db #0x80	; 128
   03C8 03                 1028 	.db #0x03	; 3
   03C9 C0                 1029 	.db #0xc0	; 192
   03CA 03                 1030 	.db #0x03	; 3
   03CB 03                 1031 	.db #0x03	; 3
   03CC 03                 1032 	.db #0x03	; 3
   03CD 03                 1033 	.db #0x03	; 3
   03CE 03                 1034 	.db #0x03	; 3
   03CF 03                 1035 	.db #0x03	; 3
   03D0                    1036 _hero_sp_6:
   03D0 00                 1037 	.db #0x00	; 0
   03D1 00                 1038 	.db #0x00	; 0
   03D2 00                 1039 	.db #0x00	; 0
   03D3 40                 1040 	.db #0x40	; 64
   03D4 D5                 1041 	.db #0xd5	; 213
   03D5 80                 1042 	.db #0x80	; 128
   03D6 00                 1043 	.db #0x00	; 0
   03D7 00                 1044 	.db #0x00	; 0
   03D8 00                 1045 	.db #0x00	; 0
   03D9 00                 1046 	.db #0x00	; 0
   03DA 00                 1047 	.db #0x00	; 0
   03DB C0                 1048 	.db #0xc0	; 192
   03DC C0                 1049 	.db #0xc0	; 192
   03DD AA                 1050 	.db #0xaa	; 170
   03DE 00                 1051 	.db #0x00	; 0
   03DF 00                 1052 	.db #0x00	; 0
   03E0 00                 1053 	.db #0x00	; 0
   03E1 00                 1054 	.db #0x00	; 0
   03E2 40                 1055 	.db #0x40	; 64
   03E3 C0                 1056 	.db #0xc0	; 192
   03E4 D5                 1057 	.db #0xd5	; 213
   03E5 80                 1058 	.db #0x80	; 128
   03E6 00                 1059 	.db #0x00	; 0
   03E7 00                 1060 	.db #0x00	; 0
   03E8 00                 1061 	.db #0x00	; 0
   03E9 00                 1062 	.db #0x00	; 0
   03EA 00                 1063 	.db #0x00	; 0
   03EB C0                 1064 	.db #0xc0	; 192
   03EC 95                 1065 	.db #0x95	; 149
   03ED 2A                 1066 	.db #0x2a	; 42
   03EE 00                 1067 	.db #0x00	; 0
   03EF 00                 1068 	.db #0x00	; 0
   03F0 00                 1069 	.db #0x00	; 0
   03F1 00                 1070 	.db #0x00	; 0
   03F2 40                 1071 	.db #0x40	; 64
   03F3 80                 1072 	.db #0x80	; 128
   03F4 C0                 1073 	.db #0xc0	; 192
   03F5 00                 1074 	.db #0x00	; 0
   03F6 00                 1075 	.db #0x00	; 0
   03F7 00                 1076 	.db #0x00	; 0
   03F8 00                 1077 	.db #0x00	; 0
   03F9 00                 1078 	.db #0x00	; 0
   03FA D0                 1079 	.db #0xd0	; 208
   03FB A0                 1080 	.db #0xa0	; 160
   03FC 81                 1081 	.db #0x81	; 129
   03FD 80                 1082 	.db #0x80	; 128
   03FE 40                 1083 	.db #0x40	; 64
   03FF C0                 1084 	.db #0xc0	; 192
   0400 00                 1085 	.db #0x00	; 0
   0401 40                 1086 	.db #0x40	; 64
   0402 E0                 1087 	.db #0xe0	; 224
   0403 A0                 1088 	.db #0xa0	; 160
   0404 E0                 1089 	.db #0xe0	; 224
   0405 C0                 1090 	.db #0xc0	; 192
   0406 C0                 1091 	.db #0xc0	; 192
   0407 00                 1092 	.db #0x00	; 0
   0408 00                 1093 	.db #0x00	; 0
   0409 D4                 1094 	.db #0xd4	; 212
   040A 80                 1095 	.db #0x80	; 128
   040B 80                 1096 	.db #0x80	; 128
   040C F0                 1097 	.db #0xf0	; 240
   040D 50                 1098 	.db #0x50	; 80	'P'
   040E BD                 1099 	.db #0xbd	; 189
   040F 80                 1100 	.db #0x80	; 128
   0410 00                 1101 	.db #0x00	; 0
   0411 95                 1102 	.db #0x95	; 149
   0412 80                 1103 	.db #0x80	; 128
   0413 80                 1104 	.db #0x80	; 128
   0414 50                 1105 	.db #0x50	; 80	'P'
   0415 40                 1106 	.db #0x40	; 64
   0416 C0                 1107 	.db #0xc0	; 192
   0417 00                 1108 	.db #0x00	; 0
   0418 00                 1109 	.db #0x00	; 0
   0419 40                 1110 	.db #0x40	; 64
   041A 00                 1111 	.db #0x00	; 0
   041B 80                 1112 	.db #0x80	; 128
   041C 50                 1113 	.db #0x50	; 80	'P'
   041D 80                 1114 	.db #0x80	; 128
   041E 00                 1115 	.db #0x00	; 0
   041F 00                 1116 	.db #0x00	; 0
   0420 00                 1117 	.db #0x00	; 0
   0421 00                 1118 	.db #0x00	; 0
   0422 00                 1119 	.db #0x00	; 0
   0423 C0                 1120 	.db #0xc0	; 192
   0424 D1                 1121 	.db #0xd1	; 209
   0425 80                 1122 	.db #0x80	; 128
   0426 00                 1123 	.db #0x00	; 0
   0427 00                 1124 	.db #0x00	; 0
   0428 00                 1125 	.db #0x00	; 0
   0429 00                 1126 	.db #0x00	; 0
   042A 00                 1127 	.db #0x00	; 0
   042B 80                 1128 	.db #0x80	; 128
   042C 50                 1129 	.db #0x50	; 80	'P'
   042D 80                 1130 	.db #0x80	; 128
   042E 00                 1131 	.db #0x00	; 0
   042F 00                 1132 	.db #0x00	; 0
   0430 00                 1133 	.db #0x00	; 0
   0431 00                 1134 	.db #0x00	; 0
   0432 40                 1135 	.db #0x40	; 64
   0433 50                 1136 	.db #0x50	; 80	'P'
   0434 E0                 1137 	.db #0xe0	; 224
   0435 C0                 1138 	.db #0xc0	; 192
   0436 00                 1139 	.db #0x00	; 0
   0437 00                 1140 	.db #0x00	; 0
   0438 00                 1141 	.db #0x00	; 0
   0439 00                 1142 	.db #0x00	; 0
   043A 80                 1143 	.db #0x80	; 128
   043B 50                 1144 	.db #0x50	; 80	'P'
   043C E0                 1145 	.db #0xe0	; 224
   043D C0                 1146 	.db #0xc0	; 192
   043E 80                 1147 	.db #0x80	; 128
   043F 00                 1148 	.db #0x00	; 0
   0440 00                 1149 	.db #0x00	; 0
   0441 00                 1150 	.db #0x00	; 0
   0442 40                 1151 	.db #0x40	; 64
   0443 00                 1152 	.db #0x00	; 0
   0444 E0                 1153 	.db #0xe0	; 224
   0445 C0                 1154 	.db #0xc0	; 192
   0446 C0                 1155 	.db #0xc0	; 192
   0447 00                 1156 	.db #0x00	; 0
   0448 00                 1157 	.db #0x00	; 0
   0449 40                 1158 	.db #0x40	; 64
   044A EA                 1159 	.db #0xea	; 234
   044B 80                 1160 	.db #0x80	; 128
   044C 40                 1161 	.db #0x40	; 64
   044D C0                 1162 	.db #0xc0	; 192
   044E C0                 1163 	.db #0xc0	; 192
   044F 00                 1164 	.db #0x00	; 0
   0450 00                 1165 	.db #0x00	; 0
   0451 C0                 1166 	.db #0xc0	; 192
   0452 03                 1167 	.db #0x03	; 3
   0453 C0                 1168 	.db #0xc0	; 192
   0454 C0                 1169 	.db #0xc0	; 192
   0455 40                 1170 	.db #0x40	; 64
   0456 C0                 1171 	.db #0xc0	; 192
   0457 00                 1172 	.db #0x00	; 0
   0458 00                 1173 	.db #0x00	; 0
   0459 D1                 1174 	.db #0xd1	; 209
   045A 00                 1175 	.db #0x00	; 0
   045B 00                 1176 	.db #0x00	; 0
   045C 00                 1177 	.db #0x00	; 0
   045D 01                 1178 	.db #0x01	; 1
   045E AA                 1179 	.db #0xaa	; 170
   045F 40                 1180 	.db #0x40	; 64
   0460 00                 1181 	.db #0x00	; 0
   0461 81                 1182 	.db #0x81	; 129
   0462 03                 1183 	.db #0x03	; 3
   0463 03                 1184 	.db #0x03	; 3
   0464 03                 1185 	.db #0x03	; 3
   0465 03                 1186 	.db #0x03	; 3
   0466 EA                 1187 	.db #0xea	; 234
   0467 E2                 1188 	.db #0xe2	; 226
   0468 01                 1189 	.db #0x01	; 1
   0469 03                 1190 	.db #0x03	; 3
   046A 03                 1191 	.db #0x03	; 3
   046B 03                 1192 	.db #0x03	; 3
   046C 03                 1193 	.db #0x03	; 3
   046D 03                 1194 	.db #0x03	; 3
   046E 42                 1195 	.db #0x42	; 66	'B'
   046F 81                 1196 	.db #0x81	; 129
   0470                    1197 _hero_sp_7:
   0470 00                 1198 	.db #0x00	; 0
   0471 00                 1199 	.db #0x00	; 0
   0472 00                 1200 	.db #0x00	; 0
   0473 00                 1201 	.db #0x00	; 0
   0474 00                 1202 	.db #0x00	; 0
   0475 00                 1203 	.db #0x00	; 0
   0476 00                 1204 	.db #0x00	; 0
   0477 00                 1205 	.db #0x00	; 0
   0478 00                 1206 	.db #0x00	; 0
   0479 00                 1207 	.db #0x00	; 0
   047A 00                 1208 	.db #0x00	; 0
   047B 00                 1209 	.db #0x00	; 0
   047C 00                 1210 	.db #0x00	; 0
   047D 00                 1211 	.db #0x00	; 0
   047E 00                 1212 	.db #0x00	; 0
   047F 00                 1213 	.db #0x00	; 0
   0480 00                 1214 	.db #0x00	; 0
   0481 00                 1215 	.db #0x00	; 0
   0482 00                 1216 	.db #0x00	; 0
   0483 00                 1217 	.db #0x00	; 0
   0484 00                 1218 	.db #0x00	; 0
   0485 00                 1219 	.db #0x00	; 0
   0486 00                 1220 	.db #0x00	; 0
   0487 00                 1221 	.db #0x00	; 0
   0488 00                 1222 	.db #0x00	; 0
   0489 00                 1223 	.db #0x00	; 0
   048A 00                 1224 	.db #0x00	; 0
   048B 00                 1225 	.db #0x00	; 0
   048C 00                 1226 	.db #0x00	; 0
   048D 00                 1227 	.db #0x00	; 0
   048E 00                 1228 	.db #0x00	; 0
   048F 00                 1229 	.db #0x00	; 0
   0490 00                 1230 	.db #0x00	; 0
   0491 00                 1231 	.db #0x00	; 0
   0492 00                 1232 	.db #0x00	; 0
   0493 00                 1233 	.db #0x00	; 0
   0494 00                 1234 	.db #0x00	; 0
   0495 00                 1235 	.db #0x00	; 0
   0496 00                 1236 	.db #0x00	; 0
   0497 00                 1237 	.db #0x00	; 0
   0498 00                 1238 	.db #0x00	; 0
   0499 00                 1239 	.db #0x00	; 0
   049A 00                 1240 	.db #0x00	; 0
   049B 00                 1241 	.db #0x00	; 0
   049C 00                 1242 	.db #0x00	; 0
   049D 00                 1243 	.db #0x00	; 0
   049E 00                 1244 	.db #0x00	; 0
   049F 00                 1245 	.db #0x00	; 0
   04A0 00                 1246 	.db #0x00	; 0
   04A1 00                 1247 	.db #0x00	; 0
   04A2 00                 1248 	.db #0x00	; 0
   04A3 00                 1249 	.db #0x00	; 0
   04A4 00                 1250 	.db #0x00	; 0
   04A5 00                 1251 	.db #0x00	; 0
   04A6 00                 1252 	.db #0x00	; 0
   04A7 00                 1253 	.db #0x00	; 0
   04A8 00                 1254 	.db #0x00	; 0
   04A9 00                 1255 	.db #0x00	; 0
   04AA 00                 1256 	.db #0x00	; 0
   04AB 00                 1257 	.db #0x00	; 0
   04AC 00                 1258 	.db #0x00	; 0
   04AD 00                 1259 	.db #0x00	; 0
   04AE 00                 1260 	.db #0x00	; 0
   04AF 00                 1261 	.db #0x00	; 0
   04B0 00                 1262 	.db #0x00	; 0
   04B1 00                 1263 	.db #0x00	; 0
   04B2 00                 1264 	.db #0x00	; 0
   04B3 00                 1265 	.db #0x00	; 0
   04B4 00                 1266 	.db #0x00	; 0
   04B5 00                 1267 	.db #0x00	; 0
   04B6 00                 1268 	.db #0x00	; 0
   04B7 00                 1269 	.db #0x00	; 0
   04B8 00                 1270 	.db #0x00	; 0
   04B9 00                 1271 	.db #0x00	; 0
   04BA 00                 1272 	.db #0x00	; 0
   04BB 00                 1273 	.db #0x00	; 0
   04BC 00                 1274 	.db #0x00	; 0
   04BD 00                 1275 	.db #0x00	; 0
   04BE 00                 1276 	.db #0x00	; 0
   04BF 00                 1277 	.db #0x00	; 0
   04C0 00                 1278 	.db #0x00	; 0
   04C1 00                 1279 	.db #0x00	; 0
   04C2 00                 1280 	.db #0x00	; 0
   04C3 00                 1281 	.db #0x00	; 0
   04C4 00                 1282 	.db #0x00	; 0
   04C5 00                 1283 	.db #0x00	; 0
   04C6 00                 1284 	.db #0x00	; 0
   04C7 00                 1285 	.db #0x00	; 0
   04C8 00                 1286 	.db #0x00	; 0
   04C9 00                 1287 	.db #0x00	; 0
   04CA 00                 1288 	.db #0x00	; 0
   04CB 00                 1289 	.db #0x00	; 0
   04CC 00                 1290 	.db #0x00	; 0
   04CD 00                 1291 	.db #0x00	; 0
   04CE 00                 1292 	.db #0x00	; 0
   04CF 00                 1293 	.db #0x00	; 0
   04D0 00                 1294 	.db #0x00	; 0
   04D1 00                 1295 	.db #0x00	; 0
   04D2 00                 1296 	.db #0x00	; 0
   04D3 00                 1297 	.db #0x00	; 0
   04D4 00                 1298 	.db #0x00	; 0
   04D5 00                 1299 	.db #0x00	; 0
   04D6 00                 1300 	.db #0x00	; 0
   04D7 00                 1301 	.db #0x00	; 0
   04D8 00                 1302 	.db #0x00	; 0
   04D9 00                 1303 	.db #0x00	; 0
   04DA 00                 1304 	.db #0x00	; 0
   04DB 40                 1305 	.db #0x40	; 64
   04DC 80                 1306 	.db #0x80	; 128
   04DD 00                 1307 	.db #0x00	; 0
   04DE 00                 1308 	.db #0x00	; 0
   04DF 00                 1309 	.db #0x00	; 0
   04E0 00                 1310 	.db #0x00	; 0
   04E1 00                 1311 	.db #0x00	; 0
   04E2 00                 1312 	.db #0x00	; 0
   04E3 80                 1313 	.db #0x80	; 128
   04E4 40                 1314 	.db #0x40	; 64
   04E5 00                 1315 	.db #0x00	; 0
   04E6 00                 1316 	.db #0x00	; 0
   04E7 00                 1317 	.db #0x00	; 0
   04E8 00                 1318 	.db #0x00	; 0
   04E9 00                 1319 	.db #0x00	; 0
   04EA C0                 1320 	.db #0xc0	; 192
   04EB A0                 1321 	.db #0xa0	; 160
   04EC BD                 1322 	.db #0xbd	; 189
   04ED 80                 1323 	.db #0x80	; 128
   04EE 00                 1324 	.db #0x00	; 0
   04EF 00                 1325 	.db #0x00	; 0
   04F0 00                 1326 	.db #0x00	; 0
   04F1 00                 1327 	.db #0x00	; 0
   04F2 D5                 1328 	.db #0xd5	; 213
   04F3 80                 1329 	.db #0x80	; 128
   04F4 C0                 1330 	.db #0xc0	; 192
   04F5 80                 1331 	.db #0x80	; 128
   04F6 00                 1332 	.db #0x00	; 0
   04F7 00                 1333 	.db #0x00	; 0
   04F8 00                 1334 	.db #0x00	; 0
   04F9 40                 1335 	.db #0x40	; 64
   04FA C0                 1336 	.db #0xc0	; 192
   04FB FA                 1337 	.db #0xfa	; 250
   04FC C0                 1338 	.db #0xc0	; 192
   04FD C0                 1339 	.db #0xc0	; 192
   04FE 00                 1340 	.db #0x00	; 0
   04FF 00                 1341 	.db #0x00	; 0
   0500 00                 1342 	.db #0x00	; 0
   0501 40                 1343 	.db #0x40	; 64
   0502 C0                 1344 	.db #0xc0	; 192
   0503 EA                 1345 	.db #0xea	; 234
   0504 E0                 1346 	.db #0xe0	; 224
   0505 C0                 1347 	.db #0xc0	; 192
   0506 00                 1348 	.db #0x00	; 0
   0507 00                 1349 	.db #0x00	; 0
   0508 02                 1350 	.db #0x02	; 2
   0509 01                 1351 	.db #0x01	; 1
   050A D5                 1352 	.db #0xd5	; 213
   050B C0                 1353 	.db #0xc0	; 192
   050C E0                 1354 	.db #0xe0	; 224
   050D C0                 1355 	.db #0xc0	; 192
   050E 02                 1356 	.db #0x02	; 2
   050F 00                 1357 	.db #0x00	; 0
   0510                    1358 _hero_sp_8:
   0510 00                 1359 	.db #0x00	; 0
   0511 00                 1360 	.db #0x00	; 0
   0512 00                 1361 	.db #0x00	; 0
   0513 C0                 1362 	.db #0xc0	; 192
   0514 C0                 1363 	.db #0xc0	; 192
   0515 00                 1364 	.db #0x00	; 0
   0516 00                 1365 	.db #0x00	; 0
   0517 00                 1366 	.db #0x00	; 0
   0518 00                 1367 	.db #0x00	; 0
   0519 80                 1368 	.db #0x80	; 128
   051A 40                 1369 	.db #0x40	; 64
   051B C0                 1370 	.db #0xc0	; 192
   051C C0                 1371 	.db #0xc0	; 192
   051D 80                 1372 	.db #0x80	; 128
   051E 40                 1373 	.db #0x40	; 64
   051F 00                 1374 	.db #0x00	; 0
   0520 40                 1375 	.db #0x40	; 64
   0521 6A                 1376 	.db #0x6a	; 106	'j'
   0522 C0                 1377 	.db #0xc0	; 192
   0523 C0                 1378 	.db #0xc0	; 192
   0524 C0                 1379 	.db #0xc0	; 192
   0525 C0                 1380 	.db #0xc0	; 192
   0526 95                 1381 	.db #0x95	; 149
   0527 80                 1382 	.db #0x80	; 128
   0528 40                 1383 	.db #0x40	; 64
   0529 E8                 1384 	.db #0xe8	; 232
   052A C0                 1385 	.db #0xc0	; 192
   052B C0                 1386 	.db #0xc0	; 192
   052C C0                 1387 	.db #0xc0	; 192
   052D C0                 1388 	.db #0xc0	; 192
   052E D4                 1389 	.db #0xd4	; 212
   052F 80                 1390 	.db #0x80	; 128
   0530 40                 1391 	.db #0x40	; 64
   0531 50                 1392 	.db #0x50	; 80	'P'
   0532 80                 1393 	.db #0x80	; 128
   0533 C0                 1394 	.db #0xc0	; 192
   0534 C0                 1395 	.db #0xc0	; 192
   0535 40                 1396 	.db #0x40	; 64
   0536 A0                 1397 	.db #0xa0	; 160
   0537 80                 1398 	.db #0x80	; 128
   0538 00                 1399 	.db #0x00	; 0
   0539 80                 1400 	.db #0x80	; 128
   053A E0                 1401 	.db #0xe0	; 224
   053B F0                 1402 	.db #0xf0	; 240
   053C F0                 1403 	.db #0xf0	; 240
   053D D0                 1404 	.db #0xd0	; 208
   053E 40                 1405 	.db #0x40	; 64
   053F 00                 1406 	.db #0x00	; 0
   0540 00                 1407 	.db #0x00	; 0
   0541 40                 1408 	.db #0x40	; 64
   0542 50                 1409 	.db #0x50	; 80	'P'
   0543 F0                 1410 	.db #0xf0	; 240
   0544 F0                 1411 	.db #0xf0	; 240
   0545 A0                 1412 	.db #0xa0	; 160
   0546 80                 1413 	.db #0x80	; 128
   0547 00                 1414 	.db #0x00	; 0
   0548 50                 1415 	.db #0x50	; 80	'P'
   0549 00                 1416 	.db #0x00	; 0
   054A 80                 1417 	.db #0x80	; 128
   054B F0                 1418 	.db #0xf0	; 240
   054C F0                 1419 	.db #0xf0	; 240
   054D 40                 1420 	.db #0x40	; 64
   054E 00                 1421 	.db #0x00	; 0
   054F 00                 1422 	.db #0x00	; 0
   0550 00                 1423 	.db #0x00	; 0
   0551 50                 1424 	.db #0x50	; 80	'P'
   0552 E0                 1425 	.db #0xe0	; 224
   0553 F0                 1426 	.db #0xf0	; 240
   0554 A0                 1427 	.db #0xa0	; 160
   0555 D0                 1428 	.db #0xd0	; 208
   0556 00                 1429 	.db #0x00	; 0
   0557 A0                 1430 	.db #0xa0	; 160
   0558 00                 1431 	.db #0x00	; 0
   0559 50                 1432 	.db #0x50	; 80	'P'
   055A E0                 1433 	.db #0xe0	; 224
   055B 50                 1434 	.db #0x50	; 80	'P'
   055C 00                 1435 	.db #0x00	; 0
   055D 80                 1436 	.db #0x80	; 128
   055E 50                 1437 	.db #0x50	; 80	'P'
   055F 00                 1438 	.db #0x00	; 0
   0560 00                 1439 	.db #0x00	; 0
   0561 00                 1440 	.db #0x00	; 0
   0562 E0                 1441 	.db #0xe0	; 224
   0563 C0                 1442 	.db #0xc0	; 192
   0564 C0                 1443 	.db #0xc0	; 192
   0565 D0                 1444 	.db #0xd0	; 208
   0566 00                 1445 	.db #0x00	; 0
   0567 00                 1446 	.db #0x00	; 0
   0568 00                 1447 	.db #0x00	; 0
   0569 00                 1448 	.db #0x00	; 0
   056A C0                 1449 	.db #0xc0	; 192
   056B F0                 1450 	.db #0xf0	; 240
   056C F0                 1451 	.db #0xf0	; 240
   056D C0                 1452 	.db #0xc0	; 192
   056E 00                 1453 	.db #0x00	; 0
   056F 00                 1454 	.db #0x00	; 0
   0570 00                 1455 	.db #0x00	; 0
   0571 40                 1456 	.db #0x40	; 64
   0572 D0                 1457 	.db #0xd0	; 208
   0573 A0                 1458 	.db #0xa0	; 160
   0574 50                 1459 	.db #0x50	; 80	'P'
   0575 E0                 1460 	.db #0xe0	; 224
   0576 80                 1461 	.db #0x80	; 128
   0577 00                 1462 	.db #0x00	; 0
   0578 00                 1463 	.db #0x00	; 0
   0579 40                 1464 	.db #0x40	; 64
   057A F0                 1465 	.db #0xf0	; 240
   057B 00                 1466 	.db #0x00	; 0
   057C 00                 1467 	.db #0x00	; 0
   057D F0                 1468 	.db #0xf0	; 240
   057E 80                 1469 	.db #0x80	; 128
   057F 00                 1470 	.db #0x00	; 0
   0580 00                 1471 	.db #0x00	; 0
   0581 00                 1472 	.db #0x00	; 0
   0582 80                 1473 	.db #0x80	; 128
   0583 00                 1474 	.db #0x00	; 0
   0584 00                 1475 	.db #0x00	; 0
   0585 40                 1476 	.db #0x40	; 64
   0586 00                 1477 	.db #0x00	; 0
   0587 00                 1478 	.db #0x00	; 0
   0588 00                 1479 	.db #0x00	; 0
   0589 00                 1480 	.db #0x00	; 0
   058A EA                 1481 	.db #0xea	; 234
   058B C0                 1482 	.db #0xc0	; 192
   058C C0                 1483 	.db #0xc0	; 192
   058D D5                 1484 	.db #0xd5	; 213
   058E 00                 1485 	.db #0x00	; 0
   058F 00                 1486 	.db #0x00	; 0
   0590 40                 1487 	.db #0x40	; 64
   0591 55                 1488 	.db #0x55	; 85	'U'
   0592 03                 1489 	.db #0x03	; 3
   0593 00                 1490 	.db #0x00	; 0
   0594 00                 1491 	.db #0x00	; 0
   0595 03                 1492 	.db #0x03	; 3
   0596 AA                 1493 	.db #0xaa	; 170
   0597 80                 1494 	.db #0x80	; 128
   0598 40                 1495 	.db #0x40	; 64
   0599 E2                 1496 	.db #0xe2	; 226
   059A 02                 1497 	.db #0x02	; 2
   059B 00                 1498 	.db #0x00	; 0
   059C 00                 1499 	.db #0x00	; 0
   059D 01                 1500 	.db #0x01	; 1
   059E D1                 1501 	.db #0xd1	; 209
   059F 80                 1502 	.db #0x80	; 128
   05A0 00                 1503 	.db #0x00	; 0
   05A1 C0                 1504 	.db #0xc0	; 192
   05A2 01                 1505 	.db #0x01	; 1
   05A3 03                 1506 	.db #0x03	; 3
   05A4 03                 1507 	.db #0x03	; 3
   05A5 02                 1508 	.db #0x02	; 2
   05A6 C0                 1509 	.db #0xc0	; 192
   05A7 00                 1510 	.db #0x00	; 0
   05A8 00                 1511 	.db #0x00	; 0
   05A9 01                 1512 	.db #0x01	; 1
   05AA 03                 1513 	.db #0x03	; 3
   05AB 03                 1514 	.db #0x03	; 3
   05AC 03                 1515 	.db #0x03	; 3
   05AD 03                 1516 	.db #0x03	; 3
   05AE 02                 1517 	.db #0x02	; 2
   05AF 00                 1518 	.db #0x00	; 0
                           1519 	.area _INITIALIZER
                           1520 	.area _CABS (ABS)
