                              1 ;--------------------------------------------------------
                              2 ; File Created by SDCC : free open source ANSI-C Compiler
                              3 ; Version 3.6.8 #9946 (Linux)
                              4 ;--------------------------------------------------------
                              5 	.module Pirate_Close_3
                              6 	.optsdcc -mz80
                              7 	
                              8 ;--------------------------------------------------------
                              9 ; Public variables in this module
                             10 ;--------------------------------------------------------
                             11 	.globl _enemy12_sp_8
                             12 	.globl _enemy12_sp_7
                             13 	.globl _enemy12_sp_6
                             14 	.globl _enemy12_sp_5
                             15 	.globl _enemy12_sp_4
                             16 	.globl _enemy12_sp_3
                             17 	.globl _enemy12_sp_2
                             18 	.globl _enemy12_sp_1
                             19 	.globl _enemy12_sp_0
                             20 ;--------------------------------------------------------
                             21 ; special function registers
                             22 ;--------------------------------------------------------
                             23 ;--------------------------------------------------------
                             24 ; ram data
                             25 ;--------------------------------------------------------
                             26 	.area _DATA
                             27 ;--------------------------------------------------------
                             28 ; ram data
                             29 ;--------------------------------------------------------
                             30 	.area _INITIALIZED
                             31 ;--------------------------------------------------------
                             32 ; absolute external ram data
                             33 ;--------------------------------------------------------
                             34 	.area _DABS (ABS)
                             35 ;--------------------------------------------------------
                             36 ; global & static initialisations
                             37 ;--------------------------------------------------------
                             38 	.area _HOME
                             39 	.area _GSINIT
                             40 	.area _GSFINAL
                             41 	.area _GSINIT
                             42 ;--------------------------------------------------------
                             43 ; Home
                             44 ;--------------------------------------------------------
                             45 	.area _HOME
                             46 	.area _HOME
                             47 ;--------------------------------------------------------
                             48 ; code
                             49 ;--------------------------------------------------------
                             50 	.area _CODE
                             51 	.area _CODE
   0000                      52 _enemy12_sp_0:
   0000 00                   53 	.db #0x00	; 0
   0001 00                   54 	.db #0x00	; 0
   0002 A0                   55 	.db #0xa0	; 160
   0003 50                   56 	.db #0x50	; 80	'P'
   0004 FA                   57 	.db #0xfa	; 250
   0005 00                   58 	.db #0x00	; 0
   0006 00                   59 	.db #0x00	; 0
   0007 00                   60 	.db #0x00	; 0
   0008 00                   61 	.db #0x00	; 0
   0009 00                   62 	.db #0x00	; 0
   000A 50                   63 	.db #0x50	; 80	'P'
   000B F0                   64 	.db #0xf0	; 240
   000C F5                   65 	.db #0xf5	; 245
   000D 00                   66 	.db #0x00	; 0
   000E 00                   67 	.db #0x00	; 0
   000F 00                   68 	.db #0x00	; 0
   0010 00                   69 	.db #0x00	; 0
   0011 00                   70 	.db #0x00	; 0
   0012 00                   71 	.db #0x00	; 0
   0013 F0                   72 	.db #0xf0	; 240
   0014 FA                   73 	.db #0xfa	; 250
   0015 00                   74 	.db #0x00	; 0
   0016 00                   75 	.db #0x00	; 0
   0017 00                   76 	.db #0x00	; 0
   0018 00                   77 	.db #0x00	; 0
   0019 00                   78 	.db #0x00	; 0
   001A 50                   79 	.db #0x50	; 80	'P'
   001B C0                   80 	.db #0xc0	; 192
   001C 3F                   81 	.db #0x3f	; 63
   001D 00                   82 	.db #0x00	; 0
   001E 00                   83 	.db #0x00	; 0
   001F 00                   84 	.db #0x00	; 0
   0020 00                   85 	.db #0x00	; 0
   0021 40                   86 	.db #0x40	; 64
   0022 89                   87 	.db #0x89	; 137
   0023 57                   88 	.db #0x57	; 87	'W'
   0024 AA                   89 	.db #0xaa	; 170
   0025 00                   90 	.db #0x00	; 0
   0026 00                   91 	.db #0x00	; 0
   0027 00                   92 	.db #0x00	; 0
   0028 00                   93 	.db #0x00	; 0
   0029 D5                   94 	.db #0xd5	; 213
   002A 8C                   95 	.db #0x8c	; 140
   002B 4C                   96 	.db #0x4c	; 76	'L'
   002C C8                   97 	.db #0xc8	; 200
   002D 80                   98 	.db #0x80	; 128
   002E 40                   99 	.db #0x40	; 64
   002F C0                  100 	.db #0xc0	; 192
   0030 40                  101 	.db #0x40	; 64
   0031 03                  102 	.db #0x03	; 3
   0032 84                  103 	.db #0x84	; 132
   0033 4C                  104 	.db #0x4c	; 76	'L'
   0034 8C                  105 	.db #0x8c	; 140
   0035 C0                  106 	.db #0xc0	; 192
   0036 C0                  107 	.db #0xc0	; 192
   0037 00                  108 	.db #0x00	; 0
   0038 40                  109 	.db #0x40	; 64
   0039 48                  110 	.db #0x48	; 72	'H'
   003A 84                  111 	.db #0x84	; 132
   003B 57                  112 	.db #0x57	; 87	'W'
   003C AB                  113 	.db #0xab	; 171
   003D EE                  114 	.db #0xee	; 238
   003E BF                  115 	.db #0xbf	; 191
   003F 80                  116 	.db #0x80	; 128
   0040 40                  117 	.db #0x40	; 64
   0041 6A                  118 	.db #0x6a	; 106	'j'
   0042 40                  119 	.db #0x40	; 64
   0043 03                  120 	.db #0x03	; 3
   0044 AB                  121 	.db #0xab	; 171
   0045 06                  122 	.db #0x06	; 6
   0046 C0                  123 	.db #0xc0	; 192
   0047 00                  124 	.db #0x00	; 0
   0048 00                  125 	.db #0x00	; 0
   0049 80                  126 	.db #0x80	; 128
   004A 40                  127 	.db #0x40	; 64
   004B 0C                  128 	.db #0x0c	; 12
   004C C8                  129 	.db #0xc8	; 200
   004D C0                  130 	.db #0xc0	; 192
   004E 00                  131 	.db #0x00	; 0
   004F 00                  132 	.db #0x00	; 0
   0050 00                  133 	.db #0x00	; 0
   0051 00                  134 	.db #0x00	; 0
   0052 40                  135 	.db #0x40	; 64
   0053 0C                  136 	.db #0x0c	; 12
   0054 C8                  137 	.db #0xc8	; 200
   0055 00                  138 	.db #0x00	; 0
   0056 00                  139 	.db #0x00	; 0
   0057 00                  140 	.db #0x00	; 0
   0058 00                  141 	.db #0x00	; 0
   0059 00                  142 	.db #0x00	; 0
   005A 40                  143 	.db #0x40	; 64
   005B C0                  144 	.db #0xc0	; 192
   005C E2                  145 	.db #0xe2	; 226
   005D 00                  146 	.db #0x00	; 0
   005E 00                  147 	.db #0x00	; 0
   005F 00                  148 	.db #0x00	; 0
   0060 00                  149 	.db #0x00	; 0
   0061 00                  150 	.db #0x00	; 0
   0062 C1                  151 	.db #0xc1	; 193
   0063 FC                  152 	.db #0xfc	; 252
   0064 E9                  153 	.db #0xe9	; 233
   0065 80                  154 	.db #0x80	; 128
   0066 00                  155 	.db #0x00	; 0
   0067 00                  156 	.db #0x00	; 0
   0068 00                  157 	.db #0x00	; 0
   0069 00                  158 	.db #0x00	; 0
   006A C1                  159 	.db #0xc1	; 193
   006B E8                  160 	.db #0xe8	; 232
   006C D4                  161 	.db #0xd4	; 212
   006D C2                  162 	.db #0xc2	; 194
   006E 00                  163 	.db #0x00	; 0
   006F 00                  164 	.db #0x00	; 0
   0070 00                  165 	.db #0x00	; 0
   0071 40                  166 	.db #0x40	; 64
   0072 C1                  167 	.db #0xc1	; 193
   0073 E8                  168 	.db #0xe8	; 232
   0074 D4                  169 	.db #0xd4	; 212
   0075 C3                  170 	.db #0xc3	; 195
   0076 80                  171 	.db #0x80	; 128
   0077 00                  172 	.db #0x00	; 0
   0078 40                  173 	.db #0x40	; 64
   0079 C0                  174 	.db #0xc0	; 192
   007A D4                  175 	.db #0xd4	; 212
   007B E8                  176 	.db #0xe8	; 232
   007C 40                  177 	.db #0x40	; 64
   007D E9                  178 	.db #0xe9	; 233
   007E 80                  179 	.db #0x80	; 128
   007F 00                  180 	.db #0x00	; 0
   0080 40                  181 	.db #0x40	; 64
   0081 40                  182 	.db #0x40	; 64
   0082 40                  183 	.db #0x40	; 64
   0083 80                  184 	.db #0x80	; 128
   0084 00                  185 	.db #0x00	; 0
   0085 C0                  186 	.db #0xc0	; 192
   0086 80                  187 	.db #0x80	; 128
   0087 00                  188 	.db #0x00	; 0
   0088 00                  189 	.db #0x00	; 0
   0089 00                  190 	.db #0x00	; 0
   008A 00                  191 	.db #0x00	; 0
   008B 00                  192 	.db #0x00	; 0
   008C 00                  193 	.db #0x00	; 0
   008D 40                  194 	.db #0x40	; 64
   008E 00                  195 	.db #0x00	; 0
   008F 80                  196 	.db #0x80	; 128
   0090 00                  197 	.db #0x00	; 0
   0091 01                  198 	.db #0x01	; 1
   0092 03                  199 	.db #0x03	; 3
   0093 03                  200 	.db #0x03	; 3
   0094 03                  201 	.db #0x03	; 3
   0095 03                  202 	.db #0x03	; 3
   0096 C0                  203 	.db #0xc0	; 192
   0097 00                  204 	.db #0x00	; 0
   0098 01                  205 	.db #0x01	; 1
   0099 03                  206 	.db #0x03	; 3
   009A 03                  207 	.db #0x03	; 3
   009B 03                  208 	.db #0x03	; 3
   009C 03                  209 	.db #0x03	; 3
   009D 03                  210 	.db #0x03	; 3
   009E 03                  211 	.db #0x03	; 3
   009F 02                  212 	.db #0x02	; 2
   00A0                     213 _enemy12_sp_1:
   00A0 00                  214 	.db #0x00	; 0
   00A1 00                  215 	.db #0x00	; 0
   00A2 00                  216 	.db #0x00	; 0
   00A3 50                  217 	.db #0x50	; 80	'P'
   00A4 FA                  218 	.db #0xfa	; 250
   00A5 00                  219 	.db #0x00	; 0
   00A6 00                  220 	.db #0x00	; 0
   00A7 00                  221 	.db #0x00	; 0
   00A8 00                  222 	.db #0x00	; 0
   00A9 00                  223 	.db #0x00	; 0
   00AA A0                  224 	.db #0xa0	; 160
   00AB F0                  225 	.db #0xf0	; 240
   00AC F5                  226 	.db #0xf5	; 245
   00AD 00                  227 	.db #0x00	; 0
   00AE 00                  228 	.db #0x00	; 0
   00AF 00                  229 	.db #0x00	; 0
   00B0 00                  230 	.db #0x00	; 0
   00B1 00                  231 	.db #0x00	; 0
   00B2 A0                  232 	.db #0xa0	; 160
   00B3 F0                  233 	.db #0xf0	; 240
   00B4 FA                  234 	.db #0xfa	; 250
   00B5 00                  235 	.db #0x00	; 0
   00B6 00                  236 	.db #0x00	; 0
   00B7 00                  237 	.db #0x00	; 0
   00B8 00                  238 	.db #0x00	; 0
   00B9 00                  239 	.db #0x00	; 0
   00BA 50                  240 	.db #0x50	; 80	'P'
   00BB C0                  241 	.db #0xc0	; 192
   00BC 3F                  242 	.db #0x3f	; 63
   00BD 00                  243 	.db #0x00	; 0
   00BE 00                  244 	.db #0x00	; 0
   00BF 00                  245 	.db #0x00	; 0
   00C0 00                  246 	.db #0x00	; 0
   00C1 00                  247 	.db #0x00	; 0
   00C2 00                  248 	.db #0x00	; 0
   00C3 57                  249 	.db #0x57	; 87	'W'
   00C4 AA                  250 	.db #0xaa	; 170
   00C5 00                  251 	.db #0x00	; 0
   00C6 00                  252 	.db #0x00	; 0
   00C7 00                  253 	.db #0x00	; 0
   00C8 00                  254 	.db #0x00	; 0
   00C9 00                  255 	.db #0x00	; 0
   00CA C4                  256 	.db #0xc4	; 196
   00CB 4C                  257 	.db #0x4c	; 76	'L'
   00CC C8                  258 	.db #0xc8	; 200
   00CD 00                  259 	.db #0x00	; 0
   00CE 00                  260 	.db #0x00	; 0
   00CF 00                  261 	.db #0x00	; 0
   00D0 00                  262 	.db #0x00	; 0
   00D1 40                  263 	.db #0x40	; 64
   00D2 EE                  264 	.db #0xee	; 238
   00D3 4C                  265 	.db #0x4c	; 76	'L'
   00D4 8C                  266 	.db #0x8c	; 140
   00D5 80                  267 	.db #0x80	; 128
   00D6 C0                  268 	.db #0xc0	; 192
   00D7 80                  269 	.db #0x80	; 128
   00D8 00                  270 	.db #0x00	; 0
   00D9 81                  271 	.db #0x81	; 129
   00DA 42                  272 	.db #0x42	; 66	'B'
   00DB 57                  273 	.db #0x57	; 87	'W'
   00DC AB                  274 	.db #0xab	; 171
   00DD EA                  275 	.db #0xea	; 234
   00DE 80                  276 	.db #0x80	; 128
   00DF 00                  277 	.db #0x00	; 0
   00E0 00                  278 	.db #0x00	; 0
   00E1 84                  279 	.db #0x84	; 132
   00E2 C0                  280 	.db #0xc0	; 192
   00E3 03                  281 	.db #0x03	; 3
   00E4 EA                  282 	.db #0xea	; 234
   00E5 46                  283 	.db #0x46	; 70	'F'
   00E6 6A                  284 	.db #0x6a	; 106	'j'
   00E7 00                  285 	.db #0x00	; 0
   00E8 00                  286 	.db #0x00	; 0
   00E9 95                  287 	.db #0x95	; 149
   00EA C0                  288 	.db #0xc0	; 192
   00EB 0C                  289 	.db #0x0c	; 12
   00EC C8                  290 	.db #0xc8	; 200
   00ED 06                  291 	.db #0x06	; 6
   00EE 80                  292 	.db #0x80	; 128
   00EF 00                  293 	.db #0x00	; 0
   00F0 00                  294 	.db #0x00	; 0
   00F1 40                  295 	.db #0x40	; 64
   00F2 40                  296 	.db #0x40	; 64
   00F3 0C                  297 	.db #0x0c	; 12
   00F4 C8                  298 	.db #0xc8	; 200
   00F5 C0                  299 	.db #0xc0	; 192
   00F6 00                  300 	.db #0x00	; 0
   00F7 00                  301 	.db #0x00	; 0
   00F8 00                  302 	.db #0x00	; 0
   00F9 00                  303 	.db #0x00	; 0
   00FA 40                  304 	.db #0x40	; 64
   00FB C0                  305 	.db #0xc0	; 192
   00FC E2                  306 	.db #0xe2	; 226
   00FD 00                  307 	.db #0x00	; 0
   00FE 00                  308 	.db #0x00	; 0
   00FF 00                  309 	.db #0x00	; 0
   0100 00                  310 	.db #0x00	; 0
   0101 00                  311 	.db #0x00	; 0
   0102 C0                  312 	.db #0xc0	; 192
   0103 D6                  313 	.db #0xd6	; 214
   0104 E9                  314 	.db #0xe9	; 233
   0105 80                  315 	.db #0x80	; 128
   0106 00                  316 	.db #0x00	; 0
   0107 00                  317 	.db #0x00	; 0
   0108 00                  318 	.db #0x00	; 0
   0109 00                  319 	.db #0x00	; 0
   010A C1                  320 	.db #0xc1	; 193
   010B FC                  321 	.db #0xfc	; 252
   010C FC                  322 	.db #0xfc	; 252
   010D C2                  323 	.db #0xc2	; 194
   010E 00                  324 	.db #0x00	; 0
   010F 00                  325 	.db #0x00	; 0
   0110 00                  326 	.db #0x00	; 0
   0111 00                  327 	.db #0x00	; 0
   0112 C1                  328 	.db #0xc1	; 193
   0113 E8                  329 	.db #0xe8	; 232
   0114 D4                  330 	.db #0xd4	; 212
   0115 C2                  331 	.db #0xc2	; 194
   0116 00                  332 	.db #0x00	; 0
   0117 00                  333 	.db #0x00	; 0
   0118 00                  334 	.db #0x00	; 0
   0119 00                  335 	.db #0x00	; 0
   011A D4                  336 	.db #0xd4	; 212
   011B E8                  337 	.db #0xe8	; 232
   011C 40                  338 	.db #0x40	; 64
   011D E9                  339 	.db #0xe9	; 233
   011E 80                  340 	.db #0x80	; 128
   011F 00                  341 	.db #0x00	; 0
   0120 00                  342 	.db #0x00	; 0
   0121 00                  343 	.db #0x00	; 0
   0122 C0                  344 	.db #0xc0	; 192
   0123 80                  345 	.db #0x80	; 128
   0124 00                  346 	.db #0x00	; 0
   0125 C0                  347 	.db #0xc0	; 192
   0126 80                  348 	.db #0x80	; 128
   0127 00                  349 	.db #0x00	; 0
   0128 00                  350 	.db #0x00	; 0
   0129 40                  351 	.db #0x40	; 64
   012A 80                  352 	.db #0x80	; 128
   012B 00                  353 	.db #0x00	; 0
   012C 00                  354 	.db #0x00	; 0
   012D C0                  355 	.db #0xc0	; 192
   012E 00                  356 	.db #0x00	; 0
   012F 00                  357 	.db #0x00	; 0
   0130 00                  358 	.db #0x00	; 0
   0131 40                  359 	.db #0x40	; 64
   0132 81                  360 	.db #0x81	; 129
   0133 03                  361 	.db #0x03	; 3
   0134 03                  362 	.db #0x03	; 3
   0135 42                  363 	.db #0x42	; 66	'B'
   0136 C0                  364 	.db #0xc0	; 192
   0137 00                  365 	.db #0x00	; 0
   0138 00                  366 	.db #0x00	; 0
   0139 03                  367 	.db #0x03	; 3
   013A C0                  368 	.db #0xc0	; 192
   013B 03                  369 	.db #0x03	; 3
   013C 03                  370 	.db #0x03	; 3
   013D 03                  371 	.db #0x03	; 3
   013E 03                  372 	.db #0x03	; 3
   013F 02                  373 	.db #0x02	; 2
   0140                     374 _enemy12_sp_2:
   0140 00                  375 	.db #0x00	; 0
   0141 00                  376 	.db #0x00	; 0
   0142 A0                  377 	.db #0xa0	; 160
   0143 50                  378 	.db #0x50	; 80	'P'
   0144 FA                  379 	.db #0xfa	; 250
   0145 00                  380 	.db #0x00	; 0
   0146 00                  381 	.db #0x00	; 0
   0147 00                  382 	.db #0x00	; 0
   0148 00                  383 	.db #0x00	; 0
   0149 00                  384 	.db #0x00	; 0
   014A 50                  385 	.db #0x50	; 80	'P'
   014B F0                  386 	.db #0xf0	; 240
   014C F5                  387 	.db #0xf5	; 245
   014D 00                  388 	.db #0x00	; 0
   014E 00                  389 	.db #0x00	; 0
   014F 00                  390 	.db #0x00	; 0
   0150 00                  391 	.db #0x00	; 0
   0151 00                  392 	.db #0x00	; 0
   0152 00                  393 	.db #0x00	; 0
   0153 F0                  394 	.db #0xf0	; 240
   0154 FA                  395 	.db #0xfa	; 250
   0155 00                  396 	.db #0x00	; 0
   0156 00                  397 	.db #0x00	; 0
   0157 00                  398 	.db #0x00	; 0
   0158 00                  399 	.db #0x00	; 0
   0159 00                  400 	.db #0x00	; 0
   015A 50                  401 	.db #0x50	; 80	'P'
   015B C0                  402 	.db #0xc0	; 192
   015C 3F                  403 	.db #0x3f	; 63
   015D 00                  404 	.db #0x00	; 0
   015E 00                  405 	.db #0x00	; 0
   015F 00                  406 	.db #0x00	; 0
   0160 00                  407 	.db #0x00	; 0
   0161 00                  408 	.db #0x00	; 0
   0162 00                  409 	.db #0x00	; 0
   0163 57                  410 	.db #0x57	; 87	'W'
   0164 AA                  411 	.db #0xaa	; 170
   0165 00                  412 	.db #0x00	; 0
   0166 00                  413 	.db #0x00	; 0
   0167 00                  414 	.db #0x00	; 0
   0168 00                  415 	.db #0x00	; 0
   0169 00                  416 	.db #0x00	; 0
   016A 40                  417 	.db #0x40	; 64
   016B 4C                  418 	.db #0x4c	; 76	'L'
   016C C8                  419 	.db #0xc8	; 200
   016D 00                  420 	.db #0x00	; 0
   016E 00                  421 	.db #0x00	; 0
   016F 00                  422 	.db #0x00	; 0
   0170 00                  423 	.db #0x00	; 0
   0171 00                  424 	.db #0x00	; 0
   0172 C4                  425 	.db #0xc4	; 196
   0173 4C                  426 	.db #0x4c	; 76	'L'
   0174 8C                  427 	.db #0x8c	; 140
   0175 80                  428 	.db #0x80	; 128
   0176 00                  429 	.db #0x00	; 0
   0177 00                  430 	.db #0x00	; 0
   0178 00                  431 	.db #0x00	; 0
   0179 00                  432 	.db #0x00	; 0
   017A C4                  433 	.db #0xc4	; 196
   017B 57                  434 	.db #0x57	; 87	'W'
   017C AE                  435 	.db #0xae	; 174
   017D 80                  436 	.db #0x80	; 128
   017E C0                  437 	.db #0xc0	; 192
   017F 80                  438 	.db #0x80	; 128
   0180 00                  439 	.db #0x00	; 0
   0181 00                  440 	.db #0x00	; 0
   0182 D5                  441 	.db #0xd5	; 213
   0183 03                  442 	.db #0x03	; 3
   0184 AB                  443 	.db #0xab	; 171
   0185 EA                  444 	.db #0xea	; 234
   0186 80                  445 	.db #0x80	; 128
   0187 00                  446 	.db #0x00	; 0
   0188 00                  447 	.db #0x00	; 0
   0189 00                  448 	.db #0x00	; 0
   018A 81                  449 	.db #0x81	; 129
   018B 0C                  450 	.db #0x0c	; 12
   018C C8                  451 	.db #0xc8	; 200
   018D 5D                  452 	.db #0x5d	; 93
   018E 6A                  453 	.db #0x6a	; 106	'j'
   018F 00                  454 	.db #0x00	; 0
   0190 00                  455 	.db #0x00	; 0
   0191 00                  456 	.db #0x00	; 0
   0192 84                  457 	.db #0x84	; 132
   0193 0C                  458 	.db #0x0c	; 12
   0194 C8                  459 	.db #0xc8	; 200
   0195 C0                  460 	.db #0xc0	; 192
   0196 80                  461 	.db #0x80	; 128
   0197 00                  462 	.db #0x00	; 0
   0198 00                  463 	.db #0x00	; 0
   0199 00                  464 	.db #0x00	; 0
   019A 95                  465 	.db #0x95	; 149
   019B C0                  466 	.db #0xc0	; 192
   019C E2                  467 	.db #0xe2	; 226
   019D 00                  468 	.db #0x00	; 0
   019E 00                  469 	.db #0x00	; 0
   019F 00                  470 	.db #0x00	; 0
   01A0 00                  471 	.db #0x00	; 0
   01A1 00                  472 	.db #0x00	; 0
   01A2 40                  473 	.db #0x40	; 64
   01A3 FC                  474 	.db #0xfc	; 252
   01A4 E8                  475 	.db #0xe8	; 232
   01A5 00                  476 	.db #0x00	; 0
   01A6 00                  477 	.db #0x00	; 0
   01A7 00                  478 	.db #0x00	; 0
   01A8 00                  479 	.db #0x00	; 0
   01A9 00                  480 	.db #0x00	; 0
   01AA 40                  481 	.db #0x40	; 64
   01AB E9                  482 	.db #0xe9	; 233
   01AC C2                  483 	.db #0xc2	; 194
   01AD 00                  484 	.db #0x00	; 0
   01AE 00                  485 	.db #0x00	; 0
   01AF 00                  486 	.db #0x00	; 0
   01B0 00                  487 	.db #0x00	; 0
   01B1 00                  488 	.db #0x00	; 0
   01B2 40                  489 	.db #0x40	; 64
   01B3 E8                  490 	.db #0xe8	; 232
   01B4 C2                  491 	.db #0xc2	; 194
   01B5 00                  492 	.db #0x00	; 0
   01B6 00                  493 	.db #0x00	; 0
   01B7 00                  494 	.db #0x00	; 0
   01B8 00                  495 	.db #0x00	; 0
   01B9 00                  496 	.db #0x00	; 0
   01BA 40                  497 	.db #0x40	; 64
   01BB E8                  498 	.db #0xe8	; 232
   01BC C2                  499 	.db #0xc2	; 194
   01BD 00                  500 	.db #0x00	; 0
   01BE 00                  501 	.db #0x00	; 0
   01BF 00                  502 	.db #0x00	; 0
   01C0 00                  503 	.db #0x00	; 0
   01C1 00                  504 	.db #0x00	; 0
   01C2 40                  505 	.db #0x40	; 64
   01C3 C0                  506 	.db #0xc0	; 192
   01C4 C0                  507 	.db #0xc0	; 192
   01C5 00                  508 	.db #0x00	; 0
   01C6 00                  509 	.db #0x00	; 0
   01C7 00                  510 	.db #0x00	; 0
   01C8 00                  511 	.db #0x00	; 0
   01C9 00                  512 	.db #0x00	; 0
   01CA 00                  513 	.db #0x00	; 0
   01CB 80                  514 	.db #0x80	; 128
   01CC 80                  515 	.db #0x80	; 128
   01CD 00                  516 	.db #0x00	; 0
   01CE 00                  517 	.db #0x00	; 0
   01CF 00                  518 	.db #0x00	; 0
   01D0 00                  519 	.db #0x00	; 0
   01D1 00                  520 	.db #0x00	; 0
   01D2 03                  521 	.db #0x03	; 3
   01D3 81                  522 	.db #0x81	; 129
   01D4 81                  523 	.db #0x81	; 129
   01D5 03                  524 	.db #0x03	; 3
   01D6 02                  525 	.db #0x02	; 2
   01D7 00                  526 	.db #0x00	; 0
   01D8 00                  527 	.db #0x00	; 0
   01D9 01                  528 	.db #0x01	; 1
   01DA 03                  529 	.db #0x03	; 3
   01DB C0                  530 	.db #0xc0	; 192
   01DC C0                  531 	.db #0xc0	; 192
   01DD 81                  532 	.db #0x81	; 129
   01DE 03                  533 	.db #0x03	; 3
   01DF 00                  534 	.db #0x00	; 0
   01E0                     535 _enemy12_sp_3:
   01E0 00                  536 	.db #0x00	; 0
   01E1 00                  537 	.db #0x00	; 0
   01E2 50                  538 	.db #0x50	; 80	'P'
   01E3 FA                  539 	.db #0xfa	; 250
   01E4 00                  540 	.db #0x00	; 0
   01E5 A0                  541 	.db #0xa0	; 160
   01E6 00                  542 	.db #0x00	; 0
   01E7 00                  543 	.db #0x00	; 0
   01E8 00                  544 	.db #0x00	; 0
   01E9 00                  545 	.db #0x00	; 0
   01EA 55                  546 	.db #0x55	; 85	'U'
   01EB F0                  547 	.db #0xf0	; 240
   01EC F0                  548 	.db #0xf0	; 240
   01ED 00                  549 	.db #0x00	; 0
   01EE 00                  550 	.db #0x00	; 0
   01EF 00                  551 	.db #0x00	; 0
   01F0 00                  552 	.db #0x00	; 0
   01F1 00                  553 	.db #0x00	; 0
   01F2 50                  554 	.db #0x50	; 80	'P'
   01F3 FA                  555 	.db #0xfa	; 250
   01F4 A0                  556 	.db #0xa0	; 160
   01F5 00                  557 	.db #0x00	; 0
   01F6 00                  558 	.db #0x00	; 0
   01F7 00                  559 	.db #0x00	; 0
   01F8 00                  560 	.db #0x00	; 0
   01F9 00                  561 	.db #0x00	; 0
   01FA 15                  562 	.db #0x15	; 21
   01FB 6A                  563 	.db #0x6a	; 106	'j'
   01FC D0                  564 	.db #0xd0	; 208
   01FD 00                  565 	.db #0x00	; 0
   01FE 00                  566 	.db #0x00	; 0
   01FF 00                  567 	.db #0x00	; 0
   0200 00                  568 	.db #0x00	; 0
   0201 00                  569 	.db #0x00	; 0
   0202 00                  570 	.db #0x00	; 0
   0203 FF                  571 	.db #0xff	; 255
   0204 02                  572 	.db #0x02	; 2
   0205 00                  573 	.db #0x00	; 0
   0206 00                  574 	.db #0x00	; 0
   0207 00                  575 	.db #0x00	; 0
   0208 00                  576 	.db #0x00	; 0
   0209 00                  577 	.db #0x00	; 0
   020A 40                  578 	.db #0x40	; 64
   020B CC                  579 	.db #0xcc	; 204
   020C 48                  580 	.db #0x48	; 72	'H'
   020D 00                  581 	.db #0x00	; 0
   020E 00                  582 	.db #0x00	; 0
   020F 00                  583 	.db #0x00	; 0
   0210 00                  584 	.db #0x00	; 0
   0211 00                  585 	.db #0x00	; 0
   0212 84                  586 	.db #0x84	; 132
   0213 CC                  587 	.db #0xcc	; 204
   0214 4C                  588 	.db #0x4c	; 76	'L'
   0215 80                  589 	.db #0x80	; 128
   0216 00                  590 	.db #0x00	; 0
   0217 00                  591 	.db #0x00	; 0
   0218 C0                  592 	.db #0xc0	; 192
   0219 80                  593 	.db #0x80	; 128
   021A 84                  594 	.db #0x84	; 132
   021B FF                  595 	.db #0xff	; 255
   021C 46                  596 	.db #0x46	; 70	'F'
   021D 80                  597 	.db #0x80	; 128
   021E 00                  598 	.db #0x00	; 0
   021F 00                  599 	.db #0x00	; 0
   0220 00                  600 	.db #0x00	; 0
   0221 C0                  601 	.db #0xc0	; 192
   0222 AB                  602 	.db #0xab	; 171
   0223 AB                  603 	.db #0xab	; 171
   0224 57                  604 	.db #0x57	; 87	'W'
   0225 80                  605 	.db #0x80	; 128
   0226 00                  606 	.db #0x00	; 0
   0227 00                  607 	.db #0x00	; 0
   0228 40                  608 	.db #0x40	; 64
   0229 7F                  609 	.db #0x7f	; 127
   022A 48                  610 	.db #0x48	; 72	'H'
   022B 8C                  611 	.db #0x8c	; 140
   022C 09                  612 	.db #0x09	; 9
   022D 80                  613 	.db #0x80	; 128
   022E 00                  614 	.db #0x00	; 0
   022F 00                  615 	.db #0x00	; 0
   0230 00                  616 	.db #0x00	; 0
   0231 C0                  617 	.db #0xc0	; 192
   0232 C0                  618 	.db #0xc0	; 192
   0233 8C                  619 	.db #0x8c	; 140
   0234 0C                  620 	.db #0x0c	; 12
   0235 80                  621 	.db #0x80	; 128
   0236 00                  622 	.db #0x00	; 0
   0237 00                  623 	.db #0x00	; 0
   0238 00                  624 	.db #0x00	; 0
   0239 00                  625 	.db #0x00	; 0
   023A 40                  626 	.db #0x40	; 64
   023B E2                  627 	.db #0xe2	; 226
   023C 95                  628 	.db #0x95	; 149
   023D 80                  629 	.db #0x80	; 128
   023E 00                  630 	.db #0x00	; 0
   023F 00                  631 	.db #0x00	; 0
   0240 00                  632 	.db #0x00	; 0
   0241 00                  633 	.db #0x00	; 0
   0242 40                  634 	.db #0x40	; 64
   0243 FC                  635 	.db #0xfc	; 252
   0244 E8                  636 	.db #0xe8	; 232
   0245 00                  637 	.db #0x00	; 0
   0246 00                  638 	.db #0x00	; 0
   0247 00                  639 	.db #0x00	; 0
   0248 00                  640 	.db #0x00	; 0
   0249 00                  641 	.db #0x00	; 0
   024A 40                  642 	.db #0x40	; 64
   024B C3                  643 	.db #0xc3	; 195
   024C E8                  644 	.db #0xe8	; 232
   024D 00                  645 	.db #0x00	; 0
   024E 00                  646 	.db #0x00	; 0
   024F 00                  647 	.db #0x00	; 0
   0250 00                  648 	.db #0x00	; 0
   0251 00                  649 	.db #0x00	; 0
   0252 40                  650 	.db #0x40	; 64
   0253 C2                  651 	.db #0xc2	; 194
   0254 E8                  652 	.db #0xe8	; 232
   0255 00                  653 	.db #0x00	; 0
   0256 00                  654 	.db #0x00	; 0
   0257 00                  655 	.db #0x00	; 0
   0258 00                  656 	.db #0x00	; 0
   0259 00                  657 	.db #0x00	; 0
   025A 40                  658 	.db #0x40	; 64
   025B C2                  659 	.db #0xc2	; 194
   025C E8                  660 	.db #0xe8	; 232
   025D 00                  661 	.db #0x00	; 0
   025E 00                  662 	.db #0x00	; 0
   025F 00                  663 	.db #0x00	; 0
   0260 00                  664 	.db #0x00	; 0
   0261 00                  665 	.db #0x00	; 0
   0262 40                  666 	.db #0x40	; 64
   0263 C0                  667 	.db #0xc0	; 192
   0264 C0                  668 	.db #0xc0	; 192
   0265 00                  669 	.db #0x00	; 0
   0266 00                  670 	.db #0x00	; 0
   0267 00                  671 	.db #0x00	; 0
   0268 00                  672 	.db #0x00	; 0
   0269 00                  673 	.db #0x00	; 0
   026A 00                  674 	.db #0x00	; 0
   026B 80                  675 	.db #0x80	; 128
   026C 80                  676 	.db #0x80	; 128
   026D 00                  677 	.db #0x00	; 0
   026E 00                  678 	.db #0x00	; 0
   026F 00                  679 	.db #0x00	; 0
   0270 00                  680 	.db #0x00	; 0
   0271 03                  681 	.db #0x03	; 3
   0272 03                  682 	.db #0x03	; 3
   0273 81                  683 	.db #0x81	; 129
   0274 81                  684 	.db #0x81	; 129
   0275 02                  685 	.db #0x02	; 2
   0276 00                  686 	.db #0x00	; 0
   0277 00                  687 	.db #0x00	; 0
   0278 01                  688 	.db #0x01	; 1
   0279 03                  689 	.db #0x03	; 3
   027A C0                  690 	.db #0xc0	; 192
   027B C0                  691 	.db #0xc0	; 192
   027C 81                  692 	.db #0x81	; 129
   027D 03                  693 	.db #0x03	; 3
   027E 00                  694 	.db #0x00	; 0
   027F 00                  695 	.db #0x00	; 0
   0280                     696 _enemy12_sp_4:
   0280 00                  697 	.db #0x00	; 0
   0281 00                  698 	.db #0x00	; 0
   0282 00                  699 	.db #0x00	; 0
   0283 F5                  700 	.db #0xf5	; 245
   0284 A0                  701 	.db #0xa0	; 160
   0285 00                  702 	.db #0x00	; 0
   0286 00                  703 	.db #0x00	; 0
   0287 00                  704 	.db #0x00	; 0
   0288 00                  705 	.db #0x00	; 0
   0289 00                  706 	.db #0x00	; 0
   028A 00                  707 	.db #0x00	; 0
   028B FA                  708 	.db #0xfa	; 250
   028C F0                  709 	.db #0xf0	; 240
   028D 50                  710 	.db #0x50	; 80	'P'
   028E 00                  711 	.db #0x00	; 0
   028F 00                  712 	.db #0x00	; 0
   0290 00                  713 	.db #0x00	; 0
   0291 00                  714 	.db #0x00	; 0
   0292 00                  715 	.db #0x00	; 0
   0293 F5                  716 	.db #0xf5	; 245
   0294 F0                  717 	.db #0xf0	; 240
   0295 50                  718 	.db #0x50	; 80	'P'
   0296 00                  719 	.db #0x00	; 0
   0297 00                  720 	.db #0x00	; 0
   0298 00                  721 	.db #0x00	; 0
   0299 00                  722 	.db #0x00	; 0
   029A 00                  723 	.db #0x00	; 0
   029B 3F                  724 	.db #0x3f	; 63
   029C C0                  725 	.db #0xc0	; 192
   029D A0                  726 	.db #0xa0	; 160
   029E 00                  727 	.db #0x00	; 0
   029F 00                  728 	.db #0x00	; 0
   02A0 00                  729 	.db #0x00	; 0
   02A1 00                  730 	.db #0x00	; 0
   02A2 00                  731 	.db #0x00	; 0
   02A3 55                  732 	.db #0x55	; 85	'U'
   02A4 AB                  733 	.db #0xab	; 171
   02A5 00                  734 	.db #0x00	; 0
   02A6 00                  735 	.db #0x00	; 0
   02A7 00                  736 	.db #0x00	; 0
   02A8 00                  737 	.db #0x00	; 0
   02A9 00                  738 	.db #0x00	; 0
   02AA 00                  739 	.db #0x00	; 0
   02AB C4                  740 	.db #0xc4	; 196
   02AC 8C                  741 	.db #0x8c	; 140
   02AD C8                  742 	.db #0xc8	; 200
   02AE 00                  743 	.db #0x00	; 0
   02AF 00                  744 	.db #0x00	; 0
   02B0 40                  745 	.db #0x40	; 64
   02B1 C0                  746 	.db #0xc0	; 192
   02B2 40                  747 	.db #0x40	; 64
   02B3 4C                  748 	.db #0x4c	; 76	'L'
   02B4 8C                  749 	.db #0x8c	; 140
   02B5 DD                  750 	.db #0xdd	; 221
   02B6 80                  751 	.db #0x80	; 128
   02B7 00                  752 	.db #0x00	; 0
   02B8 00                  753 	.db #0x00	; 0
   02B9 40                  754 	.db #0x40	; 64
   02BA D5                  755 	.db #0xd5	; 213
   02BB 57                  756 	.db #0x57	; 87	'W'
   02BC AB                  757 	.db #0xab	; 171
   02BD 81                  758 	.db #0x81	; 129
   02BE 42                  759 	.db #0x42	; 66	'B'
   02BF 00                  760 	.db #0x00	; 0
   02C0 00                  761 	.db #0x00	; 0
   02C1 95                  762 	.db #0x95	; 149
   02C2 89                  763 	.db #0x89	; 137
   02C3 D5                  764 	.db #0xd5	; 213
   02C4 03                  765 	.db #0x03	; 3
   02C5 C0                  766 	.db #0xc0	; 192
   02C6 48                  767 	.db #0x48	; 72	'H'
   02C7 00                  768 	.db #0x00	; 0
   02C8 00                  769 	.db #0x00	; 0
   02C9 40                  770 	.db #0x40	; 64
   02CA 09                  771 	.db #0x09	; 9
   02CB C4                  772 	.db #0xc4	; 196
   02CC 0C                  773 	.db #0x0c	; 12
   02CD C0                  774 	.db #0xc0	; 192
   02CE 6A                  775 	.db #0x6a	; 106	'j'
   02CF 00                  776 	.db #0x00	; 0
   02D0 00                  777 	.db #0x00	; 0
   02D1 00                  778 	.db #0x00	; 0
   02D2 C0                  779 	.db #0xc0	; 192
   02D3 C4                  780 	.db #0xc4	; 196
   02D4 0C                  781 	.db #0x0c	; 12
   02D5 80                  782 	.db #0x80	; 128
   02D6 80                  783 	.db #0x80	; 128
   02D7 00                  784 	.db #0x00	; 0
   02D8 00                  785 	.db #0x00	; 0
   02D9 00                  786 	.db #0x00	; 0
   02DA 00                  787 	.db #0x00	; 0
   02DB D1                  788 	.db #0xd1	; 209
   02DC C0                  789 	.db #0xc0	; 192
   02DD 80                  790 	.db #0x80	; 128
   02DE 00                  791 	.db #0x00	; 0
   02DF 00                  792 	.db #0x00	; 0
   02E0 00                  793 	.db #0x00	; 0
   02E1 00                  794 	.db #0x00	; 0
   02E2 40                  795 	.db #0x40	; 64
   02E3 D6                  796 	.db #0xd6	; 214
   02E4 E9                  797 	.db #0xe9	; 233
   02E5 C0                  798 	.db #0xc0	; 192
   02E6 00                  799 	.db #0x00	; 0
   02E7 00                  800 	.db #0x00	; 0
   02E8 00                  801 	.db #0x00	; 0
   02E9 00                  802 	.db #0x00	; 0
   02EA C1                  803 	.db #0xc1	; 193
   02EB FC                  804 	.db #0xfc	; 252
   02EC FC                  805 	.db #0xfc	; 252
   02ED C2                  806 	.db #0xc2	; 194
   02EE 00                  807 	.db #0x00	; 0
   02EF 00                  808 	.db #0x00	; 0
   02F0 00                  809 	.db #0x00	; 0
   02F1 00                  810 	.db #0x00	; 0
   02F2 C1                  811 	.db #0xc1	; 193
   02F3 E8                  812 	.db #0xe8	; 232
   02F4 D4                  813 	.db #0xd4	; 212
   02F5 C2                  814 	.db #0xc2	; 194
   02F6 00                  815 	.db #0x00	; 0
   02F7 00                  816 	.db #0x00	; 0
   02F8 00                  817 	.db #0x00	; 0
   02F9 40                  818 	.db #0x40	; 64
   02FA D6                  819 	.db #0xd6	; 214
   02FB 80                  820 	.db #0x80	; 128
   02FC D4                  821 	.db #0xd4	; 212
   02FD E8                  822 	.db #0xe8	; 232
   02FE 00                  823 	.db #0x00	; 0
   02FF 00                  824 	.db #0x00	; 0
   0300 00                  825 	.db #0x00	; 0
   0301 40                  826 	.db #0x40	; 64
   0302 C0                  827 	.db #0xc0	; 192
   0303 00                  828 	.db #0x00	; 0
   0304 40                  829 	.db #0x40	; 64
   0305 C0                  830 	.db #0xc0	; 192
   0306 00                  831 	.db #0x00	; 0
   0307 00                  832 	.db #0x00	; 0
   0308 00                  833 	.db #0x00	; 0
   0309 00                  834 	.db #0x00	; 0
   030A C0                  835 	.db #0xc0	; 192
   030B 00                  836 	.db #0x00	; 0
   030C 00                  837 	.db #0x00	; 0
   030D 40                  838 	.db #0x40	; 64
   030E 80                  839 	.db #0x80	; 128
   030F 00                  840 	.db #0x00	; 0
   0310 00                  841 	.db #0x00	; 0
   0311 C0                  842 	.db #0xc0	; 192
   0312 81                  843 	.db #0x81	; 129
   0313 03                  844 	.db #0x03	; 3
   0314 03                  845 	.db #0x03	; 3
   0315 42                  846 	.db #0x42	; 66	'B'
   0316 80                  847 	.db #0x80	; 128
   0317 00                  848 	.db #0x00	; 0
   0318 01                  849 	.db #0x01	; 1
   0319 03                  850 	.db #0x03	; 3
   031A 03                  851 	.db #0x03	; 3
   031B 03                  852 	.db #0x03	; 3
   031C 03                  853 	.db #0x03	; 3
   031D C0                  854 	.db #0xc0	; 192
   031E 03                  855 	.db #0x03	; 3
   031F 00                  856 	.db #0x00	; 0
   0320                     857 _enemy12_sp_5:
   0320 00                  858 	.db #0x00	; 0
   0321 00                  859 	.db #0x00	; 0
   0322 00                  860 	.db #0x00	; 0
   0323 F5                  861 	.db #0xf5	; 245
   0324 A0                  862 	.db #0xa0	; 160
   0325 50                  863 	.db #0x50	; 80	'P'
   0326 00                  864 	.db #0x00	; 0
   0327 00                  865 	.db #0x00	; 0
   0328 00                  866 	.db #0x00	; 0
   0329 00                  867 	.db #0x00	; 0
   032A 00                  868 	.db #0x00	; 0
   032B FA                  869 	.db #0xfa	; 250
   032C F0                  870 	.db #0xf0	; 240
   032D A0                  871 	.db #0xa0	; 160
   032E 00                  872 	.db #0x00	; 0
   032F 00                  873 	.db #0x00	; 0
   0330 00                  874 	.db #0x00	; 0
   0331 00                  875 	.db #0x00	; 0
   0332 00                  876 	.db #0x00	; 0
   0333 F5                  877 	.db #0xf5	; 245
   0334 F0                  878 	.db #0xf0	; 240
   0335 00                  879 	.db #0x00	; 0
   0336 00                  880 	.db #0x00	; 0
   0337 00                  881 	.db #0x00	; 0
   0338 00                  882 	.db #0x00	; 0
   0339 00                  883 	.db #0x00	; 0
   033A 00                  884 	.db #0x00	; 0
   033B 3F                  885 	.db #0x3f	; 63
   033C C0                  886 	.db #0xc0	; 192
   033D A0                  887 	.db #0xa0	; 160
   033E 00                  888 	.db #0x00	; 0
   033F 00                  889 	.db #0x00	; 0
   0340 00                  890 	.db #0x00	; 0
   0341 00                  891 	.db #0x00	; 0
   0342 00                  892 	.db #0x00	; 0
   0343 55                  893 	.db #0x55	; 85	'U'
   0344 AB                  894 	.db #0xab	; 171
   0345 46                  895 	.db #0x46	; 70	'F'
   0346 80                  896 	.db #0x80	; 128
   0347 00                  897 	.db #0x00	; 0
   0348 C0                  898 	.db #0xc0	; 192
   0349 80                  899 	.db #0x80	; 128
   034A 40                  900 	.db #0x40	; 64
   034B C4                  901 	.db #0xc4	; 196
   034C 8C                  902 	.db #0x8c	; 140
   034D 4C                  903 	.db #0x4c	; 76	'L'
   034E EA                  904 	.db #0xea	; 234
   034F 00                  905 	.db #0x00	; 0
   0350 00                  906 	.db #0x00	; 0
   0351 C0                  907 	.db #0xc0	; 192
   0352 C0                  908 	.db #0xc0	; 192
   0353 4C                  909 	.db #0x4c	; 76	'L'
   0354 8C                  910 	.db #0x8c	; 140
   0355 48                  911 	.db #0x48	; 72	'H'
   0356 03                  912 	.db #0x03	; 3
   0357 80                  913 	.db #0x80	; 128
   0358 40                  914 	.db #0x40	; 64
   0359 7F                  915 	.db #0x7f	; 127
   035A DD                  916 	.db #0xdd	; 221
   035B 57                  917 	.db #0x57	; 87	'W'
   035C AB                  918 	.db #0xab	; 171
   035D 48                  919 	.db #0x48	; 72	'H'
   035E 84                  920 	.db #0x84	; 132
   035F 80                  921 	.db #0x80	; 128
   0360 00                  922 	.db #0x00	; 0
   0361 C0                  923 	.db #0xc0	; 192
   0362 09                  924 	.db #0x09	; 9
   0363 57                  925 	.db #0x57	; 87	'W'
   0364 03                  926 	.db #0x03	; 3
   0365 80                  927 	.db #0x80	; 128
   0366 95                  928 	.db #0x95	; 149
   0367 80                  929 	.db #0x80	; 128
   0368 00                  930 	.db #0x00	; 0
   0369 00                  931 	.db #0x00	; 0
   036A C0                  932 	.db #0xc0	; 192
   036B C4                  933 	.db #0xc4	; 196
   036C 0C                  934 	.db #0x0c	; 12
   036D 80                  935 	.db #0x80	; 128
   036E 40                  936 	.db #0x40	; 64
   036F 00                  937 	.db #0x00	; 0
   0370 00                  938 	.db #0x00	; 0
   0371 00                  939 	.db #0x00	; 0
   0372 00                  940 	.db #0x00	; 0
   0373 C4                  941 	.db #0xc4	; 196
   0374 0C                  942 	.db #0x0c	; 12
   0375 80                  943 	.db #0x80	; 128
   0376 00                  944 	.db #0x00	; 0
   0377 00                  945 	.db #0x00	; 0
   0378 00                  946 	.db #0x00	; 0
   0379 00                  947 	.db #0x00	; 0
   037A 00                  948 	.db #0x00	; 0
   037B D1                  949 	.db #0xd1	; 209
   037C C0                  950 	.db #0xc0	; 192
   037D 80                  951 	.db #0x80	; 128
   037E 00                  952 	.db #0x00	; 0
   037F 00                  953 	.db #0x00	; 0
   0380 00                  954 	.db #0x00	; 0
   0381 00                  955 	.db #0x00	; 0
   0382 40                  956 	.db #0x40	; 64
   0383 D6                  957 	.db #0xd6	; 214
   0384 FC                  958 	.db #0xfc	; 252
   0385 C2                  959 	.db #0xc2	; 194
   0386 00                  960 	.db #0x00	; 0
   0387 00                  961 	.db #0x00	; 0
   0388 00                  962 	.db #0x00	; 0
   0389 00                  963 	.db #0x00	; 0
   038A C1                  964 	.db #0xc1	; 193
   038B E8                  965 	.db #0xe8	; 232
   038C D4                  966 	.db #0xd4	; 212
   038D C2                  967 	.db #0xc2	; 194
   038E 00                  968 	.db #0x00	; 0
   038F 00                  969 	.db #0x00	; 0
   0390 00                  970 	.db #0x00	; 0
   0391 40                  971 	.db #0x40	; 64
   0392 C3                  972 	.db #0xc3	; 195
   0393 E8                  973 	.db #0xe8	; 232
   0394 D4                  974 	.db #0xd4	; 212
   0395 C2                  975 	.db #0xc2	; 194
   0396 80                  976 	.db #0x80	; 128
   0397 00                  977 	.db #0x00	; 0
   0398 00                  978 	.db #0x00	; 0
   0399 40                  979 	.db #0x40	; 64
   039A D6                  980 	.db #0xd6	; 214
   039B 80                  981 	.db #0x80	; 128
   039C D4                  982 	.db #0xd4	; 212
   039D E8                  983 	.db #0xe8	; 232
   039E C0                  984 	.db #0xc0	; 192
   039F 80                  985 	.db #0x80	; 128
   03A0 00                  986 	.db #0x00	; 0
   03A1 40                  987 	.db #0x40	; 64
   03A2 C0                  988 	.db #0xc0	; 192
   03A3 00                  989 	.db #0x00	; 0
   03A4 40                  990 	.db #0x40	; 64
   03A5 80                  991 	.db #0x80	; 128
   03A6 80                  992 	.db #0x80	; 128
   03A7 80                  993 	.db #0x80	; 128
   03A8 40                  994 	.db #0x40	; 64
   03A9 00                  995 	.db #0x00	; 0
   03AA 80                  996 	.db #0x80	; 128
   03AB 00                  997 	.db #0x00	; 0
   03AC 00                  998 	.db #0x00	; 0
   03AD 00                  999 	.db #0x00	; 0
   03AE 00                 1000 	.db #0x00	; 0
   03AF 00                 1001 	.db #0x00	; 0
   03B0 00                 1002 	.db #0x00	; 0
   03B1 C0                 1003 	.db #0xc0	; 192
   03B2 03                 1004 	.db #0x03	; 3
   03B3 03                 1005 	.db #0x03	; 3
   03B4 03                 1006 	.db #0x03	; 3
   03B5 03                 1007 	.db #0x03	; 3
   03B6 02                 1008 	.db #0x02	; 2
   03B7 00                 1009 	.db #0x00	; 0
   03B8 01                 1010 	.db #0x01	; 1
   03B9 03                 1011 	.db #0x03	; 3
   03BA 03                 1012 	.db #0x03	; 3
   03BB 03                 1013 	.db #0x03	; 3
   03BC 03                 1014 	.db #0x03	; 3
   03BD 03                 1015 	.db #0x03	; 3
   03BE 03                 1016 	.db #0x03	; 3
   03BF 02                 1017 	.db #0x02	; 2
   03C0                    1018 _enemy12_sp_6:
   03C0 00                 1019 	.db #0x00	; 0
   03C1 00                 1020 	.db #0x00	; 0
   03C2 00                 1021 	.db #0x00	; 0
   03C3 FA                 1022 	.db #0xfa	; 250
   03C4 AA                 1023 	.db #0xaa	; 170
   03C5 A0                 1024 	.db #0xa0	; 160
   03C6 00                 1025 	.db #0x00	; 0
   03C7 00                 1026 	.db #0x00	; 0
   03C8 00                 1027 	.db #0x00	; 0
   03C9 00                 1028 	.db #0x00	; 0
   03CA 50                 1029 	.db #0x50	; 80	'P'
   03CB F5                 1030 	.db #0xf5	; 245
   03CC F0                 1031 	.db #0xf0	; 240
   03CD 00                 1032 	.db #0x00	; 0
   03CE 00                 1033 	.db #0x00	; 0
   03CF 00                 1034 	.db #0x00	; 0
   03D0 00                 1035 	.db #0x00	; 0
   03D1 00                 1036 	.db #0x00	; 0
   03D2 50                 1037 	.db #0x50	; 80	'P'
   03D3 FA                 1038 	.db #0xfa	; 250
   03D4 FA                 1039 	.db #0xfa	; 250
   03D5 00                 1040 	.db #0x00	; 0
   03D6 00                 1041 	.db #0x00	; 0
   03D7 00                 1042 	.db #0x00	; 0
   03D8 00                 1043 	.db #0x00	; 0
   03D9 00                 1044 	.db #0x00	; 0
   03DA 40                 1045 	.db #0x40	; 64
   03DB 95                 1046 	.db #0x95	; 149
   03DC C0                 1047 	.db #0xc0	; 192
   03DD A0                 1048 	.db #0xa0	; 160
   03DE 00                 1049 	.db #0x00	; 0
   03DF 00                 1050 	.db #0x00	; 0
   03E0 00                 1051 	.db #0x00	; 0
   03E1 00                 1052 	.db #0x00	; 0
   03E2 C0                 1053 	.db #0xc0	; 192
   03E3 3F                 1054 	.db #0x3f	; 63
   03E4 6A                 1055 	.db #0x6a	; 106	'j'
   03E5 00                 1056 	.db #0x00	; 0
   03E6 00                 1057 	.db #0x00	; 0
   03E7 00                 1058 	.db #0x00	; 0
   03E8 00                 1059 	.db #0x00	; 0
   03E9 40                 1060 	.db #0x40	; 64
   03EA 8C                 1061 	.db #0x8c	; 140
   03EB CC                 1062 	.db #0xcc	; 204
   03EC 84                 1063 	.db #0x84	; 132
   03ED 80                 1064 	.db #0x80	; 128
   03EE 00                 1065 	.db #0x00	; 0
   03EF 00                 1066 	.db #0x00	; 0
   03F0 00                 1067 	.db #0x00	; 0
   03F1 40                 1068 	.db #0x40	; 64
   03F2 AE                 1069 	.db #0xae	; 174
   03F3 CC                 1070 	.db #0xcc	; 204
   03F4 84                 1071 	.db #0x84	; 132
   03F5 42                 1072 	.db #0x42	; 66	'B'
   03F6 00                 1073 	.db #0x00	; 0
   03F7 00                 1074 	.db #0x00	; 0
   03F8 00                 1075 	.db #0x00	; 0
   03F9 84                 1076 	.db #0x84	; 132
   03FA 42                 1077 	.db #0x42	; 66	'B'
   03FB FF                 1078 	.db #0xff	; 255
   03FC 6E                 1079 	.db #0x6e	; 110	'n'
   03FD EA                 1080 	.db #0xea	; 234
   03FE 00                 1081 	.db #0x00	; 0
   03FF 00                 1082 	.db #0x00	; 0
   0400 00                 1083 	.db #0x00	; 0
   0401 95                 1084 	.db #0x95	; 149
   0402 C0                 1085 	.db #0xc0	; 192
   0403 FF                 1086 	.db #0xff	; 255
   0404 EA                 1087 	.db #0xea	; 234
   0405 80                 1088 	.db #0x80	; 128
   0406 00                 1089 	.db #0x00	; 0
   0407 00                 1090 	.db #0x00	; 0
   0408 00                 1091 	.db #0x00	; 0
   0409 40                 1092 	.db #0x40	; 64
   040A 40                 1093 	.db #0x40	; 64
   040B CC                 1094 	.db #0xcc	; 204
   040C C8                 1095 	.db #0xc8	; 200
   040D 00                 1096 	.db #0x00	; 0
   040E 00                 1097 	.db #0x00	; 0
   040F 00                 1098 	.db #0x00	; 0
   0410 00                 1099 	.db #0x00	; 0
   0411 00                 1100 	.db #0x00	; 0
   0412 40                 1101 	.db #0x40	; 64
   0413 0C                 1102 	.db #0x0c	; 12
   0414 48                 1103 	.db #0x48	; 72	'H'
   0415 00                 1104 	.db #0x00	; 0
   0416 00                 1105 	.db #0x00	; 0
   0417 00                 1106 	.db #0x00	; 0
   0418 00                 1107 	.db #0x00	; 0
   0419 00                 1108 	.db #0x00	; 0
   041A 40                 1109 	.db #0x40	; 64
   041B D1                 1110 	.db #0xd1	; 209
   041C C0                 1111 	.db #0xc0	; 192
   041D 00                 1112 	.db #0x00	; 0
   041E 00                 1113 	.db #0x00	; 0
   041F 00                 1114 	.db #0x00	; 0
   0420 00                 1115 	.db #0x00	; 0
   0421 00                 1116 	.db #0x00	; 0
   0422 40                 1117 	.db #0x40	; 64
   0423 D6                 1118 	.db #0xd6	; 214
   0424 C2                 1119 	.db #0xc2	; 194
   0425 00                 1120 	.db #0x00	; 0
   0426 00                 1121 	.db #0x00	; 0
   0427 00                 1122 	.db #0x00	; 0
   0428 00                 1123 	.db #0x00	; 0
   0429 00                 1124 	.db #0x00	; 0
   042A C1                 1125 	.db #0xc1	; 193
   042B FC                 1126 	.db #0xfc	; 252
   042C E9                 1127 	.db #0xe9	; 233
   042D 80                 1128 	.db #0x80	; 128
   042E 00                 1129 	.db #0x00	; 0
   042F 00                 1130 	.db #0x00	; 0
   0430 00                 1131 	.db #0x00	; 0
   0431 00                 1132 	.db #0x00	; 0
   0432 C1                 1133 	.db #0xc1	; 193
   0433 E8                 1134 	.db #0xe8	; 232
   0434 E9                 1135 	.db #0xe9	; 233
   0435 80                 1136 	.db #0x80	; 128
   0436 00                 1137 	.db #0x00	; 0
   0437 00                 1138 	.db #0x00	; 0
   0438 00                 1139 	.db #0x00	; 0
   0439 00                 1140 	.db #0x00	; 0
   043A C1                 1141 	.db #0xc1	; 193
   043B E8                 1142 	.db #0xe8	; 232
   043C E9                 1143 	.db #0xe9	; 233
   043D 80                 1144 	.db #0x80	; 128
   043E 00                 1145 	.db #0x00	; 0
   043F 00                 1146 	.db #0x00	; 0
   0440 00                 1147 	.db #0x00	; 0
   0441 00                 1148 	.db #0x00	; 0
   0442 C0                 1149 	.db #0xc0	; 192
   0443 80                 1150 	.db #0x80	; 128
   0444 C0                 1151 	.db #0xc0	; 192
   0445 80                 1152 	.db #0x80	; 128
   0446 00                 1153 	.db #0x00	; 0
   0447 00                 1154 	.db #0x00	; 0
   0448 00                 1155 	.db #0x00	; 0
   0449 00                 1156 	.db #0x00	; 0
   044A 40                 1157 	.db #0x40	; 64
   044B 00                 1158 	.db #0x00	; 0
   044C 40                 1159 	.db #0x40	; 64
   044D 00                 1160 	.db #0x00	; 0
   044E 00                 1161 	.db #0x00	; 0
   044F 00                 1162 	.db #0x00	; 0
   0450 00                 1163 	.db #0x00	; 0
   0451 01                 1164 	.db #0x01	; 1
   0452 42                 1165 	.db #0x42	; 66	'B'
   0453 03                 1166 	.db #0x03	; 3
   0454 42                 1167 	.db #0x42	; 66	'B'
   0455 03                 1168 	.db #0x03	; 3
   0456 00                 1169 	.db #0x00	; 0
   0457 00                 1170 	.db #0x00	; 0
   0458 00                 1171 	.db #0x00	; 0
   0459 03                 1172 	.db #0x03	; 3
   045A C0                 1173 	.db #0xc0	; 192
   045B 03                 1174 	.db #0x03	; 3
   045C 42                 1175 	.db #0x42	; 66	'B'
   045D 81                 1176 	.db #0x81	; 129
   045E 02                 1177 	.db #0x02	; 2
   045F 00                 1178 	.db #0x00	; 0
   0460                    1179 _enemy12_sp_7:
   0460 00                 1180 	.db #0x00	; 0
   0461 00                 1181 	.db #0x00	; 0
   0462 A0                 1182 	.db #0xa0	; 160
   0463 FA                 1183 	.db #0xfa	; 250
   0464 AA                 1184 	.db #0xaa	; 170
   0465 00                 1185 	.db #0x00	; 0
   0466 00                 1186 	.db #0x00	; 0
   0467 00                 1187 	.db #0x00	; 0
   0468 00                 1188 	.db #0x00	; 0
   0469 00                 1189 	.db #0x00	; 0
   046A 50                 1190 	.db #0x50	; 80	'P'
   046B F5                 1191 	.db #0xf5	; 245
   046C F0                 1192 	.db #0xf0	; 240
   046D 00                 1193 	.db #0x00	; 0
   046E 00                 1194 	.db #0x00	; 0
   046F 00                 1195 	.db #0x00	; 0
   0470 00                 1196 	.db #0x00	; 0
   0471 80                 1197 	.db #0x80	; 128
   0472 F0                 1198 	.db #0xf0	; 240
   0473 FA                 1199 	.db #0xfa	; 250
   0474 FA                 1200 	.db #0xfa	; 250
   0475 00                 1201 	.db #0x00	; 0
   0476 80                 1202 	.db #0x80	; 128
   0477 00                 1203 	.db #0x00	; 0
   0478 40                 1204 	.db #0x40	; 64
   0479 6A                 1205 	.db #0x6a	; 106	'j'
   047A 40                 1206 	.db #0x40	; 64
   047B 95                 1207 	.db #0x95	; 149
   047C C0                 1208 	.db #0xc0	; 192
   047D 40                 1209 	.db #0x40	; 64
   047E 6A                 1210 	.db #0x6a	; 106	'j'
   047F 00                 1211 	.db #0x00	; 0
   0480 40                 1212 	.db #0x40	; 64
   0481 DD                 1213 	.db #0xdd	; 221
   0482 C0                 1214 	.db #0xc0	; 192
   0483 3F                 1215 	.db #0x3f	; 63
   0484 6A                 1216 	.db #0x6a	; 106	'j'
   0485 D5                 1217 	.db #0xd5	; 213
   0486 C8                 1218 	.db #0xc8	; 200
   0487 00                 1219 	.db #0x00	; 0
   0488 00                 1220 	.db #0x00	; 0
   0489 81                 1221 	.db #0x81	; 129
   048A 8C                 1222 	.db #0x8c	; 140
   048B CC                 1223 	.db #0xcc	; 204
   048C A4                 1224 	.db #0xa4	; 164
   048D 89                 1225 	.db #0x89	; 137
   048E 80                 1226 	.db #0x80	; 128
   048F 00                 1227 	.db #0x00	; 0
   0490 00                 1228 	.db #0x00	; 0
   0491 40                 1229 	.db #0x40	; 64
   0492 58                 1230 	.db #0x58	; 88	'X'
   0493 CC                 1231 	.db #0xcc	; 204
   0494 A4                 1232 	.db #0xa4	; 164
   0495 48                 1233 	.db #0x48	; 72	'H'
   0496 00                 1234 	.db #0x00	; 0
   0497 00                 1235 	.db #0x00	; 0
   0498 00                 1236 	.db #0x00	; 0
   0499 00                 1237 	.db #0x00	; 0
   049A C0                 1238 	.db #0xc0	; 192
   049B F0                 1239 	.db #0xf0	; 240
   049C EA                 1240 	.db #0xea	; 234
   049D 80                 1241 	.db #0x80	; 128
   049E 00                 1242 	.db #0x00	; 0
   049F 00                 1243 	.db #0x00	; 0
   04A0 00                 1244 	.db #0x00	; 0
   04A1 00                 1245 	.db #0x00	; 0
   04A2 40                 1246 	.db #0x40	; 64
   04A3 FF                 1247 	.db #0xff	; 255
   04A4 E0                 1248 	.db #0xe0	; 224
   04A5 00                 1249 	.db #0x00	; 0
   04A6 00                 1250 	.db #0x00	; 0
   04A7 00                 1251 	.db #0x00	; 0
   04A8 00                 1252 	.db #0x00	; 0
   04A9 00                 1253 	.db #0x00	; 0
   04AA 40                 1254 	.db #0x40	; 64
   04AB E4                 1255 	.db #0xe4	; 228
   04AC C8                 1256 	.db #0xc8	; 200
   04AD 00                 1257 	.db #0x00	; 0
   04AE 00                 1258 	.db #0x00	; 0
   04AF 00                 1259 	.db #0x00	; 0
   04B0 00                 1260 	.db #0x00	; 0
   04B1 00                 1261 	.db #0x00	; 0
   04B2 40                 1262 	.db #0x40	; 64
   04B3 A4                 1263 	.db #0xa4	; 164
   04B4 48                 1264 	.db #0x48	; 72	'H'
   04B5 00                 1265 	.db #0x00	; 0
   04B6 00                 1266 	.db #0x00	; 0
   04B7 00                 1267 	.db #0x00	; 0
   04B8 00                 1268 	.db #0x00	; 0
   04B9 00                 1269 	.db #0x00	; 0
   04BA 40                 1270 	.db #0x40	; 64
   04BB D1                 1271 	.db #0xd1	; 209
   04BC C0                 1272 	.db #0xc0	; 192
   04BD 00                 1273 	.db #0x00	; 0
   04BE 00                 1274 	.db #0x00	; 0
   04BF 00                 1275 	.db #0x00	; 0
   04C0 00                 1276 	.db #0x00	; 0
   04C1 00                 1277 	.db #0x00	; 0
   04C2 C1                 1278 	.db #0xc1	; 193
   04C3 D6                 1279 	.db #0xd6	; 214
   04C4 C3                 1280 	.db #0xc3	; 195
   04C5 80                 1281 	.db #0x80	; 128
   04C6 00                 1282 	.db #0x00	; 0
   04C7 00                 1283 	.db #0x00	; 0
   04C8 00                 1284 	.db #0x00	; 0
   04C9 40                 1285 	.db #0x40	; 64
   04CA D6                 1286 	.db #0xd6	; 214
   04CB FC                 1287 	.db #0xfc	; 252
   04CC FC                 1288 	.db #0xfc	; 252
   04CD C2                 1289 	.db #0xc2	; 194
   04CE 00                 1290 	.db #0x00	; 0
   04CF 00                 1291 	.db #0x00	; 0
   04D0 00                 1292 	.db #0x00	; 0
   04D1 40                 1293 	.db #0x40	; 64
   04D2 D6                 1294 	.db #0xd6	; 214
   04D3 E8                 1295 	.db #0xe8	; 232
   04D4 FC                 1296 	.db #0xfc	; 252
   04D5 C2                 1297 	.db #0xc2	; 194
   04D6 00                 1298 	.db #0x00	; 0
   04D7 00                 1299 	.db #0x00	; 0
   04D8 00                 1300 	.db #0x00	; 0
   04D9 00                 1301 	.db #0x00	; 0
   04DA C0                 1302 	.db #0xc0	; 192
   04DB 80                 1303 	.db #0x80	; 128
   04DC C0                 1304 	.db #0xc0	; 192
   04DD 80                 1305 	.db #0x80	; 128
   04DE 00                 1306 	.db #0x00	; 0
   04DF 00                 1307 	.db #0x00	; 0
   04E0 00                 1308 	.db #0x00	; 0
   04E1 80                 1309 	.db #0x80	; 128
   04E2 80                 1310 	.db #0x80	; 128
   04E3 00                 1311 	.db #0x00	; 0
   04E4 00                 1312 	.db #0x00	; 0
   04E5 80                 1313 	.db #0x80	; 128
   04E6 80                 1314 	.db #0x80	; 128
   04E7 00                 1315 	.db #0x00	; 0
   04E8 00                 1316 	.db #0x00	; 0
   04E9 40                 1317 	.db #0x40	; 64
   04EA 80                 1318 	.db #0x80	; 128
   04EB 00                 1319 	.db #0x00	; 0
   04EC 00                 1320 	.db #0x00	; 0
   04ED C0                 1321 	.db #0xc0	; 192
   04EE 00                 1322 	.db #0x00	; 0
   04EF 00                 1323 	.db #0x00	; 0
   04F0 00                 1324 	.db #0x00	; 0
   04F1 03                 1325 	.db #0x03	; 3
   04F2 03                 1326 	.db #0x03	; 3
   04F3 03                 1327 	.db #0x03	; 3
   04F4 03                 1328 	.db #0x03	; 3
   04F5 03                 1329 	.db #0x03	; 3
   04F6 02                 1330 	.db #0x02	; 2
   04F7 00                 1331 	.db #0x00	; 0
   04F8 01                 1332 	.db #0x01	; 1
   04F9 03                 1333 	.db #0x03	; 3
   04FA 03                 1334 	.db #0x03	; 3
   04FB 03                 1335 	.db #0x03	; 3
   04FC 03                 1336 	.db #0x03	; 3
   04FD 03                 1337 	.db #0x03	; 3
   04FE 03                 1338 	.db #0x03	; 3
   04FF 00                 1339 	.db #0x00	; 0
   0500                    1340 _enemy12_sp_8:
   0500 00                 1341 	.db #0x00	; 0
   0501 00                 1342 	.db #0x00	; 0
   0502 00                 1343 	.db #0x00	; 0
   0503 00                 1344 	.db #0x00	; 0
   0504 00                 1345 	.db #0x00	; 0
   0505 00                 1346 	.db #0x00	; 0
   0506 00                 1347 	.db #0x00	; 0
   0507 00                 1348 	.db #0x00	; 0
   0508 00                 1349 	.db #0x00	; 0
   0509 00                 1350 	.db #0x00	; 0
   050A 00                 1351 	.db #0x00	; 0
   050B 00                 1352 	.db #0x00	; 0
   050C 00                 1353 	.db #0x00	; 0
   050D 00                 1354 	.db #0x00	; 0
   050E 00                 1355 	.db #0x00	; 0
   050F 00                 1356 	.db #0x00	; 0
   0510 00                 1357 	.db #0x00	; 0
   0511 00                 1358 	.db #0x00	; 0
   0512 00                 1359 	.db #0x00	; 0
   0513 00                 1360 	.db #0x00	; 0
   0514 00                 1361 	.db #0x00	; 0
   0515 00                 1362 	.db #0x00	; 0
   0516 00                 1363 	.db #0x00	; 0
   0517 00                 1364 	.db #0x00	; 0
   0518 00                 1365 	.db #0x00	; 0
   0519 00                 1366 	.db #0x00	; 0
   051A 00                 1367 	.db #0x00	; 0
   051B 00                 1368 	.db #0x00	; 0
   051C 00                 1369 	.db #0x00	; 0
   051D 00                 1370 	.db #0x00	; 0
   051E 00                 1371 	.db #0x00	; 0
   051F 00                 1372 	.db #0x00	; 0
   0520 00                 1373 	.db #0x00	; 0
   0521 00                 1374 	.db #0x00	; 0
   0522 00                 1375 	.db #0x00	; 0
   0523 00                 1376 	.db #0x00	; 0
   0524 00                 1377 	.db #0x00	; 0
   0525 00                 1378 	.db #0x00	; 0
   0526 00                 1379 	.db #0x00	; 0
   0527 00                 1380 	.db #0x00	; 0
   0528 00                 1381 	.db #0x00	; 0
   0529 00                 1382 	.db #0x00	; 0
   052A 00                 1383 	.db #0x00	; 0
   052B 00                 1384 	.db #0x00	; 0
   052C 00                 1385 	.db #0x00	; 0
   052D 00                 1386 	.db #0x00	; 0
   052E 00                 1387 	.db #0x00	; 0
   052F 00                 1388 	.db #0x00	; 0
   0530 00                 1389 	.db #0x00	; 0
   0531 00                 1390 	.db #0x00	; 0
   0532 00                 1391 	.db #0x00	; 0
   0533 00                 1392 	.db #0x00	; 0
   0534 00                 1393 	.db #0x00	; 0
   0535 00                 1394 	.db #0x00	; 0
   0536 00                 1395 	.db #0x00	; 0
   0537 00                 1396 	.db #0x00	; 0
   0538 00                 1397 	.db #0x00	; 0
   0539 00                 1398 	.db #0x00	; 0
   053A 00                 1399 	.db #0x00	; 0
   053B 00                 1400 	.db #0x00	; 0
   053C 00                 1401 	.db #0x00	; 0
   053D 00                 1402 	.db #0x00	; 0
   053E 00                 1403 	.db #0x00	; 0
   053F 00                 1404 	.db #0x00	; 0
   0540 00                 1405 	.db #0x00	; 0
   0541 00                 1406 	.db #0x00	; 0
   0542 00                 1407 	.db #0x00	; 0
   0543 00                 1408 	.db #0x00	; 0
   0544 00                 1409 	.db #0x00	; 0
   0545 00                 1410 	.db #0x00	; 0
   0546 00                 1411 	.db #0x00	; 0
   0547 00                 1412 	.db #0x00	; 0
   0548 00                 1413 	.db #0x00	; 0
   0549 00                 1414 	.db #0x00	; 0
   054A 00                 1415 	.db #0x00	; 0
   054B 00                 1416 	.db #0x00	; 0
   054C 00                 1417 	.db #0x00	; 0
   054D 00                 1418 	.db #0x00	; 0
   054E 00                 1419 	.db #0x00	; 0
   054F 00                 1420 	.db #0x00	; 0
   0550 00                 1421 	.db #0x00	; 0
   0551 00                 1422 	.db #0x00	; 0
   0552 00                 1423 	.db #0x00	; 0
   0553 00                 1424 	.db #0x00	; 0
   0554 00                 1425 	.db #0x00	; 0
   0555 00                 1426 	.db #0x00	; 0
   0556 00                 1427 	.db #0x00	; 0
   0557 00                 1428 	.db #0x00	; 0
   0558 00                 1429 	.db #0x00	; 0
   0559 00                 1430 	.db #0x00	; 0
   055A 00                 1431 	.db #0x00	; 0
   055B 00                 1432 	.db #0x00	; 0
   055C 00                 1433 	.db #0x00	; 0
   055D 00                 1434 	.db #0x00	; 0
   055E 00                 1435 	.db #0x00	; 0
   055F 00                 1436 	.db #0x00	; 0
   0560 00                 1437 	.db #0x00	; 0
   0561 00                 1438 	.db #0x00	; 0
   0562 00                 1439 	.db #0x00	; 0
   0563 00                 1440 	.db #0x00	; 0
   0564 00                 1441 	.db #0x00	; 0
   0565 00                 1442 	.db #0x00	; 0
   0566 00                 1443 	.db #0x00	; 0
   0567 00                 1444 	.db #0x00	; 0
   0568 00                 1445 	.db #0x00	; 0
   0569 00                 1446 	.db #0x00	; 0
   056A 00                 1447 	.db #0x00	; 0
   056B 00                 1448 	.db #0x00	; 0
   056C 40                 1449 	.db #0x40	; 64
   056D 80                 1450 	.db #0x80	; 128
   056E 00                 1451 	.db #0x00	; 0
   056F 00                 1452 	.db #0x00	; 0
   0570 00                 1453 	.db #0x00	; 0
   0571 00                 1454 	.db #0x00	; 0
   0572 00                 1455 	.db #0x00	; 0
   0573 00                 1456 	.db #0x00	; 0
   0574 81                 1457 	.db #0x81	; 129
   0575 42                 1458 	.db #0x42	; 66	'B'
   0576 00                 1459 	.db #0x00	; 0
   0577 00                 1460 	.db #0x00	; 0
   0578 00                 1461 	.db #0x00	; 0
   0579 00                 1462 	.db #0x00	; 0
   057A 00                 1463 	.db #0x00	; 0
   057B 40                 1464 	.db #0x40	; 64
   057C DD                 1465 	.db #0xdd	; 221
   057D BF                 1466 	.db #0xbf	; 191
   057E 80                 1467 	.db #0x80	; 128
   057F 00                 1468 	.db #0x00	; 0
   0580 00                 1469 	.db #0x00	; 0
   0581 00                 1470 	.db #0x00	; 0
   0582 00                 1471 	.db #0x00	; 0
   0583 F5                 1472 	.db #0xf5	; 245
   0584 F4                 1473 	.db #0xf4	; 244
   0585 D4                 1474 	.db #0xd4	; 212
   0586 C0                 1475 	.db #0xc0	; 192
   0587 00                 1476 	.db #0x00	; 0
   0588 00                 1477 	.db #0x00	; 0
   0589 00                 1478 	.db #0x00	; 0
   058A 50                 1479 	.db #0x50	; 80	'P'
   058B F0                 1480 	.db #0xf0	; 240
   058C FA                 1481 	.db #0xfa	; 250
   058D F4                 1482 	.db #0xf4	; 244
   058E C0                 1483 	.db #0xc0	; 192
   058F 00                 1484 	.db #0x00	; 0
   0590 00                 1485 	.db #0x00	; 0
   0591 00                 1486 	.db #0x00	; 0
   0592 50                 1487 	.db #0x50	; 80	'P'
   0593 F0                 1488 	.db #0xf0	; 240
   0594 FA                 1489 	.db #0xfa	; 250
   0595 F4                 1490 	.db #0xf4	; 244
   0596 C0                 1491 	.db #0xc0	; 192
   0597 00                 1492 	.db #0x00	; 0
   0598 00                 1493 	.db #0x00	; 0
   0599 00                 1494 	.db #0x00	; 0
   059A 03                 1495 	.db #0x03	; 3
   059B F5                 1496 	.db #0xf5	; 245
   059C F0                 1497 	.db #0xf0	; 240
   059D D8                 1498 	.db #0xd8	; 216
   059E C0                 1499 	.db #0xc0	; 192
   059F 02                 1500 	.db #0x02	; 2
                           1501 	.area _INITIALIZER
                           1502 	.area _CABS (ABS)
