                              1 ;--------------------------------------------------------
                              2 ; File Created by SDCC : free open source ANSI-C Compiler
                              3 ; Version 3.6.8 #9946 (Linux)
                              4 ;--------------------------------------------------------
                              5 	.module Pirate_Far
                              6 	.optsdcc -mz80
                              7 	
                              8 ;--------------------------------------------------------
                              9 ; Public variables in this module
                             10 ;--------------------------------------------------------
                             11 	.globl _enemy3_sp_8
                             12 	.globl _enemy3_sp_7
                             13 	.globl _enemy3_sp_6
                             14 	.globl _enemy3_sp_5
                             15 	.globl _enemy3_sp_4
                             16 	.globl _enemy3_sp_3
                             17 	.globl _enemy3_sp_2
                             18 	.globl _enemy3_sp_1
                             19 	.globl _enemy3_sp_0
                             20 ;--------------------------------------------------------
                             21 ; special function registers
                             22 ;--------------------------------------------------------
                             23 ;--------------------------------------------------------
                             24 ; ram data
                             25 ;--------------------------------------------------------
                             26 	.area _DATA
                             27 ;--------------------------------------------------------
                             28 ; ram data
                             29 ;--------------------------------------------------------
                             30 	.area _INITIALIZED
                             31 ;--------------------------------------------------------
                             32 ; absolute external ram data
                             33 ;--------------------------------------------------------
                             34 	.area _DABS (ABS)
                             35 ;--------------------------------------------------------
                             36 ; global & static initialisations
                             37 ;--------------------------------------------------------
                             38 	.area _HOME
                             39 	.area _GSINIT
                             40 	.area _GSFINAL
                             41 	.area _GSINIT
                             42 ;--------------------------------------------------------
                             43 ; Home
                             44 ;--------------------------------------------------------
                             45 	.area _HOME
                             46 	.area _HOME
                             47 ;--------------------------------------------------------
                             48 ; code
                             49 ;--------------------------------------------------------
                             50 	.area _CODE
                             51 	.area _CODE
   0000                      52 _enemy3_sp_0:
   0000 C0                   53 	.db #0xc0	; 192
   0001 C0                   54 	.db #0xc0	; 192
   0002 D0                   55 	.db #0xd0	; 208
   0003 F0                   56 	.db #0xf0	; 240
   0004 C0                   57 	.db #0xc0	; 192
   0005 C0                   58 	.db #0xc0	; 192
   0006 C0                   59 	.db #0xc0	; 192
   0007 40                   60 	.db #0x40	; 64
   0008 F0                   61 	.db #0xf0	; 240
   0009 F5                   62 	.db #0xf5	; 245
   000A C0                   63 	.db #0xc0	; 192
   000B C0                   64 	.db #0xc0	; 192
   000C C0                   65 	.db #0xc0	; 192
   000D 80                   66 	.db #0x80	; 128
   000E 50                   67 	.db #0x50	; 80	'P'
   000F A0                   68 	.db #0xa0	; 160
   0010 C0                   69 	.db #0xc0	; 192
   0011 C0                   70 	.db #0xc0	; 192
   0012 C0                   71 	.db #0xc0	; 192
   0013 40                   72 	.db #0x40	; 64
   0014 3F                   73 	.db #0x3f	; 63
   0015 FC                   74 	.db #0xfc	; 252
   0016 C0                   75 	.db #0xc0	; 192
   0017 C0                   76 	.db #0xc0	; 192
   0018 C0                   77 	.db #0xc0	; 192
   0019 C0                   78 	.db #0xc0	; 192
   001A C0                   79 	.db #0xc0	; 192
   001B 3F                   80 	.db #0x3f	; 63
   001C C0                   81 	.db #0xc0	; 192
   001D C0                   82 	.db #0xc0	; 192
   001E D5                   83 	.db #0xd5	; 213
   001F 6C                   84 	.db #0x6c	; 108	'l'
   0020 57                   85 	.db #0x57	; 87	'W'
   0021 FF                   86 	.db #0xff	; 255
   0022 C0                   87 	.db #0xc0	; 192
   0023 95                   88 	.db #0x95	; 149
   0024 6A                   89 	.db #0x6a	; 106	'j'
   0025 C4                   90 	.db #0xc4	; 196
   0026 9C                   91 	.db #0x9c	; 156
   0027 3C                   92 	.db #0x3c	; 60
   0028 9C                   93 	.db #0x9c	; 156
   0029 EA                   94 	.db #0xea	; 234
   002A C0                   95 	.db #0xc0	; 192
   002B C0                   96 	.db #0xc0	; 192
   002C 57                   97 	.db #0x57	; 87	'W'
   002D FF                   98 	.db #0xff	; 255
   002E C8                   99 	.db #0xc8	; 200
   002F C0                  100 	.db #0xc0	; 192
   0030 C0                  101 	.db #0xc0	; 192
   0031 C0                  102 	.db #0xc0	; 192
   0032 9C                  103 	.db #0x9c	; 156
   0033 3C                  104 	.db #0x3c	; 60
   0034 C0                  105 	.db #0xc0	; 192
   0035 C0                  106 	.db #0xc0	; 192
   0036 C0                  107 	.db #0xc0	; 192
   0037 C0                  108 	.db #0xc0	; 192
   0038 C0                  109 	.db #0xc0	; 192
   0039 E2                  110 	.db #0xe2	; 226
   003A C0                  111 	.db #0xc0	; 192
   003B C0                  112 	.db #0xc0	; 192
   003C 80                  113 	.db #0x80	; 128
   003D 40                  114 	.db #0x40	; 64
   003E 30                  115 	.db #0x30	; 48	'0'
   003F 30                  116 	.db #0x30	; 48	'0'
   0040 C0                  117 	.db #0xc0	; 192
   0041 C0                  118 	.db #0xc0	; 192
   0042 C0                  119 	.db #0xc0	; 192
   0043 40                  120 	.db #0x40	; 64
   0044 30                  121 	.db #0x30	; 48	'0'
   0045 30                  122 	.db #0x30	; 48	'0'
   0046 40                  123 	.db #0x40	; 64
   0047 40                  124 	.db #0x40	; 64
   0048 C0                  125 	.db #0xc0	; 192
   0049 90                  126 	.db #0x90	; 144
   004A 60                  127 	.db #0x60	; 96
   004B C0                  128 	.db #0xc0	; 192
   004C 80                  129 	.db #0x80	; 128
   004D C0                  130 	.db #0xc0	; 192
   004E                     131 _enemy3_sp_1:
   004E C0                  132 	.db #0xc0	; 192
   004F C0                  133 	.db #0xc0	; 192
   0050 D0                  134 	.db #0xd0	; 208
   0051 F0                  135 	.db #0xf0	; 240
   0052 C0                  136 	.db #0xc0	; 192
   0053 C0                  137 	.db #0xc0	; 192
   0054 C0                  138 	.db #0xc0	; 192
   0055 40                  139 	.db #0x40	; 64
   0056 F0                  140 	.db #0xf0	; 240
   0057 F5                  141 	.db #0xf5	; 245
   0058 C0                  142 	.db #0xc0	; 192
   0059 C0                  143 	.db #0xc0	; 192
   005A C0                  144 	.db #0xc0	; 192
   005B 80                  145 	.db #0x80	; 128
   005C 50                  146 	.db #0x50	; 80	'P'
   005D A0                  147 	.db #0xa0	; 160
   005E C0                  148 	.db #0xc0	; 192
   005F C0                  149 	.db #0xc0	; 192
   0060 C0                  150 	.db #0xc0	; 192
   0061 40                  151 	.db #0x40	; 64
   0062 3F                  152 	.db #0x3f	; 63
   0063 FC                  153 	.db #0xfc	; 252
   0064 C0                  154 	.db #0xc0	; 192
   0065 C0                  155 	.db #0xc0	; 192
   0066 C0                  156 	.db #0xc0	; 192
   0067 C0                  157 	.db #0xc0	; 192
   0068 C0                  158 	.db #0xc0	; 192
   0069 3F                  159 	.db #0x3f	; 63
   006A C0                  160 	.db #0xc0	; 192
   006B C0                  161 	.db #0xc0	; 192
   006C C0                  162 	.db #0xc0	; 192
   006D C4                  163 	.db #0xc4	; 196
   006E 57                  164 	.db #0x57	; 87	'W'
   006F FF                  165 	.db #0xff	; 255
   0070 C0                  166 	.db #0xc0	; 192
   0071 C0                  167 	.db #0xc0	; 192
   0072 C0                  168 	.db #0xc0	; 192
   0073 46                  169 	.db #0x46	; 70	'F'
   0074 9C                  170 	.db #0x9c	; 156
   0075 3C                  171 	.db #0x3c	; 60
   0076 C0                  172 	.db #0xc0	; 192
   0077 C0                  173 	.db #0xc0	; 192
   0078 C0                  174 	.db #0xc0	; 192
   0079 EA                  175 	.db #0xea	; 234
   007A 57                  176 	.db #0x57	; 87	'W'
   007B FF                  177 	.db #0xff	; 255
   007C 17                  178 	.db #0x17	; 23
   007D C0                  179 	.db #0xc0	; 192
   007E C0                  180 	.db #0xc0	; 192
   007F 6A                  181 	.db #0x6a	; 106	'j'
   0080 9C                  182 	.db #0x9c	; 156
   0081 3C                  183 	.db #0x3c	; 60
   0082 C0                  184 	.db #0xc0	; 192
   0083 C0                  185 	.db #0xc0	; 192
   0084 C0                  186 	.db #0xc0	; 192
   0085 C0                  187 	.db #0xc0	; 192
   0086 C0                  188 	.db #0xc0	; 192
   0087 E2                  189 	.db #0xe2	; 226
   0088 C0                  190 	.db #0xc0	; 192
   0089 C0                  191 	.db #0xc0	; 192
   008A C0                  192 	.db #0xc0	; 192
   008B C0                  193 	.db #0xc0	; 192
   008C 30                  194 	.db #0x30	; 48	'0'
   008D 30                  195 	.db #0x30	; 48	'0'
   008E 40                  196 	.db #0x40	; 64
   008F C0                  197 	.db #0xc0	; 192
   0090 C0                  198 	.db #0xc0	; 192
   0091 80                  199 	.db #0x80	; 128
   0092 10                  200 	.db #0x10	; 16
   0093 60                  201 	.db #0x60	; 96
   0094 40                  202 	.db #0x40	; 64
   0095 C0                  203 	.db #0xc0	; 192
   0096 C0                  204 	.db #0xc0	; 192
   0097 40                  205 	.db #0x40	; 64
   0098 C0                  206 	.db #0xc0	; 192
   0099 C0                  207 	.db #0xc0	; 192
   009A 80                  208 	.db #0x80	; 128
   009B C0                  209 	.db #0xc0	; 192
   009C                     210 _enemy3_sp_2:
   009C C0                  211 	.db #0xc0	; 192
   009D D0                  212 	.db #0xd0	; 208
   009E F0                  213 	.db #0xf0	; 240
   009F F0                  214 	.db #0xf0	; 240
   00A0 C0                  215 	.db #0xc0	; 192
   00A1 C0                  216 	.db #0xc0	; 192
   00A2 00                  217 	.db #0x00	; 0
   00A3 50                  218 	.db #0x50	; 80	'P'
   00A4 F0                  219 	.db #0xf0	; 240
   00A5 F5                  220 	.db #0xf5	; 245
   00A6 80                  221 	.db #0x80	; 128
   00A7 C0                  222 	.db #0xc0	; 192
   00A8 80                  223 	.db #0x80	; 128
   00A9 00                  224 	.db #0x00	; 0
   00AA 50                  225 	.db #0x50	; 80	'P'
   00AB A0                  226 	.db #0xa0	; 160
   00AC 40                  227 	.db #0x40	; 64
   00AD C0                  228 	.db #0xc0	; 192
   00AE 00                  229 	.db #0x00	; 0
   00AF 40                  230 	.db #0x40	; 64
   00B0 3F                  231 	.db #0x3f	; 63
   00B1 FC                  232 	.db #0xfc	; 252
   00B2 00                  233 	.db #0x00	; 0
   00B3 C0                  234 	.db #0xc0	; 192
   00B4 C0                  235 	.db #0xc0	; 192
   00B5 00                  236 	.db #0x00	; 0
   00B6 C0                  237 	.db #0xc0	; 192
   00B7 3F                  238 	.db #0x3f	; 63
   00B8 C0                  239 	.db #0xc0	; 192
   00B9 C0                  240 	.db #0xc0	; 192
   00BA 2E                  241 	.db #0x2e	; 46
   00BB 46                  242 	.db #0x46	; 70	'F'
   00BC 57                  243 	.db #0x57	; 87	'W'
   00BD FF                  244 	.db #0xff	; 255
   00BE 98                  245 	.db #0x98	; 152
   00BF BF                  246 	.db #0xbf	; 191
   00C0 06                  247 	.db #0x06	; 6
   00C1 46                  248 	.db #0x46	; 70	'F'
   00C2 9C                  249 	.db #0x9c	; 156
   00C3 3C                  250 	.db #0x3c	; 60
   00C4 C8                  251 	.db #0xc8	; 200
   00C5 95                  252 	.db #0x95	; 149
   00C6 57                  253 	.db #0x57	; 87	'W'
   00C7 57                  254 	.db #0x57	; 87	'W'
   00C8 57                  255 	.db #0x57	; 87	'W'
   00C9 FF                  256 	.db #0xff	; 255
   00CA EA                  257 	.db #0xea	; 234
   00CB C0                  258 	.db #0xc0	; 192
   00CC 3F                  259 	.db #0x3f	; 63
   00CD 3F                  260 	.db #0x3f	; 63
   00CE 9C                  261 	.db #0x9c	; 156
   00CF 3C                  262 	.db #0x3c	; 60
   00D0 3F                  263 	.db #0x3f	; 63
   00D1 C0                  264 	.db #0xc0	; 192
   00D2 95                  265 	.db #0x95	; 149
   00D3 95                  266 	.db #0x95	; 149
   00D4 C0                  267 	.db #0xc0	; 192
   00D5 E2                  268 	.db #0xe2	; 226
   00D6 C0                  269 	.db #0xc0	; 192
   00D7 C0                  270 	.db #0xc0	; 192
   00D8 C0                  271 	.db #0xc0	; 192
   00D9 FC                  272 	.db #0xfc	; 252
   00DA 30                  273 	.db #0x30	; 48	'0'
   00DB 30                  274 	.db #0x30	; 48	'0'
   00DC 80                  275 	.db #0x80	; 128
   00DD 40                  276 	.db #0x40	; 64
   00DE 80                  277 	.db #0x80	; 128
   00DF 80                  278 	.db #0x80	; 128
   00E0 80                  279 	.db #0x80	; 128
   00E1 60                  280 	.db #0x60	; 96
   00E2 00                  281 	.db #0x00	; 0
   00E3 C0                  282 	.db #0xc0	; 192
   00E4 C0                  283 	.db #0xc0	; 192
   00E5 80                  284 	.db #0x80	; 128
   00E6 80                  285 	.db #0x80	; 128
   00E7 40                  286 	.db #0x40	; 64
   00E8 00                  287 	.db #0x00	; 0
   00E9 C0                  288 	.db #0xc0	; 192
   00EA                     289 _enemy3_sp_3:
   00EA C0                  290 	.db #0xc0	; 192
   00EB D0                  291 	.db #0xd0	; 208
   00EC F0                  292 	.db #0xf0	; 240
   00ED F0                  293 	.db #0xf0	; 240
   00EE E0                  294 	.db #0xe0	; 224
   00EF C0                  295 	.db #0xc0	; 192
   00F0 C0                  296 	.db #0xc0	; 192
   00F1 D5                  297 	.db #0xd5	; 213
   00F2 FA                  298 	.db #0xfa	; 250
   00F3 F0                  299 	.db #0xf0	; 240
   00F4 A0                  300 	.db #0xa0	; 160
   00F5 80                  301 	.db #0x80	; 128
   00F6 C0                  302 	.db #0xc0	; 192
   00F7 80                  303 	.db #0x80	; 128
   00F8 50                  304 	.db #0x50	; 80	'P'
   00F9 A0                  305 	.db #0xa0	; 160
   00FA 00                  306 	.db #0x00	; 0
   00FB 40                  307 	.db #0x40	; 64
   00FC C0                  308 	.db #0xc0	; 192
   00FD 80                  309 	.db #0x80	; 128
   00FE FC                  310 	.db #0xfc	; 252
   00FF 3F                  311 	.db #0x3f	; 63
   0100 80                  312 	.db #0x80	; 128
   0101 00                  313 	.db #0x00	; 0
   0102 C0                  314 	.db #0xc0	; 192
   0103 95                  315 	.db #0x95	; 149
   0104 3F                  316 	.db #0x3f	; 63
   0105 C0                  317 	.db #0xc0	; 192
   0106 00                  318 	.db #0x00	; 0
   0107 C0                  319 	.db #0xc0	; 192
   0108 6A                  320 	.db #0x6a	; 106	'j'
   0109 7F                  321 	.db #0x7f	; 127
   010A FF                  322 	.db #0xff	; 255
   010B AB                  323 	.db #0xab	; 171
   010C 9C                  324 	.db #0x9c	; 156
   010D BA                  325 	.db #0xba	; 186
   010E FF                  326 	.db #0xff	; 255
   010F 6C                  327 	.db #0x6c	; 108	'l'
   0110 3C                  328 	.db #0x3c	; 60
   0111 6C                  329 	.db #0x6c	; 108	'l'
   0112 8C                  330 	.db #0x8c	; 140
   0113 1D                  331 	.db #0x1d	; 29
   0114 95                  332 	.db #0x95	; 149
   0115 4C                  333 	.db #0x4c	; 76	'L'
   0116 FF                  334 	.db #0xff	; 255
   0117 AB                  335 	.db #0xab	; 171
   0118 AB                  336 	.db #0xab	; 171
   0119 C0                  337 	.db #0xc0	; 192
   011A C0                  338 	.db #0xc0	; 192
   011B 90                  339 	.db #0x90	; 144
   011C 3C                  340 	.db #0x3c	; 60
   011D 6C                  341 	.db #0x6c	; 108	'l'
   011E 24                  342 	.db #0x24	; 36
   011F C0                  343 	.db #0xc0	; 192
   0120 C0                  344 	.db #0xc0	; 192
   0121 C0                  345 	.db #0xc0	; 192
   0122 D1                  346 	.db #0xd1	; 209
   0123 C0                  347 	.db #0xc0	; 192
   0124 C0                  348 	.db #0xc0	; 192
   0125 C0                  349 	.db #0xc0	; 192
   0126 C0                  350 	.db #0xc0	; 192
   0127 54                  351 	.db #0x54	; 84	'T'
   0128 30                  352 	.db #0x30	; 48	'0'
   0129 30                  353 	.db #0x30	; 48	'0'
   012A 80                  354 	.db #0x80	; 128
   012B 00                  355 	.db #0x00	; 0
   012C 80                  356 	.db #0x80	; 128
   012D 80                  357 	.db #0x80	; 128
   012E 30                  358 	.db #0x30	; 48	'0'
   012F 30                  359 	.db #0x30	; 48	'0'
   0130 80                  360 	.db #0x80	; 128
   0131 80                  361 	.db #0x80	; 128
   0132 C0                  362 	.db #0xc0	; 192
   0133 40                  363 	.db #0x40	; 64
   0134 40                  364 	.db #0x40	; 64
   0135 B8                  365 	.db #0xb8	; 184
   0136 74                  366 	.db #0x74	; 116	't'
   0137 E8                  367 	.db #0xe8	; 232
   0138                     368 _enemy3_sp_4:
   0138 C0                  369 	.db #0xc0	; 192
   0139 F0                  370 	.db #0xf0	; 240
   013A F0                  371 	.db #0xf0	; 240
   013B E0                  372 	.db #0xe0	; 224
   013C C0                  373 	.db #0xc0	; 192
   013D C0                  374 	.db #0xc0	; 192
   013E C0                  375 	.db #0xc0	; 192
   013F FA                  376 	.db #0xfa	; 250
   0140 FA                  377 	.db #0xfa	; 250
   0141 F0                  378 	.db #0xf0	; 240
   0142 80                  379 	.db #0x80	; 128
   0143 C0                  380 	.db #0xc0	; 192
   0144 C0                  381 	.db #0xc0	; 192
   0145 50                  382 	.db #0x50	; 80	'P'
   0146 50                  383 	.db #0x50	; 80	'P'
   0147 A0                  384 	.db #0xa0	; 160
   0148 40                  385 	.db #0x40	; 64
   0149 C0                  386 	.db #0xc0	; 192
   014A C0                  387 	.db #0xc0	; 192
   014B 00                  388 	.db #0x00	; 0
   014C FC                  389 	.db #0xfc	; 252
   014D 3F                  390 	.db #0x3f	; 63
   014E 80                  391 	.db #0x80	; 128
   014F C0                  392 	.db #0xc0	; 192
   0150 C0                  393 	.db #0xc0	; 192
   0151 3F                  394 	.db #0x3f	; 63
   0152 3F                  395 	.db #0x3f	; 63
   0153 C0                  396 	.db #0xc0	; 192
   0154 C0                  397 	.db #0xc0	; 192
   0155 C0                  398 	.db #0xc0	; 192
   0156 EA                  399 	.db #0xea	; 234
   0157 FF                  400 	.db #0xff	; 255
   0158 FF                  401 	.db #0xff	; 255
   0159 AB                  402 	.db #0xab	; 171
   015A C8                  403 	.db #0xc8	; 200
   015B C0                  404 	.db #0xc0	; 192
   015C 95                  405 	.db #0x95	; 149
   015D 30                  406 	.db #0x30	; 48	'0'
   015E 3C                  407 	.db #0x3c	; 60
   015F 6C                  408 	.db #0x6c	; 108	'l'
   0160 89                  409 	.db #0x89	; 137
   0161 C0                  410 	.db #0xc0	; 192
   0162 2B                  411 	.db #0x2b	; 43
   0163 2B                  412 	.db #0x2b	; 43
   0164 FF                  413 	.db #0xff	; 255
   0165 AB                  414 	.db #0xab	; 171
   0166 D5                  415 	.db #0xd5	; 213
   0167 C0                  416 	.db #0xc0	; 192
   0168 C0                  417 	.db #0xc0	; 192
   0169 30                  418 	.db #0x30	; 48	'0'
   016A 3C                  419 	.db #0x3c	; 60
   016B 6C                  420 	.db #0x6c	; 108	'l'
   016C 95                  421 	.db #0x95	; 149
   016D C0                  422 	.db #0xc0	; 192
   016E C0                  423 	.db #0xc0	; 192
   016F C1                  424 	.db #0xc1	; 193
   0170 D1                  425 	.db #0xd1	; 209
   0171 C0                  426 	.db #0xc0	; 192
   0172 C0                  427 	.db #0xc0	; 192
   0173 C0                  428 	.db #0xc0	; 192
   0174 00                  429 	.db #0x00	; 0
   0175 A8                  430 	.db #0xa8	; 168
   0176 30                  431 	.db #0x30	; 48	'0'
   0177 30                  432 	.db #0x30	; 48	'0'
   0178 C0                  433 	.db #0xc0	; 192
   0179 C0                  434 	.db #0xc0	; 192
   017A 80                  435 	.db #0x80	; 128
   017B 80                  436 	.db #0x80	; 128
   017C 90                  437 	.db #0x90	; 144
   017D 20                  438 	.db #0x20	; 32
   017E 40                  439 	.db #0x40	; 64
   017F C0                  440 	.db #0xc0	; 192
   0180 40                  441 	.db #0x40	; 64
   0181 40                  442 	.db #0x40	; 64
   0182 C0                  443 	.db #0xc0	; 192
   0183 80                  444 	.db #0x80	; 128
   0184 80                  445 	.db #0x80	; 128
   0185 C0                  446 	.db #0xc0	; 192
   0186                     447 _enemy3_sp_5:
   0186 C0                  448 	.db #0xc0	; 192
   0187 C0                  449 	.db #0xc0	; 192
   0188 F0                  450 	.db #0xf0	; 240
   0189 E0                  451 	.db #0xe0	; 224
   018A C0                  452 	.db #0xc0	; 192
   018B C0                  453 	.db #0xc0	; 192
   018C C0                  454 	.db #0xc0	; 192
   018D C0                  455 	.db #0xc0	; 192
   018E FA                  456 	.db #0xfa	; 250
   018F F0                  457 	.db #0xf0	; 240
   0190 80                  458 	.db #0x80	; 128
   0191 C0                  459 	.db #0xc0	; 192
   0192 C0                  460 	.db #0xc0	; 192
   0193 C0                  461 	.db #0xc0	; 192
   0194 50                  462 	.db #0x50	; 80	'P'
   0195 A0                  463 	.db #0xa0	; 160
   0196 40                  464 	.db #0x40	; 64
   0197 C0                  465 	.db #0xc0	; 192
   0198 C0                  466 	.db #0xc0	; 192
   0199 C0                  467 	.db #0xc0	; 192
   019A FC                  468 	.db #0xfc	; 252
   019B 3F                  469 	.db #0x3f	; 63
   019C 80                  470 	.db #0x80	; 128
   019D C0                  471 	.db #0xc0	; 192
   019E C0                  472 	.db #0xc0	; 192
   019F C0                  473 	.db #0xc0	; 192
   01A0 3F                  474 	.db #0x3f	; 63
   01A1 C0                  475 	.db #0xc0	; 192
   01A2 C0                  476 	.db #0xc0	; 192
   01A3 C0                  477 	.db #0xc0	; 192
   01A4 C0                  478 	.db #0xc0	; 192
   01A5 C4                  479 	.db #0xc4	; 196
   01A6 FF                  480 	.db #0xff	; 255
   01A7 AB                  481 	.db #0xab	; 171
   01A8 C8                  482 	.db #0xc8	; 200
   01A9 C0                  483 	.db #0xc0	; 192
   01AA C0                  484 	.db #0xc0	; 192
   01AB C4                  485 	.db #0xc4	; 196
   01AC 3C                  486 	.db #0x3c	; 60
   01AD 6C                  487 	.db #0x6c	; 108	'l'
   01AE 89                  488 	.db #0x89	; 137
   01AF C0                  489 	.db #0xc0	; 192
   01B0 C0                  490 	.db #0xc0	; 192
   01B1 81                  491 	.db #0x81	; 129
   01B2 FF                  492 	.db #0xff	; 255
   01B3 AB                  493 	.db #0xab	; 171
   01B4 AB                  494 	.db #0xab	; 171
   01B5 C0                  495 	.db #0xc0	; 192
   01B6 C0                  496 	.db #0xc0	; 192
   01B7 3F                  497 	.db #0x3f	; 63
   01B8 3C                  498 	.db #0x3c	; 60
   01B9 6C                  499 	.db #0x6c	; 108	'l'
   01BA 3F                  500 	.db #0x3f	; 63
   01BB C0                  501 	.db #0xc0	; 192
   01BC C0                  502 	.db #0xc0	; 192
   01BD C0                  503 	.db #0xc0	; 192
   01BE D1                  504 	.db #0xd1	; 209
   01BF C0                  505 	.db #0xc0	; 192
   01C0 6A                  506 	.db #0x6a	; 106	'j'
   01C1 C0                  507 	.db #0xc0	; 192
   01C2 C0                  508 	.db #0xc0	; 192
   01C3 C0                  509 	.db #0xc0	; 192
   01C4 30                  510 	.db #0x30	; 48	'0'
   01C5 30                  511 	.db #0x30	; 48	'0'
   01C6 C0                  512 	.db #0xc0	; 192
   01C7 C0                  513 	.db #0xc0	; 192
   01C8 C0                  514 	.db #0xc0	; 192
   01C9 80                  515 	.db #0x80	; 128
   01CA 90                  516 	.db #0x90	; 144
   01CB 40                  517 	.db #0x40	; 64
   01CC C0                  518 	.db #0xc0	; 192
   01CD C0                  519 	.db #0xc0	; 192
   01CE C0                  520 	.db #0xc0	; 192
   01CF 00                  521 	.db #0x00	; 0
   01D0 80                  522 	.db #0x80	; 128
   01D1 40                  523 	.db #0x40	; 64
   01D2 C0                  524 	.db #0xc0	; 192
   01D3 C0                  525 	.db #0xc0	; 192
   01D4                     526 _enemy3_sp_6:
   01D4 C0                  527 	.db #0xc0	; 192
   01D5 C0                  528 	.db #0xc0	; 192
   01D6 D0                  529 	.db #0xd0	; 208
   01D7 E0                  530 	.db #0xe0	; 224
   01D8 C0                  531 	.db #0xc0	; 192
   01D9 C0                  532 	.db #0xc0	; 192
   01DA C0                  533 	.db #0xc0	; 192
   01DB 80                  534 	.db #0x80	; 128
   01DC F5                  535 	.db #0xf5	; 245
   01DD FA                  536 	.db #0xfa	; 250
   01DE C0                  537 	.db #0xc0	; 192
   01DF C0                  538 	.db #0xc0	; 192
   01E0 C0                  539 	.db #0xc0	; 192
   01E1 C0                  540 	.db #0xc0	; 192
   01E2 50                  541 	.db #0x50	; 80	'P'
   01E3 A0                  542 	.db #0xa0	; 160
   01E4 C0                  543 	.db #0xc0	; 192
   01E5 C0                  544 	.db #0xc0	; 192
   01E6 C0                  545 	.db #0xc0	; 192
   01E7 80                  546 	.db #0x80	; 128
   01E8 7E                  547 	.db #0x7e	; 126
   01E9 BD                  548 	.db #0xbd	; 189
   01EA C0                  549 	.db #0xc0	; 192
   01EB C0                  550 	.db #0xc0	; 192
   01EC C0                  551 	.db #0xc0	; 192
   01ED C0                  552 	.db #0xc0	; 192
   01EE 95                  553 	.db #0x95	; 149
   01EF 6A                  554 	.db #0x6a	; 106	'j'
   01F0 C0                  555 	.db #0xc0	; 192
   01F1 C0                  556 	.db #0xc0	; 192
   01F2 C0                  557 	.db #0xc0	; 192
   01F3 C4                  558 	.db #0xc4	; 196
   01F4 FF                  559 	.db #0xff	; 255
   01F5 FF                  560 	.db #0xff	; 255
   01F6 C8                  561 	.db #0xc8	; 200
   01F7 C0                  562 	.db #0xc0	; 192
   01F8 C0                  563 	.db #0xc0	; 192
   01F9 89                  564 	.db #0x89	; 137
   01FA 3C                  565 	.db #0x3c	; 60
   01FB 94                  566 	.db #0x94	; 148
   01FC EA                  567 	.db #0xea	; 234
   01FD C0                  568 	.db #0xc0	; 192
   01FE C0                  569 	.db #0xc0	; 192
   01FF EA                  570 	.db #0xea	; 234
   0200 FF                  571 	.db #0xff	; 255
   0201 6E                  572 	.db #0x6e	; 110	'n'
   0202 C8                  573 	.db #0xc8	; 200
   0203 C0                  574 	.db #0xc0	; 192
   0204 C0                  575 	.db #0xc0	; 192
   0205 6A                  576 	.db #0x6a	; 106	'j'
   0206 3C                  577 	.db #0x3c	; 60
   0207 3C                  578 	.db #0x3c	; 60
   0208 C0                  579 	.db #0xc0	; 192
   0209 C0                  580 	.db #0xc0	; 192
   020A C0                  581 	.db #0xc0	; 192
   020B C0                  582 	.db #0xc0	; 192
   020C D1                  583 	.db #0xd1	; 209
   020D E2                  584 	.db #0xe2	; 226
   020E C0                  585 	.db #0xc0	; 192
   020F C0                  586 	.db #0xc0	; 192
   0210 C0                  587 	.db #0xc0	; 192
   0211 C0                  588 	.db #0xc0	; 192
   0212 30                  589 	.db #0x30	; 48	'0'
   0213 30                  590 	.db #0x30	; 48	'0'
   0214 C0                  591 	.db #0xc0	; 192
   0215 C0                  592 	.db #0xc0	; 192
   0216 C0                  593 	.db #0xc0	; 192
   0217 C0                  594 	.db #0xc0	; 192
   0218 40                  595 	.db #0x40	; 64
   0219 80                  596 	.db #0x80	; 128
   021A C0                  597 	.db #0xc0	; 192
   021B C0                  598 	.db #0xc0	; 192
   021C C0                  599 	.db #0xc0	; 192
   021D 80                  600 	.db #0x80	; 128
   021E 40                  601 	.db #0x40	; 64
   021F 80                  602 	.db #0x80	; 128
   0220 40                  603 	.db #0x40	; 64
   0221 C0                  604 	.db #0xc0	; 192
   0222                     605 _enemy3_sp_7:
   0222 C0                  606 	.db #0xc0	; 192
   0223 C0                  607 	.db #0xc0	; 192
   0224 D0                  608 	.db #0xd0	; 208
   0225 E0                  609 	.db #0xe0	; 224
   0226 C0                  610 	.db #0xc0	; 192
   0227 C0                  611 	.db #0xc0	; 192
   0228 C0                  612 	.db #0xc0	; 192
   0229 80                  613 	.db #0x80	; 128
   022A F5                  614 	.db #0xf5	; 245
   022B FA                  615 	.db #0xfa	; 250
   022C C0                  616 	.db #0xc0	; 192
   022D C0                  617 	.db #0xc0	; 192
   022E C0                  618 	.db #0xc0	; 192
   022F C0                  619 	.db #0xc0	; 192
   0230 50                  620 	.db #0x50	; 80	'P'
   0231 A0                  621 	.db #0xa0	; 160
   0232 C0                  622 	.db #0xc0	; 192
   0233 C0                  623 	.db #0xc0	; 192
   0234 C0                  624 	.db #0xc0	; 192
   0235 80                  625 	.db #0x80	; 128
   0236 7E                  626 	.db #0x7e	; 126
   0237 BD                  627 	.db #0xbd	; 189
   0238 C0                  628 	.db #0xc0	; 192
   0239 C0                  629 	.db #0xc0	; 192
   023A 95                  630 	.db #0x95	; 149
   023B C0                  631 	.db #0xc0	; 192
   023C 95                  632 	.db #0x95	; 149
   023D 6A                  633 	.db #0x6a	; 106	'j'
   023E C0                  634 	.db #0xc0	; 192
   023F 6A                  635 	.db #0x6a	; 106	'j'
   0240 81                  636 	.db #0x81	; 129
   0241 BE                  637 	.db #0xbe	; 190
   0242 55                  638 	.db #0x55	; 85	'U'
   0243 FF                  639 	.db #0xff	; 255
   0244 7D                  640 	.db #0x7d	; 125
   0245 42                  641 	.db #0x42	; 66	'B'
   0246 C0                  642 	.db #0xc0	; 192
   0247 89                  643 	.db #0x89	; 137
   0248 28                  644 	.db #0x28	; 40
   0249 28                  645 	.db #0x28	; 40
   024A 46                  646 	.db #0x46	; 70	'F'
   024B C0                  647 	.db #0xc0	; 192
   024C C0                  648 	.db #0xc0	; 192
   024D C0                  649 	.db #0xc0	; 192
   024E AA                  650 	.db #0xaa	; 170
   024F 55                  651 	.db #0x55	; 85	'U'
   0250 48                  652 	.db #0x48	; 72	'H'
   0251 C0                  653 	.db #0xc0	; 192
   0252 C0                  654 	.db #0xc0	; 192
   0253 C0                  655 	.db #0xc0	; 192
   0254 28                  656 	.db #0x28	; 40
   0255 3C                  657 	.db #0x3c	; 60
   0256 C0                  658 	.db #0xc0	; 192
   0257 C0                  659 	.db #0xc0	; 192
   0258 C0                  660 	.db #0xc0	; 192
   0259 C0                  661 	.db #0xc0	; 192
   025A D1                  662 	.db #0xd1	; 209
   025B E2                  663 	.db #0xe2	; 226
   025C C0                  664 	.db #0xc0	; 192
   025D C0                  665 	.db #0xc0	; 192
   025E C0                  666 	.db #0xc0	; 192
   025F 40                  667 	.db #0x40	; 64
   0260 30                  668 	.db #0x30	; 48	'0'
   0261 30                  669 	.db #0x30	; 48	'0'
   0262 80                  670 	.db #0x80	; 128
   0263 C0                  671 	.db #0xc0	; 192
   0264 C0                  672 	.db #0xc0	; 192
   0265 80                  673 	.db #0x80	; 128
   0266 40                  674 	.db #0x40	; 64
   0267 80                  675 	.db #0x80	; 128
   0268 40                  676 	.db #0x40	; 64
   0269 C0                  677 	.db #0xc0	; 192
   026A C0                  678 	.db #0xc0	; 192
   026B 80                  679 	.db #0x80	; 128
   026C 40                  680 	.db #0x40	; 64
   026D 80                  681 	.db #0x80	; 128
   026E 40                  682 	.db #0x40	; 64
   026F C0                  683 	.db #0xc0	; 192
   0270                     684 _enemy3_sp_8:
   0270 C0                  685 	.db #0xc0	; 192
   0271 C0                  686 	.db #0xc0	; 192
   0272 C0                  687 	.db #0xc0	; 192
   0273 F0                  688 	.db #0xf0	; 240
   0274 C0                  689 	.db #0xc0	; 192
   0275 C0                  690 	.db #0xc0	; 192
   0276 C0                  691 	.db #0xc0	; 192
   0277 C0                  692 	.db #0xc0	; 192
   0278 40                  693 	.db #0x40	; 64
   0279 C0                  694 	.db #0xc0	; 192
   027A E0                  695 	.db #0xe0	; 224
   027B C0                  696 	.db #0xc0	; 192
   027C C0                  697 	.db #0xc0	; 192
   027D C0                  698 	.db #0xc0	; 192
   027E C0                  699 	.db #0xc0	; 192
   027F C0                  700 	.db #0xc0	; 192
   0280 C0                  701 	.db #0xc0	; 192
   0281 C0                  702 	.db #0xc0	; 192
   0282 C0                  703 	.db #0xc0	; 192
   0283 C0                  704 	.db #0xc0	; 192
   0284 C0                  705 	.db #0xc0	; 192
   0285 C0                  706 	.db #0xc0	; 192
   0286 C0                  707 	.db #0xc0	; 192
   0287 C0                  708 	.db #0xc0	; 192
   0288 C0                  709 	.db #0xc0	; 192
   0289 6A                  710 	.db #0x6a	; 106	'j'
   028A C0                  711 	.db #0xc0	; 192
   028B C0                  712 	.db #0xc0	; 192
   028C C0                  713 	.db #0xc0	; 192
   028D 95                  714 	.db #0x95	; 149
   028E C0                  715 	.db #0xc0	; 192
   028F 42                  716 	.db #0x42	; 66	'B'
   0290 C0                  717 	.db #0xc0	; 192
   0291 C0                  718 	.db #0xc0	; 192
   0292 90                  719 	.db #0x90	; 144
   0293 EA                  720 	.db #0xea	; 234
   0294 C0                  721 	.db #0xc0	; 192
   0295 84                  722 	.db #0x84	; 132
   0296 12                  723 	.db #0x12	; 18
   0297 C0                  724 	.db #0xc0	; 192
   0298 81                  725 	.db #0x81	; 129
   0299 48                  726 	.db #0x48	; 72	'H'
   029A C0                  727 	.db #0xc0	; 192
   029B C0                  728 	.db #0xc0	; 192
   029C D5                  729 	.db #0xd5	; 213
   029D 03                  730 	.db #0x03	; 3
   029E EA                  731 	.db #0xea	; 234
   029F C0                  732 	.db #0xc0	; 192
   02A0 C0                  733 	.db #0xc0	; 192
   02A1 C0                  734 	.db #0xc0	; 192
   02A2 C4                  735 	.db #0xc4	; 196
   02A3 57                  736 	.db #0x57	; 87	'W'
   02A4 C8                  737 	.db #0xc8	; 200
   02A5 C0                  738 	.db #0xc0	; 192
   02A6 C0                  739 	.db #0xc0	; 192
   02A7 80                  740 	.db #0x80	; 128
   02A8 F0                  741 	.db #0xf0	; 240
   02A9 44                  742 	.db #0x44	; 68	'D'
   02AA 00                  743 	.db #0x00	; 0
   02AB C0                  744 	.db #0xc0	; 192
   02AC C0                  745 	.db #0xc0	; 192
   02AD D0                  746 	.db #0xd0	; 208
   02AE 50                  747 	.db #0x50	; 80	'P'
   02AF AA                  748 	.db #0xaa	; 170
   02B0 20                  749 	.db #0x20	; 32
   02B1 C0                  750 	.db #0xc0	; 192
   02B2 C0                  751 	.db #0xc0	; 192
   02B3 D0                  752 	.db #0xd0	; 208
   02B4 50                  753 	.db #0x50	; 80	'P'
   02B5 AA                  754 	.db #0xaa	; 170
   02B6 40                  755 	.db #0x40	; 64
   02B7 C0                  756 	.db #0xc0	; 192
   02B8 C0                  757 	.db #0xc0	; 192
   02B9 80                  758 	.db #0x80	; 128
   02BA F0                  759 	.db #0xf0	; 240
   02BB 44                  760 	.db #0x44	; 68	'D'
   02BC 00                  761 	.db #0x00	; 0
   02BD C0                  762 	.db #0xc0	; 192
                            763 	.area _INITIALIZER
                            764 	.area _CABS (ABS)
