                              1 ;--------------------------------------------------------
                              2 ; File Created by SDCC : free open source ANSI-C Compiler
                              3 ; Version 3.6.8 #9946 (Linux)
                              4 ;--------------------------------------------------------
                              5 	.module title
                              6 	.optsdcc -mz80
                              7 	
                              8 ;--------------------------------------------------------
                              9 ; Public variables in this module
                             10 ;--------------------------------------------------------
                             11 	.globl _title_sp_2
                             12 	.globl _title_sp_1
                             13 	.globl _title_sp_0
                             14 ;--------------------------------------------------------
                             15 ; special function registers
                             16 ;--------------------------------------------------------
                             17 ;--------------------------------------------------------
                             18 ; ram data
                             19 ;--------------------------------------------------------
                             20 	.area _DATA
                             21 ;--------------------------------------------------------
                             22 ; ram data
                             23 ;--------------------------------------------------------
                             24 	.area _INITIALIZED
                             25 ;--------------------------------------------------------
                             26 ; absolute external ram data
                             27 ;--------------------------------------------------------
                             28 	.area _DABS (ABS)
                             29 ;--------------------------------------------------------
                             30 ; global & static initialisations
                             31 ;--------------------------------------------------------
                             32 	.area _HOME
                             33 	.area _GSINIT
                             34 	.area _GSFINAL
                             35 	.area _GSINIT
                             36 ;--------------------------------------------------------
                             37 ; Home
                             38 ;--------------------------------------------------------
                             39 	.area _HOME
                             40 	.area _HOME
                             41 ;--------------------------------------------------------
                             42 ; code
                             43 ;--------------------------------------------------------
                             44 	.area _CODE
                             45 	.area _CODE
   0000                      46 _title_sp_0:
   0000 FF                   47 	.db #0xff	; 255
   0001 FF                   48 	.db #0xff	; 255
   0002 FF                   49 	.db #0xff	; 255
   0003 FF                   50 	.db #0xff	; 255
   0004 FF                   51 	.db #0xff	; 255
   0005 FF                   52 	.db #0xff	; 255
   0006 3C                   53 	.db #0x3c	; 60
   0007 3C                   54 	.db #0x3c	; 60
   0008 7D                   55 	.db #0x7d	; 125
   0009 FF                   56 	.db #0xff	; 255
   000A FF                   57 	.db #0xff	; 255
   000B FF                   58 	.db #0xff	; 255
   000C FF                   59 	.db #0xff	; 255
   000D FF                   60 	.db #0xff	; 255
   000E BE                   61 	.db #0xbe	; 190
   000F 7D                   62 	.db #0x7d	; 125
   0010 FF                   63 	.db #0xff	; 255
   0011 FF                   64 	.db #0xff	; 255
   0012 FF                   65 	.db #0xff	; 255
   0013 FF                   66 	.db #0xff	; 255
   0014 FF                   67 	.db #0xff	; 255
   0015 3C                   68 	.db #0x3c	; 60
   0016 3C                   69 	.db #0x3c	; 60
   0017 3C                   70 	.db #0x3c	; 60
   0018 7D                   71 	.db #0x7d	; 125
   0019 FF                   72 	.db #0xff	; 255
   001A FF                   73 	.db #0xff	; 255
   001B FF                   74 	.db #0xff	; 255
   001C FF                   75 	.db #0xff	; 255
   001D FF                   76 	.db #0xff	; 255
   001E 3C                   77 	.db #0x3c	; 60
   001F 3C                   78 	.db #0x3c	; 60
   0020 FF                   79 	.db #0xff	; 255
   0021 FF                   80 	.db #0xff	; 255
   0022 FF                   81 	.db #0xff	; 255
   0023 FF                   82 	.db #0xff	; 255
   0024 FF                   83 	.db #0xff	; 255
   0025 FF                   84 	.db #0xff	; 255
   0026 3C                   85 	.db #0x3c	; 60
   0027 3C                   86 	.db #0x3c	; 60
   0028 3C                   87 	.db #0x3c	; 60
   0029 FF                   88 	.db #0xff	; 255
   002A FF                   89 	.db #0xff	; 255
   002B FF                   90 	.db #0xff	; 255
   002C BE                   91 	.db #0xbe	; 190
   002D 3C                   92 	.db #0x3c	; 60
   002E FF                   93 	.db #0xff	; 255
   002F FF                   94 	.db #0xff	; 255
   0030 3C                   95 	.db #0x3c	; 60
   0031 3C                   96 	.db #0x3c	; 60
   0032 57                   97 	.db #0x57	; 87	'W'
   0033 FF                   98 	.db #0xff	; 255
   0034 BE                   99 	.db #0xbe	; 190
   0035 3C                  100 	.db #0x3c	; 60
   0036 29                  101 	.db #0x29	; 41
   0037 FF                  102 	.db #0xff	; 255
   0038 16                  103 	.db #0x16	; 22
   0039 3C                  104 	.db #0x3c	; 60
   003A 3C                  105 	.db #0x3c	; 60
   003B 3C                  106 	.db #0x3c	; 60
   003C BE                  107 	.db #0xbe	; 190
   003D 29                  108 	.db #0x29	; 41
   003E FF                  109 	.db #0xff	; 255
   003F AB                  110 	.db #0xab	; 171
   0040 3C                  111 	.db #0x3c	; 60
   0041 7D                  112 	.db #0x7d	; 125
   0042 FF                  113 	.db #0xff	; 255
   0043 BE                  114 	.db #0xbe	; 190
   0044 3C                  115 	.db #0x3c	; 60
   0045 3C                  116 	.db #0x3c	; 60
   0046 FF                  117 	.db #0xff	; 255
   0047 AB                  118 	.db #0xab	; 171
   0048 3C                  119 	.db #0x3c	; 60
   0049 3C                  120 	.db #0x3c	; 60
   004A 7D                  121 	.db #0x7d	; 125
   004B FF                  122 	.db #0xff	; 255
   004C BE                  123 	.db #0xbe	; 190
   004D 3C                  124 	.db #0x3c	; 60
   004E 57                  125 	.db #0x57	; 87	'W'
   004F AB                  126 	.db #0xab	; 171
   0050 3C                  127 	.db #0x3c	; 60
   0051 3C                  128 	.db #0x3c	; 60
   0052 3C                  129 	.db #0x3c	; 60
   0053 7D                  130 	.db #0x7d	; 125
   0054 3C                  131 	.db #0x3c	; 60
   0055 3C                  132 	.db #0x3c	; 60
   0056 7D                  133 	.db #0x7d	; 125
   0057 FF                  134 	.db #0xff	; 255
   0058 FF                  135 	.db #0xff	; 255
   0059 FF                  136 	.db #0xff	; 255
   005A FF                  137 	.db #0xff	; 255
   005B 3C                  138 	.db #0x3c	; 60
   005C FF                  139 	.db #0xff	; 255
   005D FF                  140 	.db #0xff	; 255
   005E 3C                  141 	.db #0x3c	; 60
   005F 3C                  142 	.db #0x3c	; 60
   0060 3C                  143 	.db #0x3c	; 60
   0061 FF                  144 	.db #0xff	; 255
   0062 BE                  145 	.db #0xbe	; 190
   0063 3C                  146 	.db #0x3c	; 60
   0064 29                  147 	.db #0x29	; 41
   0065 FF                  148 	.db #0xff	; 255
   0066 16                  149 	.db #0x16	; 22
   0067 3C                  150 	.db #0x3c	; 60
   0068 3C                  151 	.db #0x3c	; 60
   0069 3C                  152 	.db #0x3c	; 60
   006A 3C                  153 	.db #0x3c	; 60
   006B 29                  154 	.db #0x29	; 41
   006C FF                  155 	.db #0xff	; 255
   006D AB                  156 	.db #0xab	; 171
   006E 3C                  157 	.db #0x3c	; 60
   006F 3C                  158 	.db #0x3c	; 60
   0070 FF                  159 	.db #0xff	; 255
   0071 FF                  160 	.db #0xff	; 255
   0072 3C                  161 	.db #0x3c	; 60
   0073 29                  162 	.db #0x29	; 41
   0074 FF                  163 	.db #0xff	; 255
   0075 BE                  164 	.db #0xbe	; 190
   0076 3C                  165 	.db #0x3c	; 60
   0077 3C                  166 	.db #0x3c	; 60
   0078 3C                  167 	.db #0x3c	; 60
   0079 FF                  168 	.db #0xff	; 255
   007A 3C                  169 	.db #0x3c	; 60
   007B 3C                  170 	.db #0x3c	; 60
   007C 57                  171 	.db #0x57	; 87	'W'
   007D AB                  172 	.db #0xab	; 171
   007E 3C                  173 	.db #0x3c	; 60
   007F 3C                  174 	.db #0x3c	; 60
   0080 3C                  175 	.db #0x3c	; 60
   0081 3C                  176 	.db #0x3c	; 60
   0082 3C                  177 	.db #0x3c	; 60
   0083 3C                  178 	.db #0x3c	; 60
   0084 FF                  179 	.db #0xff	; 255
   0085 BE                  180 	.db #0xbe	; 190
   0086 3C                  181 	.db #0x3c	; 60
   0087 3C                  182 	.db #0x3c	; 60
   0088 FF                  183 	.db #0xff	; 255
   0089 BE                  184 	.db #0xbe	; 190
   008A FF                  185 	.db #0xff	; 255
   008B FF                  186 	.db #0xff	; 255
   008C 3C                  187 	.db #0x3c	; 60
   008D 3C                  188 	.db #0x3c	; 60
   008E 3C                  189 	.db #0x3c	; 60
   008F FF                  190 	.db #0xff	; 255
   0090 BE                  191 	.db #0xbe	; 190
   0091 3C                  192 	.db #0x3c	; 60
   0092 29                  193 	.db #0x29	; 41
   0093 FF                  194 	.db #0xff	; 255
   0094 16                  195 	.db #0x16	; 22
   0095 3C                  196 	.db #0x3c	; 60
   0096 3C                  197 	.db #0x3c	; 60
   0097 57                  198 	.db #0x57	; 87	'W'
   0098 3C                  199 	.db #0x3c	; 60
   0099 29                  200 	.db #0x29	; 41
   009A FF                  201 	.db #0xff	; 255
   009B AB                  202 	.db #0xab	; 171
   009C 3C                  203 	.db #0x3c	; 60
   009D 3C                  204 	.db #0x3c	; 60
   009E 57                  205 	.db #0x57	; 87	'W'
   009F FF                  206 	.db #0xff	; 255
   00A0 BE                  207 	.db #0xbe	; 190
   00A1 29                  208 	.db #0x29	; 41
   00A2 FF                  209 	.db #0xff	; 255
   00A3 FF                  210 	.db #0xff	; 255
   00A4 3C                  211 	.db #0x3c	; 60
   00A5 3C                  212 	.db #0x3c	; 60
   00A6 3C                  213 	.db #0x3c	; 60
   00A7 3C                  214 	.db #0x3c	; 60
   00A8 3C                  215 	.db #0x3c	; 60
   00A9 3C                  216 	.db #0x3c	; 60
   00AA 57                  217 	.db #0x57	; 87	'W'
   00AB AB                  218 	.db #0xab	; 171
   00AC 3C                  219 	.db #0x3c	; 60
   00AD 3C                  220 	.db #0x3c	; 60
   00AE 29                  221 	.db #0x29	; 41
   00AF BE                  222 	.db #0xbe	; 190
   00B0 3C                  223 	.db #0x3c	; 60
   00B1 3C                  224 	.db #0x3c	; 60
   00B2 FF                  225 	.db #0xff	; 255
   00B3 3C                  226 	.db #0x3c	; 60
   00B4 3C                  227 	.db #0x3c	; 60
   00B5 3C                  228 	.db #0x3c	; 60
   00B6 7D                  229 	.db #0x7d	; 125
   00B7 BE                  230 	.db #0xbe	; 190
   00B8 FF                  231 	.db #0xff	; 255
   00B9 FF                  232 	.db #0xff	; 255
   00BA 3C                  233 	.db #0x3c	; 60
   00BB 3C                  234 	.db #0x3c	; 60
   00BC 7D                  235 	.db #0x7d	; 125
   00BD FF                  236 	.db #0xff	; 255
   00BE BE                  237 	.db #0xbe	; 190
   00BF 3C                  238 	.db #0x3c	; 60
   00C0 29                  239 	.db #0x29	; 41
   00C1 FF                  240 	.db #0xff	; 255
   00C2 FF                  241 	.db #0xff	; 255
   00C3 FF                  242 	.db #0xff	; 255
   00C4 FF                  243 	.db #0xff	; 255
   00C5 FF                  244 	.db #0xff	; 255
   00C6 3C                  245 	.db #0x3c	; 60
   00C7 29                  246 	.db #0x29	; 41
   00C8 AF                  247 	.db #0xaf	; 175
   00C9 0B                  248 	.db #0x0b	; 11
   00CA 3C                  249 	.db #0x3c	; 60
   00CB 3C                  250 	.db #0x3c	; 60
   00CC 57                  251 	.db #0x57	; 87	'W'
   00CD FF                  252 	.db #0xff	; 255
   00CE BE                  253 	.db #0xbe	; 190
   00CF 3C                  254 	.db #0x3c	; 60
   00D0 FF                  255 	.db #0xff	; 255
   00D1 FF                  256 	.db #0xff	; 255
   00D2 FF                  257 	.db #0xff	; 255
   00D3 FF                  258 	.db #0xff	; 255
   00D4 AB                  259 	.db #0xab	; 171
   00D5 3C                  260 	.db #0x3c	; 60
   00D6 3C                  261 	.db #0x3c	; 60
   00D7 3C                  262 	.db #0x3c	; 60
   00D8 57                  263 	.db #0x57	; 87	'W'
   00D9 FF                  264 	.db #0xff	; 255
   00DA FF                  265 	.db #0xff	; 255
   00DB FF                  266 	.db #0xff	; 255
   00DC FF                  267 	.db #0xff	; 255
   00DD BE                  268 	.db #0xbe	; 190
   00DE 3C                  269 	.db #0x3c	; 60
   00DF 3C                  270 	.db #0x3c	; 60
   00E0 FF                  271 	.db #0xff	; 255
   00E1 3C                  272 	.db #0x3c	; 60
   00E2 3C                  273 	.db #0x3c	; 60
   00E3 3C                  274 	.db #0x3c	; 60
   00E4 7D                  275 	.db #0x7d	; 125
   00E5 BE                  276 	.db #0xbe	; 190
   00E6 FF                  277 	.db #0xff	; 255
   00E7 FF                  278 	.db #0xff	; 255
   00E8 FF                  279 	.db #0xff	; 255
   00E9 FF                  280 	.db #0xff	; 255
   00EA FF                  281 	.db #0xff	; 255
   00EB AB                  282 	.db #0xab	; 171
   00EC 3C                  283 	.db #0x3c	; 60
   00ED 3C                  284 	.db #0x3c	; 60
   00EE 29                  285 	.db #0x29	; 41
   00EF FF                  286 	.db #0xff	; 255
   00F0 AB                  287 	.db #0xab	; 171
   00F1 03                  288 	.db #0x03	; 3
   00F2 57                  289 	.db #0x57	; 87	'W'
   00F3 FF                  290 	.db #0xff	; 255
   00F4 3C                  291 	.db #0x3c	; 60
   00F5 29                  292 	.db #0x29	; 41
   00F6 0A                  293 	.db #0x0a	; 10
   00F7 01                  294 	.db #0x01	; 1
   00F8 3C                  295 	.db #0x3c	; 60
   00F9 3C                  296 	.db #0x3c	; 60
   00FA 07                  297 	.db #0x07	; 7
   00FB FF                  298 	.db #0xff	; 255
   00FC BE                  299 	.db #0xbe	; 190
   00FD 3C                  300 	.db #0x3c	; 60
   00FE 3C                  301 	.db #0x3c	; 60
   00FF FF                  302 	.db #0xff	; 255
   0100 FF                  303 	.db #0xff	; 255
   0101 FF                  304 	.db #0xff	; 255
   0102 FF                  305 	.db #0xff	; 255
   0103 FF                  306 	.db #0xff	; 255
   0104 16                  307 	.db #0x16	; 22
   0105 3C                  308 	.db #0x3c	; 60
   0106 07                  309 	.db #0x07	; 7
   0107 0A                  310 	.db #0x0a	; 10
   0108 03                  311 	.db #0x03	; 3
   0109 03                  312 	.db #0x03	; 3
   010A FF                  313 	.db #0xff	; 255
   010B BE                  314 	.db #0xbe	; 190
   010C 3C                  315 	.db #0x3c	; 60
   010D 3C                  316 	.db #0x3c	; 60
   010E FF                  317 	.db #0xff	; 255
   010F 03                  318 	.db #0x03	; 3
   0110 03                  319 	.db #0x03	; 3
   0111 03                  320 	.db #0x03	; 3
   0112 57                  321 	.db #0x57	; 87	'W'
   0113 BE                  322 	.db #0xbe	; 190
   0114 AF                  323 	.db #0xaf	; 175
   0115 55                  324 	.db #0x55	; 85	'U'
   0116 3C                  325 	.db #0x3c	; 60
   0117 FF                  326 	.db #0xff	; 255
   0118 AA                  327 	.db #0xaa	; 170
   0119 3C                  328 	.db #0x3c	; 60
   011A 3C                  329 	.db #0x3c	; 60
   011B 3C                  330 	.db #0x3c	; 60
   011C 29                  331 	.db #0x29	; 41
   011D AA                  332 	.db #0xaa	; 170
   011E 16                  333 	.db #0x16	; 22
   011F 3C                  334 	.db #0x3c	; 60
   0120 3C                  335 	.db #0x3c	; 60
   0121 3C                  336 	.db #0x3c	; 60
   0122 3C                  337 	.db #0x3c	; 60
   0123 29                  338 	.db #0x29	; 41
   0124 00                  339 	.db #0x00	; 0
   0125 01                  340 	.db #0x01	; 1
   0126 3C                  341 	.db #0x3c	; 60
   0127 3C                  342 	.db #0x3c	; 60
   0128 02                  343 	.db #0x02	; 2
   0129 0F                  344 	.db #0x0f	; 15
   012A 14                  345 	.db #0x14	; 20
   012B 3C                  346 	.db #0x3c	; 60
   012C 3C                  347 	.db #0x3c	; 60
   012D 3C                  348 	.db #0x3c	; 60
   012E 3C                  349 	.db #0x3c	; 60
   012F 3C                  350 	.db #0x3c	; 60
   0130 57                  351 	.db #0x57	; 87	'W'
   0131 FF                  352 	.db #0xff	; 255
   0132 00                  353 	.db #0x00	; 0
   0133 3C                  354 	.db #0x3c	; 60
   0134 02                  355 	.db #0x02	; 2
   0135 01                  356 	.db #0x01	; 1
   0136 3C                  357 	.db #0x3c	; 60
   0137 3C                  358 	.db #0x3c	; 60
   0138 3C                  359 	.db #0x3c	; 60
   0139 3C                  360 	.db #0x3c	; 60
   013A 3C                  361 	.db #0x3c	; 60
   013B 3C                  362 	.db #0x3c	; 60
   013C 5F                  363 	.db #0x5f	; 95
   013D 0A                  364 	.db #0x0a	; 10
   013E 00                  365 	.db #0x00	; 0
   013F FF                  366 	.db #0xff	; 255
   0140 00                  367 	.db #0x00	; 0
   0141 BE                  368 	.db #0xbe	; 190
   0142 0A                  369 	.db #0x0a	; 10
   0143 00                  370 	.db #0x00	; 0
   0144 3C                  371 	.db #0x3c	; 60
   0145 2D                  372 	.db #0x2d	; 45
   0146 0A                  373 	.db #0x0a	; 10
   0147 14                  374 	.db #0x14	; 20
   0148 3C                  375 	.db #0x3c	; 60
   0149 3C                  376 	.db #0x3c	; 60
   014A 29                  377 	.db #0x29	; 41
   014B 0A                  378 	.db #0x0a	; 10
   014C 16                  379 	.db #0x16	; 22
   014D 3C                  380 	.db #0x3c	; 60
   014E 3C                  381 	.db #0x3c	; 60
   014F 3C                  382 	.db #0x3c	; 60
   0150 3C                  383 	.db #0x3c	; 60
   0151 29                  384 	.db #0x29	; 41
   0152 00                  385 	.db #0x00	; 0
   0153 01                  386 	.db #0x01	; 1
   0154 3C                  387 	.db #0x3c	; 60
   0155 3C                  388 	.db #0x3c	; 60
   0156 02                  389 	.db #0x02	; 2
   0157 00                  390 	.db #0x00	; 0
   0158 14                  391 	.db #0x14	; 20
   0159 3C                  392 	.db #0x3c	; 60
   015A 28                  393 	.db #0x28	; 40
   015B 14                  394 	.db #0x14	; 20
   015C 3C                  395 	.db #0x3c	; 60
   015D 3C                  396 	.db #0x3c	; 60
   015E 3C                  397 	.db #0x3c	; 60
   015F 0F                  398 	.db #0x0f	; 15
   0160 00                  399 	.db #0x00	; 0
   0161 3C                  400 	.db #0x3c	; 60
   0162 02                  401 	.db #0x02	; 2
   0163 01                  402 	.db #0x01	; 1
   0164 3C                  403 	.db #0x3c	; 60
   0165 3C                  404 	.db #0x3c	; 60
   0166 3C                  405 	.db #0x3c	; 60
   0167 3C                  406 	.db #0x3c	; 60
   0168 3C                  407 	.db #0x3c	; 60
   0169 3C                  408 	.db #0x3c	; 60
   016A 00                  409 	.db #0x00	; 0
   016B 00                  410 	.db #0x00	; 0
   016C 00                  411 	.db #0x00	; 0
   016D 00                  412 	.db #0x00	; 0
   016E 00                  413 	.db #0x00	; 0
   016F 14                  414 	.db #0x14	; 20
   0170 00                  415 	.db #0x00	; 0
   0171 00                  416 	.db #0x00	; 0
   0172 3C                  417 	.db #0x3c	; 60
   0173 3C                  418 	.db #0x3c	; 60
   0174 00                  419 	.db #0x00	; 0
   0175 00                  420 	.db #0x00	; 0
   0176 3C                  421 	.db #0x3c	; 60
   0177 3C                  422 	.db #0x3c	; 60
   0178 29                  423 	.db #0x29	; 41
   0179 00                  424 	.db #0x00	; 0
   017A 16                  425 	.db #0x16	; 22
   017B 3C                  426 	.db #0x3c	; 60
   017C 3C                  427 	.db #0x3c	; 60
   017D 3C                  428 	.db #0x3c	; 60
   017E 3C                  429 	.db #0x3c	; 60
   017F 29                  430 	.db #0x29	; 41
   0180 00                  431 	.db #0x00	; 0
   0181 01                  432 	.db #0x01	; 1
   0182 3C                  433 	.db #0x3c	; 60
   0183 3C                  434 	.db #0x3c	; 60
   0184 00                  435 	.db #0x00	; 0
   0185 00                  436 	.db #0x00	; 0
   0186 3C                  437 	.db #0x3c	; 60
   0187 28                  438 	.db #0x28	; 40
   0188 00                  439 	.db #0x00	; 0
   0189 16                  440 	.db #0x16	; 22
   018A 3C                  441 	.db #0x3c	; 60
   018B 3C                  442 	.db #0x3c	; 60
   018C 3C                  443 	.db #0x3c	; 60
   018D 00                  444 	.db #0x00	; 0
   018E 00                  445 	.db #0x00	; 0
   018F 3C                  446 	.db #0x3c	; 60
   0190 02                  447 	.db #0x02	; 2
   0191 01                  448 	.db #0x01	; 1
   0192 3C                  449 	.db #0x3c	; 60
   0193 3C                  450 	.db #0x3c	; 60
   0194 3C                  451 	.db #0x3c	; 60
   0195 3C                  452 	.db #0x3c	; 60
   0196 3C                  453 	.db #0x3c	; 60
   0197 3C                  454 	.db #0x3c	; 60
   0198 00                  455 	.db #0x00	; 0
   0199 14                  456 	.db #0x14	; 20
   019A 3C                  457 	.db #0x3c	; 60
   019B 3C                  458 	.db #0x3c	; 60
   019C 00                  459 	.db #0x00	; 0
   019D 14                  460 	.db #0x14	; 20
   019E 00                  461 	.db #0x00	; 0
   019F 00                  462 	.db #0x00	; 0
   01A0 3C                  463 	.db #0x3c	; 60
   01A1 3C                  464 	.db #0x3c	; 60
   01A2 28                  465 	.db #0x28	; 40
   01A3 00                  466 	.db #0x00	; 0
   01A4 14                  467 	.db #0x14	; 20
   01A5 3C                  468 	.db #0x3c	; 60
   01A6 29                  469 	.db #0x29	; 41
   01A7 00                  470 	.db #0x00	; 0
   01A8 16                  471 	.db #0x16	; 22
   01A9 3C                  472 	.db #0x3c	; 60
   01AA 3C                  473 	.db #0x3c	; 60
   01AB 3C                  474 	.db #0x3c	; 60
   01AC 02                  475 	.db #0x02	; 2
   01AD 29                  476 	.db #0x29	; 41
   01AE 00                  477 	.db #0x00	; 0
   01AF 01                  478 	.db #0x01	; 1
   01B0 3C                  479 	.db #0x3c	; 60
   01B1 28                  480 	.db #0x28	; 40
   01B2 00                  481 	.db #0x00	; 0
   01B3 14                  482 	.db #0x14	; 20
   01B4 3C                  483 	.db #0x3c	; 60
   01B5 28                  484 	.db #0x28	; 40
   01B6 00                  485 	.db #0x00	; 0
   01B7 14                  486 	.db #0x14	; 20
   01B8 3C                  487 	.db #0x3c	; 60
   01B9 3C                  488 	.db #0x3c	; 60
   01BA 29                  489 	.db #0x29	; 41
   01BB 00                  490 	.db #0x00	; 0
   01BC 14                  491 	.db #0x14	; 20
   01BD 3C                  492 	.db #0x3c	; 60
   01BE 02                  493 	.db #0x02	; 2
   01BF 01                  494 	.db #0x01	; 1
   01C0 3C                  495 	.db #0x3c	; 60
   01C1 3C                  496 	.db #0x3c	; 60
   01C2 3C                  497 	.db #0x3c	; 60
   01C3 29                  498 	.db #0x29	; 41
   01C4 14                  499 	.db #0x14	; 20
   01C5 29                  500 	.db #0x29	; 41
   01C6 00                  501 	.db #0x00	; 0
   01C7 16                  502 	.db #0x16	; 22
   01C8 3C                  503 	.db #0x3c	; 60
   01C9 3C                  504 	.db #0x3c	; 60
   01CA 02                  505 	.db #0x02	; 2
   01CB 01                  506 	.db #0x01	; 1
   01CC 00                  507 	.db #0x00	; 0
   01CD 00                  508 	.db #0x00	; 0
   01CE 3C                  509 	.db #0x3c	; 60
   01CF 3C                  510 	.db #0x3c	; 60
   01D0 3C                  511 	.db #0x3c	; 60
   01D1 00                  512 	.db #0x00	; 0
   01D2 00                  513 	.db #0x00	; 0
   01D3 3C                  514 	.db #0x3c	; 60
   01D4 28                  515 	.db #0x28	; 40
   01D5 00                  516 	.db #0x00	; 0
   01D6 00                  517 	.db #0x00	; 0
   01D7 00                  518 	.db #0x00	; 0
   01D8 00                  519 	.db #0x00	; 0
   01D9 00                  520 	.db #0x00	; 0
   01DA 00                  521 	.db #0x00	; 0
   01DB 28                  522 	.db #0x28	; 40
   01DC 00                  523 	.db #0x00	; 0
   01DD 00                  524 	.db #0x00	; 0
   01DE 00                  525 	.db #0x00	; 0
   01DF 00                  526 	.db #0x00	; 0
   01E0 00                  527 	.db #0x00	; 0
   01E1 3C                  528 	.db #0x3c	; 60
   01E2 3C                  529 	.db #0x3c	; 60
   01E3 3C                  530 	.db #0x3c	; 60
   01E4 28                  531 	.db #0x28	; 40
   01E5 00                  532 	.db #0x00	; 0
   01E6 00                  533 	.db #0x00	; 0
   01E7 00                  534 	.db #0x00	; 0
   01E8 00                  535 	.db #0x00	; 0
   01E9 00                  536 	.db #0x00	; 0
   01EA 3C                  537 	.db #0x3c	; 60
   01EB 3C                  538 	.db #0x3c	; 60
   01EC 00                  539 	.db #0x00	; 0
   01ED 00                  540 	.db #0x00	; 0
   01EE 00                  541 	.db #0x00	; 0
   01EF 00                  542 	.db #0x00	; 0
   01F0 00                  543 	.db #0x00	; 0
   01F1 00                  544 	.db #0x00	; 0
   01F2 14                  545 	.db #0x14	; 20
   01F3 28                  546 	.db #0x28	; 40
   01F4 00                  547 	.db #0x00	; 0
   01F5 16                  548 	.db #0x16	; 22
   01F6 3C                  549 	.db #0x3c	; 60
   01F7 3C                  550 	.db #0x3c	; 60
   01F8 02                  551 	.db #0x02	; 2
   01F9 00                  552 	.db #0x00	; 0
   01FA 3C                  553 	.db #0x3c	; 60
   01FB 3C                  554 	.db #0x3c	; 60
   01FC 3C                  555 	.db #0x3c	; 60
   01FD 3C                  556 	.db #0x3c	; 60
   01FE 3C                  557 	.db #0x3c	; 60
   01FF 3C                  558 	.db #0x3c	; 60
   0200 3C                  559 	.db #0x3c	; 60
   0201 3C                  560 	.db #0x3c	; 60
   0202 3C                  561 	.db #0x3c	; 60
   0203 3C                  562 	.db #0x3c	; 60
   0204 3C                  563 	.db #0x3c	; 60
   0205 3C                  564 	.db #0x3c	; 60
   0206 3C                  565 	.db #0x3c	; 60
   0207 3C                  566 	.db #0x3c	; 60
   0208 3C                  567 	.db #0x3c	; 60
   0209 3C                  568 	.db #0x3c	; 60
   020A 3C                  569 	.db #0x3c	; 60
   020B 3C                  570 	.db #0x3c	; 60
   020C 3C                  571 	.db #0x3c	; 60
   020D 3C                  572 	.db #0x3c	; 60
   020E 3C                  573 	.db #0x3c	; 60
   020F 3C                  574 	.db #0x3c	; 60
   0210 3C                  575 	.db #0x3c	; 60
   0211 3C                  576 	.db #0x3c	; 60
   0212 3C                  577 	.db #0x3c	; 60
   0213 3C                  578 	.db #0x3c	; 60
   0214 29                  579 	.db #0x29	; 41
   0215 03                  580 	.db #0x03	; 3
   0216 3C                  581 	.db #0x3c	; 60
   0217 3C                  582 	.db #0x3c	; 60
   0218 3C                  583 	.db #0x3c	; 60
   0219 3C                  584 	.db #0x3c	; 60
   021A 3C                  585 	.db #0x3c	; 60
   021B 3C                  586 	.db #0x3c	; 60
   021C 3C                  587 	.db #0x3c	; 60
   021D 3C                  588 	.db #0x3c	; 60
   021E 3C                  589 	.db #0x3c	; 60
   021F 3C                  590 	.db #0x3c	; 60
   0220 3C                  591 	.db #0x3c	; 60
   0221 3C                  592 	.db #0x3c	; 60
   0222 3C                  593 	.db #0x3c	; 60
   0223 3C                  594 	.db #0x3c	; 60
   0224 3C                  595 	.db #0x3c	; 60
   0225 3C                  596 	.db #0x3c	; 60
   0226 3C                  597 	.db #0x3c	; 60
   0227 3C                  598 	.db #0x3c	; 60
   0228                     599 _title_sp_1:
   0228 3C                  600 	.db #0x3c	; 60
   0229 3C                  601 	.db #0x3c	; 60
   022A 3C                  602 	.db #0x3c	; 60
   022B 3C                  603 	.db #0x3c	; 60
   022C 3C                  604 	.db #0x3c	; 60
   022D 3C                  605 	.db #0x3c	; 60
   022E 3C                  606 	.db #0x3c	; 60
   022F 3C                  607 	.db #0x3c	; 60
   0230 3C                  608 	.db #0x3c	; 60
   0231 3C                  609 	.db #0x3c	; 60
   0232 3C                  610 	.db #0x3c	; 60
   0233 3C                  611 	.db #0x3c	; 60
   0234 3C                  612 	.db #0x3c	; 60
   0235 3C                  613 	.db #0x3c	; 60
   0236 3C                  614 	.db #0x3c	; 60
   0237 3C                  615 	.db #0x3c	; 60
   0238 3C                  616 	.db #0x3c	; 60
   0239 3C                  617 	.db #0x3c	; 60
   023A 3C                  618 	.db #0x3c	; 60
   023B 3C                  619 	.db #0x3c	; 60
   023C 3C                  620 	.db #0x3c	; 60
   023D 3C                  621 	.db #0x3c	; 60
   023E 3C                  622 	.db #0x3c	; 60
   023F 3C                  623 	.db #0x3c	; 60
   0240 3C                  624 	.db #0x3c	; 60
   0241 3C                  625 	.db #0x3c	; 60
   0242 3C                  626 	.db #0x3c	; 60
   0243 3C                  627 	.db #0x3c	; 60
   0244 3C                  628 	.db #0x3c	; 60
   0245 3C                  629 	.db #0x3c	; 60
   0246 3C                  630 	.db #0x3c	; 60
   0247 3C                  631 	.db #0x3c	; 60
   0248 3C                  632 	.db #0x3c	; 60
   0249 3C                  633 	.db #0x3c	; 60
   024A 3C                  634 	.db #0x3c	; 60
   024B 3C                  635 	.db #0x3c	; 60
   024C 3C                  636 	.db #0x3c	; 60
   024D 3C                  637 	.db #0x3c	; 60
   024E 3C                  638 	.db #0x3c	; 60
   024F 3C                  639 	.db #0x3c	; 60
   0250 3C                  640 	.db #0x3c	; 60
   0251 3C                  641 	.db #0x3c	; 60
   0252 3C                  642 	.db #0x3c	; 60
   0253 3C                  643 	.db #0x3c	; 60
   0254 3C                  644 	.db #0x3c	; 60
   0255 3C                  645 	.db #0x3c	; 60
   0256 3C                  646 	.db #0x3c	; 60
   0257 3C                  647 	.db #0x3c	; 60
   0258 3C                  648 	.db #0x3c	; 60
   0259 3C                  649 	.db #0x3c	; 60
   025A 3C                  650 	.db #0x3c	; 60
   025B 3C                  651 	.db #0x3c	; 60
   025C 3C                  652 	.db #0x3c	; 60
   025D 3C                  653 	.db #0x3c	; 60
   025E 3C                  654 	.db #0x3c	; 60
   025F 3C                  655 	.db #0x3c	; 60
   0260 3C                  656 	.db #0x3c	; 60
   0261 3C                  657 	.db #0x3c	; 60
   0262 3C                  658 	.db #0x3c	; 60
   0263 7D                  659 	.db #0x7d	; 125
   0264 3C                  660 	.db #0x3c	; 60
   0265 3C                  661 	.db #0x3c	; 60
   0266 3C                  662 	.db #0x3c	; 60
   0267 3C                  663 	.db #0x3c	; 60
   0268 3C                  664 	.db #0x3c	; 60
   0269 7D                  665 	.db #0x7d	; 125
   026A FF                  666 	.db #0xff	; 255
   026B BE                  667 	.db #0xbe	; 190
   026C FF                  668 	.db #0xff	; 255
   026D FF                  669 	.db #0xff	; 255
   026E BE                  670 	.db #0xbe	; 190
   026F FF                  671 	.db #0xff	; 255
   0270 FF                  672 	.db #0xff	; 255
   0271 7D                  673 	.db #0x7d	; 125
   0272 FF                  674 	.db #0xff	; 255
   0273 BE                  675 	.db #0xbe	; 190
   0274 FF                  676 	.db #0xff	; 255
   0275 FF                  677 	.db #0xff	; 255
   0276 BE                  678 	.db #0xbe	; 190
   0277 3C                  679 	.db #0x3c	; 60
   0278 3C                  680 	.db #0x3c	; 60
   0279 3C                  681 	.db #0x3c	; 60
   027A 3C                  682 	.db #0x3c	; 60
   027B 3C                  683 	.db #0x3c	; 60
   027C 3C                  684 	.db #0x3c	; 60
   027D 3C                  685 	.db #0x3c	; 60
   027E 3C                  686 	.db #0x3c	; 60
   027F 3C                  687 	.db #0x3c	; 60
   0280 3C                  688 	.db #0x3c	; 60
   0281 3C                  689 	.db #0x3c	; 60
   0282 3C                  690 	.db #0x3c	; 60
   0283 3C                  691 	.db #0x3c	; 60
   0284 3C                  692 	.db #0x3c	; 60
   0285 3C                  693 	.db #0x3c	; 60
   0286 3C                  694 	.db #0x3c	; 60
   0287 3C                  695 	.db #0x3c	; 60
   0288 3C                  696 	.db #0x3c	; 60
   0289 3C                  697 	.db #0x3c	; 60
   028A 3C                  698 	.db #0x3c	; 60
   028B 3C                  699 	.db #0x3c	; 60
   028C 3C                  700 	.db #0x3c	; 60
   028D 3C                  701 	.db #0x3c	; 60
   028E 3C                  702 	.db #0x3c	; 60
   028F 3C                  703 	.db #0x3c	; 60
   0290 3C                  704 	.db #0x3c	; 60
   0291 FF                  705 	.db #0xff	; 255
   0292 3C                  706 	.db #0x3c	; 60
   0293 7D                  707 	.db #0x7d	; 125
   0294 3C                  708 	.db #0x3c	; 60
   0295 3C                  709 	.db #0x3c	; 60
   0296 3C                  710 	.db #0x3c	; 60
   0297 7D                  711 	.db #0x7d	; 125
   0298 BE                  712 	.db #0xbe	; 190
   0299 3C                  713 	.db #0x3c	; 60
   029A 3C                  714 	.db #0x3c	; 60
   029B BE                  715 	.db #0xbe	; 190
   029C 3C                  716 	.db #0x3c	; 60
   029D BE                  717 	.db #0xbe	; 190
   029E 7D                  718 	.db #0x7d	; 125
   029F 7D                  719 	.db #0x7d	; 125
   02A0 3C                  720 	.db #0x3c	; 60
   02A1 BE                  721 	.db #0xbe	; 190
   02A2 3C                  722 	.db #0x3c	; 60
   02A3 BE                  723 	.db #0xbe	; 190
   02A4 3C                  724 	.db #0x3c	; 60
   02A5 3C                  725 	.db #0x3c	; 60
   02A6 3C                  726 	.db #0x3c	; 60
   02A7 3C                  727 	.db #0x3c	; 60
   02A8 3C                  728 	.db #0x3c	; 60
   02A9 3C                  729 	.db #0x3c	; 60
   02AA 3C                  730 	.db #0x3c	; 60
   02AB 3C                  731 	.db #0x3c	; 60
   02AC 3C                  732 	.db #0x3c	; 60
   02AD 3C                  733 	.db #0x3c	; 60
   02AE 3C                  734 	.db #0x3c	; 60
   02AF 3C                  735 	.db #0x3c	; 60
   02B0 3C                  736 	.db #0x3c	; 60
   02B1 3C                  737 	.db #0x3c	; 60
   02B2 3C                  738 	.db #0x3c	; 60
   02B3 3C                  739 	.db #0x3c	; 60
   02B4 3C                  740 	.db #0x3c	; 60
   02B5 3C                  741 	.db #0x3c	; 60
   02B6 3C                  742 	.db #0x3c	; 60
   02B7 3C                  743 	.db #0x3c	; 60
   02B8 3C                  744 	.db #0x3c	; 60
   02B9 3C                  745 	.db #0x3c	; 60
   02BA 3C                  746 	.db #0x3c	; 60
   02BB 3C                  747 	.db #0x3c	; 60
   02BC 3C                  748 	.db #0x3c	; 60
   02BD 3C                  749 	.db #0x3c	; 60
   02BE 3C                  750 	.db #0x3c	; 60
   02BF 7D                  751 	.db #0x7d	; 125
   02C0 3C                  752 	.db #0x3c	; 60
   02C1 3C                  753 	.db #0x3c	; 60
   02C2 3C                  754 	.db #0x3c	; 60
   02C3 3C                  755 	.db #0x3c	; 60
   02C4 3C                  756 	.db #0x3c	; 60
   02C5 7D                  757 	.db #0x7d	; 125
   02C6 FF                  758 	.db #0xff	; 255
   02C7 BE                  759 	.db #0xbe	; 190
   02C8 3C                  760 	.db #0x3c	; 60
   02C9 BE                  761 	.db #0xbe	; 190
   02CA 3C                  762 	.db #0x3c	; 60
   02CB FF                  763 	.db #0xff	; 255
   02CC FF                  764 	.db #0xff	; 255
   02CD 7D                  765 	.db #0x7d	; 125
   02CE FF                  766 	.db #0xff	; 255
   02CF BE                  767 	.db #0xbe	; 190
   02D0 3C                  768 	.db #0x3c	; 60
   02D1 BE                  769 	.db #0xbe	; 190
   02D2 3C                  770 	.db #0x3c	; 60
   02D3 3C                  771 	.db #0x3c	; 60
   02D4 3C                  772 	.db #0x3c	; 60
   02D5 3C                  773 	.db #0x3c	; 60
   02D6 3C                  774 	.db #0x3c	; 60
   02D7 3C                  775 	.db #0x3c	; 60
   02D8 3C                  776 	.db #0x3c	; 60
   02D9 3C                  777 	.db #0x3c	; 60
   02DA 3C                  778 	.db #0x3c	; 60
   02DB 3C                  779 	.db #0x3c	; 60
   02DC 3C                  780 	.db #0x3c	; 60
   02DD 3C                  781 	.db #0x3c	; 60
   02DE 3C                  782 	.db #0x3c	; 60
   02DF 3C                  783 	.db #0x3c	; 60
   02E0 3C                  784 	.db #0x3c	; 60
   02E1 3C                  785 	.db #0x3c	; 60
   02E2 3C                  786 	.db #0x3c	; 60
   02E3 3C                  787 	.db #0x3c	; 60
   02E4 3C                  788 	.db #0x3c	; 60
   02E5 3C                  789 	.db #0x3c	; 60
   02E6 3C                  790 	.db #0x3c	; 60
   02E7 3C                  791 	.db #0x3c	; 60
   02E8 3C                  792 	.db #0x3c	; 60
   02E9 3C                  793 	.db #0x3c	; 60
   02EA 3C                  794 	.db #0x3c	; 60
   02EB 3C                  795 	.db #0x3c	; 60
   02EC 3C                  796 	.db #0x3c	; 60
   02ED 7D                  797 	.db #0x7d	; 125
   02EE 3C                  798 	.db #0x3c	; 60
   02EF 7D                  799 	.db #0x7d	; 125
   02F0 3C                  800 	.db #0x3c	; 60
   02F1 3C                  801 	.db #0x3c	; 60
   02F2 3C                  802 	.db #0x3c	; 60
   02F3 3C                  803 	.db #0x3c	; 60
   02F4 3C                  804 	.db #0x3c	; 60
   02F5 BE                  805 	.db #0xbe	; 190
   02F6 3C                  806 	.db #0x3c	; 60
   02F7 BE                  807 	.db #0xbe	; 190
   02F8 3C                  808 	.db #0x3c	; 60
   02F9 BE                  809 	.db #0xbe	; 190
   02FA 7D                  810 	.db #0x7d	; 125
   02FB 7D                  811 	.db #0x7d	; 125
   02FC FF                  812 	.db #0xff	; 255
   02FD 3C                  813 	.db #0x3c	; 60
   02FE 3C                  814 	.db #0x3c	; 60
   02FF BE                  815 	.db #0xbe	; 190
   0300 3C                  816 	.db #0x3c	; 60
   0301 3C                  817 	.db #0x3c	; 60
   0302 3C                  818 	.db #0x3c	; 60
   0303 3C                  819 	.db #0x3c	; 60
   0304 3C                  820 	.db #0x3c	; 60
   0305 3C                  821 	.db #0x3c	; 60
   0306 3C                  822 	.db #0x3c	; 60
   0307 3C                  823 	.db #0x3c	; 60
   0308 3C                  824 	.db #0x3c	; 60
   0309 3C                  825 	.db #0x3c	; 60
   030A 3C                  826 	.db #0x3c	; 60
   030B 3C                  827 	.db #0x3c	; 60
   030C 3C                  828 	.db #0x3c	; 60
   030D 3C                  829 	.db #0x3c	; 60
   030E 3C                  830 	.db #0x3c	; 60
   030F 3C                  831 	.db #0x3c	; 60
   0310 3C                  832 	.db #0x3c	; 60
   0311 3C                  833 	.db #0x3c	; 60
   0312 3C                  834 	.db #0x3c	; 60
   0313 3C                  835 	.db #0x3c	; 60
   0314 3C                  836 	.db #0x3c	; 60
   0315 3C                  837 	.db #0x3c	; 60
   0316 3C                  838 	.db #0x3c	; 60
   0317 3C                  839 	.db #0x3c	; 60
   0318 3C                  840 	.db #0x3c	; 60
   0319 3C                  841 	.db #0x3c	; 60
   031A 3C                  842 	.db #0x3c	; 60
   031B FF                  843 	.db #0xff	; 255
   031C BE                  844 	.db #0xbe	; 190
   031D 3C                  845 	.db #0x3c	; 60
   031E 3C                  846 	.db #0x3c	; 60
   031F 3C                  847 	.db #0x3c	; 60
   0320 3C                  848 	.db #0x3c	; 60
   0321 7D                  849 	.db #0x7d	; 125
   0322 FF                  850 	.db #0xff	; 255
   0323 BE                  851 	.db #0xbe	; 190
   0324 3C                  852 	.db #0x3c	; 60
   0325 BE                  853 	.db #0xbe	; 190
   0326 3C                  854 	.db #0x3c	; 60
   0327 BE                  855 	.db #0xbe	; 190
   0328 7D                  856 	.db #0x7d	; 125
   0329 7D                  857 	.db #0x7d	; 125
   032A 3C                  858 	.db #0x3c	; 60
   032B BE                  859 	.db #0xbe	; 190
   032C 3C                  860 	.db #0x3c	; 60
   032D BE                  861 	.db #0xbe	; 190
   032E 3C                  862 	.db #0x3c	; 60
   032F 3C                  863 	.db #0x3c	; 60
   0330 3C                  864 	.db #0x3c	; 60
   0331 3C                  865 	.db #0x3c	; 60
   0332 3C                  866 	.db #0x3c	; 60
   0333 3C                  867 	.db #0x3c	; 60
   0334 3C                  868 	.db #0x3c	; 60
   0335 3C                  869 	.db #0x3c	; 60
   0336 3C                  870 	.db #0x3c	; 60
   0337 3C                  871 	.db #0x3c	; 60
   0338 3C                  872 	.db #0x3c	; 60
   0339 3C                  873 	.db #0x3c	; 60
   033A 3C                  874 	.db #0x3c	; 60
   033B 3C                  875 	.db #0x3c	; 60
   033C 3C                  876 	.db #0x3c	; 60
   033D 3C                  877 	.db #0x3c	; 60
   033E 3C                  878 	.db #0x3c	; 60
   033F 3C                  879 	.db #0x3c	; 60
   0340 3C                  880 	.db #0x3c	; 60
   0341 3C                  881 	.db #0x3c	; 60
   0342 3C                  882 	.db #0x3c	; 60
   0343 3C                  883 	.db #0x3c	; 60
   0344 3C                  884 	.db #0x3c	; 60
   0345 3C                  885 	.db #0x3c	; 60
   0346 3C                  886 	.db #0x3c	; 60
   0347 3C                  887 	.db #0x3c	; 60
   0348 3C                  888 	.db #0x3c	; 60
   0349 3C                  889 	.db #0x3c	; 60
   034A 3C                  890 	.db #0x3c	; 60
   034B 3C                  891 	.db #0x3c	; 60
   034C 3C                  892 	.db #0x3c	; 60
   034D 3C                  893 	.db #0x3c	; 60
   034E 3C                  894 	.db #0x3c	; 60
   034F 3C                  895 	.db #0x3c	; 60
   0350 3C                  896 	.db #0x3c	; 60
   0351 3C                  897 	.db #0x3c	; 60
   0352 3C                  898 	.db #0x3c	; 60
   0353 3C                  899 	.db #0x3c	; 60
   0354 3C                  900 	.db #0x3c	; 60
   0355 3C                  901 	.db #0x3c	; 60
   0356 3C                  902 	.db #0x3c	; 60
   0357 3C                  903 	.db #0x3c	; 60
   0358 3C                  904 	.db #0x3c	; 60
   0359 3C                  905 	.db #0x3c	; 60
   035A 3C                  906 	.db #0x3c	; 60
   035B 3C                  907 	.db #0x3c	; 60
   035C 3C                  908 	.db #0x3c	; 60
   035D 3C                  909 	.db #0x3c	; 60
   035E 3C                  910 	.db #0x3c	; 60
   035F 3C                  911 	.db #0x3c	; 60
   0360 3C                  912 	.db #0x3c	; 60
   0361 3C                  913 	.db #0x3c	; 60
   0362 3C                  914 	.db #0x3c	; 60
   0363 3C                  915 	.db #0x3c	; 60
   0364 3C                  916 	.db #0x3c	; 60
   0365 3C                  917 	.db #0x3c	; 60
   0366 3C                  918 	.db #0x3c	; 60
   0367 3C                  919 	.db #0x3c	; 60
   0368 3C                  920 	.db #0x3c	; 60
   0369 3C                  921 	.db #0x3c	; 60
   036A 3C                  922 	.db #0x3c	; 60
   036B 3C                  923 	.db #0x3c	; 60
   036C 3C                  924 	.db #0x3c	; 60
   036D 3C                  925 	.db #0x3c	; 60
   036E 3C                  926 	.db #0x3c	; 60
   036F 3C                  927 	.db #0x3c	; 60
   0370 3C                  928 	.db #0x3c	; 60
   0371 3C                  929 	.db #0x3c	; 60
   0372 3C                  930 	.db #0x3c	; 60
   0373 3C                  931 	.db #0x3c	; 60
   0374 3C                  932 	.db #0x3c	; 60
   0375 3C                  933 	.db #0x3c	; 60
   0376 3C                  934 	.db #0x3c	; 60
   0377 3C                  935 	.db #0x3c	; 60
   0378 3C                  936 	.db #0x3c	; 60
   0379 3C                  937 	.db #0x3c	; 60
   037A 3C                  938 	.db #0x3c	; 60
   037B 3C                  939 	.db #0x3c	; 60
   037C 3C                  940 	.db #0x3c	; 60
   037D 3C                  941 	.db #0x3c	; 60
   037E 3C                  942 	.db #0x3c	; 60
   037F 3C                  943 	.db #0x3c	; 60
   0380 3C                  944 	.db #0x3c	; 60
   0381 3C                  945 	.db #0x3c	; 60
   0382 3C                  946 	.db #0x3c	; 60
   0383 3C                  947 	.db #0x3c	; 60
   0384 3C                  948 	.db #0x3c	; 60
   0385 3C                  949 	.db #0x3c	; 60
   0386 3C                  950 	.db #0x3c	; 60
   0387 3C                  951 	.db #0x3c	; 60
   0388 3C                  952 	.db #0x3c	; 60
   0389 3C                  953 	.db #0x3c	; 60
   038A 3C                  954 	.db #0x3c	; 60
   038B 3C                  955 	.db #0x3c	; 60
   038C 3C                  956 	.db #0x3c	; 60
   038D 3C                  957 	.db #0x3c	; 60
   038E 3C                  958 	.db #0x3c	; 60
   038F 3C                  959 	.db #0x3c	; 60
   0390 3C                  960 	.db #0x3c	; 60
   0391 3C                  961 	.db #0x3c	; 60
   0392 3C                  962 	.db #0x3c	; 60
   0393 3C                  963 	.db #0x3c	; 60
   0394 3C                  964 	.db #0x3c	; 60
   0395 3C                  965 	.db #0x3c	; 60
   0396 3C                  966 	.db #0x3c	; 60
   0397 3C                  967 	.db #0x3c	; 60
   0398 3C                  968 	.db #0x3c	; 60
   0399 3C                  969 	.db #0x3c	; 60
   039A 3C                  970 	.db #0x3c	; 60
   039B 3C                  971 	.db #0x3c	; 60
   039C 3C                  972 	.db #0x3c	; 60
   039D 3C                  973 	.db #0x3c	; 60
   039E 3C                  974 	.db #0x3c	; 60
   039F 3C                  975 	.db #0x3c	; 60
   03A0 3C                  976 	.db #0x3c	; 60
   03A1 3C                  977 	.db #0x3c	; 60
   03A2 3C                  978 	.db #0x3c	; 60
   03A3 3C                  979 	.db #0x3c	; 60
   03A4 3C                  980 	.db #0x3c	; 60
   03A5 3C                  981 	.db #0x3c	; 60
   03A6 3C                  982 	.db #0x3c	; 60
   03A7 3C                  983 	.db #0x3c	; 60
   03A8 3C                  984 	.db #0x3c	; 60
   03A9 3C                  985 	.db #0x3c	; 60
   03AA 3C                  986 	.db #0x3c	; 60
   03AB 3C                  987 	.db #0x3c	; 60
   03AC 3C                  988 	.db #0x3c	; 60
   03AD 3C                  989 	.db #0x3c	; 60
   03AE 3C                  990 	.db #0x3c	; 60
   03AF 3C                  991 	.db #0x3c	; 60
   03B0 3C                  992 	.db #0x3c	; 60
   03B1 3C                  993 	.db #0x3c	; 60
   03B2 3C                  994 	.db #0x3c	; 60
   03B3 3C                  995 	.db #0x3c	; 60
   03B4 3C                  996 	.db #0x3c	; 60
   03B5 3C                  997 	.db #0x3c	; 60
   03B6 3C                  998 	.db #0x3c	; 60
   03B7 3C                  999 	.db #0x3c	; 60
   03B8 3C                 1000 	.db #0x3c	; 60
   03B9 3C                 1001 	.db #0x3c	; 60
   03BA 3C                 1002 	.db #0x3c	; 60
   03BB 3C                 1003 	.db #0x3c	; 60
   03BC 3C                 1004 	.db #0x3c	; 60
   03BD 3C                 1005 	.db #0x3c	; 60
   03BE 3C                 1006 	.db #0x3c	; 60
   03BF 3C                 1007 	.db #0x3c	; 60
   03C0 3C                 1008 	.db #0x3c	; 60
   03C1 3C                 1009 	.db #0x3c	; 60
   03C2 3C                 1010 	.db #0x3c	; 60
   03C3 3C                 1011 	.db #0x3c	; 60
   03C4 3C                 1012 	.db #0x3c	; 60
   03C5 3C                 1013 	.db #0x3c	; 60
   03C6 3C                 1014 	.db #0x3c	; 60
   03C7 3C                 1015 	.db #0x3c	; 60
   03C8 3C                 1016 	.db #0x3c	; 60
   03C9 3C                 1017 	.db #0x3c	; 60
   03CA 3C                 1018 	.db #0x3c	; 60
   03CB 3C                 1019 	.db #0x3c	; 60
   03CC 3C                 1020 	.db #0x3c	; 60
   03CD 3C                 1021 	.db #0x3c	; 60
   03CE 3C                 1022 	.db #0x3c	; 60
   03CF 3C                 1023 	.db #0x3c	; 60
   03D0 3C                 1024 	.db #0x3c	; 60
   03D1 3C                 1025 	.db #0x3c	; 60
   03D2 3C                 1026 	.db #0x3c	; 60
   03D3 3C                 1027 	.db #0x3c	; 60
   03D4 3C                 1028 	.db #0x3c	; 60
   03D5 3C                 1029 	.db #0x3c	; 60
   03D6 3C                 1030 	.db #0x3c	; 60
   03D7 3C                 1031 	.db #0x3c	; 60
   03D8 3C                 1032 	.db #0x3c	; 60
   03D9 3C                 1033 	.db #0x3c	; 60
   03DA 3C                 1034 	.db #0x3c	; 60
   03DB 3C                 1035 	.db #0x3c	; 60
   03DC 3C                 1036 	.db #0x3c	; 60
   03DD 3C                 1037 	.db #0x3c	; 60
   03DE 3C                 1038 	.db #0x3c	; 60
   03DF 3C                 1039 	.db #0x3c	; 60
   03E0 3C                 1040 	.db #0x3c	; 60
   03E1 3C                 1041 	.db #0x3c	; 60
   03E2 3C                 1042 	.db #0x3c	; 60
   03E3 3C                 1043 	.db #0x3c	; 60
   03E4 3C                 1044 	.db #0x3c	; 60
   03E5 3C                 1045 	.db #0x3c	; 60
   03E6 3C                 1046 	.db #0x3c	; 60
   03E7 3C                 1047 	.db #0x3c	; 60
   03E8 3C                 1048 	.db #0x3c	; 60
   03E9 3C                 1049 	.db #0x3c	; 60
   03EA 3C                 1050 	.db #0x3c	; 60
   03EB 3C                 1051 	.db #0x3c	; 60
   03EC 3C                 1052 	.db #0x3c	; 60
   03ED 3C                 1053 	.db #0x3c	; 60
   03EE 3C                 1054 	.db #0x3c	; 60
   03EF 3C                 1055 	.db #0x3c	; 60
   03F0 3C                 1056 	.db #0x3c	; 60
   03F1 3C                 1057 	.db #0x3c	; 60
   03F2 3C                 1058 	.db #0x3c	; 60
   03F3 3C                 1059 	.db #0x3c	; 60
   03F4 3C                 1060 	.db #0x3c	; 60
   03F5 3C                 1061 	.db #0x3c	; 60
   03F6 3C                 1062 	.db #0x3c	; 60
   03F7 3C                 1063 	.db #0x3c	; 60
   03F8 3C                 1064 	.db #0x3c	; 60
   03F9 3C                 1065 	.db #0x3c	; 60
   03FA 3C                 1066 	.db #0x3c	; 60
   03FB 3C                 1067 	.db #0x3c	; 60
   03FC 3C                 1068 	.db #0x3c	; 60
   03FD 3C                 1069 	.db #0x3c	; 60
   03FE 3C                 1070 	.db #0x3c	; 60
   03FF 3C                 1071 	.db #0x3c	; 60
   0400 3C                 1072 	.db #0x3c	; 60
   0401 3C                 1073 	.db #0x3c	; 60
   0402 3C                 1074 	.db #0x3c	; 60
   0403 3C                 1075 	.db #0x3c	; 60
   0404 3C                 1076 	.db #0x3c	; 60
   0405 3C                 1077 	.db #0x3c	; 60
   0406 3C                 1078 	.db #0x3c	; 60
   0407 3C                 1079 	.db #0x3c	; 60
   0408 3C                 1080 	.db #0x3c	; 60
   0409 3C                 1081 	.db #0x3c	; 60
   040A 3C                 1082 	.db #0x3c	; 60
   040B 3C                 1083 	.db #0x3c	; 60
   040C 3C                 1084 	.db #0x3c	; 60
   040D 3C                 1085 	.db #0x3c	; 60
   040E 3C                 1086 	.db #0x3c	; 60
   040F 3C                 1087 	.db #0x3c	; 60
   0410 3C                 1088 	.db #0x3c	; 60
   0411 3C                 1089 	.db #0x3c	; 60
   0412 3C                 1090 	.db #0x3c	; 60
   0413 3C                 1091 	.db #0x3c	; 60
   0414 3C                 1092 	.db #0x3c	; 60
   0415 3C                 1093 	.db #0x3c	; 60
   0416 3C                 1094 	.db #0x3c	; 60
   0417 3C                 1095 	.db #0x3c	; 60
   0418 3C                 1096 	.db #0x3c	; 60
   0419 3C                 1097 	.db #0x3c	; 60
   041A 3C                 1098 	.db #0x3c	; 60
   041B 3C                 1099 	.db #0x3c	; 60
   041C 3C                 1100 	.db #0x3c	; 60
   041D 3C                 1101 	.db #0x3c	; 60
   041E 3C                 1102 	.db #0x3c	; 60
   041F 3C                 1103 	.db #0x3c	; 60
   0420 3C                 1104 	.db #0x3c	; 60
   0421 3C                 1105 	.db #0x3c	; 60
   0422 3C                 1106 	.db #0x3c	; 60
   0423 3C                 1107 	.db #0x3c	; 60
   0424 3C                 1108 	.db #0x3c	; 60
   0425 3C                 1109 	.db #0x3c	; 60
   0426 3C                 1110 	.db #0x3c	; 60
   0427 3C                 1111 	.db #0x3c	; 60
   0428 3C                 1112 	.db #0x3c	; 60
   0429 3C                 1113 	.db #0x3c	; 60
   042A 3C                 1114 	.db #0x3c	; 60
   042B 3C                 1115 	.db #0x3c	; 60
   042C 3C                 1116 	.db #0x3c	; 60
   042D 3C                 1117 	.db #0x3c	; 60
   042E 3C                 1118 	.db #0x3c	; 60
   042F 3C                 1119 	.db #0x3c	; 60
   0430 3C                 1120 	.db #0x3c	; 60
   0431 3C                 1121 	.db #0x3c	; 60
   0432 3C                 1122 	.db #0x3c	; 60
   0433 3C                 1123 	.db #0x3c	; 60
   0434 3C                 1124 	.db #0x3c	; 60
   0435 3C                 1125 	.db #0x3c	; 60
   0436 3C                 1126 	.db #0x3c	; 60
   0437 3C                 1127 	.db #0x3c	; 60
   0438 3C                 1128 	.db #0x3c	; 60
   0439 3C                 1129 	.db #0x3c	; 60
   043A 3C                 1130 	.db #0x3c	; 60
   043B 3C                 1131 	.db #0x3c	; 60
   043C 3C                 1132 	.db #0x3c	; 60
   043D 3C                 1133 	.db #0x3c	; 60
   043E 3C                 1134 	.db #0x3c	; 60
   043F 3C                 1135 	.db #0x3c	; 60
   0440 3C                 1136 	.db #0x3c	; 60
   0441 3C                 1137 	.db #0x3c	; 60
   0442 3C                 1138 	.db #0x3c	; 60
   0443 3C                 1139 	.db #0x3c	; 60
   0444 3C                 1140 	.db #0x3c	; 60
   0445 3C                 1141 	.db #0x3c	; 60
   0446 3C                 1142 	.db #0x3c	; 60
   0447 3C                 1143 	.db #0x3c	; 60
   0448 3C                 1144 	.db #0x3c	; 60
   0449 3C                 1145 	.db #0x3c	; 60
   044A 3C                 1146 	.db #0x3c	; 60
   044B 3C                 1147 	.db #0x3c	; 60
   044C 3C                 1148 	.db #0x3c	; 60
   044D 3C                 1149 	.db #0x3c	; 60
   044E 3C                 1150 	.db #0x3c	; 60
   044F 3C                 1151 	.db #0x3c	; 60
   0450                    1152 _title_sp_2:
   0450 3C                 1153 	.db #0x3c	; 60
   0451 3C                 1154 	.db #0x3c	; 60
   0452 3C                 1155 	.db #0x3c	; 60
   0453 3C                 1156 	.db #0x3c	; 60
   0454 3C                 1157 	.db #0x3c	; 60
   0455 3C                 1158 	.db #0x3c	; 60
   0456 3C                 1159 	.db #0x3c	; 60
   0457 3C                 1160 	.db #0x3c	; 60
   0458 3C                 1161 	.db #0x3c	; 60
   0459 3C                 1162 	.db #0x3c	; 60
   045A 3C                 1163 	.db #0x3c	; 60
   045B 3C                 1164 	.db #0x3c	; 60
   045C 7D                 1165 	.db #0x7d	; 125
   045D FF                 1166 	.db #0xff	; 255
   045E BE                 1167 	.db #0xbe	; 190
   045F 3C                 1168 	.db #0x3c	; 60
   0460 3C                 1169 	.db #0x3c	; 60
   0461 3C                 1170 	.db #0x3c	; 60
   0462 3C                 1171 	.db #0x3c	; 60
   0463 7D                 1172 	.db #0x7d	; 125
   0464 FF                 1173 	.db #0xff	; 255
   0465 BE                 1174 	.db #0xbe	; 190
   0466 FF                 1175 	.db #0xff	; 255
   0467 FF                 1176 	.db #0xff	; 255
   0468 7D                 1177 	.db #0x7d	; 125
   0469 3C                 1178 	.db #0x3c	; 60
   046A BE                 1179 	.db #0xbe	; 190
   046B FF                 1180 	.db #0xff	; 255
   046C FF                 1181 	.db #0xff	; 255
   046D BE                 1182 	.db #0xbe	; 190
   046E FF                 1183 	.db #0xff	; 255
   046F FF                 1184 	.db #0xff	; 255
   0470 7D                 1185 	.db #0x7d	; 125
   0471 FF                 1186 	.db #0xff	; 255
   0472 BE                 1187 	.db #0xbe	; 190
   0473 BE                 1188 	.db #0xbe	; 190
   0474 3C                 1189 	.db #0x3c	; 60
   0475 FF                 1190 	.db #0xff	; 255
   0476 FF                 1191 	.db #0xff	; 255
   0477 3C                 1192 	.db #0x3c	; 60
   0478 3C                 1193 	.db #0x3c	; 60
   0479 3C                 1194 	.db #0x3c	; 60
   047A 3C                 1195 	.db #0x3c	; 60
   047B 3C                 1196 	.db #0x3c	; 60
   047C 3C                 1197 	.db #0x3c	; 60
   047D 3C                 1198 	.db #0x3c	; 60
   047E 3C                 1199 	.db #0x3c	; 60
   047F 3C                 1200 	.db #0x3c	; 60
   0480 3C                 1201 	.db #0x3c	; 60
   0481 3C                 1202 	.db #0x3c	; 60
   0482 3C                 1203 	.db #0x3c	; 60
   0483 3C                 1204 	.db #0x3c	; 60
   0484 3C                 1205 	.db #0x3c	; 60
   0485 3C                 1206 	.db #0x3c	; 60
   0486 3C                 1207 	.db #0x3c	; 60
   0487 3C                 1208 	.db #0x3c	; 60
   0488 3C                 1209 	.db #0x3c	; 60
   0489 3C                 1210 	.db #0x3c	; 60
   048A 3C                 1211 	.db #0x3c	; 60
   048B 3C                 1212 	.db #0x3c	; 60
   048C BE                 1213 	.db #0xbe	; 190
   048D 7D                 1214 	.db #0x7d	; 125
   048E 3C                 1215 	.db #0x3c	; 60
   048F 3C                 1216 	.db #0x3c	; 60
   0490 3C                 1217 	.db #0x3c	; 60
   0491 7D                 1218 	.db #0x7d	; 125
   0492 BE                 1219 	.db #0xbe	; 190
   0493 3C                 1220 	.db #0x3c	; 60
   0494 BE                 1221 	.db #0xbe	; 190
   0495 7D                 1222 	.db #0x7d	; 125
   0496 7D                 1223 	.db #0x7d	; 125
   0497 BE                 1224 	.db #0xbe	; 190
   0498 BE                 1225 	.db #0xbe	; 190
   0499 3C                 1226 	.db #0x3c	; 60
   049A BE                 1227 	.db #0xbe	; 190
   049B 3C                 1228 	.db #0x3c	; 60
   049C BE                 1229 	.db #0xbe	; 190
   049D 7D                 1230 	.db #0x7d	; 125
   049E 7D                 1231 	.db #0x7d	; 125
   049F 3C                 1232 	.db #0x3c	; 60
   04A0 BE                 1233 	.db #0xbe	; 190
   04A1 BE                 1234 	.db #0xbe	; 190
   04A2 3C                 1235 	.db #0x3c	; 60
   04A3 FF                 1236 	.db #0xff	; 255
   04A4 3C                 1237 	.db #0x3c	; 60
   04A5 3C                 1238 	.db #0x3c	; 60
   04A6 3C                 1239 	.db #0x3c	; 60
   04A7 3C                 1240 	.db #0x3c	; 60
   04A8 3C                 1241 	.db #0x3c	; 60
   04A9 3C                 1242 	.db #0x3c	; 60
   04AA 3C                 1243 	.db #0x3c	; 60
   04AB 3C                 1244 	.db #0x3c	; 60
   04AC 3C                 1245 	.db #0x3c	; 60
   04AD 3C                 1246 	.db #0x3c	; 60
   04AE 3C                 1247 	.db #0x3c	; 60
   04AF 3C                 1248 	.db #0x3c	; 60
   04B0 3C                 1249 	.db #0x3c	; 60
   04B1 3C                 1250 	.db #0x3c	; 60
   04B2 3C                 1251 	.db #0x3c	; 60
   04B3 3C                 1252 	.db #0x3c	; 60
   04B4 3C                 1253 	.db #0x3c	; 60
   04B5 3C                 1254 	.db #0x3c	; 60
   04B6 3C                 1255 	.db #0x3c	; 60
   04B7 3C                 1256 	.db #0x3c	; 60
   04B8 7D                 1257 	.db #0x7d	; 125
   04B9 FF                 1258 	.db #0xff	; 255
   04BA BE                 1259 	.db #0xbe	; 190
   04BB 3C                 1260 	.db #0x3c	; 60
   04BC 3C                 1261 	.db #0x3c	; 60
   04BD 3C                 1262 	.db #0x3c	; 60
   04BE 3C                 1263 	.db #0x3c	; 60
   04BF 7D                 1264 	.db #0x7d	; 125
   04C0 BE                 1265 	.db #0xbe	; 190
   04C1 3C                 1266 	.db #0x3c	; 60
   04C2 BE                 1267 	.db #0xbe	; 190
   04C3 7D                 1268 	.db #0x7d	; 125
   04C4 7D                 1269 	.db #0x7d	; 125
   04C5 FF                 1270 	.db #0xff	; 255
   04C6 BE                 1271 	.db #0xbe	; 190
   04C7 3C                 1272 	.db #0x3c	; 60
   04C8 BE                 1273 	.db #0xbe	; 190
   04C9 3C                 1274 	.db #0x3c	; 60
   04CA FF                 1275 	.db #0xff	; 255
   04CB FF                 1276 	.db #0xff	; 255
   04CC 7D                 1277 	.db #0x7d	; 125
   04CD 3C                 1278 	.db #0x3c	; 60
   04CE BE                 1279 	.db #0xbe	; 190
   04CF BE                 1280 	.db #0xbe	; 190
   04D0 3C                 1281 	.db #0x3c	; 60
   04D1 FF                 1282 	.db #0xff	; 255
   04D2 FF                 1283 	.db #0xff	; 255
   04D3 3C                 1284 	.db #0x3c	; 60
   04D4 3C                 1285 	.db #0x3c	; 60
   04D5 3C                 1286 	.db #0x3c	; 60
   04D6 3C                 1287 	.db #0x3c	; 60
   04D7 3C                 1288 	.db #0x3c	; 60
   04D8 3C                 1289 	.db #0x3c	; 60
   04D9 3C                 1290 	.db #0x3c	; 60
   04DA 3C                 1291 	.db #0x3c	; 60
   04DB 3C                 1292 	.db #0x3c	; 60
   04DC 3C                 1293 	.db #0x3c	; 60
   04DD 3C                 1294 	.db #0x3c	; 60
   04DE 3C                 1295 	.db #0x3c	; 60
   04DF 3C                 1296 	.db #0x3c	; 60
   04E0 3C                 1297 	.db #0x3c	; 60
   04E1 3C                 1298 	.db #0x3c	; 60
   04E2 3C                 1299 	.db #0x3c	; 60
   04E3 3C                 1300 	.db #0x3c	; 60
   04E4 3C                 1301 	.db #0x3c	; 60
   04E5 3C                 1302 	.db #0x3c	; 60
   04E6 7D                 1303 	.db #0x7d	; 125
   04E7 3C                 1304 	.db #0x3c	; 60
   04E8 3C                 1305 	.db #0x3c	; 60
   04E9 7D                 1306 	.db #0x7d	; 125
   04EA 3C                 1307 	.db #0x3c	; 60
   04EB 3C                 1308 	.db #0x3c	; 60
   04EC 3C                 1309 	.db #0x3c	; 60
   04ED 7D                 1310 	.db #0x7d	; 125
   04EE BE                 1311 	.db #0xbe	; 190
   04EF 3C                 1312 	.db #0x3c	; 60
   04F0 BE                 1313 	.db #0xbe	; 190
   04F1 7D                 1314 	.db #0x7d	; 125
   04F2 7D                 1315 	.db #0x7d	; 125
   04F3 7D                 1316 	.db #0x7d	; 125
   04F4 BE                 1317 	.db #0xbe	; 190
   04F5 3C                 1318 	.db #0x3c	; 60
   04F6 BE                 1319 	.db #0xbe	; 190
   04F7 3C                 1320 	.db #0x3c	; 60
   04F8 FF                 1321 	.db #0xff	; 255
   04F9 3C                 1322 	.db #0x3c	; 60
   04FA 7D                 1323 	.db #0x7d	; 125
   04FB 3C                 1324 	.db #0x3c	; 60
   04FC BE                 1325 	.db #0xbe	; 190
   04FD BE                 1326 	.db #0xbe	; 190
   04FE 3C                 1327 	.db #0x3c	; 60
   04FF 3C                 1328 	.db #0x3c	; 60
   0500 7D                 1329 	.db #0x7d	; 125
   0501 3C                 1330 	.db #0x3c	; 60
   0502 3C                 1331 	.db #0x3c	; 60
   0503 3C                 1332 	.db #0x3c	; 60
   0504 3C                 1333 	.db #0x3c	; 60
   0505 3C                 1334 	.db #0x3c	; 60
   0506 3C                 1335 	.db #0x3c	; 60
   0507 3C                 1336 	.db #0x3c	; 60
   0508 3C                 1337 	.db #0x3c	; 60
   0509 3C                 1338 	.db #0x3c	; 60
   050A 3C                 1339 	.db #0x3c	; 60
   050B 3C                 1340 	.db #0x3c	; 60
   050C 3C                 1341 	.db #0x3c	; 60
   050D 3C                 1342 	.db #0x3c	; 60
   050E 3C                 1343 	.db #0x3c	; 60
   050F 3C                 1344 	.db #0x3c	; 60
   0510 3C                 1345 	.db #0x3c	; 60
   0511 3C                 1346 	.db #0x3c	; 60
   0512 3C                 1347 	.db #0x3c	; 60
   0513 3C                 1348 	.db #0x3c	; 60
   0514 7D                 1349 	.db #0x7d	; 125
   0515 FF                 1350 	.db #0xff	; 255
   0516 BE                 1351 	.db #0xbe	; 190
   0517 3C                 1352 	.db #0x3c	; 60
   0518 3C                 1353 	.db #0x3c	; 60
   0519 3C                 1354 	.db #0x3c	; 60
   051A 3C                 1355 	.db #0x3c	; 60
   051B 7D                 1356 	.db #0x7d	; 125
   051C FF                 1357 	.db #0xff	; 255
   051D BE                 1358 	.db #0xbe	; 190
   051E FF                 1359 	.db #0xff	; 255
   051F FF                 1360 	.db #0xff	; 255
   0520 7D                 1361 	.db #0x7d	; 125
   0521 3C                 1362 	.db #0x3c	; 60
   0522 BE                 1363 	.db #0xbe	; 190
   0523 3C                 1364 	.db #0x3c	; 60
   0524 BE                 1365 	.db #0xbe	; 190
   0525 3C                 1366 	.db #0x3c	; 60
   0526 BE                 1367 	.db #0xbe	; 190
   0527 FF                 1368 	.db #0xff	; 255
   0528 7D                 1369 	.db #0x7d	; 125
   0529 FF                 1370 	.db #0xff	; 255
   052A BE                 1371 	.db #0xbe	; 190
   052B FF                 1372 	.db #0xff	; 255
   052C BE                 1373 	.db #0xbe	; 190
   052D FF                 1374 	.db #0xff	; 255
   052E FF                 1375 	.db #0xff	; 255
   052F 3C                 1376 	.db #0x3c	; 60
   0530 3C                 1377 	.db #0x3c	; 60
   0531 3C                 1378 	.db #0x3c	; 60
   0532 3C                 1379 	.db #0x3c	; 60
   0533 3C                 1380 	.db #0x3c	; 60
   0534 3C                 1381 	.db #0x3c	; 60
   0535 3C                 1382 	.db #0x3c	; 60
   0536 3C                 1383 	.db #0x3c	; 60
   0537 3C                 1384 	.db #0x3c	; 60
   0538 3C                 1385 	.db #0x3c	; 60
   0539 3C                 1386 	.db #0x3c	; 60
   053A 3C                 1387 	.db #0x3c	; 60
   053B 3C                 1388 	.db #0x3c	; 60
   053C 3C                 1389 	.db #0x3c	; 60
   053D 3C                 1390 	.db #0x3c	; 60
   053E 3C                 1391 	.db #0x3c	; 60
   053F 3C                 1392 	.db #0x3c	; 60
   0540 3C                 1393 	.db #0x3c	; 60
   0541 3C                 1394 	.db #0x3c	; 60
   0542 3C                 1395 	.db #0x3c	; 60
   0543 3C                 1396 	.db #0x3c	; 60
   0544 3C                 1397 	.db #0x3c	; 60
   0545 3C                 1398 	.db #0x3c	; 60
   0546 3C                 1399 	.db #0x3c	; 60
   0547 3C                 1400 	.db #0x3c	; 60
   0548 3C                 1401 	.db #0x3c	; 60
   0549 3C                 1402 	.db #0x3c	; 60
   054A 3C                 1403 	.db #0x3c	; 60
   054B 3C                 1404 	.db #0x3c	; 60
   054C 3C                 1405 	.db #0x3c	; 60
   054D 3C                 1406 	.db #0x3c	; 60
   054E 3C                 1407 	.db #0x3c	; 60
   054F 3C                 1408 	.db #0x3c	; 60
   0550 3C                 1409 	.db #0x3c	; 60
   0551 3C                 1410 	.db #0x3c	; 60
   0552 3C                 1411 	.db #0x3c	; 60
   0553 3C                 1412 	.db #0x3c	; 60
   0554 3C                 1413 	.db #0x3c	; 60
   0555 3C                 1414 	.db #0x3c	; 60
   0556 3C                 1415 	.db #0x3c	; 60
   0557 3C                 1416 	.db #0x3c	; 60
   0558 3C                 1417 	.db #0x3c	; 60
   0559 3C                 1418 	.db #0x3c	; 60
   055A 3C                 1419 	.db #0x3c	; 60
   055B 3C                 1420 	.db #0x3c	; 60
   055C 3C                 1421 	.db #0x3c	; 60
   055D 3C                 1422 	.db #0x3c	; 60
   055E 3C                 1423 	.db #0x3c	; 60
   055F 3C                 1424 	.db #0x3c	; 60
   0560 3C                 1425 	.db #0x3c	; 60
   0561 3C                 1426 	.db #0x3c	; 60
   0562 3C                 1427 	.db #0x3c	; 60
   0563 3C                 1428 	.db #0x3c	; 60
   0564 3C                 1429 	.db #0x3c	; 60
   0565 3C                 1430 	.db #0x3c	; 60
   0566 3C                 1431 	.db #0x3c	; 60
   0567 3C                 1432 	.db #0x3c	; 60
   0568 3C                 1433 	.db #0x3c	; 60
   0569 3C                 1434 	.db #0x3c	; 60
   056A 3C                 1435 	.db #0x3c	; 60
   056B 3C                 1436 	.db #0x3c	; 60
   056C 3C                 1437 	.db #0x3c	; 60
   056D 3C                 1438 	.db #0x3c	; 60
   056E 3C                 1439 	.db #0x3c	; 60
   056F 3C                 1440 	.db #0x3c	; 60
   0570 3C                 1441 	.db #0x3c	; 60
   0571 3C                 1442 	.db #0x3c	; 60
   0572 3C                 1443 	.db #0x3c	; 60
   0573 3C                 1444 	.db #0x3c	; 60
   0574 3C                 1445 	.db #0x3c	; 60
   0575 3C                 1446 	.db #0x3c	; 60
   0576 3C                 1447 	.db #0x3c	; 60
   0577 3C                 1448 	.db #0x3c	; 60
   0578 3C                 1449 	.db #0x3c	; 60
   0579 3C                 1450 	.db #0x3c	; 60
   057A 3C                 1451 	.db #0x3c	; 60
   057B 3C                 1452 	.db #0x3c	; 60
   057C 3C                 1453 	.db #0x3c	; 60
   057D 3C                 1454 	.db #0x3c	; 60
   057E 3C                 1455 	.db #0x3c	; 60
   057F 3C                 1456 	.db #0x3c	; 60
   0580 3C                 1457 	.db #0x3c	; 60
   0581 3C                 1458 	.db #0x3c	; 60
   0582 3C                 1459 	.db #0x3c	; 60
   0583 3C                 1460 	.db #0x3c	; 60
   0584 3C                 1461 	.db #0x3c	; 60
   0585 3C                 1462 	.db #0x3c	; 60
   0586 3C                 1463 	.db #0x3c	; 60
   0587 3C                 1464 	.db #0x3c	; 60
   0588 3C                 1465 	.db #0x3c	; 60
   0589 3C                 1466 	.db #0x3c	; 60
   058A 3C                 1467 	.db #0x3c	; 60
   058B 3C                 1468 	.db #0x3c	; 60
   058C 3C                 1469 	.db #0x3c	; 60
   058D 3C                 1470 	.db #0x3c	; 60
   058E 3C                 1471 	.db #0x3c	; 60
   058F 3C                 1472 	.db #0x3c	; 60
   0590 3C                 1473 	.db #0x3c	; 60
   0591 3C                 1474 	.db #0x3c	; 60
   0592 3C                 1475 	.db #0x3c	; 60
   0593 3C                 1476 	.db #0x3c	; 60
   0594 3C                 1477 	.db #0x3c	; 60
   0595 3C                 1478 	.db #0x3c	; 60
   0596 3C                 1479 	.db #0x3c	; 60
   0597 3C                 1480 	.db #0x3c	; 60
   0598 3C                 1481 	.db #0x3c	; 60
   0599 3C                 1482 	.db #0x3c	; 60
   059A 3C                 1483 	.db #0x3c	; 60
   059B 3C                 1484 	.db #0x3c	; 60
   059C 3C                 1485 	.db #0x3c	; 60
   059D 3C                 1486 	.db #0x3c	; 60
   059E 3C                 1487 	.db #0x3c	; 60
   059F 3C                 1488 	.db #0x3c	; 60
   05A0 3C                 1489 	.db #0x3c	; 60
   05A1 3C                 1490 	.db #0x3c	; 60
   05A2 3C                 1491 	.db #0x3c	; 60
   05A3 3C                 1492 	.db #0x3c	; 60
   05A4 3C                 1493 	.db #0x3c	; 60
   05A5 3C                 1494 	.db #0x3c	; 60
   05A6 3C                 1495 	.db #0x3c	; 60
   05A7 3C                 1496 	.db #0x3c	; 60
   05A8 3C                 1497 	.db #0x3c	; 60
   05A9 3C                 1498 	.db #0x3c	; 60
   05AA 3C                 1499 	.db #0x3c	; 60
   05AB 3C                 1500 	.db #0x3c	; 60
   05AC 3C                 1501 	.db #0x3c	; 60
   05AD 3C                 1502 	.db #0x3c	; 60
   05AE 3C                 1503 	.db #0x3c	; 60
   05AF 3C                 1504 	.db #0x3c	; 60
   05B0 3C                 1505 	.db #0x3c	; 60
   05B1 3C                 1506 	.db #0x3c	; 60
   05B2 3C                 1507 	.db #0x3c	; 60
   05B3 3C                 1508 	.db #0x3c	; 60
   05B4 3C                 1509 	.db #0x3c	; 60
   05B5 3C                 1510 	.db #0x3c	; 60
   05B6 3C                 1511 	.db #0x3c	; 60
   05B7 3C                 1512 	.db #0x3c	; 60
   05B8 3C                 1513 	.db #0x3c	; 60
   05B9 3C                 1514 	.db #0x3c	; 60
   05BA 3C                 1515 	.db #0x3c	; 60
   05BB 3C                 1516 	.db #0x3c	; 60
   05BC 3C                 1517 	.db #0x3c	; 60
   05BD 3C                 1518 	.db #0x3c	; 60
   05BE 3C                 1519 	.db #0x3c	; 60
   05BF 3C                 1520 	.db #0x3c	; 60
   05C0 3C                 1521 	.db #0x3c	; 60
   05C1 3C                 1522 	.db #0x3c	; 60
   05C2 3C                 1523 	.db #0x3c	; 60
   05C3 3C                 1524 	.db #0x3c	; 60
   05C4 3C                 1525 	.db #0x3c	; 60
   05C5 3C                 1526 	.db #0x3c	; 60
   05C6 3C                 1527 	.db #0x3c	; 60
   05C7 3C                 1528 	.db #0x3c	; 60
   05C8 3C                 1529 	.db #0x3c	; 60
   05C9 3C                 1530 	.db #0x3c	; 60
   05CA 3C                 1531 	.db #0x3c	; 60
   05CB 3C                 1532 	.db #0x3c	; 60
   05CC 3C                 1533 	.db #0x3c	; 60
   05CD 3C                 1534 	.db #0x3c	; 60
   05CE 3C                 1535 	.db #0x3c	; 60
   05CF 3C                 1536 	.db #0x3c	; 60
   05D0 3C                 1537 	.db #0x3c	; 60
   05D1 3C                 1538 	.db #0x3c	; 60
   05D2 3C                 1539 	.db #0x3c	; 60
   05D3 3C                 1540 	.db #0x3c	; 60
   05D4 3C                 1541 	.db #0x3c	; 60
   05D5 3C                 1542 	.db #0x3c	; 60
   05D6 3C                 1543 	.db #0x3c	; 60
   05D7 3C                 1544 	.db #0x3c	; 60
   05D8 3C                 1545 	.db #0x3c	; 60
   05D9 3C                 1546 	.db #0x3c	; 60
   05DA 3C                 1547 	.db #0x3c	; 60
   05DB 3C                 1548 	.db #0x3c	; 60
   05DC 3C                 1549 	.db #0x3c	; 60
   05DD 3C                 1550 	.db #0x3c	; 60
   05DE 3C                 1551 	.db #0x3c	; 60
   05DF 3C                 1552 	.db #0x3c	; 60
   05E0 3C                 1553 	.db #0x3c	; 60
   05E1 3C                 1554 	.db #0x3c	; 60
   05E2 3C                 1555 	.db #0x3c	; 60
   05E3 3C                 1556 	.db #0x3c	; 60
   05E4 3C                 1557 	.db #0x3c	; 60
   05E5 3C                 1558 	.db #0x3c	; 60
   05E6 3C                 1559 	.db #0x3c	; 60
   05E7 3C                 1560 	.db #0x3c	; 60
   05E8 3C                 1561 	.db #0x3c	; 60
   05E9 3C                 1562 	.db #0x3c	; 60
   05EA 3C                 1563 	.db #0x3c	; 60
   05EB 3C                 1564 	.db #0x3c	; 60
   05EC 3C                 1565 	.db #0x3c	; 60
   05ED 3C                 1566 	.db #0x3c	; 60
                           1567 	.area _INITIALIZER
                           1568 	.area _CABS (ABS)
