                              1 ;--------------------------------------------------------
                              2 ; File Created by SDCC : free open source ANSI-C Compiler
                              3 ; Version 3.6.8 #9946 (Linux)
                              4 ;--------------------------------------------------------
                              5 	.module Vidas
                              6 	.optsdcc -mz80
                              7 	
                              8 ;--------------------------------------------------------
                              9 ; Public variables in this module
                             10 ;--------------------------------------------------------
                             11 	.globl _lifes_1
                             12 	.globl _lifes_0
                             13 ;--------------------------------------------------------
                             14 ; special function registers
                             15 ;--------------------------------------------------------
                             16 ;--------------------------------------------------------
                             17 ; ram data
                             18 ;--------------------------------------------------------
                             19 	.area _DATA
                             20 ;--------------------------------------------------------
                             21 ; ram data
                             22 ;--------------------------------------------------------
                             23 	.area _INITIALIZED
                             24 ;--------------------------------------------------------
                             25 ; absolute external ram data
                             26 ;--------------------------------------------------------
                             27 	.area _DABS (ABS)
                             28 ;--------------------------------------------------------
                             29 ; global & static initialisations
                             30 ;--------------------------------------------------------
                             31 	.area _HOME
                             32 	.area _GSINIT
                             33 	.area _GSFINAL
                             34 	.area _GSINIT
                             35 ;--------------------------------------------------------
                             36 ; Home
                             37 ;--------------------------------------------------------
                             38 	.area _HOME
                             39 	.area _HOME
                             40 ;--------------------------------------------------------
                             41 ; code
                             42 ;--------------------------------------------------------
                             43 	.area _CODE
                             44 	.area _CODE
   0000                      45 _lifes_0:
   0000 3F                   46 	.db #0x3f	; 63
   0001 3F                   47 	.db #0x3f	; 63
   0002 3F                   48 	.db #0x3f	; 63
   0003 3F                   49 	.db #0x3f	; 63
   0004 3F                   50 	.db #0x3f	; 63
   0005 3F                   51 	.db #0x3f	; 63
   0006 3F                   52 	.db #0x3f	; 63
   0007 3F                   53 	.db #0x3f	; 63
   0008 3F                   54 	.db #0x3f	; 63
   0009 3F                   55 	.db #0x3f	; 63
   000A 3F                   56 	.db #0x3f	; 63
   000B 3F                   57 	.db #0x3f	; 63
   000C 3F                   58 	.db #0x3f	; 63
   000D 3F                   59 	.db #0x3f	; 63
   000E 6A                   60 	.db #0x6a	; 106	'j'
   000F C0                   61 	.db #0xc0	; 192
   0010 C0                   62 	.db #0xc0	; 192
   0011 C0                   63 	.db #0xc0	; 192
   0012 95                   64 	.db #0x95	; 149
   0013 3F                   65 	.db #0x3f	; 63
   0014 3F                   66 	.db #0x3f	; 63
   0015 3F                   67 	.db #0x3f	; 63
   0016 3F                   68 	.db #0x3f	; 63
   0017 3F                   69 	.db #0x3f	; 63
   0018 6A                   70 	.db #0x6a	; 106	'j'
   0019 C0                   71 	.db #0xc0	; 192
   001A C0                   72 	.db #0xc0	; 192
   001B FF                   73 	.db #0xff	; 255
   001C C0                   74 	.db #0xc0	; 192
   001D C0                   75 	.db #0xc0	; 192
   001E 95                   76 	.db #0x95	; 149
   001F 3F                   77 	.db #0x3f	; 63
   0020 3F                   78 	.db #0x3f	; 63
   0021 3F                   79 	.db #0x3f	; 63
   0022 3F                   80 	.db #0x3f	; 63
   0023 C0                   81 	.db #0xc0	; 192
   0024 C0                   82 	.db #0xc0	; 192
   0025 C0                   83 	.db #0xc0	; 192
   0026 FF                   84 	.db #0xff	; 255
   0027 C0                   85 	.db #0xc0	; 192
   0028 C0                   86 	.db #0xc0	; 192
   0029 C0                   87 	.db #0xc0	; 192
   002A 3F                   88 	.db #0x3f	; 63
   002B 3F                   89 	.db #0x3f	; 63
   002C 3F                   90 	.db #0x3f	; 63
   002D 6A                   91 	.db #0x6a	; 106	'j'
   002E C0                   92 	.db #0xc0	; 192
   002F C0                   93 	.db #0xc0	; 192
   0030 D5                   94 	.db #0xd5	; 213
   0031 C0                   95 	.db #0xc0	; 192
   0032 EA                   96 	.db #0xea	; 234
   0033 C0                   97 	.db #0xc0	; 192
   0034 C0                   98 	.db #0xc0	; 192
   0035 95                   99 	.db #0x95	; 149
   0036 3F                  100 	.db #0x3f	; 63
   0037 6A                  101 	.db #0x6a	; 106	'j'
   0038 C0                  102 	.db #0xc0	; 192
   0039 C0                  103 	.db #0xc0	; 192
   003A C0                  104 	.db #0xc0	; 192
   003B C0                  105 	.db #0xc0	; 192
   003C FF                  106 	.db #0xff	; 255
   003D C0                  107 	.db #0xc0	; 192
   003E C0                  108 	.db #0xc0	; 192
   003F C0                  109 	.db #0xc0	; 192
   0040 C0                  110 	.db #0xc0	; 192
   0041 95                  111 	.db #0x95	; 149
   0042 C0                  112 	.db #0xc0	; 192
   0043 C0                  113 	.db #0xc0	; 192
   0044 C0                  114 	.db #0xc0	; 192
   0045 C0                  115 	.db #0xc0	; 192
   0046 D5                  116 	.db #0xd5	; 213
   0047 C0                  117 	.db #0xc0	; 192
   0048 EA                  118 	.db #0xea	; 234
   0049 C0                  119 	.db #0xc0	; 192
   004A C0                  120 	.db #0xc0	; 192
   004B C0                  121 	.db #0xc0	; 192
   004C C0                  122 	.db #0xc0	; 192
   004D C0                  123 	.db #0xc0	; 192
   004E C0                  124 	.db #0xc0	; 192
   004F C0                  125 	.db #0xc0	; 192
   0050 C0                  126 	.db #0xc0	; 192
   0051 C0                  127 	.db #0xc0	; 192
   0052 C0                  128 	.db #0xc0	; 192
   0053 C0                  129 	.db #0xc0	; 192
   0054 C0                  130 	.db #0xc0	; 192
   0055 C0                  131 	.db #0xc0	; 192
   0056 C0                  132 	.db #0xc0	; 192
   0057 C0                  133 	.db #0xc0	; 192
   0058 C0                  134 	.db #0xc0	; 192
   0059 C0                  135 	.db #0xc0	; 192
   005A C0                  136 	.db #0xc0	; 192
   005B C0                  137 	.db #0xc0	; 192
   005C C0                  138 	.db #0xc0	; 192
   005D C0                  139 	.db #0xc0	; 192
   005E C0                  140 	.db #0xc0	; 192
   005F C0                  141 	.db #0xc0	; 192
   0060 C0                  142 	.db #0xc0	; 192
   0061 C0                  143 	.db #0xc0	; 192
   0062 C0                  144 	.db #0xc0	; 192
   0063 3F                  145 	.db #0x3f	; 63
   0064 C1                  146 	.db #0xc1	; 193
   0065 C3                  147 	.db #0xc3	; 195
   0066 C3                  148 	.db #0xc3	; 195
   0067 C3                  149 	.db #0xc3	; 195
   0068 C0                  150 	.db #0xc0	; 192
   0069 C3                  151 	.db #0xc3	; 195
   006A C3                  152 	.db #0xc3	; 195
   006B C3                  153 	.db #0xc3	; 195
   006C C2                  154 	.db #0xc2	; 194
   006D 3F                  155 	.db #0x3f	; 63
   006E 6A                  156 	.db #0x6a	; 106	'j'
   006F 95                  157 	.db #0x95	; 149
   0070 3F                  158 	.db #0x3f	; 63
   0071 C0                  159 	.db #0xc0	; 192
   0072 3F                  160 	.db #0x3f	; 63
   0073 6B                  161 	.db #0x6b	; 107	'k'
   0074 C0                  162 	.db #0xc0	; 192
   0075 C0                  163 	.db #0xc0	; 192
   0076 C0                  164 	.db #0xc0	; 192
   0077 C0                  165 	.db #0xc0	; 192
   0078 95                  166 	.db #0x95	; 149
   0079 C1                  167 	.db #0xc1	; 193
   007A 95                  168 	.db #0x95	; 149
   007B 6A                  169 	.db #0x6a	; 106	'j'
   007C AE                  170 	.db #0xae	; 174
   007D 95                  171 	.db #0x95	; 149
   007E 3F                  172 	.db #0x3f	; 63
   007F C0                  173 	.db #0xc0	; 192
   0080 C0                  174 	.db #0xc0	; 192
   0081 C1                  175 	.db #0xc1	; 193
   0082 C2                  176 	.db #0xc2	; 194
   0083 C2                  177 	.db #0xc2	; 194
   0084 C1                  178 	.db #0xc1	; 193
   0085 95                  179 	.db #0x95	; 149
   0086 3F                  180 	.db #0x3f	; 63
   0087 CC                  181 	.db #0xcc	; 204
   0088 95                  182 	.db #0x95	; 149
   0089 3F                  183 	.db #0x3f	; 63
   008A 6A                  184 	.db #0x6a	; 106	'j'
   008B C0                  185 	.db #0xc0	; 192
   008C 95                  186 	.db #0x95	; 149
   008D C2                  187 	.db #0xc2	; 194
   008E C2                  188 	.db #0xc2	; 194
   008F 95                  189 	.db #0x95	; 149
   0090 C2                  190 	.db #0xc2	; 194
   0091 3F                  191 	.db #0x3f	; 63
   0092 3F                  192 	.db #0x3f	; 63
   0093 3F                  193 	.db #0x3f	; 63
   0094 3F                  194 	.db #0x3f	; 63
   0095 3F                  195 	.db #0x3f	; 63
   0096 3F                  196 	.db #0x3f	; 63
   0097 3F                  197 	.db #0x3f	; 63
   0098 C1                  198 	.db #0xc1	; 193
   0099 6A                  199 	.db #0x6a	; 106	'j'
   009A 6A                  200 	.db #0x6a	; 106	'j'
   009B C2                  201 	.db #0xc2	; 194
   009C 3F                  202 	.db #0x3f	; 63
   009D 3F                  203 	.db #0x3f	; 63
   009E 3F                  204 	.db #0x3f	; 63
   009F C3                  205 	.db #0xc3	; 195
   00A0 3F                  206 	.db #0x3f	; 63
   00A1 3F                  207 	.db #0x3f	; 63
   00A2 3F                  208 	.db #0x3f	; 63
   00A3 C1                  209 	.db #0xc1	; 193
   00A4 95                  210 	.db #0x95	; 149
   00A5 3F                  211 	.db #0x3f	; 63
   00A6 C0                  212 	.db #0xc0	; 192
   00A7 3F                  213 	.db #0x3f	; 63
   00A8 3F                  214 	.db #0x3f	; 63
   00A9 3F                  215 	.db #0x3f	; 63
   00AA 3F                  216 	.db #0x3f	; 63
   00AB 3F                  217 	.db #0x3f	; 63
   00AC 3F                  218 	.db #0x3f	; 63
   00AD 3F                  219 	.db #0x3f	; 63
   00AE C0                  220 	.db #0xc0	; 192
   00AF 3F                  221 	.db #0x3f	; 63
   00B0 3F                  222 	.db #0x3f	; 63
   00B1 6A                  223 	.db #0x6a	; 106	'j'
   00B2 95                  224 	.db #0x95	; 149
   00B3 3F                  225 	.db #0x3f	; 63
   00B4 6A                  226 	.db #0x6a	; 106	'j'
   00B5 C0                  227 	.db #0xc0	; 192
   00B6 95                  228 	.db #0x95	; 149
   00B7 3F                  229 	.db #0x3f	; 63
   00B8 6A                  230 	.db #0x6a	; 106	'j'
   00B9 95                  231 	.db #0x95	; 149
   00BA 3F                  232 	.db #0x3f	; 63
   00BB 3F                  233 	.db #0x3f	; 63
   00BC 6A                  234 	.db #0x6a	; 106	'j'
   00BD 95                  235 	.db #0x95	; 149
   00BE 3F                  236 	.db #0x3f	; 63
   00BF 95                  237 	.db #0x95	; 149
   00C0 3F                  238 	.db #0x3f	; 63
   00C1 6A                  239 	.db #0x6a	; 106	'j'
   00C2 3F                  240 	.db #0x3f	; 63
   00C3 6A                  241 	.db #0x6a	; 106	'j'
   00C4 95                  242 	.db #0x95	; 149
   00C5 3F                  243 	.db #0x3f	; 63
   00C6 3F                  244 	.db #0x3f	; 63
   00C7 6A                  245 	.db #0x6a	; 106	'j'
   00C8 C0                  246 	.db #0xc0	; 192
   00C9 95                  247 	.db #0x95	; 149
   00CA 3F                  248 	.db #0x3f	; 63
   00CB 3F                  249 	.db #0x3f	; 63
   00CC 3F                  250 	.db #0x3f	; 63
   00CD 6A                  251 	.db #0x6a	; 106	'j'
   00CE C0                  252 	.db #0xc0	; 192
   00CF 95                  253 	.db #0x95	; 149
   00D0 3F                  254 	.db #0x3f	; 63
   00D1 3F                  255 	.db #0x3f	; 63
   00D2 6A                  256 	.db #0x6a	; 106	'j'
   00D3 C0                  257 	.db #0xc0	; 192
   00D4 C0                  258 	.db #0xc0	; 192
   00D5 C0                  259 	.db #0xc0	; 192
   00D6 C0                  260 	.db #0xc0	; 192
   00D7 C0                  261 	.db #0xc0	; 192
   00D8 C0                  262 	.db #0xc0	; 192
   00D9 C0                  263 	.db #0xc0	; 192
   00DA 95                  264 	.db #0x95	; 149
   00DB 3F                  265 	.db #0x3f	; 63
   00DC 3F                  266 	.db #0x3f	; 63
   00DD 3F                  267 	.db #0x3f	; 63
   00DE C0                  268 	.db #0xc0	; 192
   00DF C0                  269 	.db #0xc0	; 192
   00E0 C0                  270 	.db #0xc0	; 192
   00E1 C0                  271 	.db #0xc0	; 192
   00E2 C0                  272 	.db #0xc0	; 192
   00E3 C0                  273 	.db #0xc0	; 192
   00E4 C0                  274 	.db #0xc0	; 192
   00E5 3F                  275 	.db #0x3f	; 63
   00E6 3F                  276 	.db #0x3f	; 63
   00E7 3F                  277 	.db #0x3f	; 63
   00E8 3F                  278 	.db #0x3f	; 63
   00E9 6A                  279 	.db #0x6a	; 106	'j'
   00EA C0                  280 	.db #0xc0	; 192
   00EB C0                  281 	.db #0xc0	; 192
   00EC C0                  282 	.db #0xc0	; 192
   00ED C0                  283 	.db #0xc0	; 192
   00EE C0                  284 	.db #0xc0	; 192
   00EF 95                  285 	.db #0x95	; 149
   00F0 3F                  286 	.db #0x3f	; 63
   00F1 3F                  287 	.db #0x3f	; 63
   00F2                     288 _lifes_1:
   00F2 3F                  289 	.db #0x3f	; 63
   00F3 3F                  290 	.db #0x3f	; 63
   00F4 3F                  291 	.db #0x3f	; 63
   00F5 3F                  292 	.db #0x3f	; 63
   00F6 3F                  293 	.db #0x3f	; 63
   00F7 3F                  294 	.db #0x3f	; 63
   00F8 3F                  295 	.db #0x3f	; 63
   00F9 3F                  296 	.db #0x3f	; 63
   00FA 3F                  297 	.db #0x3f	; 63
   00FB 3F                  298 	.db #0x3f	; 63
   00FC 3F                  299 	.db #0x3f	; 63
   00FD 3F                  300 	.db #0x3f	; 63
   00FE 3F                  301 	.db #0x3f	; 63
   00FF 3F                  302 	.db #0x3f	; 63
   0100 6A                  303 	.db #0x6a	; 106	'j'
   0101 C0                  304 	.db #0xc0	; 192
   0102 C0                  305 	.db #0xc0	; 192
   0103 C0                  306 	.db #0xc0	; 192
   0104 95                  307 	.db #0x95	; 149
   0105 3F                  308 	.db #0x3f	; 63
   0106 3F                  309 	.db #0x3f	; 63
   0107 3F                  310 	.db #0x3f	; 63
   0108 3F                  311 	.db #0x3f	; 63
   0109 3F                  312 	.db #0x3f	; 63
   010A 6A                  313 	.db #0x6a	; 106	'j'
   010B C0                  314 	.db #0xc0	; 192
   010C C0                  315 	.db #0xc0	; 192
   010D FF                  316 	.db #0xff	; 255
   010E C0                  317 	.db #0xc0	; 192
   010F C0                  318 	.db #0xc0	; 192
   0110 95                  319 	.db #0x95	; 149
   0111 3F                  320 	.db #0x3f	; 63
   0112 3F                  321 	.db #0x3f	; 63
   0113 3F                  322 	.db #0x3f	; 63
   0114 3F                  323 	.db #0x3f	; 63
   0115 C0                  324 	.db #0xc0	; 192
   0116 C0                  325 	.db #0xc0	; 192
   0117 C0                  326 	.db #0xc0	; 192
   0118 FF                  327 	.db #0xff	; 255
   0119 C0                  328 	.db #0xc0	; 192
   011A C0                  329 	.db #0xc0	; 192
   011B C0                  330 	.db #0xc0	; 192
   011C 3F                  331 	.db #0x3f	; 63
   011D 3F                  332 	.db #0x3f	; 63
   011E 3F                  333 	.db #0x3f	; 63
   011F 6A                  334 	.db #0x6a	; 106	'j'
   0120 C0                  335 	.db #0xc0	; 192
   0121 C0                  336 	.db #0xc0	; 192
   0122 D5                  337 	.db #0xd5	; 213
   0123 C0                  338 	.db #0xc0	; 192
   0124 EA                  339 	.db #0xea	; 234
   0125 C0                  340 	.db #0xc0	; 192
   0126 C0                  341 	.db #0xc0	; 192
   0127 95                  342 	.db #0x95	; 149
   0128 3F                  343 	.db #0x3f	; 63
   0129 6A                  344 	.db #0x6a	; 106	'j'
   012A C0                  345 	.db #0xc0	; 192
   012B C0                  346 	.db #0xc0	; 192
   012C C0                  347 	.db #0xc0	; 192
   012D C0                  348 	.db #0xc0	; 192
   012E FF                  349 	.db #0xff	; 255
   012F C0                  350 	.db #0xc0	; 192
   0130 C0                  351 	.db #0xc0	; 192
   0131 C0                  352 	.db #0xc0	; 192
   0132 C0                  353 	.db #0xc0	; 192
   0133 95                  354 	.db #0x95	; 149
   0134 C0                  355 	.db #0xc0	; 192
   0135 C0                  356 	.db #0xc0	; 192
   0136 C0                  357 	.db #0xc0	; 192
   0137 C0                  358 	.db #0xc0	; 192
   0138 D5                  359 	.db #0xd5	; 213
   0139 C0                  360 	.db #0xc0	; 192
   013A EA                  361 	.db #0xea	; 234
   013B C0                  362 	.db #0xc0	; 192
   013C C0                  363 	.db #0xc0	; 192
   013D C0                  364 	.db #0xc0	; 192
   013E C0                  365 	.db #0xc0	; 192
   013F C0                  366 	.db #0xc0	; 192
   0140 C0                  367 	.db #0xc0	; 192
   0141 C0                  368 	.db #0xc0	; 192
   0142 C0                  369 	.db #0xc0	; 192
   0143 C0                  370 	.db #0xc0	; 192
   0144 C0                  371 	.db #0xc0	; 192
   0145 C0                  372 	.db #0xc0	; 192
   0146 C0                  373 	.db #0xc0	; 192
   0147 C0                  374 	.db #0xc0	; 192
   0148 C0                  375 	.db #0xc0	; 192
   0149 C0                  376 	.db #0xc0	; 192
   014A C0                  377 	.db #0xc0	; 192
   014B C0                  378 	.db #0xc0	; 192
   014C C0                  379 	.db #0xc0	; 192
   014D C0                  380 	.db #0xc0	; 192
   014E C0                  381 	.db #0xc0	; 192
   014F C0                  382 	.db #0xc0	; 192
   0150 C0                  383 	.db #0xc0	; 192
   0151 C0                  384 	.db #0xc0	; 192
   0152 C0                  385 	.db #0xc0	; 192
   0153 C0                  386 	.db #0xc0	; 192
   0154 C0                  387 	.db #0xc0	; 192
   0155 3F                  388 	.db #0x3f	; 63
   0156 81                  389 	.db #0x81	; 129
   0157 03                  390 	.db #0x03	; 3
   0158 03                  391 	.db #0x03	; 3
   0159 03                  392 	.db #0x03	; 3
   015A C0                  393 	.db #0xc0	; 192
   015B 03                  394 	.db #0x03	; 3
   015C 03                  395 	.db #0x03	; 3
   015D 03                  396 	.db #0x03	; 3
   015E 42                  397 	.db #0x42	; 66	'B'
   015F 3F                  398 	.db #0x3f	; 63
   0160 3F                  399 	.db #0x3f	; 63
   0161 D5                  400 	.db #0xd5	; 213
   0162 FF                  401 	.db #0xff	; 255
   0163 C0                  402 	.db #0xc0	; 192
   0164 D5                  403 	.db #0xd5	; 213
   0165 AB                  404 	.db #0xab	; 171
   0166 C0                  405 	.db #0xc0	; 192
   0167 C0                  406 	.db #0xc0	; 192
   0168 C0                  407 	.db #0xc0	; 192
   0169 C0                  408 	.db #0xc0	; 192
   016A 3F                  409 	.db #0x3f	; 63
   016B 3F                  410 	.db #0x3f	; 63
   016C D5                  411 	.db #0xd5	; 213
   016D FF                  412 	.db #0xff	; 255
   016E C0                  413 	.db #0xc0	; 192
   016F D5                  414 	.db #0xd5	; 213
   0170 FF                  415 	.db #0xff	; 255
   0171 C0                  416 	.db #0xc0	; 192
   0172 C0                  417 	.db #0xc0	; 192
   0173 81                  418 	.db #0x81	; 129
   0174 42                  419 	.db #0x42	; 66	'B'
   0175 3F                  420 	.db #0x3f	; 63
   0176 3F                  421 	.db #0x3f	; 63
   0177 D5                  422 	.db #0xd5	; 213
   0178 FF                  423 	.db #0xff	; 255
   0179 C0                  424 	.db #0xc0	; 192
   017A D5                  425 	.db #0xd5	; 213
   017B FF                  426 	.db #0xff	; 255
   017C EA                  427 	.db #0xea	; 234
   017D C0                  428 	.db #0xc0	; 192
   017E D5                  429 	.db #0xd5	; 213
   017F 42                  430 	.db #0x42	; 66	'B'
   0180 3F                  431 	.db #0x3f	; 63
   0181 3F                  432 	.db #0x3f	; 63
   0182 6A                  433 	.db #0x6a	; 106	'j'
   0183 D5                  434 	.db #0xd5	; 213
   0184 FF                  435 	.db #0xff	; 255
   0185 FF                  436 	.db #0xff	; 255
   0186 C0                  437 	.db #0xc0	; 192
   0187 FF                  438 	.db #0xff	; 255
   0188 FF                  439 	.db #0xff	; 255
   0189 EA                  440 	.db #0xea	; 234
   018A 95                  441 	.db #0x95	; 149
   018B 3F                  442 	.db #0x3f	; 63
   018C 3F                  443 	.db #0x3f	; 63
   018D 3F                  444 	.db #0x3f	; 63
   018E 6A                  445 	.db #0x6a	; 106	'j'
   018F FF                  446 	.db #0xff	; 255
   0190 FF                  447 	.db #0xff	; 255
   0191 FF                  448 	.db #0xff	; 255
   0192 FF                  449 	.db #0xff	; 255
   0193 FF                  450 	.db #0xff	; 255
   0194 95                  451 	.db #0x95	; 149
   0195 3F                  452 	.db #0x3f	; 63
   0196 3F                  453 	.db #0x3f	; 63
   0197 3F                  454 	.db #0x3f	; 63
   0198 3F                  455 	.db #0x3f	; 63
   0199 6A                  456 	.db #0x6a	; 106	'j'
   019A 57                  457 	.db #0x57	; 87	'W'
   019B FF                  458 	.db #0xff	; 255
   019C FF                  459 	.db #0xff	; 255
   019D FF                  460 	.db #0xff	; 255
   019E AB                  461 	.db #0xab	; 171
   019F 95                  462 	.db #0x95	; 149
   01A0 3F                  463 	.db #0x3f	; 63
   01A1 3F                  464 	.db #0x3f	; 63
   01A2 3F                  465 	.db #0x3f	; 63
   01A3 3F                  466 	.db #0x3f	; 63
   01A4 3F                  467 	.db #0x3f	; 63
   01A5 D5                  468 	.db #0xd5	; 213
   01A6 FF                  469 	.db #0xff	; 255
   01A7 FF                  470 	.db #0xff	; 255
   01A8 FF                  471 	.db #0xff	; 255
   01A9 EA                  472 	.db #0xea	; 234
   01AA 3F                  473 	.db #0x3f	; 63
   01AB 3F                  474 	.db #0x3f	; 63
   01AC 3F                  475 	.db #0x3f	; 63
   01AD 3F                  476 	.db #0x3f	; 63
   01AE 3F                  477 	.db #0x3f	; 63
   01AF 3F                  478 	.db #0x3f	; 63
   01B0 81                  479 	.db #0x81	; 129
   01B1 EA                  480 	.db #0xea	; 234
   01B2 FF                  481 	.db #0xff	; 255
   01B3 D5                  482 	.db #0xd5	; 213
   01B4 42                  483 	.db #0x42	; 66	'B'
   01B5 3F                  484 	.db #0x3f	; 63
   01B6 3F                  485 	.db #0x3f	; 63
   01B7 3F                  486 	.db #0x3f	; 63
   01B8 3F                  487 	.db #0x3f	; 63
   01B9 3F                  488 	.db #0x3f	; 63
   01BA 3F                  489 	.db #0x3f	; 63
   01BB 81                  490 	.db #0x81	; 129
   01BC EA                  491 	.db #0xea	; 234
   01BD FF                  492 	.db #0xff	; 255
   01BE D5                  493 	.db #0xd5	; 213
   01BF 42                  494 	.db #0x42	; 66	'B'
   01C0 3F                  495 	.db #0x3f	; 63
   01C1 3F                  496 	.db #0x3f	; 63
   01C2 3F                  497 	.db #0x3f	; 63
   01C3 3F                  498 	.db #0x3f	; 63
   01C4 3F                  499 	.db #0x3f	; 63
   01C5 3F                  500 	.db #0x3f	; 63
   01C6 6A                  501 	.db #0x6a	; 106	'j'
   01C7 C0                  502 	.db #0xc0	; 192
   01C8 C0                  503 	.db #0xc0	; 192
   01C9 C0                  504 	.db #0xc0	; 192
   01CA 95                  505 	.db #0x95	; 149
   01CB 3F                  506 	.db #0x3f	; 63
   01CC 3F                  507 	.db #0x3f	; 63
   01CD 3F                  508 	.db #0x3f	; 63
   01CE 3F                  509 	.db #0x3f	; 63
   01CF 3F                  510 	.db #0x3f	; 63
   01D0 3F                  511 	.db #0x3f	; 63
   01D1 3F                  512 	.db #0x3f	; 63
   01D2 3F                  513 	.db #0x3f	; 63
   01D3 3F                  514 	.db #0x3f	; 63
   01D4 3F                  515 	.db #0x3f	; 63
   01D5 3F                  516 	.db #0x3f	; 63
   01D6 3F                  517 	.db #0x3f	; 63
   01D7 3F                  518 	.db #0x3f	; 63
   01D8 3F                  519 	.db #0x3f	; 63
   01D9 3F                  520 	.db #0x3f	; 63
   01DA 3F                  521 	.db #0x3f	; 63
   01DB 3F                  522 	.db #0x3f	; 63
   01DC 3F                  523 	.db #0x3f	; 63
   01DD 3F                  524 	.db #0x3f	; 63
   01DE 3F                  525 	.db #0x3f	; 63
   01DF 3F                  526 	.db #0x3f	; 63
   01E0 3F                  527 	.db #0x3f	; 63
   01E1 3F                  528 	.db #0x3f	; 63
   01E2 3F                  529 	.db #0x3f	; 63
   01E3 3F                  530 	.db #0x3f	; 63
                            531 	.area _INITIALIZER
                            532 	.area _CABS (ABS)
