ASxxxx Assembler V02.00 + NoICE + SDCC mods  (Zilog Z80 / Hitachi HD64180), page 1.
Hexadecimal [16-Bits]



                              1 ;; Data created with Img2CPC - (c) Retroworks - 2007-2017
                              2 ;; Palete constants
                     0000     3 TILES_PALETTE_OFF  = 0
                     0000     4 TILES_PALETTE_SIZE = 0
                              5 
                              6 ;; Tile tiles_00 - 8x8 pixels, 4x8 bytes.
                     0000     7 TILES_00_OFF      = 0
                     0020     8 TILES_00_SIZE     = 32
                     0004     9 TILES_00_W        = 4
                     0008    10 TILES_00_H        = 8
                             11 ;; Tile tiles_01 - 8x8 pixels, 4x8 bytes.
                     0020    12 TILES_01_OFF      = 32
                     0020    13 TILES_01_SIZE     = 32
                     0004    14 TILES_01_W        = 4
                     0008    15 TILES_01_H        = 8
                             16 ;; Tile tiles_02 - 8x8 pixels, 4x8 bytes.
                     0040    17 TILES_02_OFF      = 64
                     0020    18 TILES_02_SIZE     = 32
                     0004    19 TILES_02_W        = 4
                     0008    20 TILES_02_H        = 8
                             21 ;; Tile tiles_03 - 8x8 pixels, 4x8 bytes.
                     0060    22 TILES_03_OFF      = 96
                     0020    23 TILES_03_SIZE     = 32
                     0004    24 TILES_03_W        = 4
                     0008    25 TILES_03_H        = 8
                             26 ;; Tile tiles_04 - 8x8 pixels, 4x8 bytes.
                     0080    27 TILES_04_OFF      = 128
                     0020    28 TILES_04_SIZE     = 32
                     0004    29 TILES_04_W        = 4
                     0008    30 TILES_04_H        = 8
                             31 ;; Tile tiles_05 - 8x8 pixels, 4x8 bytes.
                     00A0    32 TILES_05_OFF      = 160
                     0020    33 TILES_05_SIZE     = 32
                     0004    34 TILES_05_W        = 4
                     0008    35 TILES_05_H        = 8
                             36 ;; Tile tiles_06 - 8x8 pixels, 4x8 bytes.
                     00C0    37 TILES_06_OFF      = 192
                     0020    38 TILES_06_SIZE     = 32
                     0004    39 TILES_06_W        = 4
                     0008    40 TILES_06_H        = 8
                             41 ;; Tile tiles_07 - 8x8 pixels, 4x8 bytes.
                     00E0    42 TILES_07_OFF      = 224
                     0020    43 TILES_07_SIZE     = 32
                     0004    44 TILES_07_W        = 4
                     0008    45 TILES_07_H        = 8
                             46 ;; Tile tiles_08 - 8x8 pixels, 4x8 bytes.
                     0100    47 TILES_08_OFF      = 256
                     0020    48 TILES_08_SIZE     = 32
                     0004    49 TILES_08_W        = 4
                     0008    50 TILES_08_H        = 8
                             51 ;; Tile tiles_09 - 8x8 pixels, 4x8 bytes.
                     0120    52 TILES_09_OFF      = 288
                     0020    53 TILES_09_SIZE     = 32
                     0004    54 TILES_09_W        = 4
                     0008    55 TILES_09_H        = 8
ASxxxx Assembler V02.00 + NoICE + SDCC mods  (Zilog Z80 / Hitachi HD64180), page 2.
Hexadecimal [16-Bits]



                             56 ;; Tile tiles_10 - 8x8 pixels, 4x8 bytes.
                     0140    57 TILES_10_OFF      = 320
                     0020    58 TILES_10_SIZE     = 32
                     0004    59 TILES_10_W        = 4
                     0008    60 TILES_10_H        = 8
                             61 ;; Tile tiles_11 - 8x8 pixels, 4x8 bytes.
                     0160    62 TILES_11_OFF      = 352
                     0020    63 TILES_11_SIZE     = 32
                     0004    64 TILES_11_W        = 4
                     0008    65 TILES_11_H        = 8
                             66 ;; Tile tiles_12 - 8x8 pixels, 4x8 bytes.
                     0180    67 TILES_12_OFF      = 384
                     0020    68 TILES_12_SIZE     = 32
                     0004    69 TILES_12_W        = 4
                     0008    70 TILES_12_H        = 8
                             71 ;; Tile tiles_13 - 8x8 pixels, 4x8 bytes.
                     01A0    72 TILES_13_OFF      = 416
                     0020    73 TILES_13_SIZE     = 32
                     0004    74 TILES_13_W        = 4
                     0008    75 TILES_13_H        = 8
                             76 ;; Tile tiles_14 - 8x8 pixels, 4x8 bytes.
                     01C0    77 TILES_14_OFF      = 448
                     0020    78 TILES_14_SIZE     = 32
                     0004    79 TILES_14_W        = 4
                     0008    80 TILES_14_H        = 8
                             81 ;; Tile tiles_15 - 8x8 pixels, 4x8 bytes.
                     01E0    82 TILES_15_OFF      = 480
                     0020    83 TILES_15_SIZE     = 32
                     0004    84 TILES_15_W        = 4
                     0008    85 TILES_15_H        = 8
                             86 ;; Tile tiles_16 - 8x8 pixels, 4x8 bytes.
                     0200    87 TILES_16_OFF      = 512
                     0020    88 TILES_16_SIZE     = 32
                     0004    89 TILES_16_W        = 4
                     0008    90 TILES_16_H        = 8
                             91 ;; Tile tiles_17 - 8x8 pixels, 4x8 bytes.
                     0220    92 TILES_17_OFF      = 544
                     0020    93 TILES_17_SIZE     = 32
                     0004    94 TILES_17_W        = 4
                     0008    95 TILES_17_H        = 8
                             96 ;; Tile tiles_18 - 8x8 pixels, 4x8 bytes.
                     0240    97 TILES_18_OFF      = 576
                     0020    98 TILES_18_SIZE     = 32
                     0004    99 TILES_18_W        = 4
                     0008   100 TILES_18_H        = 8
                            101 ;; Tile tiles_19 - 8x8 pixels, 4x8 bytes.
                     0260   102 TILES_19_OFF      = 608
                     0020   103 TILES_19_SIZE     = 32
                     0004   104 TILES_19_W        = 4
                     0008   105 TILES_19_H        = 8
                            106 ;; Tile tiles_20 - 8x8 pixels, 4x8 bytes.
                     0280   107 TILES_20_OFF      = 640
                     0020   108 TILES_20_SIZE     = 32
                     0004   109 TILES_20_W        = 4
                     0008   110 TILES_20_H        = 8
ASxxxx Assembler V02.00 + NoICE + SDCC mods  (Zilog Z80 / Hitachi HD64180), page 3.
Hexadecimal [16-Bits]



                            111 ;; Tile tiles_21 - 8x8 pixels, 4x8 bytes.
                     02A0   112 TILES_21_OFF      = 672
                     0020   113 TILES_21_SIZE     = 32
                     0004   114 TILES_21_W        = 4
                     0008   115 TILES_21_H        = 8
                            116 ;; Tile tiles_22 - 8x8 pixels, 4x8 bytes.
                     02C0   117 TILES_22_OFF      = 704
                     0020   118 TILES_22_SIZE     = 32
                     0004   119 TILES_22_W        = 4
                     0008   120 TILES_22_H        = 8
                            121 ;; Tile tiles_23 - 8x8 pixels, 4x8 bytes.
                     02E0   122 TILES_23_OFF      = 736
                     0020   123 TILES_23_SIZE     = 32
                     0004   124 TILES_23_W        = 4
                     0008   125 TILES_23_H        = 8
                            126 ;; Tile tiles_24 - 8x8 pixels, 4x8 bytes.
                     0300   127 TILES_24_OFF      = 768
                     0020   128 TILES_24_SIZE     = 32
                     0004   129 TILES_24_W        = 4
                     0008   130 TILES_24_H        = 8
                            131 ;; Tile tiles_25 - 8x8 pixels, 4x8 bytes.
                     0320   132 TILES_25_OFF      = 800
                     0020   133 TILES_25_SIZE     = 32
                     0004   134 TILES_25_W        = 4
                     0008   135 TILES_25_H        = 8
                            136 ;; Tile tiles_26 - 8x8 pixels, 4x8 bytes.
                     0340   137 TILES_26_OFF      = 832
                     0020   138 TILES_26_SIZE     = 32
                     0004   139 TILES_26_W        = 4
                     0008   140 TILES_26_H        = 8
                            141 ;; Tile tiles_27 - 8x8 pixels, 4x8 bytes.
                     0360   142 TILES_27_OFF      = 864
                     0020   143 TILES_27_SIZE     = 32
                     0004   144 TILES_27_W        = 4
                     0008   145 TILES_27_H        = 8
                            146 ;; Tile tiles_28 - 8x8 pixels, 4x8 bytes.
                     0380   147 TILES_28_OFF      = 896
                     0020   148 TILES_28_SIZE     = 32
                     0004   149 TILES_28_W        = 4
                     0008   150 TILES_28_H        = 8
                            151 ;; Tile tiles_29 - 8x8 pixels, 4x8 bytes.
                     03A0   152 TILES_29_OFF      = 928
                     0020   153 TILES_29_SIZE     = 32
                     0004   154 TILES_29_W        = 4
                     0008   155 TILES_29_H        = 8
                            156 ;; Tile tiles_30 - 8x8 pixels, 4x8 bytes.
                     03C0   157 TILES_30_OFF      = 960
                     0020   158 TILES_30_SIZE     = 32
                     0004   159 TILES_30_W        = 4
                     0008   160 TILES_30_H        = 8
                            161 ;; Tile tiles_31 - 8x8 pixels, 4x8 bytes.
                     03E0   162 TILES_31_OFF      = 992
                     0020   163 TILES_31_SIZE     = 32
                     0004   164 TILES_31_W        = 4
                     0008   165 TILES_31_H        = 8
ASxxxx Assembler V02.00 + NoICE + SDCC mods  (Zilog Z80 / Hitachi HD64180), page 4.
Hexadecimal [16-Bits]



                            166 ;; Tile tiles_32 - 8x8 pixels, 4x8 bytes.
                     0400   167 TILES_32_OFF      = 1024
                     0020   168 TILES_32_SIZE     = 32
                     0004   169 TILES_32_W        = 4
                     0008   170 TILES_32_H        = 8
                            171 ;; Tile tiles_33 - 8x8 pixels, 4x8 bytes.
                     0420   172 TILES_33_OFF      = 1056
                     0020   173 TILES_33_SIZE     = 32
                     0004   174 TILES_33_W        = 4
                     0008   175 TILES_33_H        = 8
                            176 ;; Tile tiles_34 - 8x8 pixels, 4x8 bytes.
                     0440   177 TILES_34_OFF      = 1088
                     0020   178 TILES_34_SIZE     = 32
                     0004   179 TILES_34_W        = 4
                     0008   180 TILES_34_H        = 8
