ASxxxx Assembler V02.00 + NoICE + SDCC mods  (Zilog Z80 / Hitachi HD64180), page 1.
Hexadecimal [16-Bits]



                              1 ;;;
                              2 ;;; File generated by cpct_aks2c CPCtelera script
                              3 ;;; Souce file of this conversion: music/maintheme.aks
                              4 ;;; Generation time: mar oct 30 19:42:23 CET 2018
                              5 ;;;
                              6 
                              7 ;;; Set absolute memory addressing
                              8 .area __main_theme (ABS)
   63DB                       9 .org 0x63DB
                             10 
                             11 ;;; Music data start (643 bytes)
                             12 ;;;
   63DB                      13 _main_theme::
   63DB 41 54 31 30 01 40    14 .db 0x41, 0x54, 0x31, 0x30, 0x01, 0x40, 0x42, 0x0f, 0x02, 0x06, 0x67, 0x00, 0xef, 0x63, 0xf8, 0x63
        42 0F 02 06 67 00
        EF 63 F8 63
   63EB 24 64 3C 64 00 00    15 .db 0x24, 0x64, 0x3c, 0x64, 0x00, 0x00, 0x00, 0x00, 0x00, 0x00, 0x0d, 0xf1, 0x63, 0x04, 0x00, 0x3c
        00 00 00 00 0D F1
        63 04 00 3C
   63FB 38 34 30 2C 28 24    16 .db 0x38, 0x34, 0x30, 0x2c, 0x28, 0x24, 0x20, 0x1c, 0x18, 0x14, 0x10, 0x0c, 0x08, 0x04, 0x02, 0x20
        20 1C 18 14 10 0C
        08 04 02 20
   640B 02 20 02 20 02 20    17 .db 0x02, 0x20, 0x02, 0x20, 0x02, 0x20, 0x02, 0x20, 0x02, 0x20, 0x02, 0x20, 0x02, 0x20, 0x02, 0x20
        02 20 02 20 02 20
        02 20 02 20
   641B 02 20 02 20 02 20    18 .db 0x02, 0x20, 0x02, 0x20, 0x02, 0x20, 0x0d, 0xf1, 0x63, 0x01, 0xfe, 0x3c, 0x38, 0x34, 0x30, 0x2c
        0D F1 63 01 FE 3C
        38 34 30 2C
   642B 28 24 20 1C 18 14    19 .db 0x28, 0x24, 0x20, 0x1c, 0x18, 0x14, 0x10, 0x0c, 0x08, 0x04, 0x02, 0x20, 0x02, 0x20, 0x0d, 0xf1
        10 0C 08 04 02 20
        02 20 0D F1
   643B 63 01 00 7E 37 F6    20 .db 0x63, 0x01, 0x00, 0x7e, 0x37, 0xf6, 0x7c, 0xdb, 0x5c, 0xdf, 0x78, 0xd8, 0x6c, 0xcd, 0x1e, 0x00
        7C DB 5C DF 78 D8
        6C CD 1E 00
   644B 0D F1 63 14 00 00    21 .db 0x0d, 0xf1, 0x63, 0x14, 0x00, 0x00, 0x00, 0x75, 0x64, 0x00, 0x64, 0x65, 0x3f, 0x66, 0xbc, 0x64
        00 75 64 00 64 65
        3F 66 BC 64
   645B 10 86 65 77 64 BC    22 .db 0x10, 0x86, 0x65, 0x77, 0x64, 0xbc, 0x64, 0x60, 0x00, 0xf7, 0x65, 0x22, 0x65, 0xbc, 0x64, 0x10
        64 60 00 F7 65 22
        65 BC 64 10
   646B 64 65 3F 66 44 66    23 .db 0x64, 0x65, 0x3f, 0x66, 0x44, 0x66, 0x14, 0x01, 0x54, 0x64, 0x1d, 0x00, 0xc4, 0xe0, 0x00, 0x00
        14 01 54 64 1D 00
        C4 E0 00 00
   647B 01 06 85 85 83 02    24 .db 0x01, 0x06, 0x85, 0x85, 0x83, 0x02, 0x85, 0x02, 0x83, 0x02, 0x7f, 0x04, 0x83, 0x7f, 0x02, 0x8d
        85 02 83 02 7F 04
        83 7F 02 8D
   648B 0A 7F 0A 83 0A 7F    25 .db 0x0a, 0x7f, 0x0a, 0x83, 0x0a, 0x7f, 0x06, 0x7b, 0x02, 0x75, 0x06, 0x75, 0x79, 0x7b, 0x04, 0x7f
        06 7B 02 75 06 75
        79 7B 04 7F
   649B 7B 02 7B 02 79 02    26 .db 0x7b, 0x02, 0x7b, 0x02, 0x79, 0x02, 0x75, 0x02, 0x71, 0x02, 0x71, 0x02, 0x71, 0x02, 0x63, 0x06
        75 02 71 02 71 02
        71 02 63 06
   64AB 6D 71 75 04 79 75    27 .db 0x6d, 0x71, 0x75, 0x04, 0x79, 0x75, 0x02, 0x75, 0x06, 0x71, 0x02, 0x6d, 0x06, 0x67, 0x02, 0x67
        02 75 06 71 02 6D
        06 67 02 67
ASxxxx Assembler V02.00 + NoICE + SDCC mods  (Zilog Z80 / Hitachi HD64180), page 2.
Hexadecimal [16-Bits]



   64BB 00 8E E0 00 00 02    28 .db 0x00, 0x8e, 0xe0, 0x00, 0x00, 0x02, 0x45, 0x4f, 0x37, 0x4f, 0x45, 0x4f, 0x33, 0x4b, 0x41, 0x4b
        45 4F 37 4F 45 4F
        33 4B 41 4B
   64CB 33 4B 41 4B 37 4F    29 .db 0x33, 0x4b, 0x41, 0x4b, 0x37, 0x4f, 0x45, 0x4f, 0x37, 0x4f, 0x45, 0x4f, 0x3d, 0x55, 0x33, 0x4b
        45 4F 37 4F 45 4F
        3D 55 33 4B
   64DB 37 4F 45 4F 37 4F    30 .db 0x37, 0x4f, 0x45, 0x4f, 0x37, 0x4f, 0x45, 0x4f, 0x37, 0x4f, 0x45, 0x4f, 0x33, 0x4b, 0x41, 0x4b
        45 4F 37 4F 45 4F
        33 4B 41 4B
   64EB 33 4B 41 4B 37 4F    31 .db 0x33, 0x4b, 0x41, 0x4b, 0x37, 0x4f, 0x45, 0x4f, 0x37, 0x4f, 0x45, 0x4f, 0x3d, 0x55, 0x33, 0x4b
        45 4F 37 4F 45 4F
        3D 55 33 4B
   64FB 37 4F 37 37 4F 45    32 .db 0x37, 0x4f, 0x37, 0x37, 0x4f, 0x45, 0x4f, 0x37, 0x4f, 0x45, 0x4f, 0x33, 0x4b, 0x41, 0x4b, 0x33
        4F 37 4F 45 4F 33
        4B 41 4B 33
   650B 4B 41 4B 37 4F 45    33 .db 0x4b, 0x41, 0x4b, 0x37, 0x4f, 0x45, 0x4f, 0x37, 0x4f, 0x45, 0x4f, 0x3d, 0x55, 0x33, 0x4b, 0x37
        4F 37 4F 45 4F 3D
        55 33 4B 37
   651B 4F 45 4F 37 8E 60    34 .db 0x4f, 0x45, 0x4f, 0x37, 0x8e, 0x60, 0x01, 0xc4, 0xe0, 0x00, 0x00, 0x01, 0x06, 0x85, 0x02, 0x83
        01 C4 E0 00 00 01
        06 85 02 83
   652B 06 83 02 7F 06 7F    35 .db 0x06, 0x83, 0x02, 0x7f, 0x06, 0x7f, 0x02, 0x75, 0x0a, 0x7f, 0x0a, 0x83, 0x0a, 0x7f, 0x06, 0x7b
        02 75 0A 7F 0A 83
        0A 7F 06 7B
   653B 02 75 06 75 02 7B    36 .db 0x02, 0x75, 0x06, 0x75, 0x02, 0x7b, 0x04, 0x7f, 0x7b, 0x02, 0x7b, 0x02, 0x79, 0x02, 0x75, 0x02
        04 7F 7B 02 7B 02
        79 02 75 02
   654B 71 02 71 02 71 02    37 .db 0x71, 0x02, 0x71, 0x02, 0x71, 0x02, 0x63, 0x06, 0x6d, 0x71, 0x75, 0x04, 0x79, 0x75, 0x02, 0x75
        63 06 6D 71 75 04
        79 75 02 75
   655B 06 71 02 6D 06 67    38 .db 0x06, 0x71, 0x02, 0x6d, 0x06, 0x67, 0x02, 0x67, 0x00, 0x42, 0x80, 0x00, 0x00, 0x02, 0x72, 0x60
        02 67 00 42 80 00
        00 02 72 60
   656B 03 02 33 42 00 42    39 .db 0x03, 0x02, 0x33, 0x42, 0x00, 0x42, 0x00, 0x02, 0x33, 0x42, 0x00, 0x33, 0x42, 0x00, 0x42, 0x00
        00 02 33 42 00 33
        42 00 42 00
   657B 42 00 33 33 33 42    40 .db 0x42, 0x00, 0x33, 0x33, 0x33, 0x42, 0x00, 0x42, 0x00, 0x42, 0x00, 0x72, 0xe0, 0x00, 0x00, 0x03
        00 42 00 42 00 72
        E0 00 00 03
   658B 02 33 42 00 02 42    41 .db 0x02, 0x33, 0x42, 0x00, 0x02, 0x42, 0x00, 0x33, 0x42, 0x00, 0x33, 0x04, 0x42, 0x00, 0x33, 0x42
        00 33 42 00 33 04
        42 00 33 42
   659B 00 33 02 42 00 42    42 .db 0x00, 0x33, 0x02, 0x42, 0x00, 0x42, 0x00, 0x33, 0x02, 0x33, 0x33, 0x33, 0x06, 0x33, 0x02, 0x33
        00 33 02 33 33 33
        06 33 02 33
   65AB 06 33 02 33 06 33    43 .db 0x06, 0x33, 0x02, 0x33, 0x06, 0x33, 0x02, 0x33, 0x02, 0x42, 0x00, 0x02, 0x33, 0x02, 0x33, 0x02
        02 33 02 42 00 02
        33 02 33 02
   65BB 42 00 42 00 33 02    44 .db 0x42, 0x00, 0x42, 0x00, 0x33, 0x02, 0x33, 0x02, 0x42, 0x00, 0x02, 0x33, 0x02, 0x33, 0x02, 0x42
        33 02 42 00 02 33
        02 33 02 42
   65CB 00 02 33 02 33 02    45 .db 0x00, 0x02, 0x33, 0x02, 0x33, 0x02, 0x42, 0x00, 0x02, 0x33, 0x42, 0x00, 0x33, 0x02, 0x42, 0x00
        42 00 02 33 42 00
        33 02 42 00
   65DB 42 00 33 02 33 02    46 .db 0x42, 0x00, 0x33, 0x02, 0x33, 0x02, 0x42, 0x00, 0x02, 0x33, 0x02, 0x33, 0x02, 0x42, 0x00, 0x42
ASxxxx Assembler V02.00 + NoICE + SDCC mods  (Zilog Z80 / Hitachi HD64180), page 3.
Hexadecimal [16-Bits]



        42 00 02 33 02 33
        02 42 00 42
   65EB 00 33 02 33 02 42    47 .db 0x00, 0x33, 0x02, 0x33, 0x02, 0x42, 0x00, 0x02, 0x33, 0x33, 0x33, 0x00, 0x42, 0x80, 0x00, 0x00
        00 02 33 33 33 00
        42 80 00 00
   65FB 02 72 60 03 02 33    48 .db 0x02, 0x72, 0x60, 0x03, 0x02, 0x33, 0x06, 0x33, 0x02, 0x33, 0x06, 0x33, 0x02, 0x33, 0x06, 0x33
        06 33 02 33 06 33
        02 33 06 33
   660B 33 33 06 33 33 33    49 .db 0x33, 0x33, 0x06, 0x33, 0x33, 0x33, 0x06, 0x33, 0x33, 0x33, 0x06, 0x33, 0x02, 0x33, 0x06, 0x33
        06 33 33 33 06 33
        02 33 06 33
   661B 42 00 33 06 33 02    50 .db 0x42, 0x00, 0x33, 0x06, 0x33, 0x02, 0x33, 0x06, 0x33, 0x02, 0x33, 0x06, 0x33, 0x02, 0x33, 0x06
        33 06 33 02 33 06
        33 02 33 06
   662B 33 02 33 06 33 02    51 .db 0x33, 0x02, 0x33, 0x06, 0x33, 0x02, 0x33, 0x06, 0x33, 0x02, 0x33, 0x06, 0x33, 0x02, 0x33, 0x06
        33 06 33 02 33 06
        33 02 33 06
   663B 33 33 33 00 42 80    52 .db 0x33, 0x33, 0x33, 0x00, 0x42, 0x80, 0x00, 0x00, 0x00, 0x8e, 0xe0, 0x00, 0x00, 0x02, 0x45, 0x4f
        00 00 00 8E E0 00
        00 02 45 4F
   664B 3D 55 33 4B 37 4F    53 .db 0x3d, 0x55, 0x33, 0x4b, 0x37, 0x4f, 0x45, 0x4f, 0x37, 0x4f, 0x45, 0x4f, 0x37, 0x4f, 0x45, 0x4f
        45 4F 37 4F 45 4F
        37 4F 45 4F
   665B 84 60 01             54 .db 0x84, 0x60, 0x01
