ASxxxx Assembler V02.00 + NoICE + SDCC mods  (Zilog Z80 / Hitachi HD64180), page 1.
Hexadecimal [16-Bits]



                              1 ;; File src/level0_pack.h.s generated using cpct_pack
                              2 ;; Compresor used:   zx7b
                              3 ;; Files compressed: [ src/tiles/level0.bin src/tiles/Tileset.bin ]
                              4 ;; Uncompressed:     1620 bytes
                              5 ;; Compressed:       469 bytes
                              6 ;; Space saved:      1151 bytes
                              7 ;;
                              8 
                              9 ;; Declaration of the compressed array and
                             10 ;; the address of the latest byte of the compressed array (for unpacking purposes)
                             11 .globl _level0_pack
                             12 .globl _level0_pack_end
                             13 
                             14 ;; Compressed and uncompressed sizes
                     01D5    15 _level0_pack_size_z = 469
                     0654    16 _level0_pack_size   = 1620
                             17 
                             18 
                             19 ;; Define constants for starting offsets of files in the uncompressed array
                     0000    20 _level0_pack_OFF_000 =      0   ;; Starting offset for src/tiles/level0.bin
                     01F4    21 _level0_pack_OFF_001 =    500   ;; Starting offset for src/tiles/Tileset.bin
                             22 
