ASxxxx Assembler V02.00 + NoICE + SDCC mods  (Zilog Z80 / Hitachi HD64180), page 1.
Hexadecimal [16-Bits]



                              1 ;; File src/menu2_pack.s generated using cpct_pack
                              2 ;; Compresor used: zx7b
                              3 ;; Files compressed: [ src/tiles/menu2.bin src/tiles/Tileset.bin ]
                              4 ;; Uncompressed:     1620 bytes
                              5 ;; Compressed:       418 bytes
                              6 ;; Space saved:      1202 bytes
                              7 ;;
                              8 ;; Data array definition
   0000                       9 _menu2_pack::
   0000 60 55 55 DF 16 27    10    .db  0x60, 0x55, 0x55, 0xdf, 0x16, 0x27, 0x1c, 0x0b, 0x63, 0xd1, 0x82, 0x0b, 0x13, 0x5a, 0x0b, 0x16
        1C 0B 63 D1 82 0B
        13 5A 0B 16
   0010 0D 27 8E 0B 13 28    11    .db  0x0d, 0x27, 0x8e, 0x0b, 0x13, 0x28, 0x41, 0x00, 0x35, 0x01, 0x40, 0x13, 0xe2, 0xc7, 0x80, 0x13
        41 00 35 01 40 13
        E2 C7 80 13
   0020 81 03 00 28 05 40    12    .db  0x81, 0x03, 0x00, 0x28, 0x05, 0x40, 0x03, 0x0a, 0x00, 0x04, 0x06, 0x0a, 0x1f, 0xc8, 0x01, 0xbe
        03 0A 00 04 06 0A
        1F C8 01 BE
   0030 7D 3A 13 0B 9C 07    13    .db  0x7d, 0x3a, 0x13, 0x0b, 0x9c, 0x07, 0xbe, 0x6c, 0x39, 0xa1, 0x10, 0x01, 0xee, 0xdd, 0x00, 0x4e
        BE 6C 39 A1 10 01
        EE DD 00 4E
   0040 AA 3C 87 64 15 C3    14    .db  0xaa, 0x3c, 0x87, 0x64, 0x15, 0xc3, 0x56, 0x01, 0x0d, 0x6b, 0xdf, 0x08, 0x60, 0x37, 0x02, 0x07
        56 01 0D 6B DF 08
        60 37 02 07
   0050 01 64 FF 01 40 80    15    .db  0x01, 0x64, 0xff, 0x01, 0x40, 0x80, 0x80, 0x1c, 0x50, 0x40, 0x5f, 0x5b, 0xcc, 0x14, 0x55, 0xbe
        80 1C 50 40 5F 5B
        CC 14 55 BE
   0060 EE 0B CA 03 DD 9C    16    .db  0xee, 0x0b, 0xca, 0x03, 0xdd, 0x9c, 0x9c, 0xcc, 0x09, 0xee, 0x7d, 0xdd, 0x03, 0x6c, 0x48, 0x00
        9C CC 09 EE 7D DD
        03 6C 48 00
   0070 CC 13 A1 0B 80 4D    17    .db  0xcc, 0x13, 0xa1, 0x0b, 0x80, 0x4d, 0x03, 0x52, 0x08, 0xef, 0xc0, 0x40, 0x07, 0xb2, 0x40, 0xc0
        03 52 08 EF C0 40
        07 B2 40 C0
   0080 00 80 23 B0 9F B0    18    .db  0x00, 0x80, 0x23, 0xb0, 0x9f, 0xb0, 0x00, 0x6a, 0xaa, 0x00, 0x00, 0x52, 0xc0, 0xd5, 0x13, 0xea
        00 6A AA 00 00 52
        C0 D5 13 EA
   0090 65 57 0B 07 D5 C0    19    .db  0x65, 0x57, 0x0b, 0x07, 0xd5, 0xc0, 0x0f, 0x9e, 0x81, 0x42, 0xab, 0xab, 0x03, 0x03, 0x57, 0x01
        0F 9E 81 42 AB AB
        03 03 57 01
   00A0 EA 2A D5 AB 42 81    20    .db  0xea, 0x2a, 0xd5, 0xab, 0x42, 0x81, 0x57, 0x06, 0x57, 0x72, 0xab, 0x00, 0x96, 0x15, 0x00, 0xee
        57 06 57 72 AB 00
        96 15 00 EE
   00B0 3C BE 2A 3C 7D BE    21    .db  0x3c, 0xbe, 0x2a, 0x3c, 0x7d, 0xbe, 0x00, 0x48, 0xff, 0x55, 0x00, 0x00, 0x77, 0xa9, 0x00, 0x35
        00 48 FF 55 00 00
        77 A9 00 35
   00C0 C0 07 D5 A9 07 A8    22    .db  0xc0, 0x07, 0xd5, 0xa9, 0x07, 0xa8, 0xa8, 0x57, 0x54, 0xe0, 0xd6, 0xac, 0x12, 0x3b, 0xce, 0x1f
        A8 57 54 E0 D6 AC
        12 3B CE 1F
   00D0 3B 14 1A 00 BA 61    23    .db  0x3b, 0x14, 0x1a, 0x00, 0xba, 0x61, 0xba, 0xc0, 0x00, 0xfc, 0x56, 0xe8, 0x00, 0x0f, 0x07, 0xde
        BA C0 00 FC 56 E8
        00 0F 07 DE
   00E0 05 A9 FC FC 1D A9    24    .db  0x05, 0xa9, 0xfc, 0xfc, 0x1d, 0xa9, 0x0c, 0x26, 0xe8, 0xfc, 0x0f, 0x9e, 0x50, 0x55, 0x41, 0xe1
        0C 26 E8 FC 0F 9E
        50 55 41 E1
   00F0 07 C3 D2 00 00 0C    25    .db  0x07, 0xc3, 0xd2, 0x00, 0x00, 0x0c, 0xd2, 0xc3, 0xd3, 0xd3, 0xe1, 0x41, 0x50, 0x00, 0x85, 0x53
ASxxxx Assembler V02.00 + NoICE + SDCC mods  (Zilog Z80 / Hitachi HD64180), page 2.
Hexadecimal [16-Bits]



        D2 C3 D3 D3 E1 41
        50 00 85 53
   0100 C0 78 4B 37 B9 6A    26    .db  0xc0, 0x78, 0x4b, 0x37, 0xb9, 0x6a, 0x3f, 0xc0, 0x68, 0x52, 0xc0, 0x95, 0x73, 0xca, 0x07, 0xb8
        3F C0 68 52 C0 95
        73 CA 07 B8
   0110 74 86 4F 95 4B A3    27    .db  0x74, 0x86, 0x4f, 0x95, 0x4b, 0xa3, 0x10, 0x0b, 0xc2, 0x5f, 0xbe, 0xb1, 0xc3, 0x31, 0x1a, 0xe4
        10 0B C2 5F BE B1
        C3 31 1A E4
   0120 50 95 2B A7 67 5C    28    .db  0x50, 0x95, 0x2b, 0xa7, 0x67, 0x5c, 0x00, 0x47, 0x0a, 0x5d, 0xbd, 0x6a, 0x15, 0xd8, 0x48, 0x19
        00 47 0A 5D BD 6A
        15 D8 48 19
   0130 7B 87 AC 6A EF 60    29    .db  0x7b, 0x87, 0xac, 0x6a, 0xef, 0x60, 0x36, 0x71, 0xdd, 0x01, 0x20, 0x5f, 0x3f, 0x9f, 0x41, 0x20
        36 71 DD 01 20 5F
        3F 9F 41 20
   0140 13 AE 17 89 C3 73    30    .db  0x13, 0xae, 0x17, 0x89, 0xc3, 0x73, 0x52, 0xc3, 0x9f, 0x41, 0x88, 0x55, 0x01, 0x6d, 0xc3, 0x36
        52 C3 9F 41 88 55
        01 6D C3 36
   0150 BF 13 75 09 05 13    31    .db  0xbf, 0x13, 0x75, 0x09, 0x05, 0x13, 0x7f, 0xb5, 0xf0, 0x08, 0x09, 0x05, 0xf9, 0x09, 0x05, 0x7a
        7F B5 F0 08 09 05
        F9 09 05 7A
   0160 03 DF B5 3F F0 F0    32    .db  0x03, 0xdf, 0xb5, 0x3f, 0xf0, 0xf0, 0x36, 0x90, 0xc1, 0xc3, 0xc3, 0x95, 0x4c, 0xb0, 0x95, 0x4f
        36 90 C1 C3 C3 95
        4C B0 95 4F
   0170 1A 0F 30 2B 4D 97    33    .db  0x1a, 0x0f, 0x30, 0x2b, 0x4d, 0x97, 0x6b, 0x38, 0x59, 0x0b, 0xc1, 0x47, 0x2c, 0x6b, 0x07, 0x2b
        6B 38 59 0B C1 47
        2C 6B 07 2B
   0180 C3 07 35 C2 97 07    34    .db  0xc3, 0x07, 0x35, 0xc2, 0x97, 0x07, 0x32, 0xc0, 0x6b, 0x3f, 0x2c, 0x62, 0xc3, 0x40, 0xc0, 0x97
        32 C0 6B 3F 2C 62
        C3 40 C0 97
   0190 C3 6B C1 C1 C2 0F    35    .db  0xc3, 0x6b, 0xc1, 0xc1, 0xc2, 0x0f, 0x80, 0x10, 0x53, 0x6a, 0x95, 0x00, 0x09, 0x3f, 0x95, 0x6a
        80 10 53 6A 95 00
        09 3F 95 6A
   01A0 10 3F                36    .db  0x10, 0x3f
                             37 ;; Address of the latest byte of the compressed array (for unpacking purposes)
                     01A1    38 _menu2_pack_end == . - 1
                             39 
