ASxxxx Assembler V02.00 + NoICE + SDCC mods  (Zilog Z80 / Hitachi HD64180), page 1.
Hexadecimal [16-Bits]



                              1 ;;------------------------------------------------LICENSE NOTICE------------------------------------------------------------------------------
                              2 ;;  This file is part of Amstrad CPC videogame "Redsea"
                              3 ;;  Copyright (C) 2018 Gameroid / Angel Jesus Terol Martinez (@miya_nashi) / Raquel Gonzalez Roma (@kelara712) / Carla Macia Diez (@shiryuko)
                              4 ;;  Copyright (C) 2015 ronaldo / Fremos / Cheesetea / ByteRealms (@FranGallegoBR)
                              5 ;;
                              6 ;;  This program is free software: you can redistribute it and/or modify
                              7 ;;  it under the terms of the GNU Lesser General Public License as published by
                              8 ;;  the Free Software Foundation, either version 3 of the License, or
                              9 ;;  (at your option) any later version.
                             10 ;;
                             11 ;;  This program is distributed in the hope that it will be useful,
                             12 ;;  but WITHOUT ANY WARRANTY; without even the implied warranty of
                             13 ;;  MERCHANTABILITY or FITNESS FOR A PARTICULAR PURPOSE.  See the
                             14 ;;  GNU Lesser General Public License for more details.
                             15 ;;
                             16 ;;  You should have received a copy of the GNU Lesser General Public License
                             17 ;;  along with this program.  If not, see <http://www.gnu.org/licenses/>.
                             18 ;;------------------------------------------------LICENSE NOTICE-------------------------------------------------------------------------
                             19 
                             20 .globl init_win
                             21 .globl _thanks_sp_0
                             22 .globl _thanks_sp_1
